[09:23:19] [TRAIN] exp=supp_s8_cls_mnist_linear_real_2l_100um task=classification device=cuda epochs=30 log_every=20steps
[09:23:24] [TRAIN] e1/30 s20/108 loss=0.0915 avg=0.0970 acc=0.1692 2666.5sample/s eta=00:16 mem=0.40GB/1.32GB
[09:23:26] [TRAIN] e1/30 s40/108 loss=0.0906 avg=0.0948 acc=0.1998 3420.8sample/s eta=00:10 mem=0.40GB/1.32GB
[09:23:28] [TRAIN] e1/30 s60/108 loss=0.0863 avg=0.0922 acc=0.2246 3705.7sample/s eta=00:06 mem=0.40GB/1.32GB
[09:23:30] [TRAIN] e1/30 s80/108 loss=0.0798 avg=0.0897 acc=0.2473 3889.0sample/s eta=00:03 mem=0.40GB/1.32GB
[09:23:32] [TRAIN] e1/30 s100/108 loss=0.0750 avg=0.0873 acc=0.2774 4142.6sample/s eta=00:00 mem=0.40GB/1.32GB
[09:23:33] [TRAIN] e1/30 s108/108 loss=0.0744 avg=0.0864 acc=0.2897 4233.5sample/s eta=- mem=0.18GB/1.32GB
[09:23:34] [VAL] e1/30 s10/10 loss=0.0736 avg=0.0742 acc=0.4742 3206.8sample/s eta=- mem=0.60GB/1.70GB
[09:23:37] [TEST] e1/30 s20/20 loss=0.0754 avg=0.0735 acc=0.4840 3692.9sample/s eta=- mem=0.43GB/1.70GB
[09:23:37] [EPOCH] 1/30 train_loss=0.0864 train_acc=0.2897 val_loss=0.0742 val_acc=0.4742 lr=0.010000 test_loss=0.0735 test_acc=0.4840 best_val_acc=0.4742 *
[09:23:40] [TRAIN] e2/30 s20/108 loss=0.0729 avg=0.0730 acc=0.4970 3721.2sample/s eta=00:12 mem=0.40GB/1.32GB
[09:23:42] [TRAIN] e2/30 s40/108 loss=0.0687 avg=0.0717 acc=0.5254 4298.2sample/s eta=00:08 mem=0.40GB/1.32GB
[09:23:44] [TRAIN] e2/30 s60/108 loss=0.0682 avg=0.0705 acc=0.5458 4374.5sample/s eta=00:05 mem=0.40GB/1.32GB
[09:23:46] [TRAIN] e2/30 s80/108 loss=0.0656 avg=0.0694 acc=0.5631 4554.7sample/s eta=00:03 mem=0.40GB/1.32GB
[09:23:48] [TRAIN] e2/30 s100/108 loss=0.0652 avg=0.0685 acc=0.5761 4564.9sample/s eta=00:00 mem=0.40GB/1.32GB
[09:23:49] [TRAIN] e2/30 s108/108 loss=0.0624 avg=0.0682 acc=0.5803 4679.1sample/s eta=- mem=0.18GB/1.32GB
[09:23:50] [VAL] e2/30 s10/10 loss=0.0636 avg=0.0637 acc=0.6414 3735.8sample/s eta=- mem=0.60GB/1.70GB
[09:23:53] [TEST] e2/30 s20/20 loss=0.0657 avg=0.0633 acc=0.6566 3447.7sample/s eta=- mem=0.43GB/1.70GB
[09:23:53] [EPOCH] 2/30 train_loss=0.0682 train_acc=0.5803 val_loss=0.0637 val_acc=0.6414 lr=0.010000 test_loss=0.0633 test_acc=0.6566 best_val_acc=0.6414 *
[09:23:56] [TRAIN] e3/30 s20/108 loss=0.0626 avg=0.0632 acc=0.6535 3063.8sample/s eta=00:14 mem=0.40GB/1.32GB
[09:23:59] [TRAIN] e3/30 s40/108 loss=0.0628 avg=0.0629 acc=0.6588 3568.0sample/s eta=00:09 mem=0.40GB/1.32GB
[09:24:01] [TRAIN] e3/30 s60/108 loss=0.0604 avg=0.0625 acc=0.6637 3896.1sample/s eta=00:06 mem=0.40GB/1.32GB
[09:24:03] [TRAIN] e3/30 s80/108 loss=0.0599 avg=0.0620 acc=0.6697 3949.6sample/s eta=00:03 mem=0.40GB/1.32GB
[09:24:06] [TRAIN] e3/30 s100/108 loss=0.0616 avg=0.0616 acc=0.6729 4052.1sample/s eta=00:01 mem=0.40GB/1.32GB
[09:24:06] [TRAIN] e3/30 s108/108 loss=0.0615 avg=0.0615 acc=0.6743 4138.9sample/s eta=- mem=0.18GB/1.32GB
[09:24:08] [VAL] e3/30 s10/10 loss=0.0593 avg=0.0593 acc=0.6936 3292.1sample/s eta=- mem=0.60GB/1.70GB
[09:24:10] [TEST] e3/30 s20/20 loss=0.0623 avg=0.0590 acc=0.7048 3712.6sample/s eta=- mem=0.43GB/1.70GB
[09:24:10] [EPOCH] 3/30 train_loss=0.0615 train_acc=0.6743 val_loss=0.0593 val_acc=0.6936 lr=0.010000 test_loss=0.0590 test_acc=0.7048 best_val_acc=0.6936 *
[09:24:14] [TRAIN] e4/30 s20/108 loss=0.0591 avg=0.0591 acc=0.6996 3084.3sample/s eta=00:14 mem=0.40GB/1.32GB
[09:24:17] [TRAIN] e4/30 s40/108 loss=0.0593 avg=0.0589 acc=0.7039 3347.8sample/s eta=00:10 mem=0.40GB/1.32GB
[09:24:19] [TRAIN] e4/30 s60/108 loss=0.0584 avg=0.0586 acc=0.7057 3508.0sample/s eta=00:07 mem=0.40GB/1.32GB
[09:24:22] [TRAIN] e4/30 s80/108 loss=0.0590 avg=0.0585 acc=0.7064 3599.0sample/s eta=00:03 mem=0.40GB/1.32GB
[09:24:24] [TRAIN] e4/30 s100/108 loss=0.0570 avg=0.0583 acc=0.7082 3754.2sample/s eta=00:01 mem=0.40GB/1.32GB
[09:24:25] [TRAIN] e4/30 s108/108 loss=0.0588 avg=0.0582 acc=0.7091 3918.3sample/s eta=- mem=0.18GB/1.32GB
[09:24:26] [VAL] e4/30 s10/10 loss=0.0571 avg=0.0570 acc=0.7172 3930.8sample/s eta=- mem=0.60GB/1.70GB
[09:24:28] [TEST] e4/30 s20/20 loss=0.0605 avg=0.0567 acc=0.7277 4464.1sample/s eta=- mem=0.43GB/1.70GB
[09:24:28] [EPOCH] 4/30 train_loss=0.0582 train_acc=0.7091 val_loss=0.0570 val_acc=0.7172 lr=0.010000 test_loss=0.0567 test_acc=0.7277 best_val_acc=0.7172 *
[09:24:32] [TRAIN] e5/30 s20/108 loss=0.0551 avg=0.0570 acc=0.7177 2773.3sample/s eta=00:16 mem=0.40GB/1.32GB
[09:24:34] [TRAIN] e5/30 s40/108 loss=0.0547 avg=0.0567 acc=0.7242 3254.2sample/s eta=00:10 mem=0.40GB/1.32GB
[09:24:37] [TRAIN] e5/30 s60/108 loss=0.0565 avg=0.0566 acc=0.7222 3474.7sample/s eta=00:07 mem=0.40GB/1.32GB
[09:24:39] [TRAIN] e5/30 s80/108 loss=0.0555 avg=0.0565 acc=0.7223 3645.9sample/s eta=00:03 mem=0.40GB/1.32GB
[09:24:41] [TRAIN] e5/30 s100/108 loss=0.0570 avg=0.0564 acc=0.7241 3840.4sample/s eta=00:01 mem=0.40GB/1.32GB
[09:24:42] [TRAIN] e5/30 s108/108 loss=0.0562 avg=0.0564 acc=0.7237 3896.7sample/s eta=- mem=0.18GB/1.32GB
[09:24:43] [VAL] e5/30 s10/10 loss=0.0558 avg=0.0556 acc=0.7280 3807.7sample/s eta=- mem=0.60GB/1.70GB
[09:24:46] [TEST] e5/30 s20/20 loss=0.0595 avg=0.0553 acc=0.7400 3940.0sample/s eta=- mem=0.43GB/1.70GB
[09:24:46] [EPOCH] 5/30 train_loss=0.0564 train_acc=0.7237 val_loss=0.0556 val_acc=0.7280 lr=0.010000 test_loss=0.0553 test_acc=0.7400 best_val_acc=0.7280 *
[09:24:50] [TRAIN] e6/30 s20/108 loss=0.0557 avg=0.0557 acc=0.7346 2851.3sample/s eta=00:15 mem=0.40GB/1.32GB
[09:24:52] [TRAIN] e6/30 s40/108 loss=0.0558 avg=0.0557 acc=0.7340 3466.8sample/s eta=00:10 mem=0.40GB/1.32GB
[09:24:54] [TRAIN] e6/30 s60/108 loss=0.0551 avg=0.0556 acc=0.7331 3700.3sample/s eta=00:06 mem=0.40GB/1.32GB
[09:24:56] [TRAIN] e6/30 s80/108 loss=0.0542 avg=0.0554 acc=0.7348 3928.5sample/s eta=00:03 mem=0.40GB/1.32GB
[09:24:59] [TRAIN] e6/30 s100/108 loss=0.0554 avg=0.0553 acc=0.7342 4061.4sample/s eta=00:01 mem=0.40GB/1.32GB
[09:24:59] [TRAIN] e6/30 s108/108 loss=0.0561 avg=0.0553 acc=0.7340 4167.0sample/s eta=- mem=0.18GB/1.32GB
[09:25:00] [VAL] e6/30 s10/10 loss=0.0550 avg=0.0547 acc=0.7366 3962.4sample/s eta=- mem=0.60GB/1.70GB
[09:25:03] [TEST] e6/30 s20/20 loss=0.0590 avg=0.0545 acc=0.7506 3719.2sample/s eta=- mem=0.43GB/1.70GB
[09:25:03] [EPOCH] 6/30 train_loss=0.0553 train_acc=0.7340 val_loss=0.0547 val_acc=0.7366 lr=0.010000 test_loss=0.0545 test_acc=0.7506 best_val_acc=0.7366 *
[09:25:06] [TRAIN] e7/30 s20/108 loss=0.0535 avg=0.0544 acc=0.7437 3635.1sample/s eta=00:12 mem=0.40GB/1.32GB
[09:25:08] [TRAIN] e7/30 s40/108 loss=0.0578 avg=0.0546 acc=0.7374 4091.2sample/s eta=00:08 mem=0.40GB/1.32GB
[09:25:10] [TRAIN] e7/30 s60/108 loss=0.0540 avg=0.0547 acc=0.7375 4375.5sample/s eta=00:05 mem=0.40GB/1.32GB
[09:25:12] [TRAIN] e7/30 s80/108 loss=0.0528 avg=0.0545 acc=0.7388 4651.7sample/s eta=00:03 mem=0.40GB/1.32GB
[09:25:14] [TRAIN] e7/30 s100/108 loss=0.0524 avg=0.0545 acc=0.7400 4818.1sample/s eta=00:00 mem=0.40GB/1.32GB
[09:25:14] [TRAIN] e7/30 s108/108 loss=0.0570 avg=0.0545 acc=0.7398 4927.5sample/s eta=- mem=0.18GB/1.32GB
[09:25:16] [VAL] e7/30 s10/10 loss=0.0543 avg=0.0541 acc=0.7396 3822.9sample/s eta=- mem=0.60GB/1.70GB
[09:25:18] [TEST] e7/30 s20/20 loss=0.0585 avg=0.0538 acc=0.7541 3865.3sample/s eta=- mem=0.43GB/1.70GB
[09:25:18] [EPOCH] 7/30 train_loss=0.0545 train_acc=0.7398 val_loss=0.0541 val_acc=0.7396 lr=0.010000 test_loss=0.0538 test_acc=0.7541 best_val_acc=0.7396 *
[09:25:21] [TRAIN] e8/30 s20/108 loss=0.0542 avg=0.0536 acc=0.7509 3558.2sample/s eta=00:12 mem=0.40GB/1.32GB
[09:25:23] [TRAIN] e8/30 s40/108 loss=0.0547 avg=0.0539 acc=0.7469 4061.2sample/s eta=00:08 mem=0.40GB/1.32GB
[09:25:25] [TRAIN] e8/30 s60/108 loss=0.0550 avg=0.0539 acc=0.7443 4361.4sample/s eta=00:05 mem=0.40GB/1.32GB
[09:25:27] [TRAIN] e8/30 s80/108 loss=0.0543 avg=0.0539 acc=0.7439 4587.4sample/s eta=00:03 mem=0.40GB/1.32GB
[09:25:29] [TRAIN] e8/30 s100/108 loss=0.0534 avg=0.0539 acc=0.7447 4834.0sample/s eta=00:00 mem=0.40GB/1.32GB
[09:25:29] [TRAIN] e8/30 s108/108 loss=0.0536 avg=0.0539 acc=0.7445 4961.3sample/s eta=- mem=0.18GB/1.32GB
[09:25:31] [VAL] e8/30 s10/10 loss=0.0538 avg=0.0535 acc=0.7438 3358.8sample/s eta=- mem=0.60GB/1.70GB
[09:25:33] [TEST] e8/30 s20/20 loss=0.0581 avg=0.0533 acc=0.7568 4111.5sample/s eta=- mem=0.43GB/1.70GB
[09:25:33] [EPOCH] 8/30 train_loss=0.0539 train_acc=0.7445 val_loss=0.0535 val_acc=0.7438 lr=0.010000 test_loss=0.0533 test_acc=0.7568 best_val_acc=0.7438 *
[09:25:36] [TRAIN] e9/30 s20/108 loss=0.0536 avg=0.0536 acc=0.7481 3612.9sample/s eta=00:12 mem=0.40GB/1.32GB
[09:25:38] [TRAIN] e9/30 s40/108 loss=0.0533 avg=0.0534 acc=0.7497 4277.7sample/s eta=00:08 mem=0.40GB/1.32GB
[09:25:40] [TRAIN] e9/30 s60/108 loss=0.0529 avg=0.0535 acc=0.7474 4485.7sample/s eta=00:05 mem=0.40GB/1.32GB
[09:25:42] [TRAIN] e9/30 s80/108 loss=0.0548 avg=0.0535 acc=0.7463 4615.1sample/s eta=00:03 mem=0.40GB/1.32GB
[09:25:44] [TRAIN] e9/30 s100/108 loss=0.0542 avg=0.0535 acc=0.7477 4766.1sample/s eta=00:00 mem=0.40GB/1.32GB
[09:25:44] [TRAIN] e9/30 s108/108 loss=0.0515 avg=0.0534 acc=0.7481 4887.0sample/s eta=- mem=0.18GB/1.32GB
[09:25:46] [VAL] e9/30 s10/10 loss=0.0535 avg=0.0532 acc=0.7496 3769.8sample/s eta=- mem=0.60GB/1.70GB
[09:25:48] [TEST] e9/30 s20/20 loss=0.0578 avg=0.0529 acc=0.7607 4351.1sample/s eta=- mem=0.43GB/1.70GB
[09:25:48] [EPOCH] 9/30 train_loss=0.0534 train_acc=0.7481 val_loss=0.0532 val_acc=0.7496 lr=0.010000 test_loss=0.0529 test_acc=0.7607 best_val_acc=0.7496 *
[09:25:51] [TRAIN] e10/30 s20/108 loss=0.0523 avg=0.0528 acc=0.7573 3038.2sample/s eta=00:14 mem=0.40GB/1.32GB
[09:25:53] [TRAIN] e10/30 s40/108 loss=0.0541 avg=0.0532 acc=0.7507 3865.5sample/s eta=00:09 mem=0.40GB/1.32GB
[09:25:56] [TRAIN] e10/30 s60/108 loss=0.0535 avg=0.0532 acc=0.7511 4148.4sample/s eta=00:05 mem=0.40GB/1.32GB
[09:25:58] [TRAIN] e10/30 s80/108 loss=0.0519 avg=0.0531 acc=0.7521 4320.6sample/s eta=00:03 mem=0.40GB/1.32GB
[09:26:00] [TRAIN] e10/30 s100/108 loss=0.0543 avg=0.0531 acc=0.7507 4419.8sample/s eta=00:00 mem=0.40GB/1.32GB
[09:26:00] [TRAIN] e10/30 s108/108 loss=0.0519 avg=0.0531 acc=0.7507 4577.9sample/s eta=- mem=0.18GB/1.32GB
[09:26:01] [VAL] e10/30 s10/10 loss=0.0532 avg=0.0529 acc=0.7486 4159.4sample/s eta=- mem=0.60GB/1.70GB
[09:26:04] [TEST] e10/30 s20/20 loss=0.0576 avg=0.0525 acc=0.7639 4176.4sample/s eta=- mem=0.43GB/1.70GB
[09:26:04] [EPOCH] 10/30 train_loss=0.0531 train_acc=0.7507 val_loss=0.0529 val_acc=0.7486 lr=0.010000 test_loss=0.0525 test_acc=0.7639 best_val_acc=0.7496
[09:26:07] [TRAIN] e11/30 s20/108 loss=0.0531 avg=0.0532 acc=0.7466 3443.9sample/s eta=00:13 mem=0.40GB/1.32GB
[09:26:09] [TRAIN] e11/30 s40/108 loss=0.0520 avg=0.0530 acc=0.7519 3798.1sample/s eta=00:09 mem=0.40GB/1.32GB
[09:26:11] [TRAIN] e11/30 s60/108 loss=0.0518 avg=0.0528 acc=0.7527 4008.1sample/s eta=00:06 mem=0.40GB/1.32GB
[09:26:13] [TRAIN] e11/30 s80/108 loss=0.0518 avg=0.0529 acc=0.7517 4241.3sample/s eta=00:03 mem=0.40GB/1.32GB
[09:26:15] [TRAIN] e11/30 s100/108 loss=0.0538 avg=0.0528 acc=0.7522 4368.7sample/s eta=00:00 mem=0.40GB/1.32GB
[09:26:16] [TRAIN] e11/30 s108/108 loss=0.0523 avg=0.0528 acc=0.7525 4481.3sample/s eta=- mem=0.18GB/1.32GB
[09:26:17] [VAL] e11/30 s10/10 loss=0.0529 avg=0.0526 acc=0.7542 3415.9sample/s eta=- mem=0.60GB/1.70GB
[09:26:20] [TEST] e11/30 s20/20 loss=0.0574 avg=0.0523 acc=0.7658 4299.6sample/s eta=- mem=0.43GB/1.70GB
[09:26:20] [EPOCH] 11/30 train_loss=0.0528 train_acc=0.7525 val_loss=0.0526 val_acc=0.7542 lr=0.010000 test_loss=0.0523 test_acc=0.7658 best_val_acc=0.7542 *
[09:26:23] [TRAIN] e12/30 s20/108 loss=0.0520 avg=0.0525 acc=0.7542 3196.2sample/s eta=00:14 mem=0.40GB/1.32GB
[09:26:25] [TRAIN] e12/30 s40/108 loss=0.0542 avg=0.0525 acc=0.7556 3704.9sample/s eta=00:09 mem=0.40GB/1.32GB
[09:26:27] [TRAIN] e12/30 s60/108 loss=0.0529 avg=0.0525 acc=0.7563 4015.1sample/s eta=00:06 mem=0.40GB/1.32GB
[09:26:30] [TRAIN] e12/30 s80/108 loss=0.0535 avg=0.0526 acc=0.7541 4200.8sample/s eta=00:03 mem=0.40GB/1.32GB
[09:26:32] [TRAIN] e12/30 s100/108 loss=0.0505 avg=0.0526 acc=0.7541 4329.7sample/s eta=00:00 mem=0.40GB/1.32GB
[09:26:32] [TRAIN] e12/30 s108/108 loss=0.0514 avg=0.0525 acc=0.7552 4412.7sample/s eta=- mem=0.18GB/1.32GB
[09:26:34] [VAL] e12/30 s10/10 loss=0.0527 avg=0.0524 acc=0.7558 3515.9sample/s eta=- mem=0.60GB/1.70GB
[09:26:36] [TEST] e12/30 s20/20 loss=0.0572 avg=0.0521 acc=0.7651 4079.4sample/s eta=- mem=0.43GB/1.70GB
[09:26:36] [EPOCH] 12/30 train_loss=0.0525 train_acc=0.7552 val_loss=0.0524 val_acc=0.7558 lr=0.010000 test_loss=0.0521 test_acc=0.7651 best_val_acc=0.7558 *
[09:26:39] [TRAIN] e13/30 s20/108 loss=0.0531 avg=0.0524 acc=0.7580 3139.7sample/s eta=00:14 mem=0.40GB/1.32GB
[09:26:42] [TRAIN] e13/30 s40/108 loss=0.0503 avg=0.0523 acc=0.7569 3787.0sample/s eta=00:09 mem=0.40GB/1.32GB
[09:26:44] [TRAIN] e13/30 s60/108 loss=0.0503 avg=0.0523 acc=0.7574 3878.1sample/s eta=00:06 mem=0.40GB/1.32GB
[09:26:46] [TRAIN] e13/30 s80/108 loss=0.0511 avg=0.0523 acc=0.7568 4102.2sample/s eta=00:03 mem=0.40GB/1.32GB
[09:26:48] [TRAIN] e13/30 s100/108 loss=0.0506 avg=0.0523 acc=0.7567 4159.8sample/s eta=00:00 mem=0.40GB/1.32GB
[09:26:49] [TRAIN] e13/30 s108/108 loss=0.0528 avg=0.0523 acc=0.7559 4240.7sample/s eta=- mem=0.18GB/1.32GB
[09:26:50] [VAL] e13/30 s10/10 loss=0.0525 avg=0.0522 acc=0.7572 3744.7sample/s eta=- mem=0.60GB/1.70GB
[09:26:53] [TEST] e13/30 s20/20 loss=0.0570 avg=0.0519 acc=0.7673 3828.3sample/s eta=- mem=0.43GB/1.70GB
[09:26:53] [EPOCH] 13/30 train_loss=0.0523 train_acc=0.7559 val_loss=0.0522 val_acc=0.7572 lr=0.010000 test_loss=0.0519 test_acc=0.7673 best_val_acc=0.7572 *
[09:26:56] [TRAIN] e14/30 s20/108 loss=0.0526 avg=0.0521 acc=0.7600 3076.2sample/s eta=00:14 mem=0.40GB/1.32GB
[09:26:59] [TRAIN] e14/30 s40/108 loss=0.0527 avg=0.0521 acc=0.7577 3385.4sample/s eta=00:10 mem=0.40GB/1.32GB
[09:27:01] [TRAIN] e14/30 s60/108 loss=0.0516 avg=0.0521 acc=0.7598 3648.0sample/s eta=00:06 mem=0.40GB/1.32GB
[09:27:04] [TRAIN] e14/30 s80/108 loss=0.0520 avg=0.0521 acc=0.7591 3873.4sample/s eta=00:03 mem=0.40GB/1.32GB
[09:27:06] [TRAIN] e14/30 s100/108 loss=0.0526 avg=0.0522 acc=0.7579 3965.5sample/s eta=00:01 mem=0.40GB/1.32GB
[09:27:07] [TRAIN] e14/30 s108/108 loss=0.0504 avg=0.0521 acc=0.7583 4086.4sample/s eta=- mem=0.18GB/1.32GB
[09:27:08] [VAL] e14/30 s10/10 loss=0.0524 avg=0.0520 acc=0.7566 3588.6sample/s eta=- mem=0.60GB/1.70GB
[09:27:10] [TEST] e14/30 s20/20 loss=0.0569 avg=0.0517 acc=0.7670 3871.8sample/s eta=- mem=0.43GB/1.70GB
[09:27:10] [EPOCH] 14/30 train_loss=0.0521 train_acc=0.7583 val_loss=0.0520 val_acc=0.7566 lr=0.010000 test_loss=0.0517 test_acc=0.7670 best_val_acc=0.7572
[09:27:13] [TRAIN] e15/30 s20/108 loss=0.0518 avg=0.0517 acc=0.7572 3808.8sample/s eta=00:11 mem=0.40GB/1.32GB
[09:27:16] [TRAIN] e15/30 s40/108 loss=0.0526 avg=0.0519 acc=0.7588 3970.8sample/s eta=00:08 mem=0.40GB/1.32GB
[09:27:18] [TRAIN] e15/30 s60/108 loss=0.0517 avg=0.0519 acc=0.7597 4114.2sample/s eta=00:05 mem=0.40GB/1.32GB
[09:27:20] [TRAIN] e15/30 s80/108 loss=0.0522 avg=0.0519 acc=0.7600 4270.7sample/s eta=00:03 mem=0.40GB/1.32GB
[09:27:22] [TRAIN] e15/30 s100/108 loss=0.0523 avg=0.0520 acc=0.7582 4428.9sample/s eta=00:00 mem=0.40GB/1.32GB
[09:27:23] [TRAIN] e15/30 s108/108 loss=0.0518 avg=0.0520 acc=0.7583 4495.2sample/s eta=- mem=0.18GB/1.32GB
[09:27:24] [VAL] e15/30 s10/10 loss=0.0522 avg=0.0519 acc=0.7578 3551.0sample/s eta=- mem=0.60GB/1.70GB
[09:27:27] [TEST] e15/30 s20/20 loss=0.0568 avg=0.0515 acc=0.7706 3758.1sample/s eta=- mem=0.43GB/1.70GB
[09:27:27] [EPOCH] 15/30 train_loss=0.0520 train_acc=0.7583 val_loss=0.0519 val_acc=0.7578 lr=0.010000 test_loss=0.0515 test_acc=0.7706 best_val_acc=0.7578 *
[09:27:30] [TRAIN] e16/30 s20/108 loss=0.0505 avg=0.0524 acc=0.7575 3723.9sample/s eta=00:12 mem=0.40GB/1.32GB
[09:27:32] [TRAIN] e16/30 s40/108 loss=0.0501 avg=0.0520 acc=0.7627 3859.6sample/s eta=00:09 mem=0.40GB/1.32GB
[09:27:34] [TRAIN] e16/30 s60/108 loss=0.0523 avg=0.0519 acc=0.7626 4206.5sample/s eta=00:05 mem=0.40GB/1.32GB
[09:27:36] [TRAIN] e16/30 s80/108 loss=0.0515 avg=0.0518 acc=0.7625 4228.7sample/s eta=00:03 mem=0.40GB/1.32GB
[09:27:39] [TRAIN] e16/30 s100/108 loss=0.0527 avg=0.0519 acc=0.7607 4252.3sample/s eta=00:00 mem=0.40GB/1.32GB
[09:27:40] [TRAIN] e16/30 s108/108 loss=0.0518 avg=0.0518 acc=0.7606 4317.7sample/s eta=- mem=0.18GB/1.32GB
[09:27:41] [VAL] e16/30 s10/10 loss=0.0520 avg=0.0518 acc=0.7576 3942.8sample/s eta=- mem=0.60GB/1.70GB
[09:27:44] [TEST] e16/30 s20/20 loss=0.0566 avg=0.0514 acc=0.7676 3545.9sample/s eta=- mem=0.43GB/1.70GB
[09:27:44] [EPOCH] 16/30 train_loss=0.0518 train_acc=0.7606 val_loss=0.0518 val_acc=0.7576 lr=0.010000 test_loss=0.0514 test_acc=0.7676 best_val_acc=0.7578
[09:27:47] [TRAIN] e17/30 s20/108 loss=0.0486 avg=0.0514 acc=0.7610 3276.2sample/s eta=00:13 mem=0.40GB/1.32GB
[09:27:49] [TRAIN] e17/30 s40/108 loss=0.0519 avg=0.0516 acc=0.7615 4011.5sample/s eta=00:08 mem=0.40GB/1.32GB
[09:27:51] [TRAIN] e17/30 s60/108 loss=0.0535 avg=0.0517 acc=0.7616 4136.3sample/s eta=00:05 mem=0.40GB/1.32GB
[09:27:53] [TRAIN] e17/30 s80/108 loss=0.0531 avg=0.0517 acc=0.7618 4204.1sample/s eta=00:03 mem=0.40GB/1.32GB
[09:27:56] [TRAIN] e17/30 s100/108 loss=0.0497 avg=0.0517 acc=0.7616 4307.0sample/s eta=00:00 mem=0.40GB/1.32GB
[09:27:56] [TRAIN] e17/30 s108/108 loss=0.0546 avg=0.0517 acc=0.7614 4440.0sample/s eta=- mem=0.18GB/1.32GB
[09:27:58] [VAL] e17/30 s10/10 loss=0.0520 avg=0.0517 acc=0.7610 2888.5sample/s eta=- mem=0.60GB/1.70GB
[09:28:00] [TEST] e17/30 s20/20 loss=0.0566 avg=0.0513 acc=0.7707 4304.1sample/s eta=- mem=0.43GB/1.70GB
[09:28:00] [EPOCH] 17/30 train_loss=0.0517 train_acc=0.7614 val_loss=0.0517 val_acc=0.7610 lr=0.010000 test_loss=0.0513 test_acc=0.7707 best_val_acc=0.7610 *
[09:28:03] [TRAIN] e18/30 s20/108 loss=0.0521 avg=0.0516 acc=0.7670 3479.5sample/s eta=00:12 mem=0.40GB/1.32GB
[09:28:05] [TRAIN] e18/30 s40/108 loss=0.0521 avg=0.0516 acc=0.7614 4380.3sample/s eta=00:07 mem=0.40GB/1.32GB
[09:28:07] [TRAIN] e18/30 s60/108 loss=0.0511 avg=0.0515 acc=0.7617 4671.6sample/s eta=00:05 mem=0.40GB/1.32GB
[09:28:09] [TRAIN] e18/30 s80/108 loss=0.0526 avg=0.0515 acc=0.7628 4737.9sample/s eta=00:03 mem=0.40GB/1.32GB
[09:28:11] [TRAIN] e18/30 s100/108 loss=0.0512 avg=0.0516 acc=0.7619 4765.4sample/s eta=00:00 mem=0.40GB/1.32GB
[09:28:11] [TRAIN] e18/30 s108/108 loss=0.0518 avg=0.0516 acc=0.7616 5017.5sample/s eta=- mem=0.18GB/1.32GB
[09:28:12] [VAL] e18/30 s10/10 loss=0.0519 avg=0.0516 acc=0.7594 3466.5sample/s eta=- mem=0.60GB/1.70GB
[09:28:16] [TEST] e18/30 s20/20 loss=0.0564 avg=0.0512 acc=0.7697 3241.2sample/s eta=- mem=0.43GB/1.70GB
[09:28:16] [EPOCH] 18/30 train_loss=0.0516 train_acc=0.7616 val_loss=0.0516 val_acc=0.7594 lr=0.010000 test_loss=0.0512 test_acc=0.7697 best_val_acc=0.7610
[09:28:19] [TRAIN] e19/30 s20/108 loss=0.0514 avg=0.0517 acc=0.7605 3159.4sample/s eta=00:14 mem=0.40GB/1.32GB
[09:28:20] [TRAIN] e19/30 s40/108 loss=0.0513 avg=0.0518 acc=0.7601 4155.7sample/s eta=00:08 mem=0.40GB/1.32GB
[09:28:22] [TRAIN] e19/30 s60/108 loss=0.0522 avg=0.0516 acc=0.7629 4564.4sample/s eta=00:05 mem=0.40GB/1.32GB
[09:28:25] [TRAIN] e19/30 s80/108 loss=0.0516 avg=0.0515 acc=0.7637 4540.1sample/s eta=00:03 mem=0.40GB/1.32GB
[09:28:26] [TRAIN] e19/30 s100/108 loss=0.0516 avg=0.0515 acc=0.7637 4739.1sample/s eta=00:00 mem=0.40GB/1.32GB
[09:28:27] [TRAIN] e19/30 s108/108 loss=0.0549 avg=0.0515 acc=0.7631 4922.2sample/s eta=- mem=0.18GB/1.32GB
[09:28:28] [VAL] e19/30 s10/10 loss=0.0518 avg=0.0515 acc=0.7608 3511.7sample/s eta=- mem=0.60GB/1.70GB
[09:28:31] [TEST] e19/30 s20/20 loss=0.0564 avg=0.0511 acc=0.7720 3787.3sample/s eta=- mem=0.43GB/1.70GB
[09:28:31] [EPOCH] 19/30 train_loss=0.0515 train_acc=0.7631 val_loss=0.0515 val_acc=0.7608 lr=0.010000 test_loss=0.0511 test_acc=0.7720 best_val_acc=0.7610
[09:28:34] [TRAIN] e20/30 s20/108 loss=0.0505 avg=0.0515 acc=0.7639 2913.2sample/s eta=00:15 mem=0.40GB/1.32GB
[09:28:37] [TRAIN] e20/30 s40/108 loss=0.0496 avg=0.0515 acc=0.7642 3493.3sample/s eta=00:09 mem=0.40GB/1.32GB
[09:28:39] [TRAIN] e20/30 s60/108 loss=0.0535 avg=0.0515 acc=0.7629 3788.1sample/s eta=00:06 mem=0.40GB/1.32GB
[09:28:41] [TRAIN] e20/30 s80/108 loss=0.0497 avg=0.0515 acc=0.7641 3852.7sample/s eta=00:03 mem=0.40GB/1.32GB
[09:28:44] [TRAIN] e20/30 s100/108 loss=0.0498 avg=0.0515 acc=0.7642 3959.8sample/s eta=00:01 mem=0.40GB/1.32GB
[09:28:44] [TRAIN] e20/30 s108/108 loss=0.0495 avg=0.0514 acc=0.7637 4041.8sample/s eta=- mem=0.18GB/1.32GB
[09:28:46] [VAL] e20/30 s10/10 loss=0.0517 avg=0.0514 acc=0.7596 3601.8sample/s eta=- mem=0.60GB/1.70GB
[09:28:49] [TEST] e20/30 s20/20 loss=0.0563 avg=0.0510 acc=0.7711 3485.0sample/s eta=- mem=0.43GB/1.70GB
[09:28:49] [EPOCH] 20/30 train_loss=0.0514 train_acc=0.7637 val_loss=0.0514 val_acc=0.7596 lr=0.010000 test_loss=0.0510 test_acc=0.7711 best_val_acc=0.7610
[09:28:52] [TRAIN] e21/30 s20/108 loss=0.0519 avg=0.0513 acc=0.7655 3109.9sample/s eta=00:14 mem=0.40GB/1.32GB
[09:28:54] [TRAIN] e21/30 s40/108 loss=0.0534 avg=0.0515 acc=0.7611 4050.8sample/s eta=00:08 mem=0.40GB/1.32GB
[09:28:56] [TRAIN] e21/30 s60/108 loss=0.0528 avg=0.0514 acc=0.7621 4341.8sample/s eta=00:05 mem=0.40GB/1.32GB
[09:28:58] [TRAIN] e21/30 s80/108 loss=0.0507 avg=0.0514 acc=0.7637 4396.8sample/s eta=00:03 mem=0.40GB/1.32GB
[09:29:00] [TRAIN] e21/30 s100/108 loss=0.0537 avg=0.0514 acc=0.7635 4537.0sample/s eta=00:00 mem=0.40GB/1.32GB
[09:29:00] [TRAIN] e21/30 s108/108 loss=0.0519 avg=0.0514 acc=0.7631 4684.4sample/s eta=- mem=0.18GB/1.32GB
[09:29:02] [VAL] e21/30 s10/10 loss=0.0517 avg=0.0513 acc=0.7618 3873.9sample/s eta=- mem=0.60GB/1.70GB
[09:29:04] [TEST] e21/30 s20/20 loss=0.0562 avg=0.0509 acc=0.7722 3588.3sample/s eta=- mem=0.43GB/1.70GB
[09:29:04] [EPOCH] 21/30 train_loss=0.0514 train_acc=0.7631 val_loss=0.0513 val_acc=0.7618 lr=0.010000 test_loss=0.0509 test_acc=0.7722 best_val_acc=0.7618 *
[09:29:08] [TRAIN] e22/30 s20/108 loss=0.0506 avg=0.0511 acc=0.7690 3123.1sample/s eta=00:14 mem=0.40GB/1.32GB
[09:29:10] [TRAIN] e22/30 s40/108 loss=0.0510 avg=0.0512 acc=0.7657 3731.5sample/s eta=00:09 mem=0.40GB/1.32GB
[09:29:12] [TRAIN] e22/30 s60/108 loss=0.0504 avg=0.0512 acc=0.7649 3910.5sample/s eta=00:06 mem=0.40GB/1.32GB
[09:29:15] [TRAIN] e22/30 s80/108 loss=0.0516 avg=0.0513 acc=0.7639 3898.4sample/s eta=00:03 mem=0.40GB/1.32GB
[09:29:17] [TRAIN] e22/30 s100/108 loss=0.0522 avg=0.0513 acc=0.7646 4013.2sample/s eta=00:01 mem=0.40GB/1.32GB
[09:29:18] [TRAIN] e22/30 s108/108 loss=0.0501 avg=0.0513 acc=0.7638 4125.7sample/s eta=- mem=0.18GB/1.32GB
[09:29:19] [VAL] e22/30 s10/10 loss=0.0515 avg=0.0513 acc=0.7594 3972.3sample/s eta=- mem=0.60GB/1.70GB
[09:29:22] [TEST] e22/30 s20/20 loss=0.0561 avg=0.0509 acc=0.7690 3889.4sample/s eta=- mem=0.43GB/1.70GB
[09:29:22] [EPOCH] 22/30 train_loss=0.0513 train_acc=0.7638 val_loss=0.0513 val_acc=0.7594 lr=0.010000 test_loss=0.0509 test_acc=0.7690 best_val_acc=0.7618
[09:29:25] [TRAIN] e23/30 s20/108 loss=0.0520 avg=0.0514 acc=0.7611 3570.7sample/s eta=00:12 mem=0.40GB/1.32GB
[09:29:27] [TRAIN] e23/30 s40/108 loss=0.0498 avg=0.0512 acc=0.7659 4052.1sample/s eta=00:08 mem=0.40GB/1.32GB
[09:29:29] [TRAIN] e23/30 s60/108 loss=0.0505 avg=0.0510 acc=0.7670 4015.3sample/s eta=00:06 mem=0.40GB/1.32GB
[09:29:32] [TRAIN] e23/30 s80/108 loss=0.0501 avg=0.0512 acc=0.7645 4049.3sample/s eta=00:03 mem=0.40GB/1.32GB
[09:29:34] [TRAIN] e23/30 s100/108 loss=0.0524 avg=0.0512 acc=0.7635 4153.8sample/s eta=00:00 mem=0.40GB/1.32GB
[09:29:35] [TRAIN] e23/30 s108/108 loss=0.0536 avg=0.0512 acc=0.7637 4266.5sample/s eta=- mem=0.18GB/1.32GB
[09:29:36] [VAL] e23/30 s10/10 loss=0.0515 avg=0.0512 acc=0.7636 3542.6sample/s eta=- mem=0.60GB/1.70GB
[09:29:38] [TEST] e23/30 s20/20 loss=0.0561 avg=0.0508 acc=0.7746 4959.1sample/s eta=- mem=0.43GB/1.70GB
[09:29:38] [EPOCH] 23/30 train_loss=0.0512 train_acc=0.7637 val_loss=0.0512 val_acc=0.7636 lr=0.010000 test_loss=0.0508 test_acc=0.7746 best_val_acc=0.7636 *
[09:29:41] [TRAIN] e24/30 s20/108 loss=0.0524 avg=0.0512 acc=0.7638 3354.6sample/s eta=00:13 mem=0.40GB/1.32GB
[09:29:43] [TRAIN] e24/30 s40/108 loss=0.0502 avg=0.0512 acc=0.7645 4056.9sample/s eta=00:08 mem=0.40GB/1.32GB
[09:29:45] [TRAIN] e24/30 s60/108 loss=0.0488 avg=0.0513 acc=0.7627 4251.3sample/s eta=00:05 mem=0.40GB/1.32GB
[09:29:47] [TRAIN] e24/30 s80/108 loss=0.0511 avg=0.0512 acc=0.7638 4413.2sample/s eta=00:03 mem=0.40GB/1.32GB
[09:29:49] [TRAIN] e24/30 s100/108 loss=0.0514 avg=0.0512 acc=0.7642 4481.1sample/s eta=00:00 mem=0.40GB/1.32GB
[09:29:50] [TRAIN] e24/30 s108/108 loss=0.0518 avg=0.0512 acc=0.7643 4607.4sample/s eta=- mem=0.18GB/1.32GB
[09:29:51] [VAL] e24/30 s10/10 loss=0.0515 avg=0.0512 acc=0.7634 3467.7sample/s eta=- mem=0.60GB/1.70GB
[09:29:54] [TEST] e24/30 s20/20 loss=0.0561 avg=0.0507 acc=0.7743 4679.1sample/s eta=- mem=0.43GB/1.70GB
[09:29:54] [EPOCH] 24/30 train_loss=0.0512 train_acc=0.7643 val_loss=0.0512 val_acc=0.7634 lr=0.010000 test_loss=0.0507 test_acc=0.7743 best_val_acc=0.7636
[09:29:56] [TRAIN] e25/30 s20/108 loss=0.0527 avg=0.0513 acc=0.7605 4154.9sample/s eta=00:10 mem=0.40GB/1.32GB
[09:29:58] [TRAIN] e25/30 s40/108 loss=0.0521 avg=0.0510 acc=0.7676 4647.3sample/s eta=00:07 mem=0.40GB/1.32GB
[09:30:00] [TRAIN] e25/30 s60/108 loss=0.0527 avg=0.0511 acc=0.7638 4670.0sample/s eta=00:05 mem=0.40GB/1.32GB
[09:30:02] [TRAIN] e25/30 s80/108 loss=0.0503 avg=0.0511 acc=0.7644 4712.6sample/s eta=00:03 mem=0.40GB/1.32GB
[09:30:04] [TRAIN] e25/30 s100/108 loss=0.0524 avg=0.0512 acc=0.7634 4665.6sample/s eta=00:00 mem=0.40GB/1.32GB
[09:30:05] [TRAIN] e25/30 s108/108 loss=0.0510 avg=0.0511 acc=0.7642 4804.1sample/s eta=- mem=0.18GB/1.32GB
[09:30:07] [VAL] e25/30 s10/10 loss=0.0514 avg=0.0511 acc=0.7610 3051.6sample/s eta=- mem=0.60GB/1.70GB
[09:30:09] [TEST] e25/30 s20/20 loss=0.0559 avg=0.0507 acc=0.7708 4222.7sample/s eta=- mem=0.43GB/1.70GB
[09:30:09] [EPOCH] 25/30 train_loss=0.0511 train_acc=0.7642 val_loss=0.0511 val_acc=0.7610 lr=0.010000 test_loss=0.0507 test_acc=0.7708 best_val_acc=0.7636
[09:30:11] [TRAIN] e26/30 s20/108 loss=0.0490 avg=0.0508 acc=0.7661 4245.5sample/s eta=00:10 mem=0.40GB/1.32GB
[09:30:14] [TRAIN] e26/30 s40/108 loss=0.0522 avg=0.0508 acc=0.7637 4397.3sample/s eta=00:07 mem=0.40GB/1.32GB
[09:30:16] [TRAIN] e26/30 s60/108 loss=0.0501 avg=0.0509 acc=0.7648 4647.9sample/s eta=00:05 mem=0.40GB/1.32GB
[09:30:18] [TRAIN] e26/30 s80/108 loss=0.0508 avg=0.0510 acc=0.7655 4735.4sample/s eta=00:03 mem=0.40GB/1.32GB
[09:30:19] [TRAIN] e26/30 s100/108 loss=0.0507 avg=0.0511 acc=0.7648 4864.8sample/s eta=00:00 mem=0.40GB/1.32GB
[09:30:20] [TRAIN] e26/30 s108/108 loss=0.0497 avg=0.0510 acc=0.7645 5026.2sample/s eta=- mem=0.18GB/1.32GB
[09:30:21] [VAL] e26/30 s10/10 loss=0.0513 avg=0.0511 acc=0.7630 3685.6sample/s eta=- mem=0.60GB/1.70GB
[09:30:24] [TEST] e26/30 s20/20 loss=0.0560 avg=0.0506 acc=0.7734 4417.2sample/s eta=- mem=0.43GB/1.70GB
[09:30:24] [EPOCH] 26/30 train_loss=0.0510 train_acc=0.7645 val_loss=0.0511 val_acc=0.7630 lr=0.010000 test_loss=0.0506 test_acc=0.7734 best_val_acc=0.7636
[09:30:26] [TRAIN] e27/30 s20/108 loss=0.0505 avg=0.0509 acc=0.7647 3764.6sample/s eta=00:11 mem=0.40GB/1.32GB
[09:30:28] [TRAIN] e27/30 s40/108 loss=0.0507 avg=0.0508 acc=0.7664 4479.3sample/s eta=00:07 mem=0.40GB/1.32GB
[09:30:30] [TRAIN] e27/30 s60/108 loss=0.0498 avg=0.0510 acc=0.7651 4776.3sample/s eta=00:05 mem=0.40GB/1.32GB
[09:30:32] [TRAIN] e27/30 s80/108 loss=0.0508 avg=0.0510 acc=0.7642 4891.9sample/s eta=00:02 mem=0.40GB/1.32GB
[09:30:34] [TRAIN] e27/30 s100/108 loss=0.0509 avg=0.0510 acc=0.7643 4886.6sample/s eta=00:00 mem=0.40GB/1.32GB
[09:30:34] [TRAIN] e27/30 s108/108 loss=0.0515 avg=0.0510 acc=0.7645 5078.2sample/s eta=- mem=0.18GB/1.32GB
[09:30:36] [VAL] e27/30 s10/10 loss=0.0513 avg=0.0510 acc=0.7636 4365.1sample/s eta=- mem=0.60GB/1.70GB
[09:30:37] [TEST] e27/30 s20/20 loss=0.0559 avg=0.0506 acc=0.7741 5560.8sample/s eta=- mem=0.43GB/1.70GB
[09:30:37] [EPOCH] 27/30 train_loss=0.0510 train_acc=0.7645 val_loss=0.0510 val_acc=0.7636 lr=0.010000 test_loss=0.0506 test_acc=0.7741 best_val_acc=0.7636
[09:30:39] [TRAIN] e28/30 s20/108 loss=0.0506 avg=0.0508 acc=0.7656 5164.1sample/s eta=00:08 mem=0.40GB/1.32GB
[09:30:41] [TRAIN] e28/30 s40/108 loss=0.0502 avg=0.0507 acc=0.7668 5593.6sample/s eta=00:06 mem=0.40GB/1.32GB
[09:30:43] [TRAIN] e28/30 s60/108 loss=0.0515 avg=0.0509 acc=0.7650 5800.7sample/s eta=00:04 mem=0.40GB/1.32GB
[09:30:44] [TRAIN] e28/30 s80/108 loss=0.0525 avg=0.0509 acc=0.7656 5783.0sample/s eta=00:02 mem=0.40GB/1.32GB
[09:30:46] [TRAIN] e28/30 s100/108 loss=0.0517 avg=0.0509 acc=0.7645 5708.8sample/s eta=00:00 mem=0.40GB/1.32GB
[09:30:47] [TRAIN] e28/30 s108/108 loss=0.0525 avg=0.0509 acc=0.7645 5742.5sample/s eta=- mem=0.18GB/1.32GB
[09:30:48] [VAL] e28/30 s10/10 loss=0.0512 avg=0.0509 acc=0.7622 4224.8sample/s eta=- mem=0.60GB/1.70GB
[09:30:50] [TEST] e28/30 s20/20 loss=0.0559 avg=0.0505 acc=0.7748 4523.6sample/s eta=- mem=0.43GB/1.70GB
[09:30:50] [EPOCH] 28/30 train_loss=0.0509 train_acc=0.7645 val_loss=0.0509 val_acc=0.7622 lr=0.010000 test_loss=0.0505 test_acc=0.7748 best_val_acc=0.7636
[09:30:54] [TRAIN] e29/30 s20/108 loss=0.0511 avg=0.0511 acc=0.7610 2826.1sample/s eta=00:15 mem=0.40GB/1.32GB
[09:30:56] [TRAIN] e29/30 s40/108 loss=0.0515 avg=0.0510 acc=0.7613 3639.2sample/s eta=00:09 mem=0.40GB/1.32GB
[09:30:58] [TRAIN] e29/30 s60/108 loss=0.0513 avg=0.0509 acc=0.7630 3876.4sample/s eta=00:06 mem=0.40GB/1.32GB
[09:31:00] [TRAIN] e29/30 s80/108 loss=0.0524 avg=0.0510 acc=0.7639 4038.1sample/s eta=00:03 mem=0.40GB/1.32GB
[09:31:02] [TRAIN] e29/30 s100/108 loss=0.0518 avg=0.0509 acc=0.7651 4200.1sample/s eta=00:00 mem=0.40GB/1.32GB
[09:31:03] [TRAIN] e29/30 s108/108 loss=0.0507 avg=0.0509 acc=0.7650 4314.8sample/s eta=- mem=0.18GB/1.32GB
[09:31:04] [VAL] e29/30 s10/10 loss=0.0512 avg=0.0509 acc=0.7634 3735.5sample/s eta=- mem=0.60GB/1.70GB
[09:31:07] [TEST] e29/30 s20/20 loss=0.0559 avg=0.0505 acc=0.7742 4602.2sample/s eta=- mem=0.43GB/1.70GB
[09:31:07] [EPOCH] 29/30 train_loss=0.0509 train_acc=0.7650 val_loss=0.0509 val_acc=0.7634 lr=0.010000 test_loss=0.0505 test_acc=0.7742 best_val_acc=0.7636
[09:31:09] [TRAIN] e30/30 s20/108 loss=0.0507 avg=0.0507 acc=0.7659 3692.6sample/s eta=00:12 mem=0.40GB/1.32GB
[09:31:11] [TRAIN] e30/30 s40/108 loss=0.0497 avg=0.0508 acc=0.7673 4285.8sample/s eta=00:08 mem=0.40GB/1.32GB
[09:31:13] [TRAIN] e30/30 s60/108 loss=0.0491 avg=0.0507 acc=0.7663 4510.9sample/s eta=00:05 mem=0.40GB/1.32GB
[09:31:16] [TRAIN] e30/30 s80/108 loss=0.0515 avg=0.0508 acc=0.7637 4420.2sample/s eta=00:03 mem=0.40GB/1.32GB
[09:31:18] [TRAIN] e30/30 s100/108 loss=0.0507 avg=0.0508 acc=0.7644 4532.1sample/s eta=00:00 mem=0.40GB/1.32GB
[09:31:19] [TRAIN] e30/30 s108/108 loss=0.0500 avg=0.0508 acc=0.7643 4599.6sample/s eta=- mem=0.18GB/1.32GB
[09:31:20] [VAL] e30/30 s10/10 loss=0.0511 avg=0.0508 acc=0.7660 3762.8sample/s eta=- mem=0.60GB/1.70GB
[09:31:22] [TEST] e30/30 s20/20 loss=0.0558 avg=0.0504 acc=0.7764 4252.4sample/s eta=- mem=0.43GB/1.70GB
[09:31:22] [EPOCH] 30/30 train_loss=0.0508 train_acc=0.7643 val_loss=0.0508 val_acc=0.7660 lr=0.010000 test_loss=0.0504 test_acc=0.7764 best_val_acc=0.7660 *
[09:31:25] [DONE] run_dir=runs/supp_s8_cls_mnist_linear_real_2l_100um/260311_092319
runs/supp_s8_cls_mnist_linear_real_2l_100um/260311_092319
