[08:57:50] [TRAIN] exp=supp_s8_cls_mnist_nonlinear_fourier_2l_f4mm task=classification device=cuda epochs=30 log_every=20steps
[08:57:54] [TRAIN] e1/30 s20/108 loss=0.0973 avg=0.1041 acc=0.1032 2457.8sample/s eta=00:18 mem=0.40GB/2.00GB
[08:57:56] [TRAIN] e1/30 s40/108 loss=0.0928 avg=0.1004 acc=0.1308 3263.4sample/s eta=00:10 mem=0.40GB/2.00GB
[08:57:58] [TRAIN] e1/30 s60/108 loss=0.0875 avg=0.0965 acc=0.1596 3761.5sample/s eta=00:06 mem=0.40GB/2.00GB
[08:58:01] [TRAIN] e1/30 s80/108 loss=0.0816 avg=0.0934 acc=0.1921 3925.7sample/s eta=00:03 mem=0.40GB/2.00GB
[08:58:02] [TRAIN] e1/30 s100/108 loss=0.0802 avg=0.0909 acc=0.2299 4214.7sample/s eta=00:00 mem=0.40GB/2.00GB
[08:58:03] [TRAIN] e1/30 s108/108 loss=0.0795 avg=0.0901 acc=0.2425 4299.6sample/s eta=- mem=0.18GB/2.00GB
[08:58:04] [VAL] e1/30 s10/10 loss=0.0781 avg=0.0787 acc=0.4296 3744.9sample/s eta=- mem=1.01GB/2.92GB
[08:58:07] [TEST] e1/30 s20/20 loss=0.0825 avg=0.0783 acc=0.4423 3913.9sample/s eta=- mem=0.71GB/2.92GB
[08:58:07] [EPOCH] 1/30 train_loss=0.0901 train_acc=0.2425 val_loss=0.0787 val_acc=0.4296 lr=0.010000 test_loss=0.0783 test_acc=0.4423 best_val_acc=0.4296 *
[08:58:10] [TRAIN] e2/30 s20/108 loss=0.0792 avg=0.0777 acc=0.4516 3123.0sample/s eta=00:14 mem=0.40GB/2.00GB
[08:58:12] [TRAIN] e2/30 s40/108 loss=0.0740 avg=0.0769 acc=0.4654 3781.8sample/s eta=00:09 mem=0.40GB/2.00GB
[08:58:15] [TRAIN] e2/30 s60/108 loss=0.0749 avg=0.0761 acc=0.4783 3910.9sample/s eta=00:06 mem=0.40GB/2.00GB
[08:58:17] [TRAIN] e2/30 s80/108 loss=0.0718 avg=0.0754 acc=0.4873 3960.7sample/s eta=00:03 mem=0.40GB/2.00GB
[08:58:20] [TRAIN] e2/30 s100/108 loss=0.0722 avg=0.0747 acc=0.4957 4037.2sample/s eta=00:01 mem=0.40GB/2.00GB
[08:58:20] [TRAIN] e2/30 s108/108 loss=0.0688 avg=0.0744 acc=0.4992 4123.2sample/s eta=- mem=0.18GB/2.00GB
[08:58:22] [VAL] e2/30 s10/10 loss=0.0703 avg=0.0705 acc=0.5468 3664.8sample/s eta=- mem=1.01GB/2.92GB
[08:58:24] [TEST] e2/30 s20/20 loss=0.0750 avg=0.0702 acc=0.5520 3972.8sample/s eta=- mem=0.71GB/2.92GB
[08:58:24] [EPOCH] 2/30 train_loss=0.0744 train_acc=0.4992 val_loss=0.0705 val_acc=0.5468 lr=0.010000 test_loss=0.0702 test_acc=0.5520 best_val_acc=0.5468 *
[08:58:28] [TRAIN] e3/30 s20/108 loss=0.0694 avg=0.0696 acc=0.5526 2713.8sample/s eta=00:16 mem=0.40GB/2.00GB
[08:58:30] [TRAIN] e3/30 s40/108 loss=0.0686 avg=0.0692 acc=0.5550 3281.1sample/s eta=00:10 mem=0.40GB/2.00GB
[08:58:33] [TRAIN] e3/30 s60/108 loss=0.0660 avg=0.0687 acc=0.5640 3497.7sample/s eta=00:07 mem=0.40GB/2.00GB
[08:58:35] [TRAIN] e3/30 s80/108 loss=0.0648 avg=0.0681 acc=0.5722 3713.2sample/s eta=00:03 mem=0.40GB/2.00GB
[08:58:37] [TRAIN] e3/30 s100/108 loss=0.0670 avg=0.0676 acc=0.5787 3925.4sample/s eta=00:01 mem=0.40GB/2.00GB
[08:58:38] [TRAIN] e3/30 s108/108 loss=0.0675 avg=0.0674 acc=0.5801 4017.7sample/s eta=- mem=0.18GB/2.00GB
[08:58:39] [VAL] e3/30 s10/10 loss=0.0646 avg=0.0649 acc=0.6078 3967.0sample/s eta=- mem=1.01GB/2.92GB
[08:58:42] [TEST] e3/30 s20/20 loss=0.0697 avg=0.0645 acc=0.6188 3686.5sample/s eta=- mem=0.71GB/2.92GB
[08:58:42] [EPOCH] 3/30 train_loss=0.0674 train_acc=0.5801 val_loss=0.0649 val_acc=0.6078 lr=0.010000 test_loss=0.0645 test_acc=0.6188 best_val_acc=0.6078 *
[08:58:45] [TRAIN] e4/30 s20/108 loss=0.0634 avg=0.0643 acc=0.6112 3720.0sample/s eta=00:12 mem=0.40GB/2.00GB
[08:58:47] [TRAIN] e4/30 s40/108 loss=0.0646 avg=0.0640 acc=0.6158 4080.3sample/s eta=00:08 mem=0.40GB/2.00GB
[08:58:49] [TRAIN] e4/30 s60/108 loss=0.0635 avg=0.0639 acc=0.6203 4019.9sample/s eta=00:06 mem=0.40GB/2.00GB
[08:58:52] [TRAIN] e4/30 s80/108 loss=0.0640 avg=0.0637 acc=0.6233 4180.0sample/s eta=00:03 mem=0.40GB/2.00GB
[08:58:54] [TRAIN] e4/30 s100/108 loss=0.0607 avg=0.0634 acc=0.6281 4316.7sample/s eta=00:00 mem=0.40GB/2.00GB
[08:58:54] [TRAIN] e4/30 s108/108 loss=0.0618 avg=0.0633 acc=0.6299 4461.7sample/s eta=- mem=0.18GB/2.00GB
[08:58:55] [VAL] e4/30 s10/10 loss=0.0619 avg=0.0618 acc=0.6552 4113.5sample/s eta=- mem=1.01GB/2.92GB
[08:58:58] [TEST] e4/30 s20/20 loss=0.0672 avg=0.0614 acc=0.6661 3794.0sample/s eta=- mem=0.71GB/2.92GB
[08:58:58] [EPOCH] 4/30 train_loss=0.0633 train_acc=0.6299 val_loss=0.0618 val_acc=0.6552 lr=0.010000 test_loss=0.0614 test_acc=0.6661 best_val_acc=0.6552 *
[08:59:01] [TRAIN] e5/30 s20/108 loss=0.0608 avg=0.0617 acc=0.6512 3070.9sample/s eta=00:14 mem=0.40GB/2.00GB
[08:59:04] [TRAIN] e5/30 s40/108 loss=0.0592 avg=0.0613 acc=0.6613 3698.3sample/s eta=00:09 mem=0.40GB/2.00GB
[08:59:06] [TRAIN] e5/30 s60/108 loss=0.0612 avg=0.0612 acc=0.6653 3928.0sample/s eta=00:06 mem=0.40GB/2.00GB
[08:59:08] [TRAIN] e5/30 s80/108 loss=0.0593 avg=0.0610 acc=0.6717 4119.0sample/s eta=00:03 mem=0.40GB/2.00GB
[08:59:10] [TRAIN] e5/30 s100/108 loss=0.0604 avg=0.0608 acc=0.6752 4322.2sample/s eta=00:00 mem=0.40GB/2.00GB
[08:59:10] [TRAIN] e5/30 s108/108 loss=0.0595 avg=0.0608 acc=0.6764 4481.3sample/s eta=- mem=0.18GB/2.00GB
[08:59:12] [VAL] e5/30 s10/10 loss=0.0604 avg=0.0599 acc=0.6988 3527.6sample/s eta=- mem=1.01GB/2.92GB
[08:59:14] [TEST] e5/30 s20/20 loss=0.0653 avg=0.0595 acc=0.7031 3797.6sample/s eta=- mem=0.71GB/2.92GB
[08:59:14] [EPOCH] 5/30 train_loss=0.0608 train_acc=0.6764 val_loss=0.0599 val_acc=0.6988 lr=0.010000 test_loss=0.0595 test_acc=0.7031 best_val_acc=0.6988 *
[08:59:17] [TRAIN] e6/30 s20/108 loss=0.0601 avg=0.0598 acc=0.6922 3432.3sample/s eta=00:13 mem=0.40GB/2.00GB
[08:59:19] [TRAIN] e6/30 s40/108 loss=0.0607 avg=0.0597 acc=0.6937 3939.9sample/s eta=00:08 mem=0.40GB/2.00GB
[08:59:22] [TRAIN] e6/30 s60/108 loss=0.0599 avg=0.0597 acc=0.6949 4056.1sample/s eta=00:06 mem=0.40GB/2.00GB
[08:59:24] [TRAIN] e6/30 s80/108 loss=0.0577 avg=0.0595 acc=0.6995 4208.9sample/s eta=00:03 mem=0.40GB/2.00GB
[08:59:26] [TRAIN] e6/30 s100/108 loss=0.0596 avg=0.0594 acc=0.7001 4331.3sample/s eta=00:00 mem=0.40GB/2.00GB
[08:59:27] [TRAIN] e6/30 s108/108 loss=0.0605 avg=0.0593 acc=0.7012 4407.8sample/s eta=- mem=0.18GB/2.00GB
[08:59:28] [VAL] e6/30 s10/10 loss=0.0594 avg=0.0588 acc=0.7166 3560.9sample/s eta=- mem=1.01GB/2.92GB
[08:59:31] [TEST] e6/30 s20/20 loss=0.0642 avg=0.0584 acc=0.7180 3902.2sample/s eta=- mem=0.71GB/2.92GB
[08:59:31] [EPOCH] 6/30 train_loss=0.0593 train_acc=0.7012 val_loss=0.0588 val_acc=0.7166 lr=0.010000 test_loss=0.0584 test_acc=0.7180 best_val_acc=0.7166 *
[08:59:34] [TRAIN] e7/30 s20/108 loss=0.0570 avg=0.0584 acc=0.7110 3284.0sample/s eta=00:13 mem=0.40GB/2.00GB
[08:59:36] [TRAIN] e7/30 s40/108 loss=0.0611 avg=0.0585 acc=0.7114 3663.0sample/s eta=00:09 mem=0.40GB/2.00GB
[08:59:39] [TRAIN] e7/30 s60/108 loss=0.0575 avg=0.0585 acc=0.7115 3864.0sample/s eta=00:06 mem=0.40GB/2.00GB
[08:59:41] [TRAIN] e7/30 s80/108 loss=0.0576 avg=0.0585 acc=0.7127 4118.2sample/s eta=00:03 mem=0.40GB/2.00GB
[08:59:43] [TRAIN] e7/30 s100/108 loss=0.0562 avg=0.0584 acc=0.7135 4189.3sample/s eta=00:00 mem=0.40GB/2.00GB
[08:59:44] [TRAIN] e7/30 s108/108 loss=0.0596 avg=0.0585 acc=0.7132 4272.9sample/s eta=- mem=0.18GB/2.00GB
[08:59:45] [VAL] e7/30 s10/10 loss=0.0587 avg=0.0581 acc=0.7224 3790.7sample/s eta=- mem=1.01GB/2.92GB
[08:59:47] [TEST] e7/30 s20/20 loss=0.0633 avg=0.0577 acc=0.7291 4165.9sample/s eta=- mem=0.71GB/2.92GB
[08:59:47] [EPOCH] 7/30 train_loss=0.0585 train_acc=0.7132 val_loss=0.0581 val_acc=0.7224 lr=0.010000 test_loss=0.0577 test_acc=0.7291 best_val_acc=0.7224 *
[08:59:51] [TRAIN] e8/30 s20/108 loss=0.0567 avg=0.0577 acc=0.7222 3236.4sample/s eta=00:13 mem=0.40GB/2.00GB
[08:59:53] [TRAIN] e8/30 s40/108 loss=0.0590 avg=0.0578 acc=0.7183 3763.3sample/s eta=00:09 mem=0.40GB/2.00GB
[08:59:55] [TRAIN] e8/30 s60/108 loss=0.0580 avg=0.0579 acc=0.7187 4110.3sample/s eta=00:05 mem=0.40GB/2.00GB
[08:59:57] [TRAIN] e8/30 s80/108 loss=0.0577 avg=0.0579 acc=0.7192 4242.1sample/s eta=00:03 mem=0.40GB/2.00GB
[08:59:59] [TRAIN] e8/30 s100/108 loss=0.0582 avg=0.0578 acc=0.7202 4481.5sample/s eta=00:00 mem=0.40GB/2.00GB
[08:59:59] [TRAIN] e8/30 s108/108 loss=0.0583 avg=0.0578 acc=0.7202 4639.3sample/s eta=- mem=0.18GB/2.00GB
[09:00:01] [VAL] e8/30 s10/10 loss=0.0580 avg=0.0574 acc=0.7176 3292.8sample/s eta=- mem=1.01GB/2.92GB
[09:00:03] [TEST] e8/30 s20/20 loss=0.0625 avg=0.0571 acc=0.7233 4060.4sample/s eta=- mem=0.71GB/2.92GB
[09:00:03] [EPOCH] 8/30 train_loss=0.0578 train_acc=0.7202 val_loss=0.0574 val_acc=0.7176 lr=0.010000 test_loss=0.0571 test_acc=0.7233 best_val_acc=0.7224
[09:00:07] [TRAIN] e9/30 s20/108 loss=0.0583 avg=0.0575 acc=0.7187 3048.8sample/s eta=00:14 mem=0.40GB/2.00GB
[09:00:09] [TRAIN] e9/30 s40/108 loss=0.0576 avg=0.0572 acc=0.7215 3761.4sample/s eta=00:09 mem=0.40GB/2.00GB
[09:00:11] [TRAIN] e9/30 s60/108 loss=0.0574 avg=0.0573 acc=0.7176 3887.2sample/s eta=00:06 mem=0.40GB/2.00GB
[09:00:14] [TRAIN] e9/30 s80/108 loss=0.0585 avg=0.0573 acc=0.7191 3875.5sample/s eta=00:03 mem=0.40GB/2.00GB
[09:00:15] [TRAIN] e9/30 s100/108 loss=0.0567 avg=0.0573 acc=0.7208 4287.6sample/s eta=00:00 mem=0.40GB/2.00GB
[09:00:16] [TRAIN] e9/30 s108/108 loss=0.0550 avg=0.0573 acc=0.7213 4406.7sample/s eta=- mem=0.18GB/2.00GB
[09:00:17] [VAL] e9/30 s10/10 loss=0.0575 avg=0.0569 acc=0.7254 3469.9sample/s eta=- mem=1.01GB/2.92GB
[09:00:20] [TEST] e9/30 s20/20 loss=0.0618 avg=0.0566 acc=0.7346 3804.8sample/s eta=- mem=0.71GB/2.92GB
[09:00:20] [EPOCH] 9/30 train_loss=0.0573 train_acc=0.7213 val_loss=0.0569 val_acc=0.7254 lr=0.010000 test_loss=0.0566 test_acc=0.7346 best_val_acc=0.7254 *
[09:00:23] [TRAIN] e10/30 s20/108 loss=0.0571 avg=0.0567 acc=0.7235 3347.0sample/s eta=00:13 mem=0.40GB/2.00GB
[09:00:25] [TRAIN] e10/30 s40/108 loss=0.0571 avg=0.0569 acc=0.7229 3719.8sample/s eta=00:09 mem=0.40GB/2.00GB
[09:00:27] [TRAIN] e10/30 s60/108 loss=0.0559 avg=0.0569 acc=0.7210 3962.8sample/s eta=00:06 mem=0.40GB/2.00GB
[09:00:30] [TRAIN] e10/30 s80/108 loss=0.0573 avg=0.0569 acc=0.7211 4107.7sample/s eta=00:03 mem=0.40GB/2.00GB
[09:00:32] [TRAIN] e10/30 s100/108 loss=0.0584 avg=0.0568 acc=0.7223 4223.5sample/s eta=00:00 mem=0.40GB/2.00GB
[09:00:32] [TRAIN] e10/30 s108/108 loss=0.0544 avg=0.0568 acc=0.7224 4331.8sample/s eta=- mem=0.18GB/2.00GB
[09:00:34] [VAL] e10/30 s10/10 loss=0.0572 avg=0.0566 acc=0.7188 3747.4sample/s eta=- mem=1.01GB/2.92GB
[09:00:36] [TEST] e10/30 s20/20 loss=0.0616 avg=0.0563 acc=0.7265 3847.9sample/s eta=- mem=0.71GB/2.92GB
[09:00:36] [EPOCH] 10/30 train_loss=0.0568 train_acc=0.7224 val_loss=0.0566 val_acc=0.7188 lr=0.010000 test_loss=0.0563 test_acc=0.7265 best_val_acc=0.7254
[09:00:39] [TRAIN] e11/30 s20/108 loss=0.0566 avg=0.0569 acc=0.7197 3289.4sample/s eta=00:13 mem=0.40GB/2.00GB
[09:00:41] [TRAIN] e11/30 s40/108 loss=0.0560 avg=0.0567 acc=0.7245 4006.0sample/s eta=00:08 mem=0.40GB/2.00GB
[09:00:44] [TRAIN] e11/30 s60/108 loss=0.0572 avg=0.0565 acc=0.7245 4296.8sample/s eta=00:05 mem=0.40GB/2.00GB
[09:00:46] [TRAIN] e11/30 s80/108 loss=0.0553 avg=0.0565 acc=0.7244 4474.7sample/s eta=00:03 mem=0.40GB/2.00GB
[09:00:47] [TRAIN] e11/30 s100/108 loss=0.0565 avg=0.0564 acc=0.7251 4667.3sample/s eta=00:00 mem=0.40GB/2.00GB
[09:00:48] [TRAIN] e11/30 s108/108 loss=0.0561 avg=0.0564 acc=0.7257 4832.6sample/s eta=- mem=0.18GB/2.00GB
[09:00:49] [VAL] e11/30 s10/10 loss=0.0568 avg=0.0562 acc=0.7236 3496.4sample/s eta=- mem=1.01GB/2.92GB
[09:00:51] [TEST] e11/30 s20/20 loss=0.0610 avg=0.0559 acc=0.7344 4776.9sample/s eta=- mem=0.71GB/2.92GB
[09:00:51] [EPOCH] 11/30 train_loss=0.0564 train_acc=0.7257 val_loss=0.0562 val_acc=0.7236 lr=0.010000 test_loss=0.0559 test_acc=0.7344 best_val_acc=0.7254
[09:00:55] [TRAIN] e12/30 s20/108 loss=0.0568 avg=0.0560 acc=0.7262 2693.8sample/s eta=00:16 mem=0.40GB/2.00GB
[09:00:58] [TRAIN] e12/30 s40/108 loss=0.0571 avg=0.0560 acc=0.7295 3274.9sample/s eta=00:10 mem=0.40GB/2.00GB
[09:01:00] [TRAIN] e12/30 s60/108 loss=0.0561 avg=0.0560 acc=0.7297 3539.4sample/s eta=00:06 mem=0.40GB/2.00GB
[09:01:03] [TRAIN] e12/30 s80/108 loss=0.0571 avg=0.0561 acc=0.7292 3647.9sample/s eta=00:03 mem=0.40GB/2.00GB
[09:01:05] [TRAIN] e12/30 s100/108 loss=0.0545 avg=0.0561 acc=0.7281 3798.3sample/s eta=00:01 mem=0.40GB/2.00GB
[09:01:05] [TRAIN] e12/30 s108/108 loss=0.0569 avg=0.0561 acc=0.7272 3893.9sample/s eta=- mem=0.18GB/2.00GB
[09:01:07] [VAL] e12/30 s10/10 loss=0.0564 avg=0.0559 acc=0.7320 3677.8sample/s eta=- mem=1.01GB/2.92GB
[09:01:09] [TEST] e12/30 s20/20 loss=0.0608 avg=0.0556 acc=0.7396 3929.8sample/s eta=- mem=0.71GB/2.92GB
[09:01:09] [EPOCH] 12/30 train_loss=0.0561 train_acc=0.7272 val_loss=0.0559 val_acc=0.7320 lr=0.010000 test_loss=0.0556 test_acc=0.7396 best_val_acc=0.7320 *
[09:01:13] [TRAIN] e13/30 s20/108 loss=0.0568 avg=0.0559 acc=0.7344 3198.9sample/s eta=00:14 mem=0.40GB/2.00GB
[09:01:15] [TRAIN] e13/30 s40/108 loss=0.0542 avg=0.0559 acc=0.7325 3644.1sample/s eta=00:09 mem=0.40GB/2.00GB
[09:01:18] [TRAIN] e13/30 s60/108 loss=0.0541 avg=0.0558 acc=0.7334 3727.2sample/s eta=00:06 mem=0.40GB/2.00GB
[09:01:20] [TRAIN] e13/30 s80/108 loss=0.0546 avg=0.0558 acc=0.7323 4006.3sample/s eta=00:03 mem=0.40GB/2.00GB
[09:01:22] [TRAIN] e13/30 s100/108 loss=0.0540 avg=0.0558 acc=0.7304 4095.4sample/s eta=00:01 mem=0.40GB/2.00GB
[09:01:22] [TRAIN] e13/30 s108/108 loss=0.0569 avg=0.0558 acc=0.7299 4235.9sample/s eta=- mem=0.18GB/2.00GB
[09:01:24] [VAL] e13/30 s10/10 loss=0.0561 avg=0.0556 acc=0.7278 3468.7sample/s eta=- mem=1.01GB/2.92GB
[09:01:26] [TEST] e13/30 s20/20 loss=0.0606 avg=0.0553 acc=0.7355 4123.0sample/s eta=- mem=0.71GB/2.92GB
[09:01:26] [EPOCH] 13/30 train_loss=0.0558 train_acc=0.7299 val_loss=0.0556 val_acc=0.7278 lr=0.010000 test_loss=0.0553 test_acc=0.7355 best_val_acc=0.7320
[09:01:30] [TRAIN] e14/30 s20/108 loss=0.0567 avg=0.0557 acc=0.7358 2952.3sample/s eta=00:15 mem=0.40GB/2.00GB
[09:01:32] [TRAIN] e14/30 s40/108 loss=0.0548 avg=0.0555 acc=0.7337 3840.4sample/s eta=00:09 mem=0.40GB/2.00GB
[09:01:33] [TRAIN] e14/30 s60/108 loss=0.0560 avg=0.0555 acc=0.7342 4214.0sample/s eta=00:05 mem=0.40GB/2.00GB
[09:01:35] [TRAIN] e14/30 s80/108 loss=0.0549 avg=0.0555 acc=0.7314 4405.6sample/s eta=00:03 mem=0.40GB/2.00GB
[09:01:37] [TRAIN] e14/30 s100/108 loss=0.0552 avg=0.0556 acc=0.7307 4603.0sample/s eta=00:00 mem=0.40GB/2.00GB
[09:01:38] [TRAIN] e14/30 s108/108 loss=0.0527 avg=0.0555 acc=0.7311 4790.5sample/s eta=- mem=0.18GB/2.00GB
[09:01:39] [VAL] e14/30 s10/10 loss=0.0558 avg=0.0553 acc=0.7278 3602.5sample/s eta=- mem=1.01GB/2.92GB
[09:01:41] [TEST] e14/30 s20/20 loss=0.0603 avg=0.0550 acc=0.7352 4344.0sample/s eta=- mem=0.71GB/2.92GB
[09:01:41] [EPOCH] 14/30 train_loss=0.0555 train_acc=0.7311 val_loss=0.0553 val_acc=0.7278 lr=0.010000 test_loss=0.0550 test_acc=0.7352 best_val_acc=0.7320
[09:01:44] [TRAIN] e15/30 s20/108 loss=0.0548 avg=0.0549 acc=0.7317 3587.6sample/s eta=00:12 mem=0.40GB/2.00GB
[09:01:46] [TRAIN] e15/30 s40/108 loss=0.0549 avg=0.0552 acc=0.7322 4054.7sample/s eta=00:08 mem=0.40GB/2.00GB
[09:01:48] [TRAIN] e15/30 s60/108 loss=0.0556 avg=0.0553 acc=0.7300 4381.5sample/s eta=00:05 mem=0.40GB/2.00GB
[09:01:51] [TRAIN] e15/30 s80/108 loss=0.0560 avg=0.0552 acc=0.7321 4448.5sample/s eta=00:03 mem=0.40GB/2.00GB
[09:01:52] [TRAIN] e15/30 s100/108 loss=0.0567 avg=0.0553 acc=0.7306 4620.6sample/s eta=00:00 mem=0.40GB/2.00GB
[09:01:53] [TRAIN] e15/30 s108/108 loss=0.0536 avg=0.0552 acc=0.7312 4749.2sample/s eta=- mem=0.18GB/2.00GB
[09:01:54] [VAL] e15/30 s10/10 loss=0.0554 avg=0.0550 acc=0.7292 3714.5sample/s eta=- mem=1.01GB/2.92GB
[09:01:57] [TEST] e15/30 s20/20 loss=0.0600 avg=0.0548 acc=0.7380 4133.1sample/s eta=- mem=0.71GB/2.92GB
[09:01:57] [EPOCH] 15/30 train_loss=0.0552 train_acc=0.7312 val_loss=0.0550 val_acc=0.7292 lr=0.010000 test_loss=0.0548 test_acc=0.7380 best_val_acc=0.7320
[09:02:00] [TRAIN] e16/30 s20/108 loss=0.0540 avg=0.0555 acc=0.7308 2763.3sample/s eta=00:16 mem=0.40GB/2.00GB
[09:02:03] [TRAIN] e16/30 s40/108 loss=0.0542 avg=0.0553 acc=0.7305 3468.1sample/s eta=00:10 mem=0.40GB/2.00GB
[09:02:05] [TRAIN] e16/30 s60/108 loss=0.0540 avg=0.0552 acc=0.7319 3622.5sample/s eta=00:06 mem=0.40GB/2.00GB
[09:02:07] [TRAIN] e16/30 s80/108 loss=0.0539 avg=0.0551 acc=0.7321 3825.8sample/s eta=00:03 mem=0.40GB/2.00GB
[09:02:09] [TRAIN] e16/30 s100/108 loss=0.0561 avg=0.0551 acc=0.7326 4152.5sample/s eta=00:00 mem=0.40GB/2.00GB
[09:02:10] [TRAIN] e16/30 s108/108 loss=0.0560 avg=0.0550 acc=0.7332 4273.1sample/s eta=- mem=0.18GB/2.00GB
[09:02:11] [VAL] e16/30 s10/10 loss=0.0552 avg=0.0548 acc=0.7300 4258.4sample/s eta=- mem=1.01GB/2.92GB
[09:02:13] [TEST] e16/30 s20/20 loss=0.0597 avg=0.0546 acc=0.7409 4059.2sample/s eta=- mem=0.71GB/2.92GB
[09:02:13] [EPOCH] 16/30 train_loss=0.0550 train_acc=0.7332 val_loss=0.0548 val_acc=0.7300 lr=0.010000 test_loss=0.0546 test_acc=0.7409 best_val_acc=0.7320
[09:02:16] [TRAIN] e17/30 s20/108 loss=0.0530 avg=0.0546 acc=0.7321 3189.3sample/s eta=00:14 mem=0.40GB/2.00GB
[09:02:19] [TRAIN] e17/30 s40/108 loss=0.0542 avg=0.0548 acc=0.7306 3669.1sample/s eta=00:09 mem=0.40GB/2.00GB
[09:02:21] [TRAIN] e17/30 s60/108 loss=0.0560 avg=0.0548 acc=0.7328 3869.0sample/s eta=00:06 mem=0.40GB/2.00GB
[09:02:23] [TRAIN] e17/30 s80/108 loss=0.0561 avg=0.0548 acc=0.7336 4001.0sample/s eta=00:03 mem=0.40GB/2.00GB
[09:02:25] [TRAIN] e17/30 s100/108 loss=0.0529 avg=0.0548 acc=0.7347 4180.2sample/s eta=00:00 mem=0.40GB/2.00GB
[09:02:26] [TRAIN] e17/30 s108/108 loss=0.0559 avg=0.0548 acc=0.7351 4288.2sample/s eta=- mem=0.18GB/2.00GB
[09:02:27] [VAL] e17/30 s10/10 loss=0.0550 avg=0.0546 acc=0.7326 3747.0sample/s eta=- mem=1.01GB/2.92GB
[09:02:30] [TEST] e17/30 s20/20 loss=0.0597 avg=0.0544 acc=0.7385 4214.7sample/s eta=- mem=0.71GB/2.92GB
[09:02:30] [EPOCH] 17/30 train_loss=0.0548 train_acc=0.7351 val_loss=0.0546 val_acc=0.7326 lr=0.010000 test_loss=0.0544 test_acc=0.7385 best_val_acc=0.7326 *
[09:02:33] [TRAIN] e18/30 s20/108 loss=0.0547 avg=0.0547 acc=0.7369 3157.2sample/s eta=00:14 mem=0.40GB/2.00GB
[09:02:36] [TRAIN] e18/30 s40/108 loss=0.0549 avg=0.0544 acc=0.7391 3492.1sample/s eta=00:09 mem=0.40GB/2.00GB
[09:02:38] [TRAIN] e18/30 s60/108 loss=0.0538 avg=0.0545 acc=0.7379 3633.7sample/s eta=00:06 mem=0.40GB/2.00GB
[09:02:40] [TRAIN] e18/30 s80/108 loss=0.0553 avg=0.0545 acc=0.7358 3908.2sample/s eta=00:03 mem=0.40GB/2.00GB
[09:02:42] [TRAIN] e18/30 s100/108 loss=0.0549 avg=0.0545 acc=0.7354 4099.8sample/s eta=00:00 mem=0.40GB/2.00GB
[09:02:43] [TRAIN] e18/30 s108/108 loss=0.0533 avg=0.0546 acc=0.7353 4203.9sample/s eta=- mem=0.18GB/2.00GB
[09:02:44] [VAL] e18/30 s10/10 loss=0.0548 avg=0.0544 acc=0.7344 4340.7sample/s eta=- mem=1.01GB/2.92GB
[09:02:47] [TEST] e18/30 s20/20 loss=0.0593 avg=0.0542 acc=0.7447 3468.2sample/s eta=- mem=0.71GB/2.92GB
[09:02:47] [EPOCH] 18/30 train_loss=0.0546 train_acc=0.7353 val_loss=0.0544 val_acc=0.7344 lr=0.010000 test_loss=0.0542 test_acc=0.7447 best_val_acc=0.7344 *
[09:02:50] [TRAIN] e19/30 s20/108 loss=0.0548 avg=0.0548 acc=0.7329 3590.3sample/s eta=00:12 mem=0.40GB/2.00GB
[09:02:52] [TRAIN] e19/30 s40/108 loss=0.0534 avg=0.0547 acc=0.7333 4135.4sample/s eta=00:08 mem=0.40GB/2.00GB
[09:02:54] [TRAIN] e19/30 s60/108 loss=0.0549 avg=0.0545 acc=0.7370 4308.3sample/s eta=00:05 mem=0.40GB/2.00GB
[09:02:56] [TRAIN] e19/30 s80/108 loss=0.0545 avg=0.0544 acc=0.7376 4524.4sample/s eta=00:03 mem=0.40GB/2.00GB
[09:02:58] [TRAIN] e19/30 s100/108 loss=0.0533 avg=0.0543 acc=0.7366 4771.8sample/s eta=00:00 mem=0.40GB/2.00GB
[09:02:58] [TRAIN] e19/30 s108/108 loss=0.0557 avg=0.0544 acc=0.7360 4889.7sample/s eta=- mem=0.18GB/2.00GB
[09:02:59] [VAL] e19/30 s10/10 loss=0.0545 avg=0.0542 acc=0.7368 3810.1sample/s eta=- mem=1.01GB/2.92GB
[09:03:02] [TEST] e19/30 s20/20 loss=0.0592 avg=0.0540 acc=0.7474 4364.9sample/s eta=- mem=0.71GB/2.92GB
[09:03:02] [EPOCH] 19/30 train_loss=0.0544 train_acc=0.7360 val_loss=0.0542 val_acc=0.7368 lr=0.010000 test_loss=0.0540 test_acc=0.7474 best_val_acc=0.7368 *
[09:03:05] [TRAIN] e20/30 s20/108 loss=0.0532 avg=0.0540 acc=0.7432 3240.4sample/s eta=00:13 mem=0.40GB/2.00GB
[09:03:08] [TRAIN] e20/30 s40/108 loss=0.0529 avg=0.0542 acc=0.7407 3504.0sample/s eta=00:09 mem=0.40GB/2.00GB
[09:03:10] [TRAIN] e20/30 s60/108 loss=0.0554 avg=0.0543 acc=0.7387 3729.2sample/s eta=00:06 mem=0.40GB/2.00GB
[09:03:12] [TRAIN] e20/30 s80/108 loss=0.0531 avg=0.0543 acc=0.7382 3911.6sample/s eta=00:03 mem=0.40GB/2.00GB
[09:03:14] [TRAIN] e20/30 s100/108 loss=0.0540 avg=0.0542 acc=0.7379 4122.6sample/s eta=00:00 mem=0.40GB/2.00GB
[09:03:15] [TRAIN] e20/30 s108/108 loss=0.0522 avg=0.0542 acc=0.7381 4239.8sample/s eta=- mem=0.18GB/2.00GB
[09:03:16] [VAL] e20/30 s10/10 loss=0.0543 avg=0.0541 acc=0.7346 3787.9sample/s eta=- mem=1.01GB/2.92GB
[09:03:18] [TEST] e20/30 s20/20 loss=0.0590 avg=0.0539 acc=0.7433 4436.6sample/s eta=- mem=0.71GB/2.92GB
[09:03:18] [EPOCH] 20/30 train_loss=0.0542 train_acc=0.7381 val_loss=0.0541 val_acc=0.7346 lr=0.010000 test_loss=0.0539 test_acc=0.7433 best_val_acc=0.7368
[09:03:21] [TRAIN] e21/30 s20/108 loss=0.0567 avg=0.0539 acc=0.7411 3307.8sample/s eta=00:13 mem=0.40GB/2.00GB
[09:03:23] [TRAIN] e21/30 s40/108 loss=0.0554 avg=0.0542 acc=0.7362 4023.4sample/s eta=00:08 mem=0.40GB/2.00GB
[09:03:26] [TRAIN] e21/30 s60/108 loss=0.0552 avg=0.0541 acc=0.7391 4212.7sample/s eta=00:05 mem=0.40GB/2.00GB
[09:03:28] [TRAIN] e21/30 s80/108 loss=0.0533 avg=0.0541 acc=0.7389 4400.0sample/s eta=00:03 mem=0.40GB/2.00GB
[09:03:29] [TRAIN] e21/30 s100/108 loss=0.0549 avg=0.0541 acc=0.7379 4636.2sample/s eta=00:00 mem=0.40GB/2.00GB
[09:03:30] [TRAIN] e21/30 s108/108 loss=0.0527 avg=0.0541 acc=0.7380 4807.1sample/s eta=- mem=0.18GB/2.00GB
[09:03:31] [VAL] e21/30 s10/10 loss=0.0542 avg=0.0540 acc=0.7394 4194.5sample/s eta=- mem=1.01GB/2.92GB
[09:03:33] [TEST] e21/30 s20/20 loss=0.0588 avg=0.0538 acc=0.7498 4121.9sample/s eta=- mem=0.71GB/2.92GB
[09:03:33] [EPOCH] 21/30 train_loss=0.0541 train_acc=0.7380 val_loss=0.0540 val_acc=0.7394 lr=0.010000 test_loss=0.0538 test_acc=0.7498 best_val_acc=0.7394 *
[09:03:36] [TRAIN] e22/30 s20/108 loss=0.0526 avg=0.0537 acc=0.7520 3525.3sample/s eta=00:12 mem=0.40GB/2.00GB
[09:03:38] [TRAIN] e22/30 s40/108 loss=0.0546 avg=0.0539 acc=0.7433 3984.3sample/s eta=00:08 mem=0.40GB/2.00GB
[09:03:41] [TRAIN] e22/30 s60/108 loss=0.0534 avg=0.0539 acc=0.7423 4207.2sample/s eta=00:05 mem=0.40GB/2.00GB
[09:03:43] [TRAIN] e22/30 s80/108 loss=0.0542 avg=0.0540 acc=0.7417 4317.0sample/s eta=00:03 mem=0.40GB/2.00GB
[09:03:45] [TRAIN] e22/30 s100/108 loss=0.0538 avg=0.0539 acc=0.7414 4456.3sample/s eta=00:00 mem=0.40GB/2.00GB
[09:03:45] [TRAIN] e22/30 s108/108 loss=0.0544 avg=0.0540 acc=0.7408 4573.0sample/s eta=- mem=0.18GB/2.00GB
[09:03:47] [VAL] e22/30 s10/10 loss=0.0540 avg=0.0538 acc=0.7344 4095.4sample/s eta=- mem=1.01GB/2.92GB
[09:03:49] [TEST] e22/30 s20/20 loss=0.0585 avg=0.0537 acc=0.7426 4676.7sample/s eta=- mem=0.71GB/2.92GB
[09:03:49] [EPOCH] 22/30 train_loss=0.0540 train_acc=0.7408 val_loss=0.0538 val_acc=0.7344 lr=0.010000 test_loss=0.0537 test_acc=0.7426 best_val_acc=0.7394
[09:03:51] [TRAIN] e23/30 s20/108 loss=0.0544 avg=0.0538 acc=0.7382 3848.5sample/s eta=00:11 mem=0.40GB/2.00GB
[09:03:54] [TRAIN] e23/30 s40/108 loss=0.0537 avg=0.0538 acc=0.7382 3957.3sample/s eta=00:08 mem=0.40GB/2.00GB
[09:03:56] [TRAIN] e23/30 s60/108 loss=0.0545 avg=0.0537 acc=0.7387 4054.5sample/s eta=00:06 mem=0.40GB/2.00GB
[09:03:59] [TRAIN] e23/30 s80/108 loss=0.0512 avg=0.0538 acc=0.7400 4167.9sample/s eta=00:03 mem=0.40GB/2.00GB
[09:04:00] [TRAIN] e23/30 s100/108 loss=0.0547 avg=0.0539 acc=0.7398 4390.8sample/s eta=00:00 mem=0.40GB/2.00GB
[09:04:01] [TRAIN] e23/30 s108/108 loss=0.0575 avg=0.0539 acc=0.7397 4465.8sample/s eta=- mem=0.18GB/2.00GB
[09:04:02] [VAL] e23/30 s10/10 loss=0.0539 avg=0.0537 acc=0.7346 3618.6sample/s eta=- mem=1.01GB/2.92GB
[09:04:05] [TEST] e23/30 s20/20 loss=0.0585 avg=0.0535 acc=0.7480 4806.3sample/s eta=- mem=0.71GB/2.92GB
[09:04:05] [EPOCH] 23/30 train_loss=0.0539 train_acc=0.7397 val_loss=0.0537 val_acc=0.7346 lr=0.010000 test_loss=0.0535 test_acc=0.7480 best_val_acc=0.7394
[09:04:08] [TRAIN] e24/30 s20/108 loss=0.0557 avg=0.0538 acc=0.7376 2887.9sample/s eta=00:15 mem=0.40GB/2.00GB
[09:04:10] [TRAIN] e24/30 s40/108 loss=0.0536 avg=0.0538 acc=0.7402 3834.6sample/s eta=00:09 mem=0.40GB/2.00GB
[09:04:12] [TRAIN] e24/30 s60/108 loss=0.0519 avg=0.0538 acc=0.7391 4070.0sample/s eta=00:06 mem=0.40GB/2.00GB
[09:04:14] [TRAIN] e24/30 s80/108 loss=0.0538 avg=0.0537 acc=0.7406 4265.5sample/s eta=00:03 mem=0.40GB/2.00GB
[09:04:16] [TRAIN] e24/30 s100/108 loss=0.0542 avg=0.0538 acc=0.7413 4421.5sample/s eta=00:00 mem=0.40GB/2.00GB
[09:04:17] [TRAIN] e24/30 s108/108 loss=0.0543 avg=0.0538 acc=0.7417 4545.3sample/s eta=- mem=0.18GB/2.00GB
[09:04:18] [VAL] e24/30 s10/10 loss=0.0537 avg=0.0536 acc=0.7388 3369.8sample/s eta=- mem=1.01GB/2.92GB
[09:04:20] [TEST] e24/30 s20/20 loss=0.0584 avg=0.0534 acc=0.7503 4899.6sample/s eta=- mem=0.71GB/2.92GB
[09:04:20] [EPOCH] 24/30 train_loss=0.0538 train_acc=0.7417 val_loss=0.0536 val_acc=0.7388 lr=0.010000 test_loss=0.0534 test_acc=0.7503 best_val_acc=0.7394
[09:04:23] [TRAIN] e25/30 s20/108 loss=0.0553 avg=0.0537 acc=0.7431 3848.0sample/s eta=00:11 mem=0.40GB/2.00GB
[09:04:26] [TRAIN] e25/30 s40/108 loss=0.0540 avg=0.0535 acc=0.7456 3671.8sample/s eta=00:09 mem=0.40GB/2.00GB
[09:04:28] [TRAIN] e25/30 s60/108 loss=0.0545 avg=0.0536 acc=0.7441 3826.1sample/s eta=00:06 mem=0.40GB/2.00GB
[09:04:30] [TRAIN] e25/30 s80/108 loss=0.0532 avg=0.0536 acc=0.7428 4044.0sample/s eta=00:03 mem=0.40GB/2.00GB
[09:04:32] [TRAIN] e25/30 s100/108 loss=0.0540 avg=0.0537 acc=0.7422 4203.5sample/s eta=00:00 mem=0.40GB/2.00GB
[09:04:33] [TRAIN] e25/30 s108/108 loss=0.0542 avg=0.0537 acc=0.7425 4316.3sample/s eta=- mem=0.18GB/2.00GB
[09:04:34] [VAL] e25/30 s10/10 loss=0.0536 avg=0.0535 acc=0.7430 3374.2sample/s eta=- mem=1.01GB/2.92GB
[09:04:36] [TEST] e25/30 s20/20 loss=0.0583 avg=0.0533 acc=0.7539 4731.2sample/s eta=- mem=0.71GB/2.92GB
[09:04:36] [EPOCH] 25/30 train_loss=0.0537 train_acc=0.7425 val_loss=0.0535 val_acc=0.7430 lr=0.010000 test_loss=0.0533 test_acc=0.7539 best_val_acc=0.7430 *
[09:04:39] [TRAIN] e26/30 s20/108 loss=0.0514 avg=0.0534 acc=0.7457 3985.1sample/s eta=00:11 mem=0.40GB/2.00GB
[09:04:41] [TRAIN] e26/30 s40/108 loss=0.0550 avg=0.0536 acc=0.7440 4187.1sample/s eta=00:08 mem=0.40GB/2.00GB
[09:04:44] [TRAIN] e26/30 s60/108 loss=0.0533 avg=0.0535 acc=0.7468 4280.4sample/s eta=00:05 mem=0.40GB/2.00GB
[09:04:46] [TRAIN] e26/30 s80/108 loss=0.0541 avg=0.0536 acc=0.7444 4399.5sample/s eta=00:03 mem=0.40GB/2.00GB
[09:04:48] [TRAIN] e26/30 s100/108 loss=0.0549 avg=0.0536 acc=0.7439 4535.6sample/s eta=00:00 mem=0.40GB/2.00GB
[09:04:48] [TRAIN] e26/30 s108/108 loss=0.0508 avg=0.0535 acc=0.7451 4698.9sample/s eta=- mem=0.18GB/2.00GB
[09:04:49] [VAL] e26/30 s10/10 loss=0.0535 avg=0.0534 acc=0.7372 4122.1sample/s eta=- mem=1.01GB/2.92GB
[09:04:52] [TEST] e26/30 s20/20 loss=0.0581 avg=0.0532 acc=0.7524 3778.8sample/s eta=- mem=0.71GB/2.92GB
[09:04:52] [EPOCH] 26/30 train_loss=0.0535 train_acc=0.7451 val_loss=0.0534 val_acc=0.7372 lr=0.010000 test_loss=0.0532 test_acc=0.7524 best_val_acc=0.7430
[09:04:54] [TRAIN] e27/30 s20/108 loss=0.0526 avg=0.0532 acc=0.7407 4333.2sample/s eta=00:10 mem=0.40GB/2.00GB
[09:04:58] [TRAIN] e27/30 s40/108 loss=0.0532 avg=0.0533 acc=0.7430 3678.7sample/s eta=00:09 mem=0.40GB/2.00GB
[09:05:00] [TRAIN] e27/30 s60/108 loss=0.0519 avg=0.0534 acc=0.7443 3883.1sample/s eta=00:06 mem=0.40GB/2.00GB
[09:05:02] [TRAIN] e27/30 s80/108 loss=0.0548 avg=0.0535 acc=0.7454 3987.4sample/s eta=00:03 mem=0.40GB/2.00GB
[09:05:05] [TRAIN] e27/30 s100/108 loss=0.0527 avg=0.0535 acc=0.7445 4059.8sample/s eta=00:01 mem=0.40GB/2.00GB
[09:05:05] [TRAIN] e27/30 s108/108 loss=0.0553 avg=0.0535 acc=0.7449 4182.9sample/s eta=- mem=0.18GB/2.00GB
[09:05:07] [VAL] e27/30 s10/10 loss=0.0534 avg=0.0534 acc=0.7442 3839.2sample/s eta=- mem=1.01GB/2.92GB
[09:05:09] [TEST] e27/30 s20/20 loss=0.0581 avg=0.0531 acc=0.7575 3883.2sample/s eta=- mem=0.71GB/2.92GB
[09:05:09] [EPOCH] 27/30 train_loss=0.0535 train_acc=0.7449 val_loss=0.0534 val_acc=0.7442 lr=0.010000 test_loss=0.0531 test_acc=0.7575 best_val_acc=0.7442 *
[09:05:13] [TRAIN] e28/30 s20/108 loss=0.0540 avg=0.0533 acc=0.7500 2890.9sample/s eta=00:15 mem=0.40GB/2.00GB
[09:05:15] [TRAIN] e28/30 s40/108 loss=0.0530 avg=0.0533 acc=0.7470 3649.8sample/s eta=00:09 mem=0.40GB/2.00GB
[09:05:17] [TRAIN] e28/30 s60/108 loss=0.0525 avg=0.0534 acc=0.7463 3687.8sample/s eta=00:06 mem=0.40GB/2.00GB
[09:05:20] [TRAIN] e28/30 s80/108 loss=0.0547 avg=0.0534 acc=0.7464 3729.4sample/s eta=00:03 mem=0.40GB/2.00GB
[09:05:22] [TRAIN] e28/30 s100/108 loss=0.0536 avg=0.0534 acc=0.7461 3873.5sample/s eta=00:01 mem=0.40GB/2.00GB
[09:05:23] [TRAIN] e28/30 s108/108 loss=0.0543 avg=0.0534 acc=0.7463 3949.9sample/s eta=- mem=0.18GB/2.00GB
[09:05:24] [VAL] e28/30 s10/10 loss=0.0533 avg=0.0532 acc=0.7426 3953.7sample/s eta=- mem=1.01GB/2.92GB
[09:05:27] [TEST] e28/30 s20/20 loss=0.0579 avg=0.0530 acc=0.7543 4286.3sample/s eta=- mem=0.71GB/2.92GB
[09:05:27] [EPOCH] 28/30 train_loss=0.0534 train_acc=0.7463 val_loss=0.0532 val_acc=0.7426 lr=0.010000 test_loss=0.0530 test_acc=0.7543 best_val_acc=0.7442
[09:05:30] [TRAIN] e29/30 s20/108 loss=0.0544 avg=0.0535 acc=0.7479 3505.1sample/s eta=00:12 mem=0.40GB/2.00GB
[09:05:32] [TRAIN] e29/30 s40/108 loss=0.0539 avg=0.0533 acc=0.7496 3657.6sample/s eta=00:09 mem=0.40GB/2.00GB
[09:05:35] [TRAIN] e29/30 s60/108 loss=0.0536 avg=0.0533 acc=0.7482 3807.9sample/s eta=00:06 mem=0.40GB/2.00GB
[09:05:37] [TRAIN] e29/30 s80/108 loss=0.0558 avg=0.0534 acc=0.7483 3906.3sample/s eta=00:03 mem=0.40GB/2.00GB
[09:05:39] [TRAIN] e29/30 s100/108 loss=0.0538 avg=0.0533 acc=0.7488 4007.5sample/s eta=00:01 mem=0.40GB/2.00GB
[09:05:40] [TRAIN] e29/30 s108/108 loss=0.0540 avg=0.0533 acc=0.7479 4133.5sample/s eta=- mem=0.18GB/2.00GB
[09:05:41] [VAL] e29/30 s10/10 loss=0.0532 avg=0.0532 acc=0.7384 3834.6sample/s eta=- mem=1.01GB/2.92GB
[09:05:44] [TEST] e29/30 s20/20 loss=0.0578 avg=0.0530 acc=0.7519 3650.6sample/s eta=- mem=0.71GB/2.92GB
[09:05:44] [EPOCH] 29/30 train_loss=0.0533 train_acc=0.7479 val_loss=0.0532 val_acc=0.7384 lr=0.010000 test_loss=0.0530 test_acc=0.7519 best_val_acc=0.7442
[09:05:47] [TRAIN] e30/30 s20/108 loss=0.0541 avg=0.0535 acc=0.7420 3037.7sample/s eta=00:14 mem=0.40GB/2.00GB
[09:05:50] [TRAIN] e30/30 s40/108 loss=0.0525 avg=0.0533 acc=0.7456 3499.1sample/s eta=00:09 mem=0.40GB/2.00GB
[09:05:52] [TRAIN] e30/30 s60/108 loss=0.0511 avg=0.0533 acc=0.7470 3743.1sample/s eta=00:06 mem=0.40GB/2.00GB
[09:05:54] [TRAIN] e30/30 s80/108 loss=0.0526 avg=0.0532 acc=0.7485 4016.7sample/s eta=00:03 mem=0.40GB/2.00GB
[09:05:56] [TRAIN] e30/30 s100/108 loss=0.0527 avg=0.0532 acc=0.7478 4216.8sample/s eta=00:00 mem=0.40GB/2.00GB
[09:05:57] [TRAIN] e30/30 s108/108 loss=0.0520 avg=0.0532 acc=0.7471 4362.5sample/s eta=- mem=0.18GB/2.00GB
[09:05:58] [VAL] e30/30 s10/10 loss=0.0531 avg=0.0531 acc=0.7464 3058.8sample/s eta=- mem=1.01GB/2.92GB
[09:06:01] [TEST] e30/30 s20/20 loss=0.0578 avg=0.0529 acc=0.7590 3811.3sample/s eta=- mem=0.71GB/2.92GB
[09:06:01] [EPOCH] 30/30 train_loss=0.0532 train_acc=0.7471 val_loss=0.0531 val_acc=0.7464 lr=0.010000 test_loss=0.0529 test_acc=0.7590 best_val_acc=0.7464 *
[09:06:04] [DONE] run_dir=runs/supp_s8_cls_mnist_nonlinear_fourier_2l_f4mm/260311_085749
runs/supp_s8_cls_mnist_nonlinear_fourier_2l_f4mm/260311_085749
