[08:57:50] [TRAIN] exp=supp_s8_cls_mnist_nonlinear_fourier_1l_f4mm task=classification device=cuda epochs=30 log_every=20steps
[08:57:54] [TRAIN] e1/30 s20/108 loss=0.1007 avg=0.1056 acc=0.0884 2930.7sample/s eta=00:15 mem=0.40GB/1.85GB
[08:57:56] [TRAIN] e1/30 s40/108 loss=0.1010 avg=0.1042 acc=0.1023 3444.8sample/s eta=00:10 mem=0.40GB/1.85GB
[08:57:59] [TRAIN] e1/30 s60/108 loss=0.0982 avg=0.1022 acc=0.1165 3718.2sample/s eta=00:06 mem=0.40GB/1.85GB
[08:58:01] [TRAIN] e1/30 s80/108 loss=0.0931 avg=0.1002 acc=0.1303 3740.6sample/s eta=00:03 mem=0.40GB/1.85GB
[08:58:03] [TRAIN] e1/30 s100/108 loss=0.0892 avg=0.0984 acc=0.1441 3927.8sample/s eta=00:01 mem=0.40GB/1.85GB
[08:58:04] [TRAIN] e1/30 s108/108 loss=0.0890 avg=0.0977 acc=0.1488 4018.6sample/s eta=- mem=0.18GB/1.85GB
[08:58:05] [VAL] e1/30 s10/10 loss=0.0876 avg=0.0889 acc=0.2140 3529.2sample/s eta=- mem=0.90GB/2.61GB
[08:58:08] [TEST] e1/30 s20/20 loss=0.0927 avg=0.0881 acc=0.2305 3813.2sample/s eta=- mem=0.63GB/2.61GB
[08:58:08] [EPOCH] 1/30 train_loss=0.0977 train_acc=0.1488 val_loss=0.0889 val_acc=0.2140 lr=0.010000 test_loss=0.0881 test_acc=0.2305 best_val_acc=0.2140 *
[08:58:11] [TRAIN] e2/30 s20/108 loss=0.0881 avg=0.0874 acc=0.2368 3519.1sample/s eta=00:12 mem=0.40GB/1.85GB
[08:58:13] [TRAIN] e2/30 s40/108 loss=0.0841 avg=0.0867 acc=0.2463 3786.8sample/s eta=00:09 mem=0.40GB/1.85GB
[08:58:16] [TRAIN] e2/30 s60/108 loss=0.0844 avg=0.0859 acc=0.2601 3963.7sample/s eta=00:06 mem=0.40GB/1.85GB
[08:58:18] [TRAIN] e2/30 s80/108 loss=0.0836 avg=0.0852 acc=0.2714 4101.7sample/s eta=00:03 mem=0.40GB/1.85GB
[08:58:20] [TRAIN] e2/30 s100/108 loss=0.0822 avg=0.0847 acc=0.2854 4339.6sample/s eta=00:00 mem=0.40GB/1.85GB
[08:58:20] [TRAIN] e2/30 s108/108 loss=0.0811 avg=0.0844 acc=0.2901 4484.1sample/s eta=- mem=0.18GB/1.85GB
[08:58:22] [VAL] e2/30 s10/10 loss=0.0807 avg=0.0817 acc=0.3648 3769.6sample/s eta=- mem=0.90GB/2.61GB
[08:58:24] [TEST] e2/30 s20/20 loss=0.0857 avg=0.0812 acc=0.3705 4348.9sample/s eta=- mem=0.63GB/2.61GB
[08:58:24] [EPOCH] 2/30 train_loss=0.0844 train_acc=0.2901 val_loss=0.0817 val_acc=0.3648 lr=0.010000 test_loss=0.0812 test_acc=0.3705 best_val_acc=0.3648 *
[08:58:26] [TRAIN] e3/30 s20/108 loss=0.0817 avg=0.0812 acc=0.3698 4036.2sample/s eta=00:11 mem=0.40GB/1.85GB
[08:58:29] [TRAIN] e3/30 s40/108 loss=0.0793 avg=0.0809 acc=0.3796 4363.1sample/s eta=00:07 mem=0.40GB/1.85GB
[08:58:31] [TRAIN] e3/30 s60/108 loss=0.0789 avg=0.0806 acc=0.3886 4504.6sample/s eta=00:05 mem=0.40GB/1.85GB
[08:58:33] [TRAIN] e3/30 s80/108 loss=0.0795 avg=0.0803 acc=0.3940 4558.9sample/s eta=00:03 mem=0.40GB/1.85GB
[08:58:35] [TRAIN] e3/30 s100/108 loss=0.0800 avg=0.0800 acc=0.4018 4538.3sample/s eta=00:00 mem=0.40GB/1.85GB
[08:58:36] [TRAIN] e3/30 s108/108 loss=0.0806 avg=0.0800 acc=0.4042 4637.6sample/s eta=- mem=0.18GB/1.85GB
[08:58:37] [VAL] e3/30 s10/10 loss=0.0780 avg=0.0788 acc=0.4330 4200.8sample/s eta=- mem=0.90GB/2.61GB
[08:58:39] [TEST] e3/30 s20/20 loss=0.0830 avg=0.0784 acc=0.4417 4095.8sample/s eta=- mem=0.63GB/2.61GB
[08:58:39] [EPOCH] 3/30 train_loss=0.0800 train_acc=0.4042 val_loss=0.0788 val_acc=0.4330 lr=0.010000 test_loss=0.0784 test_acc=0.4417 best_val_acc=0.4330 *
[08:58:42] [TRAIN] e4/30 s20/108 loss=0.0770 avg=0.0785 acc=0.4419 3500.8sample/s eta=00:12 mem=0.40GB/1.85GB
[08:58:44] [TRAIN] e4/30 s40/108 loss=0.0790 avg=0.0784 acc=0.4438 4093.4sample/s eta=00:08 mem=0.40GB/1.85GB
[08:58:47] [TRAIN] e4/30 s60/108 loss=0.0779 avg=0.0782 acc=0.4478 4052.5sample/s eta=00:06 mem=0.40GB/1.85GB
[08:58:49] [TRAIN] e4/30 s80/108 loss=0.0787 avg=0.0781 acc=0.4497 4249.2sample/s eta=00:03 mem=0.40GB/1.85GB
[08:58:51] [TRAIN] e4/30 s100/108 loss=0.0761 avg=0.0780 acc=0.4523 4371.1sample/s eta=00:00 mem=0.40GB/1.85GB
[08:58:52] [TRAIN] e4/30 s108/108 loss=0.0789 avg=0.0780 acc=0.4529 4438.9sample/s eta=- mem=0.18GB/1.85GB
[08:58:53] [VAL] e4/30 s10/10 loss=0.0766 avg=0.0773 acc=0.4626 3858.0sample/s eta=- mem=0.90GB/2.61GB
[08:58:55] [TEST] e4/30 s20/20 loss=0.0816 avg=0.0769 acc=0.4783 4294.9sample/s eta=- mem=0.63GB/2.61GB
[08:58:55] [EPOCH] 4/30 train_loss=0.0780 train_acc=0.4529 val_loss=0.0773 val_acc=0.4626 lr=0.010000 test_loss=0.0769 test_acc=0.4783 best_val_acc=0.4626 *
[08:58:58] [TRAIN] e5/30 s20/108 loss=0.0768 avg=0.0771 acc=0.4715 3606.1sample/s eta=00:12 mem=0.40GB/1.85GB
[08:59:01] [TRAIN] e5/30 s40/108 loss=0.0763 avg=0.0770 acc=0.4750 3788.1sample/s eta=00:09 mem=0.40GB/1.85GB
[08:59:03] [TRAIN] e5/30 s60/108 loss=0.0769 avg=0.0769 acc=0.4756 4111.1sample/s eta=00:05 mem=0.40GB/1.85GB
[08:59:05] [TRAIN] e5/30 s80/108 loss=0.0763 avg=0.0768 acc=0.4745 4186.8sample/s eta=00:03 mem=0.40GB/1.85GB
[08:59:07] [TRAIN] e5/30 s100/108 loss=0.0766 avg=0.0767 acc=0.4767 4239.7sample/s eta=00:00 mem=0.40GB/1.85GB
[08:59:08] [TRAIN] e5/30 s108/108 loss=0.0762 avg=0.0767 acc=0.4766 4335.4sample/s eta=- mem=0.18GB/1.85GB
[08:59:09] [VAL] e5/30 s10/10 loss=0.0758 avg=0.0763 acc=0.4888 3762.9sample/s eta=- mem=0.90GB/2.61GB
[08:59:11] [TEST] e5/30 s20/20 loss=0.0805 avg=0.0759 acc=0.4998 4849.2sample/s eta=- mem=0.63GB/2.61GB
[08:59:11] [EPOCH] 5/30 train_loss=0.0767 train_acc=0.4766 val_loss=0.0763 val_acc=0.4888 lr=0.010000 test_loss=0.0759 test_acc=0.4998 best_val_acc=0.4888 *
[08:59:15] [TRAIN] e6/30 s20/108 loss=0.0765 avg=0.0762 acc=0.4854 3405.5sample/s eta=00:13 mem=0.40GB/1.85GB
[08:59:17] [TRAIN] e6/30 s40/108 loss=0.0764 avg=0.0761 acc=0.4902 3707.0sample/s eta=00:09 mem=0.40GB/1.85GB
[08:59:20] [TRAIN] e6/30 s60/108 loss=0.0759 avg=0.0761 acc=0.4924 3838.0sample/s eta=00:06 mem=0.40GB/1.85GB
[08:59:22] [TRAIN] e6/30 s80/108 loss=0.0760 avg=0.0760 acc=0.4948 3989.5sample/s eta=00:03 mem=0.40GB/1.85GB
[08:59:24] [TRAIN] e6/30 s100/108 loss=0.0759 avg=0.0759 acc=0.4948 4045.8sample/s eta=00:01 mem=0.40GB/1.85GB
[08:59:25] [TRAIN] e6/30 s108/108 loss=0.0765 avg=0.0759 acc=0.4941 4178.8sample/s eta=- mem=0.18GB/1.85GB
[08:59:26] [VAL] e6/30 s10/10 loss=0.0750 avg=0.0756 acc=0.4992 3850.3sample/s eta=- mem=0.90GB/2.61GB
[08:59:28] [TEST] e6/30 s20/20 loss=0.0796 avg=0.0752 acc=0.5083 4884.5sample/s eta=- mem=0.63GB/2.61GB
[08:59:28] [EPOCH] 6/30 train_loss=0.0759 train_acc=0.4941 val_loss=0.0756 val_acc=0.4992 lr=0.010000 test_loss=0.0752 test_acc=0.5083 best_val_acc=0.4992 *
[08:59:31] [TRAIN] e7/30 s20/108 loss=0.0748 avg=0.0753 acc=0.4975 3247.0sample/s eta=00:13 mem=0.40GB/1.85GB
[08:59:33] [TRAIN] e7/30 s40/108 loss=0.0777 avg=0.0754 acc=0.4958 3792.9sample/s eta=00:09 mem=0.40GB/1.85GB
[08:59:36] [TRAIN] e7/30 s60/108 loss=0.0746 avg=0.0753 acc=0.4994 3962.9sample/s eta=00:06 mem=0.40GB/1.85GB
[08:59:38] [TRAIN] e7/30 s80/108 loss=0.0737 avg=0.0752 acc=0.4998 4143.3sample/s eta=00:03 mem=0.40GB/1.85GB
[08:59:40] [TRAIN] e7/30 s100/108 loss=0.0737 avg=0.0752 acc=0.4996 4330.3sample/s eta=00:00 mem=0.40GB/1.85GB
[08:59:40] [TRAIN] e7/30 s108/108 loss=0.0758 avg=0.0752 acc=0.4989 4429.7sample/s eta=- mem=0.18GB/1.85GB
[08:59:42] [VAL] e7/30 s10/10 loss=0.0743 avg=0.0749 acc=0.5090 3835.6sample/s eta=- mem=0.90GB/2.61GB
[08:59:44] [TEST] e7/30 s20/20 loss=0.0789 avg=0.0745 acc=0.5146 4259.1sample/s eta=- mem=0.63GB/2.61GB
[08:59:44] [EPOCH] 7/30 train_loss=0.0752 train_acc=0.4989 val_loss=0.0749 val_acc=0.5090 lr=0.010000 test_loss=0.0745 test_acc=0.5146 best_val_acc=0.5090 *
[08:59:47] [TRAIN] e8/30 s20/108 loss=0.0739 avg=0.0745 acc=0.5112 3018.2sample/s eta=00:14 mem=0.40GB/1.85GB
[08:59:50] [TRAIN] e8/30 s40/108 loss=0.0743 avg=0.0746 acc=0.5085 3694.1sample/s eta=00:09 mem=0.40GB/1.85GB
[08:59:52] [TRAIN] e8/30 s60/108 loss=0.0755 avg=0.0747 acc=0.5059 3795.4sample/s eta=00:06 mem=0.40GB/1.85GB
[08:59:55] [TRAIN] e8/30 s80/108 loss=0.0742 avg=0.0746 acc=0.5068 3820.6sample/s eta=00:03 mem=0.40GB/1.85GB
[08:59:57] [TRAIN] e8/30 s100/108 loss=0.0749 avg=0.0745 acc=0.5081 3945.0sample/s eta=00:01 mem=0.40GB/1.85GB
[08:59:58] [TRAIN] e8/30 s108/108 loss=0.0751 avg=0.0745 acc=0.5079 3998.8sample/s eta=- mem=0.18GB/1.85GB
[08:59:59] [VAL] e8/30 s10/10 loss=0.0735 avg=0.0741 acc=0.5148 4074.5sample/s eta=- mem=0.90GB/2.61GB
[09:00:01] [TEST] e8/30 s20/20 loss=0.0782 avg=0.0738 acc=0.5206 4916.0sample/s eta=- mem=0.63GB/2.61GB
[09:00:01] [EPOCH] 8/30 train_loss=0.0745 train_acc=0.5079 val_loss=0.0741 val_acc=0.5148 lr=0.010000 test_loss=0.0738 test_acc=0.5206 best_val_acc=0.5148 *
[09:00:05] [TRAIN] e9/30 s20/108 loss=0.0745 avg=0.0742 acc=0.5026 2890.8sample/s eta=00:15 mem=0.40GB/1.85GB
[09:00:07] [TRAIN] e9/30 s40/108 loss=0.0736 avg=0.0739 acc=0.5154 3368.5sample/s eta=00:10 mem=0.40GB/1.85GB
[09:00:10] [TRAIN] e9/30 s60/108 loss=0.0737 avg=0.0739 acc=0.5160 3521.6sample/s eta=00:06 mem=0.40GB/1.85GB
[09:00:12] [TRAIN] e9/30 s80/108 loss=0.0738 avg=0.0739 acc=0.5147 3736.2sample/s eta=00:03 mem=0.40GB/1.85GB
[09:00:14] [TRAIN] e9/30 s100/108 loss=0.0740 avg=0.0739 acc=0.5157 3903.3sample/s eta=00:01 mem=0.40GB/1.85GB
[09:00:15] [TRAIN] e9/30 s108/108 loss=0.0731 avg=0.0738 acc=0.5165 4039.9sample/s eta=- mem=0.18GB/1.85GB
[09:00:16] [VAL] e9/30 s10/10 loss=0.0729 avg=0.0736 acc=0.5256 4166.2sample/s eta=- mem=0.90GB/2.61GB
[09:00:18] [TEST] e9/30 s20/20 loss=0.0777 avg=0.0733 acc=0.5292 4328.4sample/s eta=- mem=0.63GB/2.61GB
[09:00:18] [EPOCH] 9/30 train_loss=0.0738 train_acc=0.5165 val_loss=0.0736 val_acc=0.5256 lr=0.010000 test_loss=0.0733 test_acc=0.5292 best_val_acc=0.5256 *
[09:00:21] [TRAIN] e10/30 s20/108 loss=0.0732 avg=0.0736 acc=0.5227 3707.1sample/s eta=00:12 mem=0.40GB/1.85GB
[09:00:23] [TRAIN] e10/30 s40/108 loss=0.0740 avg=0.0736 acc=0.5219 4194.0sample/s eta=00:08 mem=0.40GB/1.85GB
[09:00:25] [TRAIN] e10/30 s60/108 loss=0.0733 avg=0.0735 acc=0.5231 4239.6sample/s eta=00:05 mem=0.40GB/1.85GB
[09:00:28] [TRAIN] e10/30 s80/108 loss=0.0730 avg=0.0735 acc=0.5224 4364.7sample/s eta=00:03 mem=0.40GB/1.85GB
[09:00:30] [TRAIN] e10/30 s100/108 loss=0.0744 avg=0.0735 acc=0.5229 4462.8sample/s eta=00:00 mem=0.40GB/1.85GB
[09:00:30] [TRAIN] e10/30 s108/108 loss=0.0719 avg=0.0734 acc=0.5232 4619.4sample/s eta=- mem=0.18GB/1.85GB
[09:00:32] [VAL] e10/30 s10/10 loss=0.0726 avg=0.0733 acc=0.5296 3628.8sample/s eta=- mem=0.90GB/2.61GB
[09:00:34] [TEST] e10/30 s20/20 loss=0.0775 avg=0.0730 acc=0.5331 4673.9sample/s eta=- mem=0.63GB/2.61GB
[09:00:34] [EPOCH] 10/30 train_loss=0.0734 train_acc=0.5232 val_loss=0.0733 val_acc=0.5296 lr=0.010000 test_loss=0.0730 test_acc=0.5331 best_val_acc=0.5296 *
[09:00:36] [TRAIN] e11/30 s20/108 loss=0.0734 avg=0.0733 acc=0.5247 3721.0sample/s eta=00:12 mem=0.40GB/1.85GB
[09:00:39] [TRAIN] e11/30 s40/108 loss=0.0728 avg=0.0734 acc=0.5233 3897.4sample/s eta=00:08 mem=0.40GB/1.85GB
[09:00:41] [TRAIN] e11/30 s60/108 loss=0.0728 avg=0.0733 acc=0.5246 3988.6sample/s eta=00:06 mem=0.40GB/1.85GB
[09:00:44] [TRAIN] e11/30 s80/108 loss=0.0720 avg=0.0732 acc=0.5256 4094.1sample/s eta=00:03 mem=0.40GB/1.85GB
[09:00:46] [TRAIN] e11/30 s100/108 loss=0.0745 avg=0.0732 acc=0.5265 4161.8sample/s eta=00:00 mem=0.40GB/1.85GB
[09:00:47] [TRAIN] e11/30 s108/108 loss=0.0723 avg=0.0732 acc=0.5265 4235.9sample/s eta=- mem=0.18GB/1.85GB
[09:00:48] [VAL] e11/30 s10/10 loss=0.0723 avg=0.0731 acc=0.5294 4012.5sample/s eta=- mem=0.90GB/2.61GB
[09:00:51] [TEST] e11/30 s20/20 loss=0.0773 avg=0.0728 acc=0.5377 3661.8sample/s eta=- mem=0.63GB/2.61GB
[09:00:51] [EPOCH] 11/30 train_loss=0.0732 train_acc=0.5265 val_loss=0.0731 val_acc=0.5294 lr=0.010000 test_loss=0.0728 test_acc=0.5377 best_val_acc=0.5296
[09:00:53] [TRAIN] e12/30 s20/108 loss=0.0724 avg=0.0731 acc=0.5277 3654.4sample/s eta=00:12 mem=0.40GB/1.85GB
[09:00:56] [TRAIN] e12/30 s40/108 loss=0.0741 avg=0.0730 acc=0.5318 4149.0sample/s eta=00:08 mem=0.40GB/1.85GB
[09:00:58] [TRAIN] e12/30 s60/108 loss=0.0734 avg=0.0729 acc=0.5331 4382.1sample/s eta=00:05 mem=0.40GB/1.85GB
[09:01:00] [TRAIN] e12/30 s80/108 loss=0.0727 avg=0.0729 acc=0.5320 4517.5sample/s eta=00:03 mem=0.40GB/1.85GB
[09:01:01] [TRAIN] e12/30 s100/108 loss=0.0714 avg=0.0728 acc=0.5320 4727.1sample/s eta=00:00 mem=0.40GB/1.85GB
[09:01:02] [TRAIN] e12/30 s108/108 loss=0.0744 avg=0.0729 acc=0.5297 4897.1sample/s eta=- mem=0.18GB/1.85GB
[09:01:03] [VAL] e12/30 s10/10 loss=0.0717 avg=0.0726 acc=0.5312 3807.5sample/s eta=- mem=0.90GB/2.61GB
[09:01:05] [TEST] e12/30 s20/20 loss=0.0768 avg=0.0723 acc=0.5375 4378.1sample/s eta=- mem=0.63GB/2.61GB
[09:01:05] [EPOCH] 12/30 train_loss=0.0729 train_acc=0.5297 val_loss=0.0726 val_acc=0.5312 lr=0.010000 test_loss=0.0723 test_acc=0.5375 best_val_acc=0.5312 *
[09:01:09] [TRAIN] e13/30 s20/108 loss=0.0725 avg=0.0725 acc=0.5327 3316.8sample/s eta=00:13 mem=0.40GB/1.85GB
[09:01:11] [TRAIN] e13/30 s40/108 loss=0.0703 avg=0.0723 acc=0.5335 3587.3sample/s eta=00:09 mem=0.40GB/1.85GB
[09:01:14] [TRAIN] e13/30 s60/108 loss=0.0714 avg=0.0723 acc=0.5335 3753.2sample/s eta=00:06 mem=0.40GB/1.85GB
[09:01:16] [TRAIN] e13/30 s80/108 loss=0.0716 avg=0.0723 acc=0.5331 3873.7sample/s eta=00:03 mem=0.40GB/1.85GB
[09:01:18] [TRAIN] e13/30 s100/108 loss=0.0719 avg=0.0723 acc=0.5330 4062.6sample/s eta=00:01 mem=0.40GB/1.85GB
[09:01:19] [TRAIN] e13/30 s108/108 loss=0.0712 avg=0.0723 acc=0.5337 4126.2sample/s eta=- mem=0.18GB/1.85GB
[09:01:20] [VAL] e13/30 s10/10 loss=0.0712 avg=0.0721 acc=0.5414 3953.7sample/s eta=- mem=0.90GB/2.61GB
[09:01:22] [TEST] e13/30 s20/20 loss=0.0764 avg=0.0718 acc=0.5490 4501.8sample/s eta=- mem=0.63GB/2.61GB
[09:01:22] [EPOCH] 13/30 train_loss=0.0723 train_acc=0.5337 val_loss=0.0721 val_acc=0.5414 lr=0.010000 test_loss=0.0718 test_acc=0.5490 best_val_acc=0.5414 *
[09:01:25] [TRAIN] e14/30 s20/108 loss=0.0740 avg=0.0721 acc=0.5395 3250.4sample/s eta=00:13 mem=0.40GB/1.85GB
[09:01:28] [TRAIN] e14/30 s40/108 loss=0.0713 avg=0.0720 acc=0.5437 3741.5sample/s eta=00:09 mem=0.40GB/1.85GB
[09:01:30] [TRAIN] e14/30 s60/108 loss=0.0713 avg=0.0719 acc=0.5440 3867.9sample/s eta=00:06 mem=0.40GB/1.85GB
[09:01:33] [TRAIN] e14/30 s80/108 loss=0.0717 avg=0.0720 acc=0.5446 3925.0sample/s eta=00:03 mem=0.40GB/1.85GB
[09:01:35] [TRAIN] e14/30 s100/108 loss=0.0712 avg=0.0720 acc=0.5423 3965.4sample/s eta=00:01 mem=0.40GB/1.85GB
[09:01:36] [TRAIN] e14/30 s108/108 loss=0.0721 avg=0.0719 acc=0.5434 4073.2sample/s eta=- mem=0.18GB/1.85GB
[09:01:37] [VAL] e14/30 s10/10 loss=0.0709 avg=0.0718 acc=0.5498 3670.7sample/s eta=- mem=0.90GB/2.61GB
[09:01:40] [TEST] e14/30 s20/20 loss=0.0763 avg=0.0714 acc=0.5550 4171.9sample/s eta=- mem=0.63GB/2.61GB
[09:01:40] [EPOCH] 14/30 train_loss=0.0719 train_acc=0.5434 val_loss=0.0718 val_acc=0.5498 lr=0.010000 test_loss=0.0714 test_acc=0.5550 best_val_acc=0.5498 *
[09:01:42] [TRAIN] e15/30 s20/108 loss=0.0709 avg=0.0717 acc=0.5421 3667.6sample/s eta=00:12 mem=0.40GB/1.85GB
[09:01:45] [TRAIN] e15/30 s40/108 loss=0.0727 avg=0.0717 acc=0.5450 3619.3sample/s eta=00:09 mem=0.40GB/1.85GB
[09:01:48] [TRAIN] e15/30 s60/108 loss=0.0729 avg=0.0718 acc=0.5447 3772.0sample/s eta=00:06 mem=0.40GB/1.85GB
[09:01:50] [TRAIN] e15/30 s80/108 loss=0.0707 avg=0.0717 acc=0.5452 3835.8sample/s eta=00:03 mem=0.40GB/1.85GB
[09:01:53] [TRAIN] e15/30 s100/108 loss=0.0714 avg=0.0717 acc=0.5451 3953.4sample/s eta=00:01 mem=0.40GB/1.85GB
[09:01:53] [TRAIN] e15/30 s108/108 loss=0.0712 avg=0.0716 acc=0.5462 4114.0sample/s eta=- mem=0.18GB/1.85GB
[09:01:54] [VAL] e15/30 s10/10 loss=0.0706 avg=0.0715 acc=0.5510 3732.3sample/s eta=- mem=0.90GB/2.61GB
[09:01:57] [TEST] e15/30 s20/20 loss=0.0761 avg=0.0711 acc=0.5592 4044.6sample/s eta=- mem=0.63GB/2.61GB
[09:01:57] [EPOCH] 15/30 train_loss=0.0716 train_acc=0.5462 val_loss=0.0715 val_acc=0.5510 lr=0.010000 test_loss=0.0711 test_acc=0.5592 best_val_acc=0.5510 *
[09:02:00] [TRAIN] e16/30 s20/108 loss=0.0707 avg=0.0718 acc=0.5458 3316.0sample/s eta=00:13 mem=0.40GB/1.85GB
[09:02:02] [TRAIN] e16/30 s40/108 loss=0.0707 avg=0.0717 acc=0.5428 3862.1sample/s eta=00:09 mem=0.40GB/1.85GB
[09:02:04] [TRAIN] e16/30 s60/108 loss=0.0700 avg=0.0716 acc=0.5445 4212.1sample/s eta=00:05 mem=0.40GB/1.85GB
[09:02:06] [TRAIN] e16/30 s80/108 loss=0.0718 avg=0.0715 acc=0.5453 4412.7sample/s eta=00:03 mem=0.40GB/1.85GB
[09:02:08] [TRAIN] e16/30 s100/108 loss=0.0719 avg=0.0715 acc=0.5456 4497.1sample/s eta=00:00 mem=0.40GB/1.85GB
[09:02:09] [TRAIN] e16/30 s108/108 loss=0.0717 avg=0.0714 acc=0.5465 4592.8sample/s eta=- mem=0.18GB/1.85GB
[09:02:10] [VAL] e16/30 s10/10 loss=0.0705 avg=0.0713 acc=0.5488 4407.3sample/s eta=- mem=0.90GB/2.61GB
[09:02:12] [TEST] e16/30 s20/20 loss=0.0759 avg=0.0709 acc=0.5547 3784.7sample/s eta=- mem=0.63GB/2.61GB
[09:02:12] [EPOCH] 16/30 train_loss=0.0714 train_acc=0.5465 val_loss=0.0713 val_acc=0.5488 lr=0.010000 test_loss=0.0709 test_acc=0.5547 best_val_acc=0.5510
[09:02:15] [TRAIN] e17/30 s20/108 loss=0.0689 avg=0.0712 acc=0.5452 3930.2sample/s eta=00:11 mem=0.40GB/1.85GB
[09:02:17] [TRAIN] e17/30 s40/108 loss=0.0719 avg=0.0713 acc=0.5429 4297.4sample/s eta=00:08 mem=0.40GB/1.85GB
[09:02:19] [TRAIN] e17/30 s60/108 loss=0.0723 avg=0.0713 acc=0.5425 4450.9sample/s eta=00:05 mem=0.40GB/1.85GB
[09:02:22] [TRAIN] e17/30 s80/108 loss=0.0713 avg=0.0712 acc=0.5444 4458.9sample/s eta=00:03 mem=0.40GB/1.85GB
[09:02:24] [TRAIN] e17/30 s100/108 loss=0.0699 avg=0.0712 acc=0.5441 4590.9sample/s eta=00:00 mem=0.40GB/1.85GB
[09:02:24] [TRAIN] e17/30 s108/108 loss=0.0703 avg=0.0712 acc=0.5457 4734.8sample/s eta=- mem=0.18GB/1.85GB
[09:02:25] [VAL] e17/30 s10/10 loss=0.0702 avg=0.0710 acc=0.5552 3830.0sample/s eta=- mem=0.90GB/2.61GB
[09:02:28] [TEST] e17/30 s20/20 loss=0.0758 avg=0.0706 acc=0.5634 4748.9sample/s eta=- mem=0.63GB/2.61GB
[09:02:28] [EPOCH] 17/30 train_loss=0.0712 train_acc=0.5457 val_loss=0.0710 val_acc=0.5552 lr=0.010000 test_loss=0.0706 test_acc=0.5634 best_val_acc=0.5552 *
[09:02:30] [TRAIN] e18/30 s20/108 loss=0.0709 avg=0.0711 acc=0.5510 3611.4sample/s eta=00:12 mem=0.40GB/1.85GB
[09:02:33] [TRAIN] e18/30 s40/108 loss=0.0699 avg=0.0710 acc=0.5485 3871.0sample/s eta=00:08 mem=0.40GB/1.85GB
[09:02:35] [TRAIN] e18/30 s60/108 loss=0.0698 avg=0.0709 acc=0.5523 4157.6sample/s eta=00:05 mem=0.40GB/1.85GB
[09:02:37] [TRAIN] e18/30 s80/108 loss=0.0709 avg=0.0709 acc=0.5528 4235.0sample/s eta=00:03 mem=0.40GB/1.85GB
[09:02:39] [TRAIN] e18/30 s100/108 loss=0.0720 avg=0.0709 acc=0.5515 4328.2sample/s eta=00:00 mem=0.40GB/1.85GB
[09:02:40] [TRAIN] e18/30 s108/108 loss=0.0687 avg=0.0709 acc=0.5509 4480.3sample/s eta=- mem=0.18GB/1.85GB
[09:02:41] [VAL] e18/30 s10/10 loss=0.0701 avg=0.0709 acc=0.5526 3885.8sample/s eta=- mem=0.90GB/2.61GB
[09:02:43] [TEST] e18/30 s20/20 loss=0.0755 avg=0.0704 acc=0.5618 4236.8sample/s eta=- mem=0.63GB/2.61GB
[09:02:43] [EPOCH] 18/30 train_loss=0.0709 train_acc=0.5509 val_loss=0.0709 val_acc=0.5526 lr=0.010000 test_loss=0.0704 test_acc=0.5618 best_val_acc=0.5552
[09:02:47] [TRAIN] e19/30 s20/108 loss=0.0707 avg=0.0711 acc=0.5417 3233.0sample/s eta=00:13 mem=0.40GB/1.85GB
[09:02:49] [TRAIN] e19/30 s40/108 loss=0.0703 avg=0.0710 acc=0.5460 3682.7sample/s eta=00:09 mem=0.40GB/1.85GB
[09:02:51] [TRAIN] e19/30 s60/108 loss=0.0704 avg=0.0709 acc=0.5477 3840.3sample/s eta=00:06 mem=0.40GB/1.85GB
[09:02:54] [TRAIN] e19/30 s80/108 loss=0.0704 avg=0.0708 acc=0.5505 3913.1sample/s eta=00:03 mem=0.40GB/1.85GB
[09:02:56] [TRAIN] e19/30 s100/108 loss=0.0708 avg=0.0708 acc=0.5512 4041.8sample/s eta=00:01 mem=0.40GB/1.85GB
[09:02:57] [TRAIN] e19/30 s108/108 loss=0.0715 avg=0.0708 acc=0.5506 4121.1sample/s eta=- mem=0.18GB/1.85GB
[09:02:58] [VAL] e19/30 s10/10 loss=0.0699 avg=0.0707 acc=0.5538 3849.4sample/s eta=- mem=0.90GB/2.61GB
[09:03:01] [TEST] e19/30 s20/20 loss=0.0752 avg=0.0703 acc=0.5624 3922.1sample/s eta=- mem=0.63GB/2.61GB
[09:03:01] [EPOCH] 19/30 train_loss=0.0708 train_acc=0.5506 val_loss=0.0707 val_acc=0.5538 lr=0.010000 test_loss=0.0703 test_acc=0.5624 best_val_acc=0.5552
[09:03:03] [TRAIN] e20/30 s20/108 loss=0.0697 avg=0.0706 acc=0.5493 3617.7sample/s eta=00:12 mem=0.40GB/1.85GB
[09:03:06] [TRAIN] e20/30 s40/108 loss=0.0693 avg=0.0706 acc=0.5526 3821.4sample/s eta=00:09 mem=0.40GB/1.85GB
[09:03:08] [TRAIN] e20/30 s60/108 loss=0.0716 avg=0.0706 acc=0.5531 4173.7sample/s eta=00:05 mem=0.40GB/1.85GB
[09:03:10] [TRAIN] e20/30 s80/108 loss=0.0702 avg=0.0706 acc=0.5546 4273.6sample/s eta=00:03 mem=0.40GB/1.85GB
[09:03:12] [TRAIN] e20/30 s100/108 loss=0.0703 avg=0.0705 acc=0.5552 4409.3sample/s eta=00:00 mem=0.40GB/1.85GB
[09:03:13] [TRAIN] e20/30 s108/108 loss=0.0698 avg=0.0705 acc=0.5551 4479.1sample/s eta=- mem=0.18GB/1.85GB
[09:03:14] [VAL] e20/30 s10/10 loss=0.0696 avg=0.0704 acc=0.5590 4234.8sample/s eta=- mem=0.90GB/2.61GB
[09:03:16] [TEST] e20/30 s20/20 loss=0.0746 avg=0.0699 acc=0.5672 4234.2sample/s eta=- mem=0.63GB/2.61GB
[09:03:16] [EPOCH] 20/30 train_loss=0.0705 train_acc=0.5551 val_loss=0.0704 val_acc=0.5590 lr=0.010000 test_loss=0.0699 test_acc=0.5672 best_val_acc=0.5590 *
[09:03:20] [TRAIN] e21/30 s20/108 loss=0.0707 avg=0.0702 acc=0.5551 3257.8sample/s eta=00:13 mem=0.40GB/1.85GB
[09:03:22] [TRAIN] e21/30 s40/108 loss=0.0708 avg=0.0704 acc=0.5528 3587.7sample/s eta=00:09 mem=0.40GB/1.85GB
[09:03:25] [TRAIN] e21/30 s60/108 loss=0.0715 avg=0.0703 acc=0.5554 3784.3sample/s eta=00:06 mem=0.40GB/1.85GB
[09:03:27] [TRAIN] e21/30 s80/108 loss=0.0707 avg=0.0703 acc=0.5548 3891.0sample/s eta=00:03 mem=0.40GB/1.85GB
[09:03:29] [TRAIN] e21/30 s100/108 loss=0.0710 avg=0.0703 acc=0.5570 4030.0sample/s eta=00:01 mem=0.40GB/1.85GB
[09:03:30] [TRAIN] e21/30 s108/108 loss=0.0685 avg=0.0703 acc=0.5559 4145.5sample/s eta=- mem=0.18GB/1.85GB
[09:03:31] [VAL] e21/30 s10/10 loss=0.0696 avg=0.0703 acc=0.5626 3675.0sample/s eta=- mem=0.90GB/2.61GB
[09:03:34] [TEST] e21/30 s20/20 loss=0.0745 avg=0.0698 acc=0.5704 3985.0sample/s eta=- mem=0.63GB/2.61GB
[09:03:34] [EPOCH] 21/30 train_loss=0.0703 train_acc=0.5559 val_loss=0.0703 val_acc=0.5626 lr=0.010000 test_loss=0.0698 test_acc=0.5704 best_val_acc=0.5626 *
[09:03:37] [TRAIN] e22/30 s20/108 loss=0.0699 avg=0.0704 acc=0.5598 2717.4sample/s eta=00:16 mem=0.40GB/1.85GB
[09:03:40] [TRAIN] e22/30 s40/108 loss=0.0696 avg=0.0703 acc=0.5600 3388.8sample/s eta=00:10 mem=0.40GB/1.85GB
[09:03:42] [TRAIN] e22/30 s60/108 loss=0.0693 avg=0.0702 acc=0.5599 3570.1sample/s eta=00:06 mem=0.40GB/1.85GB
[09:03:45] [TRAIN] e22/30 s80/108 loss=0.0697 avg=0.0702 acc=0.5588 3687.1sample/s eta=00:03 mem=0.40GB/1.85GB
[09:03:47] [TRAIN] e22/30 s100/108 loss=0.0694 avg=0.0702 acc=0.5594 3919.8sample/s eta=00:01 mem=0.40GB/1.85GB
[09:03:47] [TRAIN] e22/30 s108/108 loss=0.0698 avg=0.0702 acc=0.5589 4000.8sample/s eta=- mem=0.18GB/1.85GB
[09:03:49] [VAL] e22/30 s10/10 loss=0.0695 avg=0.0701 acc=0.5638 3898.4sample/s eta=- mem=0.90GB/2.61GB
[09:03:51] [TEST] e22/30 s20/20 loss=0.0743 avg=0.0698 acc=0.5691 3934.1sample/s eta=- mem=0.63GB/2.61GB
[09:03:51] [EPOCH] 22/30 train_loss=0.0702 train_acc=0.5589 val_loss=0.0701 val_acc=0.5638 lr=0.010000 test_loss=0.0698 test_acc=0.5691 best_val_acc=0.5638 *
[09:03:54] [TRAIN] e23/30 s20/108 loss=0.0696 avg=0.0699 acc=0.5586 3580.0sample/s eta=00:12 mem=0.40GB/1.85GB
[09:03:56] [TRAIN] e23/30 s40/108 loss=0.0689 avg=0.0700 acc=0.5590 4121.8sample/s eta=00:08 mem=0.40GB/1.85GB
[09:03:59] [TRAIN] e23/30 s60/108 loss=0.0700 avg=0.0699 acc=0.5608 4172.9sample/s eta=00:05 mem=0.40GB/1.85GB
[09:04:01] [TRAIN] e23/30 s80/108 loss=0.0689 avg=0.0701 acc=0.5587 4334.7sample/s eta=00:03 mem=0.40GB/1.85GB
[09:04:03] [TRAIN] e23/30 s100/108 loss=0.0703 avg=0.0701 acc=0.5597 4474.2sample/s eta=00:00 mem=0.40GB/1.85GB
[09:04:03] [TRAIN] e23/30 s108/108 loss=0.0714 avg=0.0701 acc=0.5603 4605.5sample/s eta=- mem=0.18GB/1.85GB
[09:04:04] [VAL] e23/30 s10/10 loss=0.0693 avg=0.0699 acc=0.5748 3662.2sample/s eta=- mem=0.90GB/2.61GB
[09:04:07] [TEST] e23/30 s20/20 loss=0.0739 avg=0.0695 acc=0.5775 4006.9sample/s eta=- mem=0.63GB/2.61GB
[09:04:07] [EPOCH] 23/30 train_loss=0.0701 train_acc=0.5603 val_loss=0.0699 val_acc=0.5748 lr=0.010000 test_loss=0.0695 test_acc=0.5775 best_val_acc=0.5748 *
[09:04:10] [TRAIN] e24/30 s20/108 loss=0.0711 avg=0.0699 acc=0.5680 3047.8sample/s eta=00:14 mem=0.40GB/1.85GB
[09:04:13] [TRAIN] e24/30 s40/108 loss=0.0699 avg=0.0699 acc=0.5681 3614.5sample/s eta=00:09 mem=0.40GB/1.85GB
[09:04:15] [TRAIN] e24/30 s60/108 loss=0.0690 avg=0.0699 acc=0.5680 3833.7sample/s eta=00:06 mem=0.40GB/1.85GB
[09:04:17] [TRAIN] e24/30 s80/108 loss=0.0700 avg=0.0699 acc=0.5685 4090.9sample/s eta=00:03 mem=0.40GB/1.85GB
[09:04:19] [TRAIN] e24/30 s100/108 loss=0.0693 avg=0.0699 acc=0.5681 4313.8sample/s eta=00:00 mem=0.40GB/1.85GB
[09:04:20] [TRAIN] e24/30 s108/108 loss=0.0692 avg=0.0698 acc=0.5693 4395.4sample/s eta=- mem=0.18GB/1.85GB
[09:04:21] [VAL] e24/30 s10/10 loss=0.0693 avg=0.0698 acc=0.5764 3987.6sample/s eta=- mem=0.90GB/2.61GB
[09:04:23] [TEST] e24/30 s20/20 loss=0.0738 avg=0.0694 acc=0.5839 3777.8sample/s eta=- mem=0.63GB/2.61GB
[09:04:23] [EPOCH] 24/30 train_loss=0.0698 train_acc=0.5693 val_loss=0.0698 val_acc=0.5764 lr=0.010000 test_loss=0.0694 test_acc=0.5839 best_val_acc=0.5764 *
[09:04:26] [TRAIN] e25/30 s20/108 loss=0.0714 avg=0.0697 acc=0.5642 3700.2sample/s eta=00:12 mem=0.40GB/1.85GB
[09:04:29] [TRAIN] e25/30 s40/108 loss=0.0698 avg=0.0697 acc=0.5677 3817.9sample/s eta=00:09 mem=0.40GB/1.85GB
[09:04:31] [TRAIN] e25/30 s60/108 loss=0.0707 avg=0.0698 acc=0.5678 4003.6sample/s eta=00:06 mem=0.40GB/1.85GB
[09:04:33] [TRAIN] e25/30 s80/108 loss=0.0686 avg=0.0697 acc=0.5697 4258.0sample/s eta=00:03 mem=0.40GB/1.85GB
[09:04:35] [TRAIN] e25/30 s100/108 loss=0.0709 avg=0.0698 acc=0.5685 4477.4sample/s eta=00:00 mem=0.40GB/1.85GB
[09:04:35] [TRAIN] e25/30 s108/108 loss=0.0698 avg=0.0697 acc=0.5699 4597.6sample/s eta=- mem=0.18GB/1.85GB
[09:04:37] [VAL] e25/30 s10/10 loss=0.0693 avg=0.0698 acc=0.5764 3821.8sample/s eta=- mem=0.90GB/2.61GB
[09:04:39] [TEST] e25/30 s20/20 loss=0.0738 avg=0.0693 acc=0.5844 3706.7sample/s eta=- mem=0.63GB/2.61GB
[09:04:39] [EPOCH] 25/30 train_loss=0.0697 train_acc=0.5699 val_loss=0.0698 val_acc=0.5764 lr=0.010000 test_loss=0.0693 test_acc=0.5844 best_val_acc=0.5764
[09:04:43] [TRAIN] e26/30 s20/108 loss=0.0695 avg=0.0697 acc=0.5662 3051.1sample/s eta=00:14 mem=0.40GB/1.85GB
[09:04:45] [TRAIN] e26/30 s40/108 loss=0.0700 avg=0.0697 acc=0.5668 3389.3sample/s eta=00:10 mem=0.40GB/1.85GB
[09:04:48] [TRAIN] e26/30 s60/108 loss=0.0695 avg=0.0697 acc=0.5676 3722.1sample/s eta=00:06 mem=0.40GB/1.85GB
[09:04:50] [TRAIN] e26/30 s80/108 loss=0.0705 avg=0.0697 acc=0.5699 3927.1sample/s eta=00:03 mem=0.40GB/1.85GB
[09:04:52] [TRAIN] e26/30 s100/108 loss=0.0703 avg=0.0697 acc=0.5711 4082.5sample/s eta=00:01 mem=0.40GB/1.85GB
[09:04:52] [TRAIN] e26/30 s108/108 loss=0.0673 avg=0.0697 acc=0.5710 4197.3sample/s eta=- mem=0.18GB/1.85GB
[09:04:54] [VAL] e26/30 s10/10 loss=0.0693 avg=0.0697 acc=0.5740 3082.9sample/s eta=- mem=0.90GB/2.61GB
[09:04:57] [TEST] e26/30 s20/20 loss=0.0737 avg=0.0693 acc=0.5835 3790.5sample/s eta=- mem=0.63GB/2.61GB
[09:04:57] [EPOCH] 26/30 train_loss=0.0697 train_acc=0.5710 val_loss=0.0697 val_acc=0.5740 lr=0.010000 test_loss=0.0693 test_acc=0.5835 best_val_acc=0.5764
[09:05:00] [TRAIN] e27/30 s20/108 loss=0.0690 avg=0.0695 acc=0.5722 3278.2sample/s eta=00:13 mem=0.40GB/1.85GB
[09:05:02] [TRAIN] e27/30 s40/108 loss=0.0697 avg=0.0695 acc=0.5698 3854.2sample/s eta=00:09 mem=0.40GB/1.85GB
[09:05:04] [TRAIN] e27/30 s60/108 loss=0.0698 avg=0.0696 acc=0.5690 4073.0sample/s eta=00:06 mem=0.40GB/1.85GB
[09:05:06] [TRAIN] e27/30 s80/108 loss=0.0698 avg=0.0697 acc=0.5694 4238.4sample/s eta=00:03 mem=0.40GB/1.85GB
[09:05:09] [TRAIN] e27/30 s100/108 loss=0.0685 avg=0.0696 acc=0.5703 4311.0sample/s eta=00:00 mem=0.40GB/1.85GB
[09:05:09] [TRAIN] e27/30 s108/108 loss=0.0711 avg=0.0696 acc=0.5701 4431.9sample/s eta=- mem=0.18GB/1.85GB
[09:05:11] [VAL] e27/30 s10/10 loss=0.0692 avg=0.0696 acc=0.5738 3760.5sample/s eta=- mem=0.90GB/2.61GB
[09:05:13] [TEST] e27/30 s20/20 loss=0.0736 avg=0.0692 acc=0.5844 3436.2sample/s eta=- mem=0.63GB/2.61GB
[09:05:13] [EPOCH] 27/30 train_loss=0.0696 train_acc=0.5701 val_loss=0.0696 val_acc=0.5738 lr=0.010000 test_loss=0.0692 test_acc=0.5844 best_val_acc=0.5764
[09:05:16] [TRAIN] e28/30 s20/108 loss=0.0699 avg=0.0696 acc=0.5690 3862.5sample/s eta=00:11 mem=0.40GB/1.85GB
[09:05:18] [TRAIN] e28/30 s40/108 loss=0.0702 avg=0.0696 acc=0.5692 4241.0sample/s eta=00:08 mem=0.40GB/1.85GB
[09:05:21] [TRAIN] e28/30 s60/108 loss=0.0691 avg=0.0697 acc=0.5698 4171.7sample/s eta=00:05 mem=0.40GB/1.85GB
[09:05:23] [TRAIN] e28/30 s80/108 loss=0.0701 avg=0.0696 acc=0.5704 4441.1sample/s eta=00:03 mem=0.40GB/1.85GB
[09:05:25] [TRAIN] e28/30 s100/108 loss=0.0699 avg=0.0696 acc=0.5705 4523.4sample/s eta=00:00 mem=0.40GB/1.85GB
[09:05:25] [TRAIN] e28/30 s108/108 loss=0.0684 avg=0.0696 acc=0.5708 4690.3sample/s eta=- mem=0.18GB/1.85GB
[09:05:27] [VAL] e28/30 s10/10 loss=0.0692 avg=0.0696 acc=0.5736 3674.5sample/s eta=- mem=0.90GB/2.61GB
[09:05:29] [TEST] e28/30 s20/20 loss=0.0736 avg=0.0692 acc=0.5843 3623.8sample/s eta=- mem=0.63GB/2.61GB
[09:05:29] [EPOCH] 28/30 train_loss=0.0696 train_acc=0.5708 val_loss=0.0696 val_acc=0.5736 lr=0.010000 test_loss=0.0692 test_acc=0.5843 best_val_acc=0.5764
[09:05:32] [TRAIN] e29/30 s20/108 loss=0.0705 avg=0.0696 acc=0.5701 3823.0sample/s eta=00:11 mem=0.40GB/1.85GB
[09:05:34] [TRAIN] e29/30 s40/108 loss=0.0699 avg=0.0696 acc=0.5696 4296.7sample/s eta=00:08 mem=0.40GB/1.85GB
[09:05:36] [TRAIN] e29/30 s60/108 loss=0.0702 avg=0.0695 acc=0.5703 4382.0sample/s eta=00:05 mem=0.40GB/1.85GB
[09:05:39] [TRAIN] e29/30 s80/108 loss=0.0714 avg=0.0696 acc=0.5706 4388.9sample/s eta=00:03 mem=0.40GB/1.85GB
[09:05:40] [TRAIN] e29/30 s100/108 loss=0.0690 avg=0.0695 acc=0.5721 4656.1sample/s eta=00:00 mem=0.40GB/1.85GB
[09:05:41] [TRAIN] e29/30 s108/108 loss=0.0699 avg=0.0695 acc=0.5716 4732.4sample/s eta=- mem=0.18GB/1.85GB
[09:05:42] [VAL] e29/30 s10/10 loss=0.0690 avg=0.0695 acc=0.5768 3709.5sample/s eta=- mem=0.90GB/2.61GB
[09:05:45] [TEST] e29/30 s20/20 loss=0.0735 avg=0.0690 acc=0.5844 4354.1sample/s eta=- mem=0.63GB/2.61GB
[09:05:45] [EPOCH] 29/30 train_loss=0.0695 train_acc=0.5716 val_loss=0.0695 val_acc=0.5768 lr=0.010000 test_loss=0.0690 test_acc=0.5844 best_val_acc=0.5768 *
[09:05:47] [TRAIN] e30/30 s20/108 loss=0.0694 avg=0.0696 acc=0.5658 3498.5sample/s eta=00:12 mem=0.40GB/1.85GB
[09:05:49] [TRAIN] e30/30 s40/108 loss=0.0684 avg=0.0694 acc=0.5709 4157.2sample/s eta=00:08 mem=0.40GB/1.85GB
[09:05:52] [TRAIN] e30/30 s60/108 loss=0.0684 avg=0.0694 acc=0.5709 4411.7sample/s eta=00:05 mem=0.40GB/1.85GB
[09:05:54] [TRAIN] e30/30 s80/108 loss=0.0686 avg=0.0694 acc=0.5719 4444.9sample/s eta=00:03 mem=0.40GB/1.85GB
[09:05:56] [TRAIN] e30/30 s100/108 loss=0.0686 avg=0.0693 acc=0.5722 4425.1sample/s eta=00:00 mem=0.40GB/1.85GB
[09:05:57] [TRAIN] e30/30 s108/108 loss=0.0692 avg=0.0693 acc=0.5714 4568.4sample/s eta=- mem=0.18GB/1.85GB
[09:05:58] [VAL] e30/30 s10/10 loss=0.0688 avg=0.0693 acc=0.5784 3693.5sample/s eta=- mem=0.90GB/2.61GB
[09:06:00] [TEST] e30/30 s20/20 loss=0.0736 avg=0.0689 acc=0.5815 4219.7sample/s eta=- mem=0.63GB/2.61GB
[09:06:00] [EPOCH] 30/30 train_loss=0.0693 train_acc=0.5714 val_loss=0.0693 val_acc=0.5784 lr=0.010000 test_loss=0.0689 test_acc=0.5815 best_val_acc=0.5784 *
[09:06:03] [DONE] run_dir=runs/supp_s8_cls_mnist_nonlinear_fourier_1l_f4mm/260311_085750
runs/supp_s8_cls_mnist_nonlinear_fourier_1l_f4mm/260311_085750
