Device: cuda
GPU: NVIDIA A100-SXM4-40GB
D2NN Loss Strategy Sweep — Phase A
4 loss functions × TV reg + cosine LR
Arch: 5 layers, 10mm spacing
Data: train=400, val=50, test=50

======================================================================
  [pib_only] PIB loss (50um bucket)
  TV_weight=0.05, LR=0.001 → cosine, epochs=200
======================================================================
  Epoch   0/199 | loss=0.99766 | co=0.2810 | pib=0.0030 | io=0.6623 | sr=4.1295 | lr=1.00e-04 | 41.4s
  Epoch  10/199 | loss=0.62294 | co=0.0973 | pib=0.4225 | io=0.0690 | sr=1057.4290 | lr=1.00e-03 | 39.4s
  Epoch  20/199 | loss=0.42050 | co=0.0500 | pib=0.6229 | io=0.0484 | sr=1964.7657 | lr=9.92e-04 | 37.6s
  Epoch  30/199 | loss=0.32988 | co=0.0315 | pib=0.7100 | io=0.0418 | sr=2634.8906 | lr=9.70e-04 | 39.7s
  Epoch  40/199 | loss=0.28675 | co=0.0255 | pib=0.7505 | io=0.0389 | sr=3196.7356 | lr=9.36e-04 | 39.4s
  Epoch  50/199 | loss=0.26426 | co=0.0244 | pib=0.7708 | io=0.0377 | sr=3649.3906 | lr=8.91e-04 | 39.0s
  Epoch  60/199 | loss=0.25109 | co=0.0241 | pib=0.7833 | io=0.0372 | sr=3890.2637 | lr=8.34e-04 | 37.2s
  Epoch  70/199 | loss=0.24207 | co=0.0235 | pib=0.7922 | io=0.0370 | sr=4012.4160 | lr=7.69e-04 | 38.6s
  Epoch  80/199 | loss=0.23523 | co=0.0225 | pib=0.7992 | io=0.0370 | sr=4063.6455 | lr=6.96e-04 | 39.9s
  Epoch  90/199 | loss=0.22940 | co=0.0216 | pib=0.8053 | io=0.0371 | sr=4073.0701 | lr=6.19e-04 | 38.0s
  Epoch 100/199 | loss=0.22416 | co=0.0207 | pib=0.8108 | io=0.0373 | sr=4065.0046 | lr=5.38e-04 | 37.0s
  Epoch 110/199 | loss=0.21941 | co=0.0198 | pib=0.8157 | io=0.0374 | sr=4051.7041 | lr=4.56e-04 | 37.7s
  Epoch 120/199 | loss=0.21544 | co=0.0190 | pib=0.8196 | io=0.0374 | sr=4041.2124 | lr=3.76e-04 | 37.6s
  Epoch 130/199 | loss=0.21231 | co=0.0184 | pib=0.8228 | io=0.0375 | sr=4036.4587 | lr=2.99e-04 | 39.1s
  Epoch 140/199 | loss=0.20994 | co=0.0179 | pib=0.8251 | io=0.0375 | sr=4033.2141 | lr=2.27e-04 | 38.8s
  Epoch 150/199 | loss=0.20825 | co=0.0176 | pib=0.8268 | io=0.0375 | sr=4034.3167 | lr=1.64e-04 | 37.4s
  Epoch 160/199 | loss=0.20709 | co=0.0174 | pib=0.8279 | io=0.0375 | sr=4034.8564 | lr=1.09e-04 | 38.8s
  Epoch 170/199 | loss=0.20635 | co=0.0172 | pib=0.8286 | io=0.0375 | sr=4035.9226 | lr=6.58e-05 | 37.8s
  Epoch 180/199 | loss=0.20593 | co=0.0172 | pib=0.8290 | io=0.0375 | sr=4036.4631 | lr=3.42e-05 | 38.0s
  Epoch 190/199 | loss=0.20572 | co=0.0171 | pib=0.8292 | io=0.0375 | sr=4036.7559 | lr=1.55e-05 | 39.2s
  Epoch 199/199 | loss=0.20563 | co=0.0171 | pib=0.8293 | io=0.0375 | sr=4036.9250 | lr=1.00e-05 | 37.2s

  TEST RESULTS:
    CO:     0.3044 → 0.0163 (-0.2882)
    PIB:    0.0034 → 0.8340 (+24730.6%)
    WF RMS: 460.3 → 448.9 nm (+2.5%)
    Strehl: 3733.5623
    TP:     1.0000

======================================================================
  [strehl_only] Strehl ratio loss
  TV_weight=0.05, LR=0.001 → cosine, epochs=200
======================================================================
  Epoch   0/199 | loss=-3.29591 | co=0.2810 | pib=0.0021 | io=0.6625 | sr=4.1417 | lr=1.00e-04 | 37.2s
  Epoch  10/199 | loss=-75277.89492 | co=0.0766 | pib=0.0009 | io=0.0112 | sr=101015.3516 | lr=1.00e-03 | 38.8s
  Epoch  20/199 | loss=-98173.71261 | co=0.0436 | pib=0.0011 | io=0.0085 | sr=118752.4766 | lr=9.92e-04 | 36.8s
  Epoch  30/199 | loss=-109853.35754 | co=0.0331 | pib=0.0011 | io=0.0077 | sr=123726.7812 | lr=9.70e-04 | 39.0s
  Epoch  40/199 | loss=-117464.52926 | co=0.0273 | pib=0.0012 | io=0.0072 | sr=125660.6094 | lr=9.36e-04 | 39.2s
  Epoch  50/199 | loss=-122306.71358 | co=0.0236 | pib=0.0012 | io=0.0069 | sr=127991.4531 | lr=8.91e-04 | 38.9s
  Epoch  60/199 | loss=-125572.35520 | co=0.0212 | pib=0.0012 | io=0.0067 | sr=129927.1719 | lr=8.34e-04 | 38.5s
  Epoch  70/199 | loss=-127882.64783 | co=0.0195 | pib=0.0012 | io=0.0065 | sr=131731.8125 | lr=7.69e-04 | 39.0s
  Epoch  80/199 | loss=-129623.85147 | co=0.0182 | pib=0.0012 | io=0.0064 | sr=133097.0781 | lr=6.96e-04 | 38.4s
  Epoch  90/199 | loss=-130962.48244 | co=0.0172 | pib=0.0012 | io=0.0063 | sr=134028.3906 | lr=6.19e-04 | 39.0s
  Epoch 100/199 | loss=-132140.95034 | co=0.0165 | pib=0.0012 | io=0.0063 | sr=134096.2344 | lr=5.38e-04 | 39.0s
  Epoch 110/199 | loss=-133064.38083 | co=0.0160 | pib=0.0012 | io=0.0062 | sr=134424.6250 | lr=4.56e-04 | 36.9s
  Epoch 120/199 | loss=-133796.92034 | co=0.0155 | pib=0.0012 | io=0.0062 | sr=134399.1094 | lr=3.76e-04 | 35.8s
  Epoch 130/199 | loss=-134384.74575 | co=0.0152 | pib=0.0012 | io=0.0062 | sr=134476.1875 | lr=2.99e-04 | 36.4s
  Epoch 140/199 | loss=-134798.79845 | co=0.0150 | pib=0.0012 | io=0.0062 | sr=134504.4844 | lr=2.27e-04 | 37.1s
  Epoch 150/199 | loss=-135100.50731 | co=0.0148 | pib=0.0012 | io=0.0062 | sr=134598.5469 | lr=1.64e-04 | 38.5s
  Epoch 160/199 | loss=-135310.27887 | co=0.0147 | pib=0.0012 | io=0.0062 | sr=134684.5156 | lr=1.09e-04 | 38.6s
  Epoch 170/199 | loss=-135443.11177 | co=0.0146 | pib=0.0012 | io=0.0062 | sr=134737.9844 | lr=6.58e-05 | 37.8s
  Epoch 180/199 | loss=-135521.73472 | co=0.0146 | pib=0.0012 | io=0.0062 | sr=134782.1719 | lr=3.42e-05 | 36.7s
  Epoch 190/199 | loss=-135563.71530 | co=0.0146 | pib=0.0012 | io=0.0062 | sr=134796.9844 | lr=1.55e-05 | 37.8s
  Epoch 199/199 | loss=-135581.19940 | co=0.0145 | pib=0.0012 | io=0.0062 | sr=134802.6406 | lr=1.00e-05 | 38.9s

  TEST RESULTS:
    CO:     0.3044 → 0.0155 (-0.2889)
    PIB:    0.0034 → 0.0012 (-63.5%)
    WF RMS: 460.3 → 447.6 nm (+2.8%)
    Strehl: 122879.4062
    TP:     1.0000

======================================================================
  [intensity_overlap] Intensity overlap loss
  TV_weight=0.05, LR=0.001 → cosine, epochs=200
======================================================================
  Epoch   0/199 | loss=0.33928 | co=0.2826 | pib=0.0021 | io=0.6708 | sr=4.0350 | lr=1.00e-04 | 39.3s
  Epoch  10/199 | loss=0.23783 | co=0.2596 | pib=0.0022 | io=0.7700 | sr=4.6604 | lr=1.00e-03 | 37.5s
  Epoch  20/199 | loss=0.21287 | co=0.2366 | pib=0.0026 | io=0.7914 | sr=5.1993 | lr=9.92e-04 | 39.2s
  Epoch  30/199 | loss=0.20437 | co=0.2221 | pib=0.0026 | io=0.7993 | sr=5.2350 | lr=9.70e-04 | 37.3s
  Epoch  40/199 | loss=0.19954 | co=0.2121 | pib=0.0026 | io=0.8040 | sr=5.2466 | lr=9.36e-04 | 38.2s
  Epoch  50/199 | loss=0.19619 | co=0.2047 | pib=0.0025 | io=0.8073 | sr=5.2302 | lr=8.91e-04 | 38.4s
  Epoch  60/199 | loss=0.19367 | co=0.1989 | pib=0.0025 | io=0.8098 | sr=5.2152 | lr=8.34e-04 | 38.7s
  Epoch  70/199 | loss=0.19173 | co=0.1944 | pib=0.0025 | io=0.8118 | sr=5.1882 | lr=7.69e-04 | 38.8s
  Epoch  80/199 | loss=0.19021 | co=0.1908 | pib=0.0025 | io=0.8133 | sr=5.1276 | lr=6.96e-04 | 38.5s
  Epoch  90/199 | loss=0.18900 | co=0.1879 | pib=0.0025 | io=0.8146 | sr=5.0792 | lr=6.19e-04 | 37.6s
  Epoch 100/199 | loss=0.18804 | co=0.1855 | pib=0.0025 | io=0.8155 | sr=5.0575 | lr=5.38e-04 | 37.0s
  Epoch 110/199 | loss=0.18726 | co=0.1836 | pib=0.0025 | io=0.8162 | sr=5.0373 | lr=4.56e-04 | 36.1s
  Epoch 120/199 | loss=0.18666 | co=0.1822 | pib=0.0025 | io=0.8168 | sr=5.0228 | lr=3.76e-04 | 39.1s
  Epoch 130/199 | loss=0.18618 | co=0.1810 | pib=0.0025 | io=0.8172 | sr=5.0179 | lr=2.99e-04 | 37.3s
  Epoch 140/199 | loss=0.18581 | co=0.1802 | pib=0.0025 | io=0.8175 | sr=5.0169 | lr=2.27e-04 | 36.6s
  Epoch 150/199 | loss=0.18554 | co=0.1795 | pib=0.0025 | io=0.8177 | sr=5.0137 | lr=1.64e-04 | 43.3s
  Epoch 160/199 | loss=0.18535 | co=0.1791 | pib=0.0025 | io=0.8179 | sr=5.0135 | lr=1.09e-04 | 38.9s
  Epoch 170/199 | loss=0.18521 | co=0.1788 | pib=0.0025 | io=0.8180 | sr=5.0137 | lr=6.58e-05 | 37.3s
  Epoch 180/199 | loss=0.18513 | co=0.1787 | pib=0.0025 | io=0.8180 | sr=5.0123 | lr=3.42e-05 | 37.1s
  Epoch 190/199 | loss=0.18509 | co=0.1786 | pib=0.0025 | io=0.8180 | sr=5.0123 | lr=1.55e-05 | 38.9s
  Epoch 199/199 | loss=0.18507 | co=0.1786 | pib=0.0025 | io=0.8181 | sr=5.0123 | lr=1.00e-05 | 39.4s

  TEST RESULTS:
    CO:     0.3044 → 0.1781 (-0.1264)
    PIB:    0.0034 → 0.0024 (-28.5%)
    WF RMS: 460.3 → 455.0 nm (+1.1%)
    Strehl: 4.8767
    TP:     1.0000

======================================================================
  [co_pib_hybrid] CO + 0.5*PIB hybrid
  TV_weight=0.05, LR=0.001 → cosine, epochs=200
======================================================================
  Epoch   0/199 | loss=1.23260 | co=0.2842 | pib=0.0022 | io=0.6637 | sr=4.1174 | lr=1.00e-04 | 39.1s
  Epoch  10/199 | loss=1.20186 | co=0.3435 | pib=0.0101 | io=0.6646 | sr=8.5457 | lr=1.00e-03 | 38.7s
  Epoch  20/199 | loss=1.19715 | co=0.3473 | pib=0.0216 | io=0.6066 | sr=29.1401 | lr=9.92e-04 | 36.4s
  Epoch  30/199 | loss=1.16096 | co=0.3351 | pib=0.1289 | io=0.2229 | sr=276.0859 | lr=9.70e-04 | 37.7s
  Epoch  40/199 | loss=1.10335 | co=0.3111 | pib=0.2844 | io=0.1155 | sr=698.2383 | lr=9.36e-04 | 38.2s
  Epoch  50/199 | loss=1.07069 | co=0.3025 | pib=0.3589 | io=0.0935 | sr=956.8800 | lr=8.91e-04 | 37.2s
  Epoch  60/199 | loss=1.05219 | co=0.3020 | pib=0.3951 | io=0.0844 | sr=1105.9277 | lr=8.34e-04 | 39.1s
  Epoch  70/199 | loss=1.04015 | co=0.3020 | pib=0.4187 | io=0.0786 | sr=1211.0798 | lr=7.69e-04 | 39.0s
  Epoch  80/199 | loss=1.03068 | co=0.3016 | pib=0.4373 | io=0.0742 | sr=1295.5278 | lr=6.96e-04 | 38.0s
  Epoch  90/199 | loss=1.02259 | co=0.3011 | pib=0.4537 | io=0.0706 | sr=1367.3864 | lr=6.19e-04 | 38.6s
  Epoch 100/199 | loss=1.01569 | co=0.2998 | pib=0.4685 | io=0.0677 | sr=1432.1870 | lr=5.38e-04 | 38.5s
  Epoch 110/199 | loss=1.00999 | co=0.2988 | pib=0.4808 | io=0.0655 | sr=1488.1284 | lr=4.56e-04 | 37.5s
  Epoch 120/199 | loss=1.00548 | co=0.2975 | pib=0.4908 | io=0.0639 | sr=1533.8805 | lr=3.76e-04 | 37.0s
  Epoch 130/199 | loss=1.00206 | co=0.2969 | pib=0.4984 | io=0.0626 | sr=1569.5261 | lr=2.99e-04 | 37.4s
  Epoch 140/199 | loss=0.99950 | co=0.2961 | pib=0.5043 | io=0.0618 | sr=1596.3562 | lr=2.27e-04 | 39.2s
  Epoch 150/199 | loss=0.99770 | co=0.2958 | pib=0.5083 | io=0.0612 | sr=1615.0681 | lr=1.64e-04 | 39.2s
  Epoch 160/199 | loss=0.99645 | co=0.2954 | pib=0.5111 | io=0.0608 | sr=1627.8774 | lr=1.09e-04 | 39.5s
  Epoch 170/199 | loss=0.99565 | co=0.2952 | pib=0.5128 | io=0.0605 | sr=1636.2253 | lr=6.58e-05 | 38.3s
  Epoch 180/199 | loss=0.99520 | co=0.2951 | pib=0.5138 | io=0.0604 | sr=1640.9243 | lr=3.42e-05 | 37.6s
  Epoch 190/199 | loss=0.99497 | co=0.2950 | pib=0.5143 | io=0.0603 | sr=1643.1892 | lr=1.55e-05 | 37.8s
  Epoch 199/199 | loss=0.99488 | co=0.2950 | pib=0.5145 | io=0.0603 | sr=1644.1831 | lr=1.00e-05 | 39.3s

  TEST RESULTS:
    CO:     0.3044 → 0.2938 (-0.0107)
    PIB:    0.0034 → 0.5082 (+15030.1%)
    WF RMS: 460.3 → 461.3 nm (-0.2%)
    Strehl: 1577.2772
    TP:     1.0000

====================================================================================================
LOSS STRATEGY SWEEP SUMMARY
====================================================================================================
                Name |      CO |     PIB |    PIB% |    WF nm |     WF% |  Strehl |     TP
------------------------------------------------------------------------------------------
            pib_only |  0.0163 |  0.8340 | +24730.6% |   448.9 |   +2.5% | 3733.5623 | 1.0000
         strehl_only |  0.0155 |  0.0012 |  -63.5% |   447.6 |   +2.8% | 122879.4062 | 1.0000
   intensity_overlap |  0.1781 |  0.0024 |  -28.5% |   455.0 |   +1.1% |  4.8767 | 1.0000
       co_pib_hybrid |  0.2938 |  0.5082 | +15030.1% |   461.3 |   -0.2% | 1577.2772 | 1.0000

Baseline: CO=0.3044, PIB=0.0034
Results saved to /root/dj/D2NN/kim2026/autoresearch/runs/d2nn_loss_strategy
