Device: cuda
GPU: NVIDIA A100-SXM4-40GB
Model: D2NN (non-Fourier, angular spectrum propagation)
Data: telescope (15cm + 75:1)
Sweeping 5 loss configurations
Fixed: layers=5, spacing=10mm, detector=10mm, lr=0.0005, epochs=100

--- Throughput diagnostic (zero-phase D2NN) ---
  Zero-phase throughput: 1.0000
  ✓ Energy conserved (within 10%)

======================================================================
  [baseline_co] complex_overlap:1.0
  D2NN: 5 layers, spacing=10mm, det=10mm
======================================================================
  Epoch   0/99 | loss=0.50792 | co=0.5320 | io=0.7480 | sr=3.0624 | 27.4s
  Epoch  10/99 | loss=0.38956 | co=0.6553 | io=0.7694 | sr=3.7619 | 26.5s
  Epoch  20/99 | loss=0.38107 | co=0.6653 | io=0.7581 | sr=4.2163 | 26.7s
  Epoch  30/99 | loss=0.37665 | co=0.6707 | io=0.7569 | sr=4.4658 | 30.8s
  Epoch  40/99 | loss=0.37305 | co=0.6752 | io=0.7615 | sr=4.6074 | 36.4s
  Epoch  50/99 | loss=0.36985 | co=0.6793 | io=0.7690 | sr=4.6692 | 35.0s
  Epoch  60/99 | loss=0.36700 | co=0.6830 | io=0.7774 | sr=4.6868 | 36.4s
  Epoch  70/99 | loss=0.36457 | co=0.6863 | io=0.7854 | sr=4.7043 | 34.8s
  Epoch  80/99 | loss=0.36259 | co=0.6889 | io=0.7923 | sr=4.6903 | 35.3s
  Epoch  90/99 | loss=0.36105 | co=0.6911 | io=0.7979 | sr=4.6756 | 26.5s
  Epoch  99/99 | loss=0.36000 | co=0.6926 | io=0.8019 | sr=4.6713 | 27.4s
  TEST: co=0.6456 | io=0.7843 | sr=4.8582 | tp=1.0000 | 3212s

======================================================================
  [co_amp] complex_overlap:1.0 + amplitude_mse:0.5
  D2NN: 5 layers, spacing=10mm, det=10mm
======================================================================
  Epoch   0/99 | loss=0.50796 | co=0.5320 | io=0.7480 | sr=3.0624 | 26.9s
  Epoch  10/99 | loss=0.38960 | co=0.6553 | io=0.7694 | sr=3.7621 | 26.2s
  Epoch  20/99 | loss=0.38110 | co=0.6654 | io=0.7581 | sr=4.2161 | 27.4s
  Epoch  30/99 | loss=0.37668 | co=0.6707 | io=0.7569 | sr=4.4656 | 26.3s
  Epoch  40/99 | loss=0.37308 | co=0.6752 | io=0.7615 | sr=4.6068 | 26.0s
  Epoch  50/99 | loss=0.36987 | co=0.6793 | io=0.7690 | sr=4.6683 | 26.4s
  Epoch  60/99 | loss=0.36702 | co=0.6830 | io=0.7774 | sr=4.6857 | 27.3s
  Epoch  70/99 | loss=0.36459 | co=0.6863 | io=0.7854 | sr=4.7031 | 27.3s
  Epoch  80/99 | loss=0.36261 | co=0.6890 | io=0.7923 | sr=4.6888 | 25.8s
  Epoch  90/99 | loss=0.36107 | co=0.6911 | io=0.7979 | sr=4.6737 | 26.1s
  Epoch  99/99 | loss=0.36002 | co=0.6926 | io=0.8019 | sr=4.6691 | 26.3s
  TEST: co=0.6456 | io=0.7844 | sr=4.8572 | tp=1.0000 | 2695s

======================================================================
  [co_phasor] complex_overlap:1.0 + phasor_mse:1.0
  D2NN: 5 layers, spacing=10mm, det=10mm
======================================================================
  Epoch   0/99 | loss=2.54652 | co=0.5049 | io=0.7462 | sr=3.0317 | 26.8s
  Epoch  10/99 | loss=2.43970 | co=0.6130 | io=0.7721 | sr=3.1561 | 26.6s
  Epoch  20/99 | loss=2.40034 | co=0.6421 | io=0.7753 | sr=3.4911 | 26.1s
  Epoch  30/99 | loss=2.37630 | co=0.6518 | io=0.7705 | sr=3.8447 | 27.0s
  Epoch  40/99 | loss=2.35671 | co=0.6565 | io=0.7665 | sr=4.0975 | 26.2s
  Epoch  50/99 | loss=2.33969 | co=0.6595 | io=0.7648 | sr=4.2965 | 26.4s
  Epoch  60/99 | loss=2.32479 | co=0.6618 | io=0.7649 | sr=4.4478 | 25.8s
  Epoch  70/99 | loss=2.31182 | co=0.6639 | io=0.7663 | sr=4.5708 | 26.4s
  Epoch  80/99 | loss=2.30058 | co=0.6657 | io=0.7684 | sr=4.6766 | 25.7s
  Epoch  90/99 | loss=2.29085 | co=0.6674 | io=0.7709 | sr=4.7712 | 26.4s
  Epoch  99/99 | loss=2.28320 | co=0.6689 | io=0.7733 | sr=4.8545 | 26.9s
  TEST: co=0.6295 | io=0.7647 | sr=4.7028 | tp=1.0000 | 2704s

======================================================================
  [co_ffp] complex_overlap:1.0 + full_field_phase:1.0
  D2NN: 5 layers, spacing=10mm, det=10mm
======================================================================
  Epoch   0/99 | loss=0.71529 | co=0.5305 | io=0.7458 | sr=3.1626 | 27.1s
  Epoch  10/99 | loss=0.53696 | co=0.6499 | io=0.7585 | sr=4.2955 | 26.7s
  Epoch  20/99 | loss=0.52681 | co=0.6588 | io=0.7464 | sr=4.1671 | 26.6s
  Epoch  30/99 | loss=0.52206 | co=0.6632 | io=0.7373 | sr=4.6138 | 25.8s
  Epoch  40/99 | loss=0.51844 | co=0.6667 | io=0.7318 | sr=4.9963 | 26.5s
  Epoch  50/99 | loss=0.51521 | co=0.6698 | io=0.7292 | sr=5.3273 | 26.2s
  Epoch  60/99 | loss=0.51202 | co=0.6727 | io=0.7290 | sr=5.5644 | 26.5s
  Epoch  70/99 | loss=0.50867 | co=0.6756 | io=0.7304 | sr=5.7847 | 26.2s
  Epoch  80/99 | loss=0.50511 | co=0.6785 | io=0.7327 | sr=5.9714 | 26.7s
  Epoch  90/99 | loss=0.50142 | co=0.6814 | io=0.7353 | sr=6.1558 | 27.5s
  Epoch  99/99 | loss=0.49811 | co=0.6838 | io=0.7373 | sr=6.3672 | 27.9s
  TEST: co=0.6407 | io=0.7149 | sr=6.4718 | tp=1.0000 | 2708s

======================================================================
  [roi80] ROI(th=0.8, lk=1.0)
  D2NN: 5 layers, spacing=10mm, det=10mm
======================================================================
  Epoch   0/99 | loss=0.71086 | co=0.4995 | io=0.7432 | sr=3.0500 | 28.0s
  Epoch  10/99 | loss=0.60207 | co=0.5308 | io=0.7868 | sr=3.3459 | 26.5s
  Epoch  20/99 | loss=0.44115 | co=0.5391 | io=0.8146 | sr=5.1479 | 26.5s
  Epoch  30/99 | loss=0.38495 | co=0.5474 | io=0.8067 | sr=5.8358 | 26.3s
  Epoch  40/99 | loss=0.36665 | co=0.5534 | io=0.8066 | sr=5.5107 | 27.3s
  Epoch  50/99 | loss=0.35536 | co=0.5591 | io=0.8084 | sr=5.5210 | 28.4s
  Epoch  60/99 | loss=0.34739 | co=0.5640 | io=0.8105 | sr=9.1134 | 27.4s
  Epoch  70/99 | loss=0.34124 | co=0.5683 | io=0.8127 | sr=5.7057 | 29.1s
  Epoch  80/99 | loss=0.33637 | co=0.5720 | io=0.8146 | sr=5.3138 | 27.5s
  Epoch  90/99 | loss=0.33224 | co=0.5753 | io=0.8163 | sr=6.8706 | 27.9s
  Epoch  99/99 | loss=0.32909 | co=0.5779 | io=0.8177 | sr=5.4718 | 26.4s
  TEST: co=0.5457 | io=0.8074 | sr=6.2644 | tp=1.0000 | 2760s

====================================================================================================
D2NN TELESCOPE SWEEP SUMMARY
====================================================================================================
Rank |                   Name |      CO |      IO |  Strehl |  PhRMSE |     TP |  Time
--------------------------------------------------------------------------------------
   1 |                 co_amp |  0.6456 |  0.7844 |  4.8572 |  0.8358 | 1.0000 |  2695s
   2 |            baseline_co |  0.6456 |  0.7843 |  4.8582 |  0.8357 | 1.0000 |  3212s
   3 |                 co_ffp |  0.6407 |  0.7149 |  6.4718 |  0.7645 | 1.0000 |  2708s
   4 |              co_phasor |  0.6295 |  0.7647 |  4.7028 |  0.8739 | 1.0000 |  2704s
   5 |                  roi80 |  0.5457 |  0.8074 |  6.2644 |  1.4114 | 1.0000 |  2760s

Baseline (no correction): co=0.6249
Best: [co_amp] co=0.6456

Results saved to /root/dj/D2NN/kim2026/autoresearch/runs/d2nn_sweep_telescope
