Device: cuda
GPU: NVIDIA A100-SXM4-40GB
FD2NN Cropped Fourier Mask Sweep
n_mask sizes: [32, 48, 64]
Loss configs: ['baseline_co', 'co_phasor', 'co_amp']
Total runs: 9
batch_size=16, epochs=30
Data: train=400, val=50, test=50

--- Throughput diagnostics ---
  n_mask=32: throughput=0.9852, params=5,120
  n_mask=48: throughput=0.9923, params=11,520
  n_mask=64: throughput=0.9947, params=20,480

======================================================================
  [nm32_baseline_co] n_mask=32, params=5,120
  complex_overlap:1.0
======================================================================
  Epoch   0/29 | loss=0.96475 | co=0.0416 | bl=0.3460 | 58.5s
  Epoch   5/29 | loss=0.94285 | co=0.0671 | bl=0.3460 | 62.9s
  Epoch  10/29 | loss=0.91974 | co=0.0933 | bl=0.3460 | 60.3s
  Epoch  15/29 | loss=0.89648 | co=0.1197 | bl=0.3460 | 62.4s
  Epoch  20/29 | loss=0.87355 | co=0.1457 | bl=0.3460 | 60.9s
  Epoch  25/29 | loss=0.85133 | co=0.1709 | bl=0.3460 | 61.8s
  Epoch  29/29 | loss=0.83439 | co=0.1905 | bl=0.3460 | 59.5s
  TEST: co=0.1713 | baseline=0.3044 | delta=-0.1331 | tp=0.9852 | WORSE

======================================================================
  [nm32_co_phasor] n_mask=32, params=5,120
  complex_overlap:1.0 + phasor_mse:1.0
======================================================================
  Epoch   0/29 | loss=2.96734 | co=0.0398 | bl=0.3460 | 63.9s
  Epoch   5/29 | loss=2.95195 | co=0.0558 | bl=0.3460 | 57.9s
  Epoch  10/29 | loss=2.93563 | co=0.0719 | bl=0.3460 | 63.5s
  Epoch  15/29 | loss=2.91911 | co=0.0880 | bl=0.3460 | 59.3s
  Epoch  20/29 | loss=2.90297 | co=0.1034 | bl=0.3460 | 62.9s
  Epoch  25/29 | loss=2.88728 | co=0.1178 | bl=0.3460 | 62.1s
  Epoch  29/29 | loss=2.87526 | co=0.1291 | bl=0.3460 | 62.9s
  TEST: co=0.1205 | baseline=0.3044 | delta=-0.1840 | tp=0.9852 | WORSE

======================================================================
  [nm32_co_amp] n_mask=32, params=5,120
  complex_overlap:1.0 + amplitude_mse:0.5
======================================================================
  Epoch   0/29 | loss=0.96478 | co=0.0416 | bl=0.3460 | 62.3s
  Epoch   5/29 | loss=0.94288 | co=0.0671 | bl=0.3460 | 62.7s
  Epoch  10/29 | loss=0.91977 | co=0.0933 | bl=0.3460 | 63.6s
  Epoch  15/29 | loss=0.89651 | co=0.1196 | bl=0.3460 | 61.2s
  Epoch  20/29 | loss=0.87359 | co=0.1457 | bl=0.3460 | 63.8s
  Epoch  25/29 | loss=0.85137 | co=0.1709 | bl=0.3460 | 60.5s
  Epoch  29/29 | loss=0.83443 | co=0.1905 | bl=0.3460 | 61.1s
  TEST: co=0.1713 | baseline=0.3044 | delta=-0.1331 | tp=0.9852 | WORSE

======================================================================
  [nm48_baseline_co] n_mask=48, params=11,520
  complex_overlap:1.0
======================================================================
  Epoch   0/29 | loss=0.97881 | co=0.0239 | bl=0.3460 | 62.2s
  Epoch   5/29 | loss=0.95663 | co=0.0481 | bl=0.3460 | 61.0s
  Epoch  10/29 | loss=0.93401 | co=0.0727 | bl=0.3460 | 62.0s
  Epoch  15/29 | loss=0.91194 | co=0.0966 | bl=0.3460 | 62.6s
  Epoch  20/29 | loss=0.89089 | co=0.1197 | bl=0.3460 | 60.8s
  Epoch  25/29 | loss=0.87112 | co=0.1416 | bl=0.3460 | 62.3s
  Epoch  29/29 | loss=0.85637 | co=0.1579 | bl=0.3460 | 62.2s
  TEST: co=0.1521 | baseline=0.3044 | delta=-0.1523 | tp=0.9923 | WORSE

======================================================================
  [nm48_co_phasor] n_mask=48, params=11,520
  complex_overlap:1.0 + phasor_mse:1.0
======================================================================
  Epoch   0/29 | loss=2.98034 | co=0.0230 | bl=0.3460 | 61.1s
  Epoch   5/29 | loss=2.96145 | co=0.0423 | bl=0.3460 | 61.2s
  Epoch  10/29 | loss=2.94194 | co=0.0620 | bl=0.3460 | 64.6s
  Epoch  15/29 | loss=2.92244 | co=0.0811 | bl=0.3460 | 61.7s
  Epoch  20/29 | loss=2.90375 | co=0.0993 | bl=0.3460 | 60.5s
  Epoch  25/29 | loss=2.88594 | co=0.1164 | bl=0.3460 | 62.7s
  Epoch  29/29 | loss=2.87245 | co=0.1292 | bl=0.3460 | 60.4s
  TEST: co=0.1279 | baseline=0.3044 | delta=-0.1766 | tp=0.9923 | WORSE

======================================================================
  [nm48_co_amp] n_mask=48, params=11,520
  complex_overlap:1.0 + amplitude_mse:0.5
======================================================================
  Epoch   0/29 | loss=0.97883 | co=0.0239 | bl=0.3460 | 61.7s
  Epoch   5/29 | loss=0.95666 | co=0.0481 | bl=0.3460 | 59.3s
  Epoch  10/29 | loss=0.93404 | co=0.0727 | bl=0.3460 | 62.6s
  Epoch  15/29 | loss=0.91197 | co=0.0966 | bl=0.3460 | 61.3s
  Epoch  20/29 | loss=0.89092 | co=0.1197 | bl=0.3460 | 58.2s
  Epoch  25/29 | loss=0.87116 | co=0.1416 | bl=0.3460 | 63.2s
  Epoch  29/29 | loss=0.85641 | co=0.1579 | bl=0.3460 | 61.3s
  TEST: co=0.1521 | baseline=0.3044 | delta=-0.1523 | tp=0.9923 | WORSE

======================================================================
  [nm64_baseline_co] n_mask=64, params=20,480
  complex_overlap:1.0
======================================================================
  Epoch   0/29 | loss=0.97762 | co=0.0241 | bl=0.3460 | 62.5s
  Epoch   5/29 | loss=0.95612 | co=0.0477 | bl=0.3460 | 62.1s
  Epoch  10/29 | loss=0.93466 | co=0.0710 | bl=0.3460 | 60.8s
  Epoch  15/29 | loss=0.91436 | co=0.0932 | bl=0.3460 | 61.7s
  Epoch  20/29 | loss=0.89564 | co=0.1139 | bl=0.3460 | 61.6s
  Epoch  25/29 | loss=0.87839 | co=0.1335 | bl=0.3460 | 63.3s
  Epoch  29/29 | loss=0.86556 | co=0.1480 | bl=0.3460 | 62.9s
  TEST: co=0.1436 | baseline=0.3044 | delta=-0.1609 | tp=0.9947 | WORSE

======================================================================
  [nm64_co_phasor] n_mask=64, params=20,480
  complex_overlap:1.0 + phasor_mse:1.0
======================================================================
  Epoch   0/29 | loss=2.97887 | co=0.0233 | bl=0.3460 | 61.8s
  Epoch   5/29 | loss=2.96038 | co=0.0422 | bl=0.3460 | 62.8s
  Epoch  10/29 | loss=2.94170 | co=0.0611 | bl=0.3460 | 62.6s
  Epoch  15/29 | loss=2.92374 | co=0.0791 | bl=0.3460 | 61.7s
  Epoch  20/29 | loss=2.90683 | co=0.0959 | bl=0.3460 | 62.0s
  Epoch  25/29 | loss=2.89104 | co=0.1115 | bl=0.3460 | 63.4s
  Epoch  29/29 | loss=2.87920 | co=0.1232 | bl=0.3460 | 62.5s
  TEST: co=0.1239 | baseline=0.3044 | delta=-0.1806 | tp=0.9947 | WORSE

======================================================================
  [nm64_co_amp] n_mask=64, params=20,480
  complex_overlap:1.0 + amplitude_mse:0.5
======================================================================
  Epoch   0/29 | loss=0.97764 | co=0.0241 | bl=0.3460 | 60.4s
  Epoch   5/29 | loss=0.95614 | co=0.0477 | bl=0.3460 | 61.9s
  Epoch  10/29 | loss=0.93469 | co=0.0710 | bl=0.3460 | 61.7s
  Epoch  15/29 | loss=0.91439 | co=0.0932 | bl=0.3460 | 64.8s
  Epoch  20/29 | loss=0.89567 | co=0.1139 | bl=0.3460 | 65.3s
  Epoch  25/29 | loss=0.87842 | co=0.1335 | bl=0.3460 | 66.0s
  Epoch  29/29 | loss=0.86559 | co=0.1480 | bl=0.3460 | 64.4s
  TEST: co=0.1436 | baseline=0.3044 | delta=-0.1609 | tp=0.9947 | WORSE

==========================================================================================
FD2NN CROPPED FOURIER SWEEP SUMMARY
==========================================================================================
Baseline (no correction): CO=0.3044

Rank |                      Name | n_mask |   Params |      CO |   Delta |     TP
---------------------------------------------------------------------------------
   1 |          nm32_baseline_co |     32 |    5,120 |  0.1713 | -0.1331 | 0.9852
   2 |               nm32_co_amp |     32 |    5,120 |  0.1713 | -0.1331 | 0.9852
   3 |          nm48_baseline_co |     48 |   11,520 |  0.1521 | -0.1523 | 0.9923
   4 |               nm48_co_amp |     48 |   11,520 |  0.1521 | -0.1523 | 0.9923
   5 |          nm64_baseline_co |     64 |   20,480 |  0.1436 | -0.1609 | 0.9947
   6 |               nm64_co_amp |     64 |   20,480 |  0.1436 | -0.1609 | 0.9947
   7 |            nm48_co_phasor |     48 |   11,520 |  0.1279 | -0.1766 | 0.9923
   8 |            nm64_co_phasor |     64 |   20,480 |  0.1239 | -0.1806 | 0.9947
   9 |            nm32_co_phasor |     32 |    5,120 |  0.1205 | -0.1840 | 0.9852

Results saved to /root/dj/D2NN/kim2026/autoresearch/runs/fd2nn_64_strong_turb
