Device: cuda
GPU: NVIDIA A100-SXM4-40GB
Sweeping 22 loss configurations
Fixed: layers=5, spacing=1mm, constraint=unconstrained, lr=0.0005, epochs=30

======================================================================
  [baseline_co_amp] complex_overlap:1.0 + amplitude_mse:0.5
  + phasor_smoothness: 0.01
======================================================================
  Epoch   0/29 | loss=0.80427 | co=0.2376 | io=0.9407 | sr=2.5117 | 15.7s
  Epoch  10/29 | loss=0.79702 | co=0.2432 | io=0.9399 | sr=2.4665 | 14.7s
  Epoch  20/29 | loss=0.79410 | co=0.2440 | io=0.9379 | sr=2.4619 | 14.5s
  Epoch  29/29 | loss=0.79301 | co=0.2436 | io=0.9367 | sr=2.4591 | 14.4s
  ⚠ WARN: throughput=0.7598 outside [0.95, 1.05]
  ⚠ WARN: strehl=2.5565 > 1.05
  TEST: co=0.1909 | io=0.9369 | sr=2.5565 | tp=0.7598 | 450s

======================================================================
  [baseline_co_only] complex_overlap:1.0
  + phasor_smoothness: 0.01
======================================================================
  Epoch   0/29 | loss=0.80427 | co=0.2376 | io=0.9407 | sr=2.5117 | 14.8s
  Epoch  10/29 | loss=0.79702 | co=0.2432 | io=0.9399 | sr=2.4665 | 28.8s
  Epoch  20/29 | loss=0.79410 | co=0.2440 | io=0.9379 | sr=2.4619 | 29.2s
  Epoch  29/29 | loss=0.79301 | co=0.2436 | io=0.9367 | sr=2.4591 | 29.1s
  ⚠ WARN: throughput=0.7598 outside [0.95, 1.05]
  ⚠ WARN: strehl=2.5565 > 1.05
  TEST: co=0.1909 | io=0.9369 | sr=2.5565 | tp=0.7598 | 766s

======================================================================
  [roi50] ROI(th=0.5, lk=1.0)
  + phasor_smoothness: 0.01
======================================================================
  Epoch   0/29 | loss=0.66172 | co=0.2375 | io=0.9370 | sr=2.4388 | 29.7s
  Epoch  10/29 | loss=0.58030 | co=0.2147 | io=0.8608 | sr=2.9588 | 26.0s
  Epoch  20/29 | loss=0.50592 | co=0.1956 | io=0.7791 | sr=5.0531 | 27.9s
  Epoch  29/29 | loss=0.47862 | co=0.1891 | io=0.7681 | sr=6.1700 | 26.3s
  ⚠ WARN: throughput=0.7598 outside [0.95, 1.05]
  ⚠ WARN: strehl=6.3046 > 1.05
  TEST: co=0.1685 | io=0.7666 | sr=6.3046 | tp=0.7598 | 838s

======================================================================
  [roi60] ROI(th=0.6, lk=1.0)
  + phasor_smoothness: 0.01
======================================================================
  Epoch   0/29 | loss=0.54174 | co=0.2383 | io=0.9420 | sr=2.4556 | 27.8s
  Epoch  10/29 | loss=0.46089 | co=0.2309 | io=0.8708 | sr=2.6638 | 26.1s
  Epoch  20/29 | loss=0.43400 | co=0.2239 | io=0.8564 | sr=2.8825 | 26.6s
  Epoch  29/29 | loss=0.42393 | co=0.2205 | io=0.8559 | sr=2.9806 | 29.2s
  ⚠ WARN: throughput=0.7598 outside [0.95, 1.05]
  ⚠ WARN: strehl=2.9345 > 1.05
  TEST: co=0.1793 | io=0.8552 | sr=2.9345 | tp=0.7598 | 828s

======================================================================
  [roi70] ROI(th=0.7, lk=1.0)
  + phasor_smoothness: 0.01
======================================================================
  Epoch   0/29 | loss=0.40691 | co=0.2379 | io=0.9381 | sr=2.4594 | 28.2s
  Epoch  10/29 | loss=0.37326 | co=0.2387 | io=0.9203 | sr=2.4056 | 26.4s
  Epoch  20/29 | loss=0.36891 | co=0.2396 | io=0.9176 | sr=2.3852 | 35.5s
  Epoch  29/29 | loss=0.36719 | co=0.2397 | io=0.9174 | sr=2.3756 | 36.7s
  ⚠ WARN: throughput=0.7598 outside [0.95, 1.05]
  ⚠ WARN: strehl=2.4419 > 1.05
  TEST: co=0.1966 | io=0.9174 | sr=2.4419 | tp=0.7598 | 987s

======================================================================
  [roi80] ROI(th=0.8, lk=1.0)
  + phasor_smoothness: 0.01
======================================================================
  Epoch   0/29 | loss=0.36757 | co=0.2382 | io=0.9419 | sr=2.4467 | 38.3s
  Epoch  10/29 | loss=0.35343 | co=0.2404 | io=0.9433 | sr=2.3845 | 36.3s
  Epoch  20/29 | loss=0.35210 | co=0.2413 | io=0.9440 | sr=2.3718 | 27.5s
  Epoch  29/29 | loss=0.35143 | co=0.2418 | io=0.9443 | sr=2.3755 | 28.0s
  ⚠ WARN: throughput=0.7598 outside [0.95, 1.05]
  ⚠ WARN: strehl=2.3979 > 1.05
  TEST: co=0.2002 | io=0.9445 | sr=2.3979 | tp=0.7598 | 988s

======================================================================
  [roi90] ROI(th=0.9, lk=1.0)
  + phasor_smoothness: 0.01
======================================================================
  Epoch   0/29 | loss=0.38157 | co=0.2378 | io=0.9430 | sr=2.4608 | 31.3s
  Epoch  10/29 | loss=0.36563 | co=0.2383 | io=0.9487 | sr=2.3850 | 27.7s
  Epoch  20/29 | loss=0.36054 | co=0.2354 | io=0.9530 | sr=2.3116 | 25.3s
  Epoch  29/29 | loss=0.35883 | co=0.2339 | io=0.9542 | sr=2.2747 | 30.4s
  ⚠ WARN: throughput=0.7598 outside [0.95, 1.05]
  ⚠ WARN: strehl=2.2748 > 1.05
  TEST: co=0.1944 | io=0.9549 | sr=2.2748 | tp=0.7598 | 842s

======================================================================
  [roi70_ph05] ROI(th=0.7, lk=1.0) + ph:0.5
  + phasor_smoothness: 0.01
======================================================================
  Epoch   0/29 | loss=1.41405 | co=0.2375 | io=0.9399 | sr=2.4691 | 26.2s
  Epoch  10/29 | loss=1.37852 | co=0.2373 | io=0.9273 | sr=2.4411 | 39.8s
  Epoch  20/29 | loss=1.36664 | co=0.2349 | io=0.9192 | sr=2.4337 | 39.4s
  Epoch  29/29 | loss=1.36094 | co=0.2327 | io=0.9152 | sr=2.4332 | 36.2s
  ⚠ WARN: throughput=0.7598 outside [0.95, 1.05]
  ⚠ WARN: strehl=2.4847 > 1.05
  TEST: co=0.1824 | io=0.9154 | sr=2.4847 | tp=0.7598 | 1131s

======================================================================
  [roi70_ph1] ROI(th=0.7, lk=1.0) + ph:1.0
  + phasor_smoothness: 0.01
======================================================================
  Epoch   0/29 | loss=2.41920 | co=0.2371 | io=0.9403 | sr=2.4802 | 38.3s
  Epoch  10/29 | loss=2.38093 | co=0.2373 | io=0.9319 | sr=2.4510 | 37.7s
  Epoch  20/29 | loss=2.36092 | co=0.2346 | io=0.9243 | sr=2.4670 | 36.9s
  Epoch  29/29 | loss=2.34850 | co=0.2313 | io=0.9190 | sr=2.4554 | 37.6s
  ⚠ WARN: throughput=0.7598 outside [0.95, 1.05]
  ⚠ WARN: strehl=2.4614 > 1.05
  TEST: co=0.1826 | io=0.9194 | sr=2.4614 | tp=0.7598 | 1143s

======================================================================
  [roi70_ph2] ROI(th=0.7, lk=1.0) + ph:2.0
  + phasor_smoothness: 0.01
======================================================================
  Epoch   0/29 | loss=4.42686 | co=0.2368 | io=0.9404 | sr=2.4954 | 38.2s
  Epoch  10/29 | loss=4.38004 | co=0.2368 | io=0.9348 | sr=2.4708 | 37.5s
  Epoch  20/29 | loss=4.34676 | co=0.2339 | io=0.9283 | sr=2.4867 | 36.8s
  Epoch  29/29 | loss=4.32276 | co=0.2303 | io=0.9230 | sr=2.4946 | 38.0s
  ⚠ WARN: throughput=0.7598 outside [0.95, 1.05]
  ⚠ WARN: strehl=2.4798 > 1.05
  TEST: co=0.1835 | io=0.9237 | sr=2.4798 | tp=0.7598 | 1141s

======================================================================
  [roi50_ph1] ROI(th=0.5, lk=1.0) + ph:1.0
  + phasor_smoothness: 0.01
======================================================================
  Epoch   0/29 | loss=2.67357 | co=0.2372 | io=0.9403 | sr=2.4871 | 38.2s
  Epoch  10/29 | loss=2.63059 | co=0.2366 | io=0.9230 | sr=2.4853 | 36.6s
  Epoch  20/29 | loss=2.60802 | co=0.2323 | io=0.9063 | sr=2.5476 | 37.2s
  Epoch  29/29 | loss=2.59096 | co=0.2277 | io=0.8949 | sr=2.6200 | 36.5s
  ⚠ WARN: throughput=0.7598 outside [0.95, 1.05]
  ⚠ WARN: strehl=2.5872 > 1.05
  TEST: co=0.1822 | io=0.8942 | sr=2.5872 | tp=0.7598 | 1153s

======================================================================
  [roi60_ph1] ROI(th=0.6, lk=1.0) + ph:1.0
  + phasor_smoothness: 0.01
======================================================================
  Epoch   0/29 | loss=2.55467 | co=0.2373 | io=0.9414 | sr=2.4841 | 37.3s
  Epoch  10/29 | loss=2.51667 | co=0.2383 | io=0.9375 | sr=2.4612 | 37.1s
  Epoch  20/29 | loss=2.49653 | co=0.2364 | io=0.9302 | sr=2.4800 | 36.8s
  Epoch  29/29 | loss=2.48256 | co=0.2339 | io=0.9223 | sr=2.5364 | 38.7s
  ⚠ WARN: throughput=0.7598 outside [0.95, 1.05]
  ⚠ WARN: strehl=2.4792 > 1.05
  TEST: co=0.1808 | io=0.9227 | sr=2.4792 | tp=0.7598 | 1150s

======================================================================
  [roi80_ph1] ROI(th=0.8, lk=1.0) + ph:1.0
  + phasor_smoothness: 0.01
======================================================================
  Epoch   0/29 | loss=2.37828 | co=0.2372 | io=0.9411 | sr=2.4795 | 37.6s
  Epoch  10/29 | loss=2.35183 | co=0.2377 | io=0.9408 | sr=2.4294 | 37.6s
  Epoch  20/29 | loss=2.33945 | co=0.2357 | io=0.9397 | sr=2.4393 | 42.6s
  Epoch  29/29 | loss=2.33096 | co=0.2333 | io=0.9389 | sr=2.4385 | 39.2s
  ⚠ WARN: throughput=0.7598 outside [0.95, 1.05]
  ⚠ WARN: strehl=2.4245 > 1.05
  TEST: co=0.1869 | io=0.9395 | sr=2.4245 | tp=0.7598 | 1178s

======================================================================
  [roi90_ph1] ROI(th=0.9, lk=1.0) + ph:1.0
  + phasor_smoothness: 0.01
======================================================================
  Epoch   0/29 | loss=2.39073 | co=0.2370 | io=0.9414 | sr=2.4812 | 36.1s
  Epoch  10/29 | loss=2.36460 | co=0.2366 | io=0.9438 | sr=2.4432 | 36.2s
  Epoch  20/29 | loss=2.35239 | co=0.2338 | io=0.9451 | sr=2.4244 | 38.1s
  Epoch  29/29 | loss=2.34385 | co=0.2306 | io=0.9465 | sr=2.3969 | 46.5s
  ⚠ WARN: throughput=0.7598 outside [0.95, 1.05]
  ⚠ WARN: strehl=2.3674 > 1.05
  TEST: co=0.1867 | io=0.9471 | sr=2.3674 | tp=0.7598 | 1188s

======================================================================
  [roi70_sph1_g2] ROI(th=0.7, lk=1.0) + sph:1.0/g2.0
  + phasor_smoothness: 0.01
======================================================================
  Epoch   0/29 | loss=2.06434 | co=0.2372 | io=0.9403 | sr=2.4889 | 48.8s
  Epoch  10/29 | loss=2.03513 | co=0.2404 | io=0.9360 | sr=2.4489 | 46.2s
  Epoch  20/29 | loss=2.02554 | co=0.2416 | io=0.9329 | sr=2.4450 | 47.4s
  Epoch  29/29 | loss=2.02011 | co=0.2423 | io=0.9306 | sr=2.4471 | 47.1s
  ⚠ WARN: throughput=0.7598 outside [0.95, 1.05]
  ⚠ WARN: strehl=2.4831 > 1.05
  TEST: co=0.1978 | io=0.9308 | sr=2.4831 | tp=0.7598 | 1436s

======================================================================
  [roi70_sph1_g3] ROI(th=0.7, lk=1.0) + sph:1.0/g3.0
  + phasor_smoothness: 0.01
======================================================================
  Epoch   0/29 | loss=1.97855 | co=0.2375 | io=0.9400 | sr=2.4746 | 46.8s
  Epoch  10/29 | loss=1.94668 | co=0.2410 | io=0.9330 | sr=2.4279 | 46.7s
  Epoch  20/29 | loss=1.93655 | co=0.2419 | io=0.9278 | sr=2.4232 | 45.7s
  Epoch  29/29 | loss=1.93191 | co=0.2420 | io=0.9251 | sr=2.4300 | 47.5s
  ⚠ WARN: throughput=0.7598 outside [0.95, 1.05]
  ⚠ WARN: strehl=2.4815 > 1.05
  TEST: co=0.1950 | io=0.9253 | sr=2.4815 | tp=0.7598 | 1422s

======================================================================
  [roi70_sph1_g4] ROI(th=0.7, lk=1.0) + sph:1.0/g4.0
  + phasor_smoothness: 0.01
======================================================================
  Epoch   0/29 | loss=1.92019 | co=0.2375 | io=0.9396 | sr=2.4653 | 45.5s
  Epoch  10/29 | loss=1.88212 | co=0.2406 | io=0.9271 | sr=2.4129 | 46.6s
  Epoch  20/29 | loss=1.87433 | co=0.2407 | io=0.9220 | sr=2.4185 | 46.3s
  Epoch  29/29 | loss=1.87100 | co=0.2403 | io=0.9201 | sr=2.4246 | 46.7s
  ⚠ WARN: throughput=0.7598 outside [0.95, 1.05]
  ⚠ WARN: strehl=2.4932 > 1.05
  TEST: co=0.1937 | io=0.9203 | sr=2.4932 | tp=0.7598 | 1416s

======================================================================
  [roi70_ph1_lk025] ROI(th=0.7, lk=0.25) + ph:1.0
  + phasor_smoothness: 0.01
======================================================================
  Epoch   0/29 | loss=2.36347 | co=0.2368 | io=0.9411 | sr=2.4728 | 47.0s
  Epoch  10/29 | loss=2.34652 | co=0.2371 | io=0.9406 | sr=2.4234 | 48.4s
  Epoch  20/29 | loss=2.33511 | co=0.2355 | io=0.9389 | sr=2.4150 | 46.6s
  Epoch  29/29 | loss=2.32701 | co=0.2334 | io=0.9375 | sr=2.4228 | 46.7s
  ⚠ WARN: throughput=0.7598 outside [0.95, 1.05]
  ⚠ WARN: strehl=2.4168 > 1.05
  TEST: co=0.1859 | io=0.9381 | sr=2.4168 | tp=0.7598 | 1415s

======================================================================
  [roi70_ph1_lk05] ROI(th=0.7, lk=0.5) + ph:1.0
  + phasor_smoothness: 0.01
======================================================================
  Epoch   0/29 | loss=2.38243 | co=0.2369 | io=0.9409 | sr=2.4753 | 47.2s
  Epoch  10/29 | loss=2.36050 | co=0.2375 | io=0.9379 | sr=2.4278 | 46.0s
  Epoch  20/29 | loss=2.34669 | co=0.2356 | io=0.9344 | sr=2.4295 | 46.1s
  Epoch  29/29 | loss=2.33733 | co=0.2333 | io=0.9316 | sr=2.4289 | 48.4s
  ⚠ WARN: throughput=0.7598 outside [0.95, 1.05]
  ⚠ WARN: strehl=2.4378 > 1.05
  TEST: co=0.1847 | io=0.9321 | sr=2.4378 | tp=0.7598 | 1410s

======================================================================
  [roi70_ph1_lk2] ROI(th=0.7, lk=2.0) + ph:1.0
  + phasor_smoothness: 0.01
======================================================================
  Epoch   0/29 | loss=2.48933 | co=0.2374 | io=0.9393 | sr=2.4883 | 47.3s
  Epoch  10/29 | loss=2.40494 | co=0.2358 | io=0.9201 | sr=2.4860 | 41.1s
  Epoch  20/29 | loss=2.37368 | co=0.2315 | io=0.9070 | sr=2.5060 | 35.9s
  Epoch  29/29 | loss=2.36048 | co=0.2278 | io=0.9009 | sr=2.5440 | 35.8s
  ⚠ WARN: throughput=0.7598 outside [0.95, 1.05]
  ⚠ WARN: strehl=2.5628 > 1.05
  TEST: co=0.1798 | io=0.9012 | sr=2.5628 | tp=0.7598 | 1198s

======================================================================
  [roi60_ph1_sph05_g3] ROI(th=0.6, lk=1.0) + ph:1.0 + sph:0.5/g3.0
  + phasor_smoothness: 0.01
======================================================================
  Epoch   0/29 | loss=3.33794 | co=0.2373 | io=0.9413 | sr=2.4845 | 35.9s
  Epoch  10/29 | loss=3.30105 | co=0.2398 | io=0.9386 | sr=2.4516 | 35.7s
  Epoch  20/29 | loss=3.28321 | co=0.2391 | io=0.9330 | sr=2.4556 | 36.7s
  Epoch  29/29 | loss=3.27178 | co=0.2377 | io=0.9274 | sr=2.4706 | 35.9s
  ⚠ WARN: throughput=0.7598 outside [0.95, 1.05]
  ⚠ WARN: strehl=2.4785 > 1.05
  TEST: co=0.1838 | io=0.9276 | sr=2.4785 | tp=0.7598 | 1095s

======================================================================
  [roi70_ph2_sph1_g3] ROI(th=0.7, lk=1.0) + ph:2.0 + sph:1.0/g3.0
  + phasor_smoothness: 0.01
======================================================================
  Epoch   0/29 | loss=5.99220 | co=0.2370 | io=0.9404 | sr=2.4952 | 35.2s
  Epoch  10/29 | loss=5.94581 | co=0.2385 | io=0.9352 | sr=2.4598 | 35.9s
  Epoch  20/29 | loss=5.91856 | co=0.2373 | io=0.9295 | sr=2.4589 | 37.1s
  Epoch  29/29 | loss=5.90131 | co=0.2353 | io=0.9253 | sr=2.4438 | 35.8s
  ⚠ WARN: throughput=0.7598 outside [0.95, 1.05]
  ⚠ WARN: strehl=2.5053 > 1.05
  TEST: co=0.1849 | io=0.9257 | sr=2.5053 | tp=0.7598 | 1097s

====================================================================================================
LOSS SWEEP SUMMARY
====================================================================================================
Rank |                   Name |      CO |      IO |  Strehl |  PhRMSE |      EE |     TP |  Time
------------------------------------------------------------------------------------------------
   1 |                  roi80 |  0.2002 |  0.9445 |  2.3979 |  1.6350 |  0.9989 | 0.7598 |   988s *
   2 |          roi70_sph1_g2 |  0.1978 |  0.9308 |  2.4831 |  1.6304 |  0.9953 | 0.7598 |  1436s *
   3 |                  roi70 |  0.1966 |  0.9174 |  2.4419 |  1.5856 |  0.9993 | 0.7598 |   987s *
   4 |          roi70_sph1_g3 |  0.1950 |  0.9253 |  2.4815 |  1.6181 |  0.9972 | 0.7598 |  1422s *
   5 |                  roi90 |  0.1944 |  0.9549 |  2.2748 |  1.6739 |  0.9868 | 0.7598 |   842s *
   6 |          roi70_sph1_g4 |  0.1937 |  0.9203 |  2.4932 |  1.6052 |  0.9983 | 0.7598 |  1416s *
   7 |        baseline_co_amp |  0.1909 |  0.9369 |  2.5565 |  1.6524 |  0.9960 | 0.7598 |   450s *
   8 |       baseline_co_only |  0.1909 |  0.9369 |  2.5565 |  1.6524 |  0.9960 | 0.7598 |   766s *
   9 |              roi80_ph1 |  0.1869 |  0.9395 |  2.4245 |  1.6497 |  0.9981 | 0.7598 |  1178s *
  10 |              roi90_ph1 |  0.1867 |  0.9471 |  2.3674 |  1.6779 |  0.9917 | 0.7598 |  1188s *
  11 |        roi70_ph1_lk025 |  0.1859 |  0.9381 |  2.4168 |  1.6607 |  0.9914 | 0.7598 |  1415s *
  12 |      roi70_ph2_sph1_g3 |  0.1849 |  0.9257 |  2.5053 |  1.6496 |  0.9957 | 0.7598 |  1097s *
  13 |         roi70_ph1_lk05 |  0.1847 |  0.9321 |  2.4378 |  1.6528 |  0.9948 | 0.7598 |  1410s *
  14 |     roi60_ph1_sph05_g3 |  0.1838 |  0.9276 |  2.4785 |  1.6663 |  0.9939 | 0.7598 |  1095s *
  15 |              roi70_ph2 |  0.1835 |  0.9237 |  2.4798 |  1.6470 |  0.9964 | 0.7598 |  1141s *
  16 |              roi70_ph1 |  0.1826 |  0.9194 |  2.4614 |  1.6368 |  0.9979 | 0.7598 |  1143s *
  17 |             roi70_ph05 |  0.1824 |  0.9154 |  2.4847 |  1.6215 |  0.9989 | 0.7598 |  1131s *
  18 |              roi50_ph1 |  0.1822 |  0.8942 |  2.5872 |  1.6852 |  0.9878 | 0.7598 |  1153s *
  19 |              roi60_ph1 |  0.1808 |  0.9227 |  2.4792 |  1.6705 |  0.9934 | 0.7598 |  1150s *
  20 |          roi70_ph1_lk2 |  0.1798 |  0.9012 |  2.5628 |  1.6170 |  0.9994 | 0.7598 |  1198s *
  21 |                  roi60 |  0.1793 |  0.8552 |  2.9345 |  1.6178 |  0.9976 | 0.7598 |   828s *
  22 |                  roi50 |  0.1685 |  0.7666 |  6.3046 |  1.6012 |  0.9936 | 0.7598 |   838s *

Baseline (no correction): co=0.1917
Best: [roi80] co=0.2002

Results saved to /root/dj/D2NN/kim2026/autoresearch/runs/loss_sweep_f25mm
