Device: cuda
GPU: NVIDIA A100-SXM4-40GB
Sweeping 10 loss configurations
Fixed: layers=5, spacing=5mm, constraint=unconstrained, lr=0.0005, epochs=100

--- Throughput diagnostic (zero-phase model) ---
  Zero-phase throughput: 1.0000
  ✓ Optical path conserves energy (within 5%)

  [baseline_co] already completed, skipping

  [co_phasor] already completed, skipping

  [co_ffp] already completed, skipping

  [roi80] already completed, skipping

======================================================================
  [co_soft_phasor_g2] complex_overlap:1.0 + soft_phasor:1.0
  + phasor_smoothness: 0.01
======================================================================
  Epoch   0/99 | loss=2.89786 | co=0.0546 | io=0.9578 | sr=2.0214 | 36.8s
  Epoch  10/99 | loss=2.09218 | co=0.3493 | io=0.7615 | sr=5.9055 | 36.9s
  Epoch  20/99 | loss=1.49203 | co=0.5142 | io=0.7305 | sr=5.7578 | 36.7s
  Epoch  30/99 | loss=1.19216 | co=0.5955 | io=0.7144 | sr=5.7092 | 36.5s
  Epoch  40/99 | loss=1.04381 | co=0.6320 | io=0.6933 | sr=6.3289 | 36.7s
  Epoch  50/99 | loss=0.96202 | co=0.6491 | io=0.6745 | sr=6.8489 | 36.3s
  Epoch  60/99 | loss=0.90908 | co=0.6576 | io=0.6558 | sr=7.3360 | 27.0s
  Epoch  70/99 | loss=0.86987 | co=0.6619 | io=0.6366 | sr=7.9706 | 27.2s
  Epoch  80/99 | loss=0.83852 | co=0.6641 | io=0.6175 | sr=8.7062 | 28.0s
  Epoch  90/99 | loss=0.81286 | co=0.6651 | io=0.5993 | sr=9.5528 | 27.6s
  Epoch  99/99 | loss=0.79349 | co=0.6654 | io=0.5841 | sr=10.3694 | 26.5s
  ⚠ WARN: strehl=10.2040 > 1.05
  TEST: co=0.6210 | io=0.5563 | sr=10.2040 | tp=1.0000 | 3256s

======================================================================
  [baseline_co_amp] complex_overlap:1.0 + amplitude_mse:0.5
  + phasor_smoothness: 0.01
======================================================================
  Epoch   0/99 | loss=0.96332 | co=0.0575 | io=0.9564 | sr=2.0792 | 27.0s
  Epoch  10/99 | loss=0.68493 | co=0.3527 | io=0.7486 | sr=5.8255 | 27.0s
  Epoch  20/99 | loss=0.52329 | co=0.5242 | io=0.7200 | sr=5.8621 | 26.7s
  Epoch  30/99 | loss=0.43731 | co=0.6146 | io=0.7324 | sr=5.6847 | 26.8s
  Epoch  40/99 | loss=0.39727 | co=0.6564 | io=0.7446 | sr=5.6996 | 27.4s
  Epoch  50/99 | loss=0.37844 | co=0.6759 | io=0.7526 | sr=5.5385 | 27.0s
  Epoch  60/99 | loss=0.36898 | co=0.6855 | io=0.7574 | sr=5.3290 | 26.9s
  Epoch  70/99 | loss=0.36394 | co=0.6906 | io=0.7601 | sr=5.1508 | 27.4s
  Epoch  80/99 | loss=0.36114 | co=0.6933 | io=0.7617 | sr=5.0362 | 26.5s
  Epoch  90/99 | loss=0.35953 | co=0.6949 | io=0.7627 | sr=4.9804 | 27.2s
  Epoch  99/99 | loss=0.35865 | co=0.6957 | io=0.7632 | sr=4.9486 | 26.9s
  ⚠ WARN: strehl=5.1970 > 1.05
  TEST: co=0.6437 | io=0.7491 | sr=5.1970 | tp=1.0000 | 2739s

======================================================================
  [phasor_only] phasor_mse:1.0
  + phasor_smoothness: 0.01
======================================================================
  Epoch   0/99 | loss=1.99842 | co=0.0242 | io=0.9607 | sr=1.9409 | 27.9s
  Epoch  10/99 | loss=1.99137 | co=0.0441 | io=0.9539 | sr=2.0538 | 26.6s
  Epoch  20/99 | loss=1.98383 | co=0.0665 | io=0.9360 | sr=2.3004 | 27.9s
  Epoch  30/99 | loss=1.97583 | co=0.0881 | io=0.9116 | sr=2.6193 | 26.2s
  Epoch  40/99 | loss=1.96740 | co=0.1085 | io=0.8848 | sr=2.9691 | 27.8s
  Epoch  50/99 | loss=1.95846 | co=0.1275 | io=0.8576 | sr=3.3211 | 26.6s
  Epoch  60/99 | loss=1.94858 | co=0.1449 | io=0.8306 | sr=3.6899 | 27.0s
  Epoch  70/99 | loss=1.93860 | co=0.1603 | io=0.8056 | sr=4.0526 | 27.7s
  Epoch  80/99 | loss=1.92929 | co=0.1738 | io=0.7837 | sr=4.3797 | 27.7s
  Epoch  90/99 | loss=1.92078 | co=0.1856 | io=0.7646 | sr=4.7019 | 27.0s
  Epoch  99/99 | loss=1.91363 | co=0.1953 | io=0.7491 | sr=4.9595 | 26.5s
  ⚠ WARN: strehl=5.1331 > 1.05
  TEST: co=0.1903 | io=0.7480 | sr=5.1331 | tp=1.0000 | 2751s

======================================================================
  [co_phasor_strong] complex_overlap:1.0 + phasor_mse:3.0
  + phasor_smoothness: 0.01
======================================================================
  Epoch   0/99 | loss=6.96725 | co=0.0365 | io=0.9604 | sr=1.9574 | 27.3s
  Epoch  10/99 | loss=6.79636 | co=0.1805 | io=0.8752 | sr=4.0238 | 27.2s
  Epoch  20/99 | loss=6.63750 | co=0.2924 | io=0.7802 | sr=6.3866 | 28.2s
  Epoch  30/99 | loss=6.50607 | co=0.3689 | io=0.7379 | sr=7.4670 | 26.5s
  Epoch  40/99 | loss=6.39824 | co=0.4242 | io=0.7219 | sr=7.6797 | 27.0s
  Epoch  50/99 | loss=6.31471 | co=0.4653 | io=0.7170 | sr=7.4793 | 27.3s
  Epoch  60/99 | loss=6.24926 | co=0.4968 | io=0.7156 | sr=7.1896 | 27.7s
  Epoch  70/99 | loss=6.19695 | co=0.5212 | io=0.7151 | sr=6.9104 | 26.6s
  Epoch  80/99 | loss=6.15458 | co=0.5404 | io=0.7149 | sr=6.6926 | 26.9s
  Epoch  90/99 | loss=6.11994 | co=0.5555 | io=0.7144 | sr=6.5508 | 27.1s
  Epoch  99/99 | loss=6.09380 | co=0.5665 | io=0.7138 | sr=6.4479 | 27.9s
  ⚠ WARN: strehl=6.2126 > 1.05
  TEST: co=0.5264 | io=0.7159 | sr=6.2126 | tp=1.0000 | 2752s

======================================================================
  [co_ffp_strong] complex_overlap:1.0 + full_field_phase:3.0
  + phasor_smoothness: 0.01
======================================================================
  Epoch   0/99 | loss=2.41768 | co=0.0556 | io=0.9575 | sr=2.0262 | 26.6s
  Epoch  10/99 | loss=1.75307 | co=0.3535 | io=0.7564 | sr=6.2430 | 27.3s
  Epoch  20/99 | loss=1.25068 | co=0.5229 | io=0.7305 | sr=5.8890 | 27.3s
  Epoch  30/99 | loss=1.00434 | co=0.6047 | io=0.7190 | sr=5.7697 | 27.9s
  Epoch  40/99 | loss=0.88712 | co=0.6408 | io=0.7034 | sr=6.2240 | 27.4s
  Epoch  50/99 | loss=0.82426 | co=0.6575 | io=0.6895 | sr=6.5485 | 27.1s
  Epoch  60/99 | loss=0.78468 | co=0.6657 | io=0.6757 | sr=6.7810 | 28.4s
  Epoch  70/99 | loss=0.75606 | co=0.6701 | io=0.6610 | sr=7.2703 | 15.5s
  Epoch  80/99 | loss=0.73334 | co=0.6725 | io=0.6455 | sr=7.9123 | 15.1s
  Epoch  90/99 | loss=0.71475 | co=0.6737 | io=0.6299 | sr=8.6899 | 15.3s
  Epoch  99/99 | loss=0.70052 | co=0.6743 | io=0.6161 | sr=9.4320 | 15.3s
  ⚠ WARN: strehl=9.5865 > 1.05
  TEST: co=0.6278 | io=0.5876 | sr=9.5865 | tp=1.0000 | 2350s

======================================================================
  [roi80_ph1] ROI(th=0.8, lk=1.0) + ph:1.0
  + phasor_smoothness: 0.01
======================================================================
  Epoch   0/99 | loss=2.58792 | co=0.0241 | io=0.9602 | sr=1.9417 | 15.4s
  Epoch  10/99 | loss=2.44383 | co=0.0480 | io=0.9036 | sr=2.2059 | 14.7s
  Epoch  20/99 | loss=2.41323 | co=0.0673 | io=0.8917 | sr=2.3217 | 15.2s
  Epoch  30/99 | loss=2.40035 | co=0.0794 | io=0.8885 | sr=2.3805 | 14.8s
  Epoch  40/99 | loss=2.39274 | co=0.0882 | io=0.8870 | sr=2.4236 | 23.9s
  Epoch  50/99 | loss=2.38718 | co=0.0954 | io=0.8859 | sr=2.4554 | 14.8s
  Epoch  60/99 | loss=2.38259 | co=0.1015 | io=0.8851 | sr=2.4846 | 15.5s
  Epoch  70/99 | loss=2.37876 | co=0.1069 | io=0.8843 | sr=2.5212 | 14.8s
  Epoch  80/99 | loss=2.37545 | co=0.1118 | io=0.8835 | sr=2.5509 | 15.2s
  Epoch  90/99 | loss=2.37259 | co=0.1163 | io=0.8828 | sr=2.5778 | 20.8s
  Epoch  99/99 | loss=2.37031 | co=0.1200 | io=0.8821 | sr=2.5973 | 15.1s
  ⚠ WARN: strehl=2.5661 > 1.05
  TEST: co=0.1137 | io=0.8786 | sr=2.5661 | tp=1.0000 | 1605s

====================================================================================================
LOSS SWEEP SUMMARY
====================================================================================================
Rank |                   Name |      CO |      IO |  Strehl |  FullPr |      EE |     TP |  Time
------------------------------------------------------------------------------------------------
   1 |            baseline_co |  0.6437 |  0.7491 |  5.1970 |  0.8988 |  0.8143 | 1.0000 |  4791s
   2 |        baseline_co_amp |  0.6437 |  0.7491 |  5.1970 |  0.8988 |  0.8143 | 1.0000 |  2739s
   3 |                 co_ffp |  0.6390 |  0.6411 |  8.2641 |  0.7449 |  0.6711 | 1.0000 |  3104s
   4 |          co_ffp_strong |  0.6278 |  0.5876 |  9.5865 |  0.7117 |  0.6232 | 1.0000 |  2350s
   5 |      co_soft_phasor_g2 |  0.6210 |  0.5563 | 10.2040 |  0.7030 |  0.5947 | 1.0000 |  3256s
   6 |              co_phasor |  0.6089 |  0.7406 |  5.2514 |  0.9882 |  0.8247 | 1.0000 |  4349s
   7 |       co_phasor_strong |  0.5264 |  0.7159 |  6.2126 |  1.1770 |  0.8232 | 1.0000 |  2752s
   8 |            phasor_only |  0.1903 |  0.7480 |  5.1331 |  1.6162 |  0.8478 | 1.0000 |  2751s
   9 |                  roi80 |  0.1320 |  0.8830 |  2.5635 |  1.9435 |  0.9960 | 1.0000 |  2742s
  10 |              roi80_ph1 |  0.1137 |  0.8786 |  2.5661 |  1.8606 |  0.9903 | 1.0000 |  1605s

Baseline (no correction): co=0.6249
Best: [baseline_co] co=0.6437

Results saved to /root/dj/D2NN/kim2026/autoresearch/runs/loss_sweep_telescope
