2026-03-16 03:33:29,178 INFO: Batch size: 4
2026-03-16 03:33:29,179 INFO: TF32 enabled, matmul precision=high
2026-03-16 03:33:29,179 INFO: ============================================================
2026-03-16 03:33:29,179 INFO: Training: n1_L4 (L=4, n=1, epochs=100)
2026-03-16 03:33:29,261 INFO: [n1_L4] Using batch_size=4 (B*n=4)
2026-03-16 03:33:29,563 INFO: [n1_L4] 4 layers, 230400 params
2026-03-16 03:34:45,007 INFO: [n1_L4] Epoch 1/100 — loss: -0.86919, pcc: 0.8598, lr: 9.90e-04 (75s)
2026-03-16 03:35:58,175 INFO: [n1_L4] Epoch 2/100 — loss: -0.94179, pcc: 0.9190, lr: 9.80e-04 (149s)
2026-03-16 03:37:10,874 INFO: [n1_L4] Epoch 3/100 — loss: -0.96617, pcc: 0.9247, lr: 9.70e-04 (221s)
2026-03-16 03:38:24,141 INFO: [n1_L4] Epoch 4/100 — loss: -0.97857, pcc: 0.9221, lr: 9.61e-04 (295s)
2026-03-16 03:39:48,469 INFO: [n1_L4] Epoch 5/100 — loss: -0.98787, pcc: 0.9217, lr: 9.51e-04 (379s)
2026-03-16 03:41:02,187 INFO: [n1_L4] Epoch 6/100 — loss: -0.99754, pcc: 0.9230, lr: 9.41e-04 (453s)
2026-03-16 03:42:14,581 INFO: [n1_L4] Epoch 7/100 — loss: -1.00663, pcc: 0.9256, lr: 9.32e-04 (525s)
2026-03-16 03:43:27,105 INFO: [n1_L4] Epoch 8/100 — loss: -1.00656, pcc: 0.9243, lr: 9.23e-04 (598s)
2026-03-16 03:44:39,112 INFO: [n1_L4] Epoch 9/100 — loss: -1.01114, pcc: 0.9252, lr: 9.14e-04 (670s)
2026-03-16 03:45:51,356 INFO: [n1_L4] Epoch 10/100 — loss: -1.01775, pcc: 0.9277, lr: 9.04e-04 (742s)
2026-03-16 03:47:03,180 INFO: [n1_L4] Epoch 11/100 — loss: -1.02335, pcc: 0.9300, lr: 8.95e-04 (814s)
2026-03-16 03:48:15,351 INFO: [n1_L4] Epoch 12/100 — loss: -1.02152, pcc: 0.9279, lr: 8.86e-04 (886s)
2026-03-16 03:49:27,508 INFO: [n1_L4] Epoch 13/100 — loss: -1.02026, pcc: 0.9262, lr: 8.78e-04 (958s)
2026-03-16 03:50:39,797 INFO: [n1_L4] Epoch 14/100 — loss: -1.02802, pcc: 0.9302, lr: 8.69e-04 (1030s)
2026-03-16 03:51:51,753 INFO: [n1_L4] Epoch 15/100 — loss: -1.02863, pcc: 0.9300, lr: 8.60e-04 (1102s)
2026-03-16 03:53:03,783 INFO: [n1_L4] Epoch 16/100 — loss: -1.02774, pcc: 0.9288, lr: 8.51e-04 (1174s)
2026-03-16 03:54:15,998 INFO: [n1_L4] Epoch 17/100 — loss: -1.02819, pcc: 0.9291, lr: 8.43e-04 (1246s)
2026-03-16 03:55:28,530 INFO: [n1_L4] Epoch 18/100 — loss: -1.03077, pcc: 0.9300, lr: 8.35e-04 (1319s)
2026-03-16 03:56:41,026 INFO: [n1_L4] Epoch 19/100 — loss: -1.02565, pcc: 0.9267, lr: 8.26e-04 (1391s)
2026-03-16 03:57:53,532 INFO: [n1_L4] Epoch 20/100 — loss: -1.03343, pcc: 0.9305, lr: 8.18e-04 (1464s)
2026-03-16 03:59:05,646 INFO: [n1_L4] Epoch 21/100 — loss: -1.03255, pcc: 0.9304, lr: 8.10e-04 (1536s)
2026-03-16 04:00:17,891 INFO: [n1_L4] Epoch 22/100 — loss: -1.03677, pcc: 0.9320, lr: 8.02e-04 (1608s)
2026-03-16 04:01:29,298 INFO: [n1_L4] Epoch 23/100 — loss: -1.03710, pcc: 0.9325, lr: 7.94e-04 (1680s)
2026-03-16 04:02:40,497 INFO: [n1_L4] Epoch 24/100 — loss: -1.03533, pcc: 0.9309, lr: 7.86e-04 (1751s)
2026-03-16 04:03:52,334 INFO: [n1_L4] Epoch 25/100 — loss: -1.03756, pcc: 0.9319, lr: 7.78e-04 (1823s)
2026-03-16 04:05:04,219 INFO: [n1_L4] Epoch 26/100 — loss: -1.03718, pcc: 0.9317, lr: 7.70e-04 (1895s)
2026-03-16 04:07:06,858 INFO: [n1_L4] Epoch 27/100 — loss: -1.03539, pcc: 0.9304, lr: 7.62e-04 (2017s)
2026-03-16 04:08:56,230 INFO: [n1_L4] Epoch 28/100 — loss: -1.03666, pcc: 0.9305, lr: 7.55e-04 (2127s)
2026-03-16 04:10:07,731 INFO: [n1_L4] Epoch 29/100 — loss: -1.03892, pcc: 0.9318, lr: 7.47e-04 (2198s)
2026-03-16 04:11:19,476 INFO: [n1_L4] Epoch 30/100 — loss: -1.03908, pcc: 0.9314, lr: 7.40e-04 (2270s)
2026-03-16 04:12:31,935 INFO: [n1_L4] Epoch 31/100 — loss: -1.03336, pcc: 0.9280, lr: 7.32e-04 (2342s)
2026-03-16 04:13:44,081 INFO: [n1_L4] Epoch 32/100 — loss: -1.04414, pcc: 0.9332, lr: 7.25e-04 (2415s)
2026-03-16 04:14:55,940 INFO: [n1_L4] Epoch 33/100 — loss: -1.04080, pcc: 0.9313, lr: 7.18e-04 (2486s)
2026-03-16 04:16:07,793 INFO: [n1_L4] Epoch 34/100 — loss: -1.04442, pcc: 0.9329, lr: 7.11e-04 (2558s)
2026-03-16 04:17:20,047 INFO: [n1_L4] Epoch 35/100 — loss: -1.04690, pcc: 0.9339, lr: 7.03e-04 (2630s)
2026-03-16 04:18:32,493 INFO: [n1_L4] Epoch 36/100 — loss: -1.03833, pcc: 0.9293, lr: 6.96e-04 (2703s)
2026-03-16 04:19:44,573 INFO: [n1_L4] Epoch 37/100 — loss: -1.03977, pcc: 0.9293, lr: 6.89e-04 (2775s)
2026-03-16 04:20:56,234 INFO: [n1_L4] Epoch 38/100 — loss: -1.04644, pcc: 0.9328, lr: 6.83e-04 (2847s)
2026-03-16 04:22:07,842 INFO: [n1_L4] Epoch 39/100 — loss: -1.04194, pcc: 0.9301, lr: 6.76e-04 (2918s)
2026-03-16 04:23:20,373 INFO: [n1_L4] Epoch 40/100 — loss: -1.04717, pcc: 0.9331, lr: 6.69e-04 (2991s)
2026-03-16 04:24:32,263 INFO: [n1_L4] Epoch 41/100 — loss: -1.04929, pcc: 0.9338, lr: 6.62e-04 (3063s)
2026-03-16 04:25:49,859 INFO: [n1_L4] Epoch 42/100 — loss: -1.04541, pcc: 0.9317, lr: 6.56e-04 (3140s)
2026-03-16 04:27:44,751 INFO: [n1_L4] Epoch 43/100 — loss: -1.05041, pcc: 0.9341, lr: 6.49e-04 (3255s)
2026-03-16 04:30:04,478 INFO: [n1_L4] Epoch 44/100 — loss: -1.05024, pcc: 0.9338, lr: 6.43e-04 (3395s)
2026-03-16 04:31:32,881 INFO: [n1_L4] Epoch 45/100 — loss: -1.04974, pcc: 0.9335, lr: 6.36e-04 (3483s)
2026-03-16 04:32:44,537 INFO: [n1_L4] Epoch 46/100 — loss: -1.05161, pcc: 0.9341, lr: 6.30e-04 (3555s)
2026-03-16 04:33:55,308 INFO: [n1_L4] Epoch 47/100 — loss: -1.04412, pcc: 0.9298, lr: 6.24e-04 (3626s)
2026-03-16 04:35:06,817 INFO: [n1_L4] Epoch 48/100 — loss: -1.04977, pcc: 0.9324, lr: 6.17e-04 (3697s)
2026-03-16 04:36:17,256 INFO: [n1_L4] Epoch 49/100 — loss: -1.05447, pcc: 0.9351, lr: 6.11e-04 (3768s)
2026-03-16 04:37:28,753 INFO: [n1_L4] Epoch 50/100 — loss: -1.05504, pcc: 0.9360, lr: 6.05e-04 (3839s)
2026-03-16 04:38:41,000 INFO: [n1_L4] Epoch 51/100 — loss: -1.05796, pcc: 0.9372, lr: 5.99e-04 (3911s)
2026-03-16 04:39:51,826 INFO: [n1_L4] Epoch 52/100 — loss: -1.05725, pcc: 0.9371, lr: 5.93e-04 (3982s)
2026-03-16 04:41:02,383 INFO: [n1_L4] Epoch 53/100 — loss: -1.05495, pcc: 0.9354, lr: 5.87e-04 (4053s)
2026-03-16 04:42:13,718 INFO: [n1_L4] Epoch 54/100 — loss: -1.05540, pcc: 0.9353, lr: 5.81e-04 (4124s)
2026-03-16 04:43:25,162 INFO: [n1_L4] Epoch 55/100 — loss: -1.04970, pcc: 0.9322, lr: 5.75e-04 (4196s)
2026-03-16 04:44:36,128 INFO: [n1_L4] Epoch 56/100 — loss: -1.05605, pcc: 0.9359, lr: 5.70e-04 (4267s)
2026-03-16 04:45:47,094 INFO: [n1_L4] Epoch 57/100 — loss: -1.05441, pcc: 0.9350, lr: 5.64e-04 (4338s)
2026-03-16 04:47:00,190 INFO: [n1_L4] Epoch 58/100 — loss: -1.05813, pcc: 0.9368, lr: 5.58e-04 (4411s)
2026-03-16 04:48:13,765 INFO: [n1_L4] Epoch 59/100 — loss: -1.06055, pcc: 0.9384, lr: 5.53e-04 (4484s)
2026-03-16 04:49:27,228 INFO: [n1_L4] Epoch 60/100 — loss: -1.05726, pcc: 0.9367, lr: 5.47e-04 (4558s)
2026-03-16 04:50:38,074 INFO: [n1_L4] Epoch 61/100 — loss: -1.05529, pcc: 0.9349, lr: 5.42e-04 (4629s)
2026-03-16 04:51:51,421 INFO: [n1_L4] Epoch 62/100 — loss: -1.05649, pcc: 0.9352, lr: 5.36e-04 (4702s)
2026-03-16 04:53:04,192 INFO: [n1_L4] Epoch 63/100 — loss: -1.05926, pcc: 0.9370, lr: 5.31e-04 (4775s)
2026-03-16 04:54:19,187 INFO: [n1_L4] Epoch 64/100 — loss: -1.05978, pcc: 0.9370, lr: 5.26e-04 (4850s)
2026-03-16 04:55:31,429 INFO: [n1_L4] Epoch 65/100 — loss: -1.05754, pcc: 0.9359, lr: 5.20e-04 (4922s)
2026-03-16 04:57:34,928 INFO: [n1_L4] Epoch 66/100 — loss: -1.05427, pcc: 0.9336, lr: 5.15e-04 (5045s)
2026-03-16 04:59:47,158 INFO: [n1_L4] Epoch 67/100 — loss: -1.05841, pcc: 0.9362, lr: 5.10e-04 (5178s)
2026-03-16 05:02:01,350 INFO: [n1_L4] Epoch 68/100 — loss: -1.06152, pcc: 0.9378, lr: 5.05e-04 (5312s)
2026-03-16 05:04:17,129 INFO: [n1_L4] Epoch 69/100 — loss: -1.05867, pcc: 0.9366, lr: 5.00e-04 (5448s)
2026-03-16 05:06:27,629 INFO: [n1_L4] Epoch 70/100 — loss: -1.05381, pcc: 0.9335, lr: 4.95e-04 (5578s)
2026-03-16 05:08:40,602 INFO: [n1_L4] Epoch 71/100 — loss: -1.04889, pcc: 0.9303, lr: 4.90e-04 (5711s)
2026-03-16 05:10:53,078 INFO: [n1_L4] Epoch 72/100 — loss: -1.05745, pcc: 0.9351, lr: 4.85e-04 (5844s)
2026-03-16 05:13:10,385 INFO: [n1_L4] Epoch 73/100 — loss: -1.06163, pcc: 0.9372, lr: 4.80e-04 (5981s)
2026-03-16 05:15:20,380 INFO: [n1_L4] Epoch 74/100 — loss: -1.06272, pcc: 0.9381, lr: 4.75e-04 (6111s)
2026-03-16 05:17:35,349 INFO: [n1_L4] Epoch 75/100 — loss: -1.05910, pcc: 0.9357, lr: 4.71e-04 (6246s)
2026-03-16 05:19:43,818 INFO: [n1_L4] Epoch 76/100 — loss: -1.05361, pcc: 0.9325, lr: 4.66e-04 (6374s)
2026-03-16 05:21:55,754 INFO: [n1_L4] Epoch 77/100 — loss: -1.06388, pcc: 0.9381, lr: 4.61e-04 (6506s)
2026-03-16 05:24:02,774 INFO: [n1_L4] Epoch 78/100 — loss: -1.06374, pcc: 0.9381, lr: 4.57e-04 (6633s)
2026-03-16 05:26:12,462 INFO: [n1_L4] Epoch 79/100 — loss: -1.06130, pcc: 0.9368, lr: 4.52e-04 (6763s)
2026-03-16 05:28:20,074 INFO: [n1_L4] Epoch 80/100 — loss: -1.06556, pcc: 0.9393, lr: 4.48e-04 (6891s)
2026-03-16 05:29:50,660 INFO: [n1_L4] Epoch 81/100 — loss: -1.04964, pcc: 0.9298, lr: 4.43e-04 (6981s)
2026-03-16 05:31:05,777 INFO: [n1_L4] Epoch 82/100 — loss: -1.05162, pcc: 0.9308, lr: 4.39e-04 (7056s)
2026-03-16 05:32:17,788 INFO: [n1_L4] Epoch 83/100 — loss: -1.04962, pcc: 0.9301, lr: 4.34e-04 (7128s)
2026-03-16 05:33:30,047 INFO: [n1_L4] Epoch 84/100 — loss: -1.05608, pcc: 0.9334, lr: 4.30e-04 (7200s)
2026-03-16 05:34:41,845 INFO: [n1_L4] Epoch 85/100 — loss: -1.06512, pcc: 0.9390, lr: 4.26e-04 (7272s)
2026-03-16 05:35:53,852 INFO: [n1_L4] Epoch 86/100 — loss: -1.06595, pcc: 0.9393, lr: 4.21e-04 (7344s)
2026-03-16 05:37:04,735 INFO: [n1_L4] Epoch 87/100 — loss: -1.06626, pcc: 0.9397, lr: 4.17e-04 (7415s)
2026-03-16 05:38:15,796 INFO: [n1_L4] Epoch 88/100 — loss: -1.05824, pcc: 0.9348, lr: 4.13e-04 (7486s)
2026-03-16 05:39:26,891 INFO: [n1_L4] Epoch 89/100 — loss: -1.06155, pcc: 0.9364, lr: 4.09e-04 (7557s)
2026-03-16 05:40:47,917 INFO: [n1_L4] Epoch 90/100 — loss: -1.06377, pcc: 0.9374, lr: 4.05e-04 (7638s)
2026-03-16 05:41:59,331 INFO: [n1_L4] Epoch 91/100 — loss: -1.06653, pcc: 0.9396, lr: 4.01e-04 (7710s)
2026-03-16 05:43:12,271 INFO: [n1_L4] Epoch 92/100 — loss: -1.06458, pcc: 0.9384, lr: 3.97e-04 (7783s)
2026-03-16 05:44:23,525 INFO: [n1_L4] Epoch 93/100 — loss: -1.05857, pcc: 0.9337, lr: 3.93e-04 (7854s)
2026-03-16 05:45:35,946 INFO: [n1_L4] Epoch 94/100 — loss: -1.06090, pcc: 0.9355, lr: 3.89e-04 (7926s)
2026-03-16 05:46:48,987 INFO: [n1_L4] Epoch 95/100 — loss: -1.06364, pcc: 0.9370, lr: 3.85e-04 (7999s)
2026-03-16 05:48:00,849 INFO: [n1_L4] Epoch 96/100 — loss: -1.06505, pcc: 0.9378, lr: 3.81e-04 (8071s)
2026-03-16 05:49:12,201 INFO: [n1_L4] Epoch 97/100 — loss: -1.06822, pcc: 0.9399, lr: 3.77e-04 (8143s)
2026-03-16 05:50:22,692 INFO: [n1_L4] Epoch 98/100 — loss: -1.06860, pcc: 0.9401, lr: 3.73e-04 (8213s)
2026-03-16 05:51:33,744 INFO: [n1_L4] Epoch 99/100 — loss: -1.06249, pcc: 0.9362, lr: 3.70e-04 (8284s)
2026-03-16 05:52:43,462 INFO: [n1_L4] Epoch 100/100 — loss: -1.06602, pcc: 0.9378, lr: 3.66e-04 (8354s)
2026-03-16 05:52:43,487 INFO: [n1_L4] Done in 139.2 min
2026-03-16 05:52:43,520 INFO: ============================================================
2026-03-16 05:52:43,520 INFO: Training: n10_L4 (L=4, n=10, epochs=100)
2026-03-16 05:52:43,580 INFO: [n10_L4] Using batch_size=4 (B*n=40)
2026-03-16 05:52:43,583 INFO: [n10_L4] 4 layers, 230400 params
2026-03-16 05:54:49,776 INFO: [n10_L4] Epoch 1/100 — loss: -0.82196, pcc: 0.8128, lr: 9.90e-04 (126s)
2026-03-16 05:56:55,737 INFO: [n10_L4] Epoch 2/100 — loss: -0.90033, pcc: 0.8767, lr: 9.80e-04 (252s)
2026-03-16 05:59:01,784 INFO: [n10_L4] Epoch 3/100 — loss: -0.91973, pcc: 0.8806, lr: 9.70e-04 (378s)
2026-03-16 06:01:07,980 INFO: [n10_L4] Epoch 4/100 — loss: -0.93803, pcc: 0.8844, lr: 9.61e-04 (504s)
2026-03-16 06:03:14,071 INFO: [n10_L4] Epoch 5/100 — loss: -0.95209, pcc: 0.8878, lr: 9.51e-04 (630s)
2026-03-16 06:05:20,195 INFO: [n10_L4] Epoch 6/100 — loss: -0.96168, pcc: 0.8903, lr: 9.41e-04 (757s)
2026-03-16 06:07:26,724 INFO: [n10_L4] Epoch 7/100 — loss: -0.96125, pcc: 0.8869, lr: 9.32e-04 (883s)
2026-03-16 06:09:32,920 INFO: [n10_L4] Epoch 8/100 — loss: -0.96305, pcc: 0.8866, lr: 9.23e-04 (1009s)
2026-03-16 06:11:39,005 INFO: [n10_L4] Epoch 9/100 — loss: -0.97715, pcc: 0.8936, lr: 9.14e-04 (1135s)
2026-03-16 06:13:44,988 INFO: [n10_L4] Epoch 10/100 — loss: -0.97704, pcc: 0.8924, lr: 9.04e-04 (1261s)
2026-03-16 06:15:51,130 INFO: [n10_L4] Epoch 11/100 — loss: -0.97908, pcc: 0.8926, lr: 8.95e-04 (1388s)
2026-03-16 06:17:57,365 INFO: [n10_L4] Epoch 12/100 — loss: -0.98135, pcc: 0.8933, lr: 8.86e-04 (1514s)
2026-03-16 06:20:03,544 INFO: [n10_L4] Epoch 13/100 — loss: -0.97495, pcc: 0.8882, lr: 8.78e-04 (1640s)
2026-03-16 06:22:09,724 INFO: [n10_L4] Epoch 14/100 — loss: -0.98689, pcc: 0.8951, lr: 8.69e-04 (1766s)
2026-03-16 06:24:15,867 INFO: [n10_L4] Epoch 15/100 — loss: -0.98462, pcc: 0.8931, lr: 8.60e-04 (1892s)
2026-03-16 06:26:22,024 INFO: [n10_L4] Epoch 16/100 — loss: -0.98787, pcc: 0.8948, lr: 8.51e-04 (2018s)
2026-03-16 06:28:28,191 INFO: [n10_L4] Epoch 17/100 — loss: -0.97979, pcc: 0.8891, lr: 8.43e-04 (2145s)
2026-03-16 06:30:34,467 INFO: [n10_L4] Epoch 18/100 — loss: -0.97722, pcc: 0.8871, lr: 8.35e-04 (2271s)
2026-03-16 06:32:40,664 INFO: [n10_L4] Epoch 19/100 — loss: -0.98832, pcc: 0.8935, lr: 8.26e-04 (2397s)
2026-03-16 06:34:47,161 INFO: [n10_L4] Epoch 20/100 — loss: -0.98754, pcc: 0.8924, lr: 8.18e-04 (2524s)
2026-03-16 06:36:53,380 INFO: [n10_L4] Epoch 21/100 — loss: -0.99133, pcc: 0.8942, lr: 8.10e-04 (2650s)
2026-03-16 06:38:59,552 INFO: [n10_L4] Epoch 22/100 — loss: -0.98729, pcc: 0.8916, lr: 8.02e-04 (2776s)
2026-03-16 06:41:05,633 INFO: [n10_L4] Epoch 23/100 — loss: -0.98602, pcc: 0.8908, lr: 7.94e-04 (2902s)
2026-03-16 06:43:11,908 INFO: [n10_L4] Epoch 24/100 — loss: -0.99270, pcc: 0.8949, lr: 7.86e-04 (3028s)
2026-03-16 06:45:18,285 INFO: [n10_L4] Epoch 25/100 — loss: -0.98692, pcc: 0.8906, lr: 7.78e-04 (3155s)
2026-03-16 06:47:24,605 INFO: [n10_L4] Epoch 26/100 — loss: -0.99168, pcc: 0.8935, lr: 7.70e-04 (3281s)
2026-03-16 06:49:30,956 INFO: [n10_L4] Epoch 27/100 — loss: -0.99273, pcc: 0.8939, lr: 7.62e-04 (3407s)
2026-03-16 06:51:37,471 INFO: [n10_L4] Epoch 28/100 — loss: -0.99341, pcc: 0.8942, lr: 7.55e-04 (3534s)
2026-03-16 06:53:43,889 INFO: [n10_L4] Epoch 29/100 — loss: -0.98892, pcc: 0.8909, lr: 7.47e-04 (3660s)
2026-03-16 06:55:50,276 INFO: [n10_L4] Epoch 30/100 — loss: -0.99444, pcc: 0.8940, lr: 7.40e-04 (3787s)
2026-03-16 06:57:56,581 INFO: [n10_L4] Epoch 31/100 — loss: -0.99489, pcc: 0.8940, lr: 7.32e-04 (3913s)
2026-03-16 07:00:02,993 INFO: [n10_L4] Epoch 32/100 — loss: -0.99777, pcc: 0.8957, lr: 7.25e-04 (4039s)
2026-03-16 07:02:09,451 INFO: [n10_L4] Epoch 33/100 — loss: -0.99278, pcc: 0.8930, lr: 7.18e-04 (4166s)
2026-03-16 07:04:15,799 INFO: [n10_L4] Epoch 34/100 — loss: -0.99863, pcc: 0.8963, lr: 7.11e-04 (4292s)
2026-03-16 07:06:22,096 INFO: [n10_L4] Epoch 35/100 — loss: -0.99240, pcc: 0.8923, lr: 7.03e-04 (4419s)
2026-03-16 07:08:28,344 INFO: [n10_L4] Epoch 36/100 — loss: -0.99519, pcc: 0.8936, lr: 6.96e-04 (4545s)
2026-03-16 07:10:34,586 INFO: [n10_L4] Epoch 37/100 — loss: -0.99473, pcc: 0.8931, lr: 6.89e-04 (4671s)
2026-03-16 07:12:40,838 INFO: [n10_L4] Epoch 38/100 — loss: -0.99379, pcc: 0.8927, lr: 6.83e-04 (4797s)
2026-03-16 07:14:47,076 INFO: [n10_L4] Epoch 39/100 — loss: -0.99330, pcc: 0.8921, lr: 6.76e-04 (4923s)
2026-03-16 07:16:53,357 INFO: [n10_L4] Epoch 40/100 — loss: -0.99389, pcc: 0.8925, lr: 6.69e-04 (5050s)
2026-03-16 07:18:59,728 INFO: [n10_L4] Epoch 41/100 — loss: -0.99751, pcc: 0.8942, lr: 6.62e-04 (5176s)
2026-03-16 07:21:05,968 INFO: [n10_L4] Epoch 42/100 — loss: -0.99876, pcc: 0.8955, lr: 6.56e-04 (5302s)
2026-03-16 07:23:12,220 INFO: [n10_L4] Epoch 43/100 — loss: -0.99921, pcc: 0.8948, lr: 6.49e-04 (5429s)
2026-03-16 07:25:18,498 INFO: [n10_L4] Epoch 44/100 — loss: -0.99557, pcc: 0.8926, lr: 6.43e-04 (5555s)
2026-03-16 07:27:24,761 INFO: [n10_L4] Epoch 45/100 — loss: -0.99758, pcc: 0.8936, lr: 6.36e-04 (5681s)
2026-03-16 07:29:31,090 INFO: [n10_L4] Epoch 46/100 — loss: -1.00246, pcc: 0.8970, lr: 6.30e-04 (5808s)
2026-03-16 07:31:37,444 INFO: [n10_L4] Epoch 47/100 — loss: -1.00494, pcc: 0.8984, lr: 6.24e-04 (5934s)
2026-03-16 07:33:43,720 INFO: [n10_L4] Epoch 48/100 — loss: -1.00187, pcc: 0.8966, lr: 6.17e-04 (6060s)
2026-03-16 07:35:49,956 INFO: [n10_L4] Epoch 49/100 — loss: -1.00650, pcc: 0.8995, lr: 6.11e-04 (6186s)
2026-03-16 07:37:56,269 INFO: [n10_L4] Epoch 50/100 — loss: -1.00459, pcc: 0.8985, lr: 6.05e-04 (6313s)
2026-03-16 07:40:02,540 INFO: [n10_L4] Epoch 51/100 — loss: -1.01420, pcc: 0.9046, lr: 5.99e-04 (6439s)
2026-03-16 07:42:08,641 INFO: [n10_L4] Epoch 52/100 — loss: -0.99909, pcc: 0.8947, lr: 5.93e-04 (6565s)
2026-03-16 07:44:14,697 INFO: [n10_L4] Epoch 53/100 — loss: -0.99823, pcc: 0.8934, lr: 5.87e-04 (6691s)
2026-03-16 07:46:20,792 INFO: [n10_L4] Epoch 54/100 — loss: -1.00378, pcc: 0.8974, lr: 5.81e-04 (6817s)
2026-03-16 07:48:26,832 INFO: [n10_L4] Epoch 55/100 — loss: -1.00230, pcc: 0.8964, lr: 5.75e-04 (6943s)
2026-03-16 07:50:32,644 INFO: [n10_L4] Epoch 56/100 — loss: -1.00152, pcc: 0.8957, lr: 5.70e-04 (7069s)
2026-03-16 07:52:38,672 INFO: [n10_L4] Epoch 57/100 — loss: -1.00471, pcc: 0.8981, lr: 5.64e-04 (7195s)
2026-03-16 07:54:45,880 INFO: [n10_L4] Epoch 58/100 — loss: -1.00584, pcc: 0.8985, lr: 5.58e-04 (7322s)
2026-03-16 07:56:51,957 INFO: [n10_L4] Epoch 59/100 — loss: -1.00000, pcc: 0.8947, lr: 5.53e-04 (7448s)
2026-03-16 07:58:58,512 INFO: [n10_L4] Epoch 60/100 — loss: -1.00094, pcc: 0.8954, lr: 5.47e-04 (7575s)
2026-03-16 08:01:04,712 INFO: [n10_L4] Epoch 61/100 — loss: -1.00542, pcc: 0.8983, lr: 5.42e-04 (7701s)
2026-03-16 08:03:10,840 INFO: [n10_L4] Epoch 62/100 — loss: -1.00177, pcc: 0.8958, lr: 5.36e-04 (7827s)
2026-03-16 08:05:17,061 INFO: [n10_L4] Epoch 63/100 — loss: -1.00455, pcc: 0.8975, lr: 5.31e-04 (7953s)
2026-03-16 08:07:23,332 INFO: [n10_L4] Epoch 64/100 — loss: -1.00964, pcc: 0.9011, lr: 5.26e-04 (8080s)
2026-03-16 08:09:29,304 INFO: [n10_L4] Epoch 65/100 — loss: -1.00432, pcc: 0.8975, lr: 5.20e-04 (8206s)
2026-03-16 08:11:35,352 INFO: [n10_L4] Epoch 66/100 — loss: -1.00301, pcc: 0.8967, lr: 5.15e-04 (8332s)
2026-03-16 08:13:41,404 INFO: [n10_L4] Epoch 67/100 — loss: -1.00500, pcc: 0.8974, lr: 5.10e-04 (8458s)
2026-03-16 08:15:48,204 INFO: [n10_L4] Epoch 68/100 — loss: -1.00148, pcc: 0.8952, lr: 5.05e-04 (8585s)
2026-03-16 08:17:54,432 INFO: [n10_L4] Epoch 69/100 — loss: -1.00280, pcc: 0.8960, lr: 5.00e-04 (8711s)
2026-03-16 08:20:00,731 INFO: [n10_L4] Epoch 70/100 — loss: -1.00428, pcc: 0.8969, lr: 4.95e-04 (8837s)
2026-03-16 08:22:07,059 INFO: [n10_L4] Epoch 71/100 — loss: -0.99981, pcc: 0.8940, lr: 4.90e-04 (8963s)
2026-03-16 08:24:13,404 INFO: [n10_L4] Epoch 72/100 — loss: -1.00339, pcc: 0.8960, lr: 4.85e-04 (9090s)
2026-03-16 08:26:19,688 INFO: [n10_L4] Epoch 73/100 — loss: -1.00784, pcc: 0.8989, lr: 4.80e-04 (9216s)
2026-03-16 08:28:25,893 INFO: [n10_L4] Epoch 74/100 — loss: -1.00553, pcc: 0.8977, lr: 4.75e-04 (9342s)
2026-03-16 08:30:32,217 INFO: [n10_L4] Epoch 75/100 — loss: -1.00152, pcc: 0.8948, lr: 4.71e-04 (9469s)
2026-03-16 08:32:38,460 INFO: [n10_L4] Epoch 76/100 — loss: -1.00414, pcc: 0.8963, lr: 4.66e-04 (9595s)
2026-03-16 08:34:44,780 INFO: [n10_L4] Epoch 77/100 — loss: -1.00601, pcc: 0.8979, lr: 4.61e-04 (9721s)
2026-03-16 08:36:51,144 INFO: [n10_L4] Epoch 78/100 — loss: -1.00482, pcc: 0.8966, lr: 4.57e-04 (9848s)
2026-03-16 08:38:57,453 INFO: [n10_L4] Epoch 79/100 — loss: -1.00702, pcc: 0.8987, lr: 4.52e-04 (9974s)
2026-03-16 08:41:03,714 INFO: [n10_L4] Epoch 80/100 — loss: -1.00412, pcc: 0.8964, lr: 4.48e-04 (10100s)
2026-03-16 08:43:10,087 INFO: [n10_L4] Epoch 81/100 — loss: -1.00321, pcc: 0.8958, lr: 4.43e-04 (10227s)
2026-03-16 08:45:16,456 INFO: [n10_L4] Epoch 82/100 — loss: -1.00453, pcc: 0.8964, lr: 4.39e-04 (10353s)
2026-03-16 08:47:22,813 INFO: [n10_L4] Epoch 83/100 — loss: -0.99919, pcc: 0.8928, lr: 4.34e-04 (10479s)
2026-03-16 08:49:29,049 INFO: [n10_L4] Epoch 84/100 — loss: -1.00684, pcc: 0.8981, lr: 4.30e-04 (10605s)
2026-03-16 08:51:35,415 INFO: [n10_L4] Epoch 85/100 — loss: -1.00138, pcc: 0.8943, lr: 4.26e-04 (10732s)
2026-03-16 08:53:41,666 INFO: [n10_L4] Epoch 86/100 — loss: -1.00803, pcc: 0.8987, lr: 4.21e-04 (10858s)
2026-03-16 08:55:47,939 INFO: [n10_L4] Epoch 87/100 — loss: -1.01181, pcc: 0.9011, lr: 4.17e-04 (10984s)
2026-03-16 08:57:54,201 INFO: [n10_L4] Epoch 88/100 — loss: -1.00445, pcc: 0.8966, lr: 4.13e-04 (11111s)
2026-03-16 09:00:00,430 INFO: [n10_L4] Epoch 89/100 — loss: -1.00640, pcc: 0.8978, lr: 4.09e-04 (11237s)
2026-03-16 09:02:06,848 INFO: [n10_L4] Epoch 90/100 — loss: -1.00739, pcc: 0.8984, lr: 4.05e-04 (11363s)
2026-03-16 09:04:13,496 INFO: [n10_L4] Epoch 91/100 — loss: -1.00329, pcc: 0.8957, lr: 4.01e-04 (11490s)
2026-03-16 09:06:20,374 INFO: [n10_L4] Epoch 92/100 — loss: -1.00733, pcc: 0.8984, lr: 3.97e-04 (11617s)
2026-03-16 09:08:27,050 INFO: [n10_L4] Epoch 93/100 — loss: -1.00927, pcc: 0.8993, lr: 3.93e-04 (11743s)
2026-03-16 09:10:33,317 INFO: [n10_L4] Epoch 94/100 — loss: -1.00145, pcc: 0.8947, lr: 3.89e-04 (11870s)
2026-03-16 09:12:39,716 INFO: [n10_L4] Epoch 95/100 — loss: -1.00501, pcc: 0.8969, lr: 3.85e-04 (11996s)
2026-03-16 09:14:45,888 INFO: [n10_L4] Epoch 96/100 — loss: -1.00846, pcc: 0.8988, lr: 3.81e-04 (12122s)
2026-03-16 09:16:52,320 INFO: [n10_L4] Epoch 97/100 — loss: -1.00286, pcc: 0.8952, lr: 3.77e-04 (12249s)
2026-03-16 09:18:58,863 INFO: [n10_L4] Epoch 98/100 — loss: -1.01052, pcc: 0.9001, lr: 3.73e-04 (12375s)
2026-03-16 09:21:05,388 INFO: [n10_L4] Epoch 99/100 — loss: -1.00696, pcc: 0.8980, lr: 3.70e-04 (12502s)
2026-03-16 09:23:12,097 INFO: [n10_L4] Epoch 100/100 — loss: -1.00536, pcc: 0.8966, lr: 3.66e-04 (12629s)
2026-03-16 09:23:12,114 INFO: [n10_L4] Done in 210.5 min
2026-03-16 09:23:12,171 INFO: ============================================================
2026-03-16 09:23:12,171 INFO: Training: n15_L4 (L=4, n=15, epochs=100)
2026-03-16 09:23:12,222 INFO: [n15_L4] Using batch_size=4 (B*n=60)
2026-03-16 09:23:12,226 INFO: [n15_L4] 4 layers, 230400 params
2026-03-16 09:26:11,532 INFO: [n15_L4] Epoch 1/100 — loss: -0.81721, pcc: 0.8074, lr: 9.90e-04 (179s)
2026-03-16 09:29:10,883 INFO: [n15_L4] Epoch 2/100 — loss: -0.89781, pcc: 0.8721, lr: 9.80e-04 (359s)
2026-03-16 09:32:09,972 INFO: [n15_L4] Epoch 3/100 — loss: -0.92171, pcc: 0.8778, lr: 9.70e-04 (538s)
2026-03-16 09:35:09,112 INFO: [n15_L4] Epoch 4/100 — loss: -0.94022, pcc: 0.8817, lr: 9.61e-04 (717s)
2026-03-16 09:38:08,304 INFO: [n15_L4] Epoch 5/100 — loss: -0.95405, pcc: 0.8854, lr: 9.51e-04 (896s)
2026-03-16 09:41:07,490 INFO: [n15_L4] Epoch 6/100 — loss: -0.96459, pcc: 0.8887, lr: 9.41e-04 (1075s)
2026-03-16 09:44:06,630 INFO: [n15_L4] Epoch 7/100 — loss: -0.96149, pcc: 0.8838, lr: 9.32e-04 (1254s)
2026-03-16 09:47:05,685 INFO: [n15_L4] Epoch 8/100 — loss: -0.96901, pcc: 0.8871, lr: 9.23e-04 (1433s)
2026-03-16 09:50:05,117 INFO: [n15_L4] Epoch 9/100 — loss: -0.97445, pcc: 0.8889, lr: 9.14e-04 (1613s)
2026-03-16 09:53:04,273 INFO: [n15_L4] Epoch 10/100 — loss: -0.97529, pcc: 0.8888, lr: 9.04e-04 (1792s)
2026-03-16 09:56:03,405 INFO: [n15_L4] Epoch 11/100 — loss: -0.97912, pcc: 0.8897, lr: 8.95e-04 (1971s)
2026-03-16 09:59:02,604 INFO: [n15_L4] Epoch 12/100 — loss: -0.98098, pcc: 0.8904, lr: 8.86e-04 (2150s)
2026-03-16 10:02:01,686 INFO: [n15_L4] Epoch 13/100 — loss: -0.97315, pcc: 0.8843, lr: 8.78e-04 (2329s)
2026-03-16 10:05:00,948 INFO: [n15_L4] Epoch 14/100 — loss: -0.98530, pcc: 0.8917, lr: 8.69e-04 (2509s)
2026-03-16 10:08:00,094 INFO: [n15_L4] Epoch 15/100 — loss: -0.98445, pcc: 0.8908, lr: 8.60e-04 (2688s)
2026-03-16 10:10:59,219 INFO: [n15_L4] Epoch 16/100 — loss: -0.98681, pcc: 0.8918, lr: 8.51e-04 (2867s)
2026-03-16 10:13:58,408 INFO: [n15_L4] Epoch 17/100 — loss: -0.98069, pcc: 0.8871, lr: 8.43e-04 (3046s)
2026-03-16 10:16:57,550 INFO: [n15_L4] Epoch 18/100 — loss: -0.98158, pcc: 0.8870, lr: 8.35e-04 (3225s)
2026-03-16 10:19:56,773 INFO: [n15_L4] Epoch 19/100 — loss: -0.98821, pcc: 0.8910, lr: 8.26e-04 (3405s)
2026-03-16 10:22:55,957 INFO: [n15_L4] Epoch 20/100 — loss: -0.98576, pcc: 0.8890, lr: 8.18e-04 (3584s)
2026-03-16 10:25:55,268 INFO: [n15_L4] Epoch 21/100 — loss: -0.99021, pcc: 0.8914, lr: 8.10e-04 (3763s)
2026-03-16 10:28:54,857 INFO: [n15_L4] Epoch 22/100 — loss: -0.98780, pcc: 0.8895, lr: 8.02e-04 (3943s)
2026-03-16 10:31:53,986 INFO: [n15_L4] Epoch 23/100 — loss: -0.98706, pcc: 0.8891, lr: 7.94e-04 (4122s)
2026-03-16 10:34:53,323 INFO: [n15_L4] Epoch 24/100 — loss: -0.99237, pcc: 0.8921, lr: 7.86e-04 (4301s)
2026-03-16 10:37:52,470 INFO: [n15_L4] Epoch 25/100 — loss: -0.98884, pcc: 0.8894, lr: 7.78e-04 (4480s)
2026-03-16 10:40:51,808 INFO: [n15_L4] Epoch 26/100 — loss: -0.98910, pcc: 0.8894, lr: 7.70e-04 (4660s)
2026-03-16 10:43:51,035 INFO: [n15_L4] Epoch 27/100 — loss: -0.99384, pcc: 0.8921, lr: 7.62e-04 (4839s)
2026-03-16 10:46:50,506 INFO: [n15_L4] Epoch 28/100 — loss: -0.99443, pcc: 0.8923, lr: 7.55e-04 (5018s)
2026-03-16 10:49:50,158 INFO: [n15_L4] Epoch 29/100 — loss: -0.99055, pcc: 0.8893, lr: 7.47e-04 (5198s)
2026-03-16 10:52:49,660 INFO: [n15_L4] Epoch 30/100 — loss: -0.98944, pcc: 0.8882, lr: 7.40e-04 (5377s)
2026-03-16 10:55:49,162 INFO: [n15_L4] Epoch 31/100 — loss: -0.99440, pcc: 0.8912, lr: 7.32e-04 (5557s)
2026-03-16 10:58:48,230 INFO: [n15_L4] Epoch 32/100 — loss: -0.99602, pcc: 0.8920, lr: 7.25e-04 (5736s)
2026-03-16 11:01:47,372 INFO: [n15_L4] Epoch 33/100 — loss: -0.99453, pcc: 0.8911, lr: 7.18e-04 (5915s)
2026-03-16 11:04:46,489 INFO: [n15_L4] Epoch 34/100 — loss: -0.99917, pcc: 0.8940, lr: 7.11e-04 (6094s)
2026-03-16 11:07:45,548 INFO: [n15_L4] Epoch 35/100 — loss: -0.99693, pcc: 0.8927, lr: 7.03e-04 (6273s)
2026-03-16 11:10:44,838 INFO: [n15_L4] Epoch 36/100 — loss: -0.99534, pcc: 0.8912, lr: 6.96e-04 (6453s)
2026-03-16 11:13:44,740 INFO: [n15_L4] Epoch 37/100 — loss: -0.99498, pcc: 0.8908, lr: 6.89e-04 (6633s)
2026-03-16 11:16:43,707 INFO: [n15_L4] Epoch 38/100 — loss: -0.99532, pcc: 0.8908, lr: 6.83e-04 (6811s)
2026-03-16 11:19:42,746 INFO: [n15_L4] Epoch 39/100 — loss: -0.99413, pcc: 0.8899, lr: 6.76e-04 (6991s)
2026-03-16 11:22:41,942 INFO: [n15_L4] Epoch 40/100 — loss: -0.99642, pcc: 0.8913, lr: 6.69e-04 (7170s)
2026-03-16 11:25:41,086 INFO: [n15_L4] Epoch 41/100 — loss: -0.99812, pcc: 0.8921, lr: 6.62e-04 (7349s)
2026-03-16 11:28:41,387 INFO: [n15_L4] Epoch 42/100 — loss: -0.99488, pcc: 0.8901, lr: 6.56e-04 (7529s)
2026-03-16 11:31:41,775 INFO: [n15_L4] Epoch 43/100 — loss: -0.99864, pcc: 0.8920, lr: 6.49e-04 (7710s)
2026-03-16 11:34:40,826 INFO: [n15_L4] Epoch 44/100 — loss: -0.99544, pcc: 0.8900, lr: 6.43e-04 (7889s)
2026-03-16 11:37:40,368 INFO: [n15_L4] Epoch 45/100 — loss: -0.99571, pcc: 0.8899, lr: 6.36e-04 (8068s)
2026-03-16 11:40:40,240 INFO: [n15_L4] Epoch 46/100 — loss: -1.00081, pcc: 0.8933, lr: 6.30e-04 (8248s)
2026-03-16 11:43:42,238 INFO: [n15_L4] Epoch 47/100 — loss: -1.00323, pcc: 0.8947, lr: 6.24e-04 (8430s)
2026-03-16 11:46:42,118 INFO: [n15_L4] Epoch 48/100 — loss: -1.00294, pcc: 0.8945, lr: 6.17e-04 (8610s)
2026-03-16 11:49:42,333 INFO: [n15_L4] Epoch 49/100 — loss: -0.99938, pcc: 0.8922, lr: 6.11e-04 (8790s)
2026-03-16 11:52:50,866 INFO: [n15_L4] Epoch 50/100 — loss: -1.00142, pcc: 0.8934, lr: 6.05e-04 (8979s)
2026-03-16 11:56:02,717 INFO: [n15_L4] Epoch 51/100 — loss: -1.00783, pcc: 0.8978, lr: 5.99e-04 (9170s)
2026-03-16 11:59:12,583 INFO: [n15_L4] Epoch 52/100 — loss: -0.99751, pcc: 0.8906, lr: 5.93e-04 (9360s)
2026-03-16 12:02:22,771 INFO: [n15_L4] Epoch 53/100 — loss: -0.99603, pcc: 0.8892, lr: 5.87e-04 (9551s)
2026-03-16 12:05:34,204 INFO: [n15_L4] Epoch 54/100 — loss: -1.00302, pcc: 0.8941, lr: 5.81e-04 (9742s)
2026-03-16 12:08:45,039 INFO: [n15_L4] Epoch 55/100 — loss: -1.00301, pcc: 0.8938, lr: 5.75e-04 (9933s)
2026-03-16 12:11:54,620 INFO: [n15_L4] Epoch 56/100 — loss: -1.00027, pcc: 0.8919, lr: 5.70e-04 (10122s)
2026-03-16 12:15:04,977 INFO: [n15_L4] Epoch 57/100 — loss: -1.00027, pcc: 0.8921, lr: 5.64e-04 (10313s)
2026-03-16 12:18:17,036 INFO: [n15_L4] Epoch 58/100 — loss: -1.00332, pcc: 0.8936, lr: 5.58e-04 (10505s)
2026-03-16 12:21:26,870 INFO: [n15_L4] Epoch 59/100 — loss: -1.00024, pcc: 0.8917, lr: 5.53e-04 (10695s)
2026-03-16 12:24:36,200 INFO: [n15_L4] Epoch 60/100 — loss: -1.00325, pcc: 0.8940, lr: 5.47e-04 (10884s)
2026-03-16 12:27:46,679 INFO: [n15_L4] Epoch 61/100 — loss: -1.00219, pcc: 0.8930, lr: 5.42e-04 (11074s)
2026-03-16 12:30:56,571 INFO: [n15_L4] Epoch 62/100 — loss: -1.00028, pcc: 0.8917, lr: 5.36e-04 (11264s)
2026-03-16 12:34:08,256 INFO: [n15_L4] Epoch 63/100 — loss: -1.00242, pcc: 0.8930, lr: 5.31e-04 (11456s)
2026-03-16 12:37:17,874 INFO: [n15_L4] Epoch 64/100 — loss: -1.00610, pcc: 0.8953, lr: 5.26e-04 (11646s)
2026-03-16 12:40:27,363 INFO: [n15_L4] Epoch 65/100 — loss: -1.00409, pcc: 0.8941, lr: 5.20e-04 (11835s)
2026-03-16 12:43:37,285 INFO: [n15_L4] Epoch 66/100 — loss: -1.00201, pcc: 0.8928, lr: 5.15e-04 (12025s)
2026-03-16 12:46:48,712 INFO: [n15_L4] Epoch 67/100 — loss: -1.00577, pcc: 0.8950, lr: 5.10e-04 (12216s)
2026-03-16 12:49:56,874 INFO: [n15_L4] Epoch 68/100 — loss: -1.00062, pcc: 0.8916, lr: 5.05e-04 (12405s)
2026-03-16 12:53:04,660 INFO: [n15_L4] Epoch 69/100 — loss: -1.00191, pcc: 0.8925, lr: 5.00e-04 (12592s)
2026-03-16 12:56:11,661 INFO: [n15_L4] Epoch 70/100 — loss: -1.00175, pcc: 0.8924, lr: 4.95e-04 (12779s)
2026-03-16 12:59:23,424 INFO: [n15_L4] Epoch 71/100 — loss: -1.00086, pcc: 0.8916, lr: 4.90e-04 (12971s)
2026-03-16 13:02:36,256 INFO: [n15_L4] Epoch 72/100 — loss: -1.00184, pcc: 0.8919, lr: 4.85e-04 (13164s)
2026-03-16 13:05:48,137 INFO: [n15_L4] Epoch 73/100 — loss: -1.00634, pcc: 0.8952, lr: 4.80e-04 (13356s)
2026-03-16 13:08:58,532 INFO: [n15_L4] Epoch 74/100 — loss: -1.00409, pcc: 0.8936, lr: 4.75e-04 (13546s)
2026-03-16 13:12:09,699 INFO: [n15_L4] Epoch 75/100 — loss: -1.00166, pcc: 0.8919, lr: 4.71e-04 (13737s)
2026-03-16 13:15:19,946 INFO: [n15_L4] Epoch 76/100 — loss: -1.00061, pcc: 0.8909, lr: 4.66e-04 (13928s)
2026-03-16 13:18:30,086 INFO: [n15_L4] Epoch 77/100 — loss: -1.00413, pcc: 0.8934, lr: 4.61e-04 (14118s)
2026-03-16 13:21:39,958 INFO: [n15_L4] Epoch 78/100 — loss: -1.00341, pcc: 0.8926, lr: 4.57e-04 (14308s)
2026-03-16 13:24:50,233 INFO: [n15_L4] Epoch 79/100 — loss: -1.00579, pcc: 0.8945, lr: 4.52e-04 (14498s)
2026-03-16 13:28:03,964 INFO: [n15_L4] Epoch 80/100 — loss: -1.00353, pcc: 0.8930, lr: 4.48e-04 (14692s)
2026-03-16 13:31:12,670 INFO: [n15_L4] Epoch 81/100 — loss: -1.00373, pcc: 0.8930, lr: 4.43e-04 (14880s)
2026-03-16 13:34:23,046 INFO: [n15_L4] Epoch 82/100 — loss: -1.00401, pcc: 0.8932, lr: 4.39e-04 (15071s)
2026-03-16 13:37:34,244 INFO: [n15_L4] Epoch 83/100 — loss: -1.00030, pcc: 0.8903, lr: 4.34e-04 (15262s)
2026-03-16 13:40:45,366 INFO: [n15_L4] Epoch 84/100 — loss: -1.00408, pcc: 0.8931, lr: 4.30e-04 (15453s)
2026-03-16 13:43:58,080 INFO: [n15_L4] Epoch 85/100 — loss: -1.00177, pcc: 0.8915, lr: 4.26e-04 (15646s)
2026-03-16 13:47:09,040 INFO: [n15_L4] Epoch 86/100 — loss: -1.00558, pcc: 0.8940, lr: 4.21e-04 (15837s)
2026-03-16 13:50:20,428 INFO: [n15_L4] Epoch 87/100 — loss: -1.00815, pcc: 0.8959, lr: 4.17e-04 (16028s)
2026-03-16 13:53:30,580 INFO: [n15_L4] Epoch 88/100 — loss: -1.00203, pcc: 0.8917, lr: 4.13e-04 (16218s)
2026-03-16 13:56:39,148 INFO: [n15_L4] Epoch 89/100 — loss: -1.00605, pcc: 0.8943, lr: 4.09e-04 (16407s)
2026-03-16 13:59:47,855 INFO: [n15_L4] Epoch 90/100 — loss: -1.00602, pcc: 0.8945, lr: 4.05e-04 (16596s)
2026-03-16 14:02:59,984 INFO: [n15_L4] Epoch 91/100 — loss: -1.00472, pcc: 0.8935, lr: 4.01e-04 (16788s)
2026-03-16 14:06:09,981 INFO: [n15_L4] Epoch 92/100 — loss: -1.00588, pcc: 0.8946, lr: 3.97e-04 (16978s)
2026-03-16 14:09:19,757 INFO: [n15_L4] Epoch 93/100 — loss: -1.00483, pcc: 0.8935, lr: 3.93e-04 (17168s)
2026-03-16 14:12:29,404 INFO: [n15_L4] Epoch 94/100 — loss: -1.00370, pcc: 0.8928, lr: 3.89e-04 (17357s)
2026-03-16 14:15:38,392 INFO: [n15_L4] Epoch 95/100 — loss: -1.00372, pcc: 0.8927, lr: 3.85e-04 (17546s)
2026-03-16 14:18:47,598 INFO: [n15_L4] Epoch 96/100 — loss: -1.00599, pcc: 0.8941, lr: 3.81e-04 (17735s)
2026-03-16 14:21:57,925 INFO: [n15_L4] Epoch 97/100 — loss: -1.00023, pcc: 0.8903, lr: 3.77e-04 (17926s)
2026-03-16 14:25:09,950 INFO: [n15_L4] Epoch 98/100 — loss: -1.00990, pcc: 0.8964, lr: 3.73e-04 (18118s)
2026-03-16 14:28:17,747 INFO: [n15_L4] Epoch 99/100 — loss: -1.00929, pcc: 0.8964, lr: 3.70e-04 (18306s)
2026-03-16 14:31:16,586 INFO: [n15_L4] Epoch 100/100 — loss: -1.00206, pcc: 0.8914, lr: 3.66e-04 (18484s)
2026-03-16 14:31:16,622 INFO: [n15_L4] Done in 308.1 min
2026-03-16 14:31:16,680 INFO: ============================================================
2026-03-16 14:31:16,681 INFO: Training: n20_L4 (L=4, n=20, epochs=100)
2026-03-16 14:31:16,749 INFO: [n20_L4] Using batch_size=4 (B*n=80)
2026-03-16 14:31:16,753 INFO: [n20_L4] 4 layers, 230400 params
