Mon Mar 30 11:35:56 PM UTC 2026 focal_pib_only done!
Device: cuda
Models loaded
Test: 500 samples
  batch 0/32
  batch 10/32
  batch 20/32
  batch 30/32

======================================================================
FOCAL PIB ONLY — TEST RESULTS
======================================================================
             |     CO | PIB@5um | PIB@10um | PIB@25um | PIB@50um
----------------------------------------------------------------
      vacuum |   -    |   0.0888  |   0.1652  |   0.9041  |   0.9847 
   turbulent | 0.2592 |   0.0643  |   0.1716  |   0.8297  |   0.9781 
        d2nn | 0.0979 |   0.5561  |   0.8135  |   0.9651  |   0.9785 

Improvement (D2NN / Turbulent):
  PIB@5um: 8.65x (0.0643 -> 0.5561)
  PIB@10um: 4.74x (0.1716 -> 0.8135)
  PIB@25um: 1.16x (0.8297 -> 0.9651)
  PIB@50um: 1.00x (0.9781 -> 0.9785)

Generating figures...
Traceback (most recent call last):
  File "/root/dj/D2NN/kim2026/scripts/eval_focal_pib_only.py", line 208, in <module>
    main()
    ~~~~^^
  File "/root/dj/D2NN/kim2026/scripts/eval_focal_pib_only.py", line 152, in main
    imax = max(np.abs(f[c-Z:c+Z, c-Z:c+Z])**2 for f in [fvac_np, fturb_np, fd2nn_np]).max()
           ~~~^^^^^^^^^^^^^^^^^^^^^^^^^^^^^^^^^^^^^^^^^^^^^^^^^^^^^^^^^^^^^^^^^^^^^^^
ValueError: The truth value of an array with more than one element is ambiguous. Use a.any() or a.all()
Mon Mar 30 11:37:14 PM UTC 2026 Done!
