[20:01:20] [TRAIN] exp=saliency_ecssd_f2mm task=saliency device=cuda epochs=100 log_every=20steps
[20:01:20] [TRAIN] e1/100 s20/80 loss=0.1965 avg=0.2563 465.5sample/s eta=00:01 mem=0.01GB/0.04GB
[20:01:21] [TRAIN] e1/100 s40/80 loss=0.2133 avg=0.2402 700.0sample/s eta=00:00 mem=0.01GB/0.04GB
[20:01:21] [TRAIN] e1/100 s60/80 loss=0.1817 avg=0.2305 843.0sample/s eta=00:00 mem=0.01GB/0.04GB
[20:01:21] [TRAIN] e1/100 s80/80 loss=0.2570 avg=0.2252 946.4sample/s eta=- mem=0.01GB/0.04GB
[20:01:21] [VAL] e1/100 s20/20 loss=0.2150 avg=0.1972 1166.3sample/s eta=- mem=0.03GB/0.06GB
[20:01:21] [EPOCH] 1/100 train_loss=0.2252 train_fmax=- val_loss=0.1972 val_fmax=- lr=0.009998 val_fmax=SKIPPED best_val_fmax=-
[20:01:21] [TRAIN] e2/100 s20/80 loss=0.1882 avg=0.2047 1170.5sample/s eta=00:00 mem=0.01GB/0.04GB
[20:01:21] [TRAIN] e2/100 s40/80 loss=0.1602 avg=0.2001 1225.0sample/s eta=00:00 mem=0.01GB/0.04GB
[20:01:21] [TRAIN] e2/100 s60/80 loss=0.2249 avg=0.2024 1263.5sample/s eta=00:00 mem=0.01GB/0.04GB
[20:01:22] [TRAIN] e2/100 s80/80 loss=0.2070 avg=0.2024 1293.7sample/s eta=- mem=0.01GB/0.04GB
[20:01:22] [VAL] e2/100 s20/20 loss=0.2081 avg=0.1912 1990.2sample/s eta=- mem=0.03GB/0.06GB
[20:01:22] [EPOCH] 2/100 train_loss=0.2024 train_fmax=- val_loss=0.1912 val_fmax=- lr=0.009990 val_fmax=SKIPPED best_val_fmax=-
[20:01:22] [TRAIN] e3/100 s20/80 loss=0.1784 avg=0.2019 1084.6sample/s eta=00:00 mem=0.01GB/0.04GB
[20:01:22] [TRAIN] e3/100 s40/80 loss=0.1653 avg=0.2043 1213.4sample/s eta=00:00 mem=0.01GB/0.04GB
[20:01:22] [TRAIN] e3/100 s60/80 loss=0.2097 avg=0.1987 1263.8sample/s eta=00:00 mem=0.01GB/0.04GB
[20:01:22] [TRAIN] e3/100 s80/80 loss=0.2269 avg=0.1956 1295.6sample/s eta=- mem=0.01GB/0.04GB
[20:01:22] [VAL] e3/100 s20/20 loss=0.2031 avg=0.1878 1890.7sample/s eta=- mem=0.03GB/0.06GB
[20:01:22] [EPOCH] 3/100 train_loss=0.1956 train_fmax=- val_loss=0.1878 val_fmax=- lr=0.009978 val_fmax=SKIPPED best_val_fmax=-
[20:01:23] [TRAIN] e4/100 s20/80 loss=0.1992 avg=0.1894 1098.4sample/s eta=00:00 mem=0.01GB/0.04GB
[20:01:23] [TRAIN] e4/100 s40/80 loss=0.2049 avg=0.1925 1251.4sample/s eta=00:00 mem=0.01GB/0.04GB
[20:01:23] [TRAIN] e4/100 s60/80 loss=0.1993 avg=0.1915 1283.8sample/s eta=00:00 mem=0.01GB/0.04GB
[20:01:23] [TRAIN] e4/100 s80/80 loss=0.1711 avg=0.1912 1327.6sample/s eta=- mem=0.01GB/0.04GB
[20:01:23] [VAL] e4/100 s20/20 loss=0.1980 avg=0.1868 1930.8sample/s eta=- mem=0.03GB/0.06GB
[20:01:23] [EPOCH] 4/100 train_loss=0.1912 train_fmax=- val_loss=0.1868 val_fmax=- lr=0.009961 val_fmax=SKIPPED best_val_fmax=-
[20:01:23] [TRAIN] e5/100 s20/80 loss=0.1679 avg=0.1850 1181.6sample/s eta=00:00 mem=0.01GB/0.04GB
[20:01:23] [TRAIN] e5/100 s40/80 loss=0.1632 avg=0.1860 1292.9sample/s eta=00:00 mem=0.01GB/0.04GB
[20:01:24] [TRAIN] e5/100 s60/80 loss=0.2181 avg=0.1863 1340.5sample/s eta=00:00 mem=0.01GB/0.04GB
[20:01:24] [TRAIN] e5/100 s80/80 loss=0.1456 avg=0.1879 1352.7sample/s eta=- mem=0.01GB/0.04GB
[20:01:24] [VAL] e5/100 s20/20 loss=0.2024 avg=0.1859 1620.7sample/s eta=- mem=0.03GB/0.06GB
[20:01:25] [EPOCH] 5/100 train_loss=0.1879 train_fmax=- val_loss=0.1859 val_fmax=0.5436 lr=0.009939 best_val_fmax=0.5436 *
[20:01:25] [TRAIN] e6/100 s20/80 loss=0.1889 avg=0.1792 1079.5sample/s eta=00:00 mem=0.01GB/0.04GB
[20:01:25] [TRAIN] e6/100 s40/80 loss=0.2275 avg=0.1867 1191.4sample/s eta=00:00 mem=0.01GB/0.04GB
[20:01:26] [TRAIN] e6/100 s60/80 loss=0.2069 avg=0.1850 1242.9sample/s eta=00:00 mem=0.01GB/0.04GB
[20:01:26] [TRAIN] e6/100 s80/80 loss=0.1821 avg=0.1859 1287.7sample/s eta=- mem=0.01GB/0.04GB
[20:01:26] [VAL] e6/100 s20/20 loss=0.1960 avg=0.1846 1983.1sample/s eta=- mem=0.03GB/0.06GB
[20:01:26] [EPOCH] 6/100 train_loss=0.1859 train_fmax=- val_loss=0.1846 val_fmax=- lr=0.009912 val_fmax=SKIPPED best_val_fmax=0.5436
[20:01:26] [TRAIN] e7/100 s20/80 loss=0.2226 avg=0.1839 1098.5sample/s eta=00:00 mem=0.01GB/0.04GB
[20:01:26] [TRAIN] e7/100 s40/80 loss=0.2016 avg=0.1876 1231.7sample/s eta=00:00 mem=0.01GB/0.04GB
[20:01:26] [TRAIN] e7/100 s60/80 loss=0.1888 avg=0.1846 1269.4sample/s eta=00:00 mem=0.01GB/0.04GB
[20:01:26] [TRAIN] e7/100 s80/80 loss=0.1644 avg=0.1841 1309.1sample/s eta=- mem=0.01GB/0.04GB
[20:01:27] [VAL] e7/100 s20/20 loss=0.1976 avg=0.1832 1641.5sample/s eta=- mem=0.03GB/0.06GB
[20:01:27] [EPOCH] 7/100 train_loss=0.1841 train_fmax=- val_loss=0.1832 val_fmax=- lr=0.009880 val_fmax=SKIPPED best_val_fmax=0.5436
[20:01:27] [TRAIN] e8/100 s20/80 loss=0.1846 avg=0.1761 1160.1sample/s eta=00:00 mem=0.01GB/0.04GB
[20:01:27] [TRAIN] e8/100 s40/80 loss=0.1885 avg=0.1816 1276.8sample/s eta=00:00 mem=0.01GB/0.04GB
[20:01:27] [TRAIN] e8/100 s60/80 loss=0.1579 avg=0.1831 1321.6sample/s eta=00:00 mem=0.01GB/0.04GB
[20:01:27] [TRAIN] e8/100 s80/80 loss=0.1796 avg=0.1818 1364.3sample/s eta=- mem=0.01GB/0.04GB
[20:01:27] [VAL] e8/100 s20/20 loss=0.1945 avg=0.1833 1942.9sample/s eta=- mem=0.03GB/0.06GB
[20:01:27] [EPOCH] 8/100 train_loss=0.1818 train_fmax=- val_loss=0.1833 val_fmax=- lr=0.009843 val_fmax=SKIPPED best_val_fmax=0.5436
[20:01:27] [TRAIN] e9/100 s20/80 loss=0.1929 avg=0.1805 1191.1sample/s eta=00:00 mem=0.01GB/0.04GB
[20:01:28] [TRAIN] e9/100 s40/80 loss=0.1763 avg=0.1786 1311.2sample/s eta=00:00 mem=0.01GB/0.04GB
[20:01:28] [TRAIN] e9/100 s60/80 loss=0.1664 avg=0.1812 1340.8sample/s eta=00:00 mem=0.01GB/0.04GB
[20:01:28] [TRAIN] e9/100 s80/80 loss=0.1679 avg=0.1808 1376.2sample/s eta=- mem=0.01GB/0.04GB
[20:01:28] [VAL] e9/100 s20/20 loss=0.1968 avg=0.1830 1943.0sample/s eta=- mem=0.03GB/0.06GB
[20:01:28] [EPOCH] 9/100 train_loss=0.1808 train_fmax=- val_loss=0.1830 val_fmax=- lr=0.009802 val_fmax=SKIPPED best_val_fmax=0.5436
[20:01:28] [TRAIN] e10/100 s20/80 loss=0.2466 avg=0.1803 1192.5sample/s eta=00:00 mem=0.01GB/0.04GB
[20:01:28] [TRAIN] e10/100 s40/80 loss=0.1794 avg=0.1818 1286.4sample/s eta=00:00 mem=0.01GB/0.04GB
[20:01:28] [TRAIN] e10/100 s60/80 loss=0.1897 avg=0.1783 1282.0sample/s eta=00:00 mem=0.01GB/0.04GB
[20:01:29] [TRAIN] e10/100 s80/80 loss=0.1583 avg=0.1794 1321.4sample/s eta=- mem=0.01GB/0.04GB
[20:01:29] [VAL] e10/100 s20/20 loss=0.1941 avg=0.1835 1859.9sample/s eta=- mem=0.03GB/0.06GB
[20:01:30] [EPOCH] 10/100 train_loss=0.1794 train_fmax=- val_loss=0.1835 val_fmax=0.5394 lr=0.009756 best_val_fmax=0.5436
[20:01:30] [TRAIN] e11/100 s20/80 loss=0.1991 avg=0.1746 1099.7sample/s eta=00:00 mem=0.01GB/0.04GB
[20:01:30] [TRAIN] e11/100 s40/80 loss=0.1836 avg=0.1768 1223.7sample/s eta=00:00 mem=0.01GB/0.04GB
[20:01:30] [TRAIN] e11/100 s60/80 loss=0.1833 avg=0.1766 1216.3sample/s eta=00:00 mem=0.01GB/0.04GB
[20:01:30] [TRAIN] e11/100 s80/80 loss=0.1967 avg=0.1790 1258.0sample/s eta=- mem=0.01GB/0.04GB
[20:01:31] [VAL] e11/100 s20/20 loss=0.1954 avg=0.1822 1729.0sample/s eta=- mem=0.03GB/0.06GB
[20:01:31] [EPOCH] 11/100 train_loss=0.1790 train_fmax=- val_loss=0.1822 val_fmax=- lr=0.009705 val_fmax=SKIPPED best_val_fmax=0.5436
[20:01:31] [TRAIN] e12/100 s20/80 loss=0.2453 avg=0.1780 1103.2sample/s eta=00:00 mem=0.01GB/0.04GB
[20:01:31] [TRAIN] e12/100 s40/80 loss=0.1975 avg=0.1749 1229.6sample/s eta=00:00 mem=0.01GB/0.04GB
[20:01:31] [TRAIN] e12/100 s60/80 loss=0.1514 avg=0.1770 1271.8sample/s eta=00:00 mem=0.01GB/0.04GB
[20:01:31] [TRAIN] e12/100 s80/80 loss=0.1602 avg=0.1782 1317.1sample/s eta=- mem=0.01GB/0.04GB
[20:01:31] [VAL] e12/100 s20/20 loss=0.1993 avg=0.1830 1764.6sample/s eta=- mem=0.03GB/0.06GB
[20:01:31] [EPOCH] 12/100 train_loss=0.1782 train_fmax=- val_loss=0.1830 val_fmax=- lr=0.009649 val_fmax=SKIPPED best_val_fmax=0.5436
[20:01:31] [TRAIN] e13/100 s20/80 loss=0.1893 avg=0.1813 1122.3sample/s eta=00:00 mem=0.01GB/0.04GB
[20:01:32] [TRAIN] e13/100 s40/80 loss=0.1826 avg=0.1774 1246.9sample/s eta=00:00 mem=0.01GB/0.04GB
[20:01:32] [TRAIN] e13/100 s60/80 loss=0.1921 avg=0.1778 1291.7sample/s eta=00:00 mem=0.01GB/0.04GB
[20:01:32] [TRAIN] e13/100 s80/80 loss=0.1515 avg=0.1772 1337.6sample/s eta=- mem=0.01GB/0.04GB
[20:01:32] [VAL] e13/100 s20/20 loss=0.1947 avg=0.1825 1771.0sample/s eta=- mem=0.03GB/0.06GB
[20:01:32] [EPOCH] 13/100 train_loss=0.1772 train_fmax=- val_loss=0.1825 val_fmax=- lr=0.009589 val_fmax=SKIPPED best_val_fmax=0.5436
[20:01:32] [TRAIN] e14/100 s20/80 loss=0.2078 avg=0.1695 1201.4sample/s eta=00:00 mem=0.01GB/0.04GB
[20:01:32] [TRAIN] e14/100 s40/80 loss=0.1526 avg=0.1704 1291.3sample/s eta=00:00 mem=0.01GB/0.04GB
[20:01:32] [TRAIN] e14/100 s60/80 loss=0.1924 avg=0.1751 1282.3sample/s eta=00:00 mem=0.01GB/0.04GB
[20:01:33] [TRAIN] e14/100 s80/80 loss=0.1889 avg=0.1765 1326.0sample/s eta=- mem=0.01GB/0.04GB
[20:01:33] [VAL] e14/100 s20/20 loss=0.1928 avg=0.1817 1908.7sample/s eta=- mem=0.03GB/0.06GB
[20:01:33] [EPOCH] 14/100 train_loss=0.1765 train_fmax=- val_loss=0.1817 val_fmax=- lr=0.009525 val_fmax=SKIPPED best_val_fmax=0.5436
[20:01:33] [TRAIN] e15/100 s20/80 loss=0.1948 avg=0.1748 1151.4sample/s eta=00:00 mem=0.01GB/0.04GB
[20:01:33] [TRAIN] e15/100 s40/80 loss=0.1672 avg=0.1764 1244.5sample/s eta=00:00 mem=0.01GB/0.04GB
[20:01:33] [TRAIN] e15/100 s60/80 loss=0.1576 avg=0.1762 1297.5sample/s eta=00:00 mem=0.01GB/0.04GB
[20:01:33] [TRAIN] e15/100 s80/80 loss=0.1963 avg=0.1756 1342.8sample/s eta=- mem=0.01GB/0.04GB
[20:01:33] [VAL] e15/100 s20/20 loss=0.1933 avg=0.1820 1818.3sample/s eta=- mem=0.03GB/0.06GB
[20:01:35] [EPOCH] 15/100 train_loss=0.1756 train_fmax=- val_loss=0.1820 val_fmax=0.5456 lr=0.009456 best_val_fmax=0.5456 *
[20:01:35] [TRAIN] e16/100 s20/80 loss=0.1493 avg=0.1769 1174.3sample/s eta=00:00 mem=0.01GB/0.04GB
[20:01:35] [TRAIN] e16/100 s40/80 loss=0.1968 avg=0.1790 1310.3sample/s eta=00:00 mem=0.01GB/0.04GB
[20:01:35] [TRAIN] e16/100 s60/80 loss=0.2425 avg=0.1790 1327.8sample/s eta=00:00 mem=0.01GB/0.04GB
[20:01:35] [TRAIN] e16/100 s80/80 loss=0.1436 avg=0.1751 1359.7sample/s eta=- mem=0.01GB/0.04GB
[20:01:35] [VAL] e16/100 s20/20 loss=0.1936 avg=0.1811 1932.7sample/s eta=- mem=0.03GB/0.06GB
[20:01:35] [EPOCH] 16/100 train_loss=0.1751 train_fmax=- val_loss=0.1811 val_fmax=- lr=0.009382 val_fmax=SKIPPED best_val_fmax=0.5456
[20:01:35] [TRAIN] e17/100 s20/80 loss=0.1672 avg=0.1749 1157.4sample/s eta=00:00 mem=0.01GB/0.04GB
[20:01:36] [TRAIN] e17/100 s40/80 loss=0.1795 avg=0.1743 1260.6sample/s eta=00:00 mem=0.01GB/0.04GB
[20:01:36] [TRAIN] e17/100 s60/80 loss=0.1397 avg=0.1741 1320.3sample/s eta=00:00 mem=0.01GB/0.04GB
[20:01:36] [TRAIN] e17/100 s80/80 loss=0.1765 avg=0.1745 1366.7sample/s eta=- mem=0.01GB/0.04GB
[20:01:36] [VAL] e17/100 s20/20 loss=0.1918 avg=0.1811 1924.0sample/s eta=- mem=0.03GB/0.06GB
[20:01:36] [EPOCH] 17/100 train_loss=0.1745 train_fmax=- val_loss=0.1811 val_fmax=- lr=0.009304 val_fmax=SKIPPED best_val_fmax=0.5456
[20:01:36] [TRAIN] e18/100 s20/80 loss=0.1592 avg=0.1702 1111.4sample/s eta=00:00 mem=0.01GB/0.04GB
[20:01:36] [TRAIN] e18/100 s40/80 loss=0.1636 avg=0.1719 1243.5sample/s eta=00:00 mem=0.01GB/0.04GB
[20:01:36] [TRAIN] e18/100 s60/80 loss=0.1697 avg=0.1745 1273.3sample/s eta=00:00 mem=0.01GB/0.04GB
[20:01:37] [TRAIN] e18/100 s80/80 loss=0.1713 avg=0.1747 1329.5sample/s eta=- mem=0.01GB/0.04GB
[20:01:37] [VAL] e18/100 s20/20 loss=0.1898 avg=0.1812 1929.8sample/s eta=- mem=0.03GB/0.06GB
[20:01:37] [EPOCH] 18/100 train_loss=0.1747 train_fmax=- val_loss=0.1812 val_fmax=- lr=0.009222 val_fmax=SKIPPED best_val_fmax=0.5456
[20:01:37] [TRAIN] e19/100 s20/80 loss=0.2056 avg=0.1759 1197.6sample/s eta=00:00 mem=0.01GB/0.04GB
[20:01:37] [TRAIN] e19/100 s40/80 loss=0.1675 avg=0.1758 1244.9sample/s eta=00:00 mem=0.01GB/0.04GB
[20:01:37] [TRAIN] e19/100 s60/80 loss=0.1716 avg=0.1734 995.5sample/s eta=00:00 mem=0.01GB/0.04GB
[20:01:37] [TRAIN] e19/100 s80/80 loss=0.2020 avg=0.1742 1081.8sample/s eta=- mem=0.01GB/0.04GB
[20:01:38] [VAL] e19/100 s20/20 loss=0.1901 avg=0.1808 1896.0sample/s eta=- mem=0.03GB/0.06GB
[20:01:38] [EPOCH] 19/100 train_loss=0.1742 train_fmax=- val_loss=0.1808 val_fmax=- lr=0.009136 val_fmax=SKIPPED best_val_fmax=0.5456
[20:01:38] [TRAIN] e20/100 s20/80 loss=0.1988 avg=0.1706 1135.4sample/s eta=00:00 mem=0.01GB/0.04GB
[20:01:38] [TRAIN] e20/100 s40/80 loss=0.1578 avg=0.1723 1281.0sample/s eta=00:00 mem=0.01GB/0.04GB
[20:01:38] [TRAIN] e20/100 s60/80 loss=0.1887 avg=0.1733 1347.6sample/s eta=00:00 mem=0.01GB/0.04GB
[20:01:38] [TRAIN] e20/100 s80/80 loss=0.1727 avg=0.1737 1407.3sample/s eta=- mem=0.01GB/0.04GB
[20:01:38] [VAL] e20/100 s20/20 loss=0.1930 avg=0.1802 1812.3sample/s eta=- mem=0.03GB/0.06GB
[20:01:39] [EPOCH] 20/100 train_loss=0.1737 train_fmax=- val_loss=0.1802 val_fmax=0.5509 lr=0.009046 best_val_fmax=0.5509 *
[20:01:40] [TRAIN] e21/100 s20/80 loss=0.1695 avg=0.1777 1135.4sample/s eta=00:00 mem=0.01GB/0.04GB
[20:01:40] [TRAIN] e21/100 s40/80 loss=0.1828 avg=0.1758 1236.6sample/s eta=00:00 mem=0.01GB/0.04GB
[20:01:40] [TRAIN] e21/100 s60/80 loss=0.1347 avg=0.1756 1269.5sample/s eta=00:00 mem=0.01GB/0.04GB
[20:01:40] [TRAIN] e21/100 s80/80 loss=0.1426 avg=0.1733 1316.0sample/s eta=- mem=0.01GB/0.04GB
[20:01:40] [VAL] e21/100 s20/20 loss=0.1918 avg=0.1802 1694.7sample/s eta=- mem=0.03GB/0.06GB
[20:01:40] [EPOCH] 21/100 train_loss=0.1733 train_fmax=- val_loss=0.1802 val_fmax=- lr=0.008952 val_fmax=SKIPPED best_val_fmax=0.5509
[20:01:40] [TRAIN] e22/100 s20/80 loss=0.1295 avg=0.1695 1132.4sample/s eta=00:00 mem=0.01GB/0.04GB
[20:01:41] [TRAIN] e22/100 s40/80 loss=0.1813 avg=0.1726 1235.7sample/s eta=00:00 mem=0.01GB/0.04GB
[20:01:41] [TRAIN] e22/100 s60/80 loss=0.1736 avg=0.1751 1275.3sample/s eta=00:00 mem=0.01GB/0.04GB
[20:01:41] [TRAIN] e22/100 s80/80 loss=0.1545 avg=0.1727 1317.4sample/s eta=- mem=0.01GB/0.04GB
[20:01:41] [VAL] e22/100 s20/20 loss=0.1903 avg=0.1799 1952.9sample/s eta=- mem=0.03GB/0.06GB
[20:01:41] [EPOCH] 22/100 train_loss=0.1727 train_fmax=- val_loss=0.1799 val_fmax=- lr=0.008854 val_fmax=SKIPPED best_val_fmax=0.5509
[20:01:41] [TRAIN] e23/100 s20/80 loss=0.1743 avg=0.1756 1157.5sample/s eta=00:00 mem=0.01GB/0.04GB
[20:01:41] [TRAIN] e23/100 s40/80 loss=0.1649 avg=0.1737 1260.6sample/s eta=00:00 mem=0.01GB/0.04GB
[20:01:41] [TRAIN] e23/100 s60/80 loss=0.1553 avg=0.1739 1315.8sample/s eta=00:00 mem=0.01GB/0.04GB
[20:01:42] [TRAIN] e23/100 s80/80 loss=0.1476 avg=0.1726 1361.5sample/s eta=- mem=0.01GB/0.04GB
[20:01:42] [VAL] e23/100 s20/20 loss=0.1959 avg=0.1803 1908.5sample/s eta=- mem=0.03GB/0.06GB
[20:01:42] [EPOCH] 23/100 train_loss=0.1726 train_fmax=- val_loss=0.1803 val_fmax=- lr=0.008752 val_fmax=SKIPPED best_val_fmax=0.5509
[20:01:42] [TRAIN] e24/100 s20/80 loss=0.1911 avg=0.1753 1102.4sample/s eta=00:00 mem=0.01GB/0.04GB
[20:01:42] [TRAIN] e24/100 s40/80 loss=0.1738 avg=0.1749 1264.1sample/s eta=00:00 mem=0.01GB/0.04GB
[20:01:42] [TRAIN] e24/100 s60/80 loss=0.1431 avg=0.1715 1325.4sample/s eta=00:00 mem=0.01GB/0.04GB
[20:01:42] [TRAIN] e24/100 s80/80 loss=0.2005 avg=0.1721 1359.1sample/s eta=- mem=0.01GB/0.04GB
[20:01:42] [VAL] e24/100 s20/20 loss=0.1947 avg=0.1814 1895.4sample/s eta=- mem=0.03GB/0.06GB
[20:01:42] [EPOCH] 24/100 train_loss=0.1721 train_fmax=- val_loss=0.1814 val_fmax=- lr=0.008646 val_fmax=SKIPPED best_val_fmax=0.5509
[20:01:42] [TRAIN] e25/100 s20/80 loss=0.1823 avg=0.1730 1245.4sample/s eta=00:00 mem=0.01GB/0.04GB
[20:01:43] [TRAIN] e25/100 s40/80 loss=0.2044 avg=0.1730 1357.5sample/s eta=00:00 mem=0.01GB/0.04GB
[20:01:43] [TRAIN] e25/100 s60/80 loss=0.2176 avg=0.1728 1398.2sample/s eta=00:00 mem=0.01GB/0.04GB
[20:01:43] [TRAIN] e25/100 s80/80 loss=0.1593 avg=0.1722 1429.5sample/s eta=- mem=0.01GB/0.04GB
[20:01:43] [VAL] e25/100 s20/20 loss=0.1919 avg=0.1797 1828.9sample/s eta=- mem=0.03GB/0.06GB
[20:01:44] [EPOCH] 25/100 train_loss=0.1722 train_fmax=- val_loss=0.1797 val_fmax=0.5514 lr=0.008537 best_val_fmax=0.5514 *
[20:01:44] [TRAIN] e26/100 s20/80 loss=0.1578 avg=0.1746 1038.0sample/s eta=00:00 mem=0.01GB/0.04GB
[20:01:45] [TRAIN] e26/100 s40/80 loss=0.1576 avg=0.1763 1195.6sample/s eta=00:00 mem=0.01GB/0.04GB
[20:01:45] [TRAIN] e26/100 s60/80 loss=0.2333 avg=0.1740 1247.2sample/s eta=00:00 mem=0.01GB/0.04GB
[20:01:45] [TRAIN] e26/100 s80/80 loss=0.1637 avg=0.1712 1297.6sample/s eta=- mem=0.01GB/0.04GB
[20:01:45] [VAL] e26/100 s20/20 loss=0.1949 avg=0.1791 1769.0sample/s eta=- mem=0.03GB/0.06GB
[20:01:45] [EPOCH] 26/100 train_loss=0.1712 train_fmax=- val_loss=0.1791 val_fmax=- lr=0.008424 val_fmax=SKIPPED best_val_fmax=0.5514
[20:01:45] [TRAIN] e27/100 s20/80 loss=0.1667 avg=0.1783 1169.4sample/s eta=00:00 mem=0.01GB/0.04GB
[20:01:45] [TRAIN] e27/100 s40/80 loss=0.1337 avg=0.1736 1265.3sample/s eta=00:00 mem=0.01GB/0.04GB
[20:01:45] [TRAIN] e27/100 s60/80 loss=0.2054 avg=0.1725 1303.7sample/s eta=00:00 mem=0.01GB/0.04GB
[20:01:46] [TRAIN] e27/100 s80/80 loss=0.1527 avg=0.1710 1342.6sample/s eta=- mem=0.01GB/0.04GB
[20:01:46] [VAL] e27/100 s20/20 loss=0.1905 avg=0.1809 1823.7sample/s eta=- mem=0.03GB/0.06GB
[20:01:46] [EPOCH] 27/100 train_loss=0.1710 train_fmax=- val_loss=0.1809 val_fmax=- lr=0.008308 val_fmax=SKIPPED best_val_fmax=0.5514
[20:01:46] [TRAIN] e28/100 s20/80 loss=0.1752 avg=0.1784 1189.0sample/s eta=00:00 mem=0.01GB/0.04GB
[20:01:46] [TRAIN] e28/100 s40/80 loss=0.1628 avg=0.1751 1269.9sample/s eta=00:00 mem=0.01GB/0.04GB
[20:01:46] [TRAIN] e28/100 s60/80 loss=0.1495 avg=0.1730 1299.7sample/s eta=00:00 mem=0.01GB/0.04GB
[20:01:46] [TRAIN] e28/100 s80/80 loss=0.1535 avg=0.1705 1335.1sample/s eta=- mem=0.01GB/0.04GB
[20:01:46] [VAL] e28/100 s20/20 loss=0.1909 avg=0.1803 1875.9sample/s eta=- mem=0.03GB/0.06GB
[20:01:46] [EPOCH] 28/100 train_loss=0.1705 train_fmax=- val_loss=0.1803 val_fmax=- lr=0.008189 val_fmax=SKIPPED best_val_fmax=0.5514
[20:01:47] [TRAIN] e29/100 s20/80 loss=0.2000 avg=0.1725 1175.1sample/s eta=00:00 mem=0.01GB/0.04GB
[20:01:47] [TRAIN] e29/100 s40/80 loss=0.1543 avg=0.1705 1204.7sample/s eta=00:00 mem=0.01GB/0.04GB
[20:01:47] [TRAIN] e29/100 s60/80 loss=0.1388 avg=0.1708 1254.7sample/s eta=00:00 mem=0.01GB/0.04GB
[20:01:47] [TRAIN] e29/100 s80/80 loss=0.1575 avg=0.1702 1267.6sample/s eta=- mem=0.01GB/0.04GB
[20:01:47] [VAL] e29/100 s20/20 loss=0.1925 avg=0.1827 1984.4sample/s eta=- mem=0.03GB/0.06GB
[20:01:47] [EPOCH] 29/100 train_loss=0.1702 train_fmax=- val_loss=0.1827 val_fmax=- lr=0.008066 val_fmax=SKIPPED best_val_fmax=0.5514
[20:01:47] [TRAIN] e30/100 s20/80 loss=0.2166 avg=0.1771 1153.0sample/s eta=00:00 mem=0.01GB/0.04GB
[20:01:47] [TRAIN] e30/100 s40/80 loss=0.1710 avg=0.1720 1197.1sample/s eta=00:00 mem=0.01GB/0.04GB
[20:01:48] [TRAIN] e30/100 s60/80 loss=0.1836 avg=0.1718 1246.8sample/s eta=00:00 mem=0.01GB/0.04GB
[20:01:48] [TRAIN] e30/100 s80/80 loss=0.1686 avg=0.1703 1291.6sample/s eta=- mem=0.01GB/0.04GB
[20:01:48] [VAL] e30/100 s20/20 loss=0.1916 avg=0.1815 1892.8sample/s eta=- mem=0.03GB/0.06GB
[20:01:49] [EPOCH] 30/100 train_loss=0.1703 train_fmax=- val_loss=0.1815 val_fmax=0.5425 lr=0.007941 best_val_fmax=0.5514
[20:01:49] [TRAIN] e31/100 s20/80 loss=0.1405 avg=0.1674 1029.4sample/s eta=00:00 mem=0.01GB/0.04GB
[20:01:49] [TRAIN] e31/100 s40/80 loss=0.1632 avg=0.1691 1147.0sample/s eta=00:00 mem=0.01GB/0.04GB
[20:01:50] [TRAIN] e31/100 s60/80 loss=0.1871 avg=0.1679 1204.3sample/s eta=00:00 mem=0.01GB/0.04GB
[20:01:50] [TRAIN] e31/100 s80/80 loss=0.1361 avg=0.1701 1263.7sample/s eta=- mem=0.01GB/0.04GB
[20:01:50] [VAL] e31/100 s20/20 loss=0.1969 avg=0.1814 1829.1sample/s eta=- mem=0.03GB/0.06GB
[20:01:50] [EPOCH] 31/100 train_loss=0.1701 train_fmax=- val_loss=0.1814 val_fmax=- lr=0.007813 val_fmax=SKIPPED best_val_fmax=0.5514
[20:01:50] [TRAIN] e32/100 s20/80 loss=0.1908 avg=0.1694 1134.5sample/s eta=00:00 mem=0.01GB/0.04GB
[20:01:50] [TRAIN] e32/100 s40/80 loss=0.1332 avg=0.1675 1287.9sample/s eta=00:00 mem=0.01GB/0.04GB
[20:01:50] [TRAIN] e32/100 s60/80 loss=0.1830 avg=0.1688 1285.9sample/s eta=00:00 mem=0.01GB/0.04GB
[20:01:50] [TRAIN] e32/100 s80/80 loss=0.1797 avg=0.1700 1299.9sample/s eta=- mem=0.01GB/0.04GB
[20:01:51] [VAL] e32/100 s20/20 loss=0.1995 avg=0.1815 1833.8sample/s eta=- mem=0.03GB/0.06GB
[20:01:51] [EPOCH] 32/100 train_loss=0.1700 train_fmax=- val_loss=0.1815 val_fmax=- lr=0.007681 val_fmax=SKIPPED best_val_fmax=0.5514
[20:01:51] [TRAIN] e33/100 s20/80 loss=0.1912 avg=0.1670 1180.8sample/s eta=00:00 mem=0.01GB/0.04GB
[20:01:51] [TRAIN] e33/100 s40/80 loss=0.1462 avg=0.1670 1305.8sample/s eta=00:00 mem=0.01GB/0.04GB
[20:01:51] [TRAIN] e33/100 s60/80 loss=0.1545 avg=0.1667 1342.4sample/s eta=00:00 mem=0.01GB/0.04GB
[20:01:51] [TRAIN] e33/100 s80/80 loss=0.1528 avg=0.1693 1375.2sample/s eta=- mem=0.01GB/0.04GB
[20:01:51] [VAL] e33/100 s20/20 loss=0.1913 avg=0.1815 1987.2sample/s eta=- mem=0.03GB/0.06GB
[20:01:51] [EPOCH] 33/100 train_loss=0.1693 train_fmax=- val_loss=0.1815 val_fmax=- lr=0.007548 val_fmax=SKIPPED best_val_fmax=0.5514
[20:01:51] [TRAIN] e34/100 s20/80 loss=0.1683 avg=0.1688 1242.8sample/s eta=00:00 mem=0.01GB/0.04GB
[20:01:52] [TRAIN] e34/100 s40/80 loss=0.1421 avg=0.1668 1340.8sample/s eta=00:00 mem=0.01GB/0.04GB
[20:01:52] [TRAIN] e34/100 s60/80 loss=0.1911 avg=0.1676 1375.1sample/s eta=00:00 mem=0.01GB/0.04GB
[20:01:52] [TRAIN] e34/100 s80/80 loss=0.2063 avg=0.1687 1355.5sample/s eta=- mem=0.01GB/0.04GB
[20:01:52] [VAL] e34/100 s20/20 loss=0.1937 avg=0.1803 1897.0sample/s eta=- mem=0.03GB/0.06GB
[20:01:52] [EPOCH] 34/100 train_loss=0.1687 train_fmax=- val_loss=0.1803 val_fmax=- lr=0.007411 val_fmax=SKIPPED best_val_fmax=0.5514
[20:01:52] [TRAIN] e35/100 s20/80 loss=0.2037 avg=0.1660 1174.8sample/s eta=00:00 mem=0.01GB/0.04GB
[20:01:52] [TRAIN] e35/100 s40/80 loss=0.1678 avg=0.1629 1313.8sample/s eta=00:00 mem=0.01GB/0.04GB
[20:01:52] [TRAIN] e35/100 s60/80 loss=0.1707 avg=0.1664 1285.6sample/s eta=00:00 mem=0.01GB/0.04GB
[20:01:53] [TRAIN] e35/100 s80/80 loss=0.1378 avg=0.1685 1335.0sample/s eta=- mem=0.01GB/0.04GB
[20:01:53] [VAL] e35/100 s20/20 loss=0.1917 avg=0.1809 1943.6sample/s eta=- mem=0.03GB/0.06GB
[20:01:54] [EPOCH] 35/100 train_loss=0.1685 train_fmax=- val_loss=0.1809 val_fmax=0.5430 lr=0.007273 best_val_fmax=0.5514
[20:01:54] [TRAIN] e36/100 s20/80 loss=0.1497 avg=0.1650 1107.4sample/s eta=00:00 mem=0.01GB/0.04GB
[20:01:54] [TRAIN] e36/100 s40/80 loss=0.1507 avg=0.1661 1163.1sample/s eta=00:00 mem=0.01GB/0.04GB
[20:01:54] [TRAIN] e36/100 s60/80 loss=0.1910 avg=0.1680 1238.2sample/s eta=00:00 mem=0.01GB/0.04GB
[20:01:54] [TRAIN] e36/100 s80/80 loss=0.1691 avg=0.1682 1251.2sample/s eta=- mem=0.01GB/0.04GB
[20:01:55] [VAL] e36/100 s20/20 loss=0.1889 avg=0.1792 1737.4sample/s eta=- mem=0.03GB/0.06GB
[20:01:55] [EPOCH] 36/100 train_loss=0.1682 train_fmax=- val_loss=0.1792 val_fmax=- lr=0.007132 val_fmax=SKIPPED best_val_fmax=0.5514
[20:01:55] [TRAIN] e37/100 s20/80 loss=0.1421 avg=0.1724 1178.1sample/s eta=00:00 mem=0.01GB/0.04GB
[20:01:55] [TRAIN] e37/100 s40/80 loss=0.1595 avg=0.1693 979.7sample/s eta=00:00 mem=0.01GB/0.04GB
[20:01:55] [TRAIN] e37/100 s60/80 loss=0.1541 avg=0.1680 1085.5sample/s eta=00:00 mem=0.01GB/0.04GB
[20:01:55] [TRAIN] e37/100 s80/80 loss=0.2052 avg=0.1683 1155.6sample/s eta=- mem=0.01GB/0.04GB
[20:01:55] [VAL] e37/100 s20/20 loss=0.1931 avg=0.1799 1820.3sample/s eta=- mem=0.03GB/0.06GB
[20:01:55] [EPOCH] 37/100 train_loss=0.1683 train_fmax=- val_loss=0.1799 val_fmax=- lr=0.006989 val_fmax=SKIPPED best_val_fmax=0.5514
[20:01:56] [TRAIN] e38/100 s20/80 loss=0.1734 avg=0.1695 1132.4sample/s eta=00:00 mem=0.01GB/0.04GB
[20:01:56] [TRAIN] e38/100 s40/80 loss=0.1867 avg=0.1707 1212.4sample/s eta=00:00 mem=0.01GB/0.04GB
[20:01:56] [TRAIN] e38/100 s60/80 loss=0.1410 avg=0.1696 1204.5sample/s eta=00:00 mem=0.01GB/0.04GB
[20:01:56] [TRAIN] e38/100 s80/80 loss=0.1598 avg=0.1677 1233.4sample/s eta=- mem=0.01GB/0.04GB
[20:01:56] [VAL] e38/100 s20/20 loss=0.1885 avg=0.1789 1684.7sample/s eta=- mem=0.03GB/0.06GB
[20:01:56] [EPOCH] 38/100 train_loss=0.1677 train_fmax=- val_loss=0.1789 val_fmax=- lr=0.006844 val_fmax=SKIPPED best_val_fmax=0.5514
[20:01:56] [TRAIN] e39/100 s20/80 loss=0.1620 avg=0.1712 1052.2sample/s eta=00:00 mem=0.01GB/0.04GB
[20:01:56] [TRAIN] e39/100 s40/80 loss=0.1715 avg=0.1670 1127.0sample/s eta=00:00 mem=0.01GB/0.04GB
[20:01:57] [TRAIN] e39/100 s60/80 loss=0.1768 avg=0.1678 1160.7sample/s eta=00:00 mem=0.01GB/0.04GB
[20:01:57] [TRAIN] e39/100 s80/80 loss=0.1600 avg=0.1676 1174.1sample/s eta=- mem=0.01GB/0.04GB
[20:01:57] [VAL] e39/100 s20/20 loss=0.1929 avg=0.1785 1904.4sample/s eta=- mem=0.03GB/0.06GB
[20:01:57] [EPOCH] 39/100 train_loss=0.1676 train_fmax=- val_loss=0.1785 val_fmax=- lr=0.006697 val_fmax=SKIPPED best_val_fmax=0.5514
[20:01:57] [TRAIN] e40/100 s20/80 loss=0.1578 avg=0.1695 1118.4sample/s eta=00:00 mem=0.01GB/0.04GB
[20:01:57] [TRAIN] e40/100 s40/80 loss=0.1678 avg=0.1690 1236.9sample/s eta=00:00 mem=0.01GB/0.04GB
[20:01:57] [TRAIN] e40/100 s60/80 loss=0.1769 avg=0.1680 1262.3sample/s eta=00:00 mem=0.01GB/0.04GB
[20:01:58] [TRAIN] e40/100 s80/80 loss=0.1572 avg=0.1677 1299.4sample/s eta=- mem=0.01GB/0.04GB
[20:01:58] [VAL] e40/100 s20/20 loss=0.1875 avg=0.1788 1850.4sample/s eta=- mem=0.03GB/0.06GB
[20:01:59] [EPOCH] 40/100 train_loss=0.1677 train_fmax=- val_loss=0.1788 val_fmax=0.5484 lr=0.006549 best_val_fmax=0.5514
[20:01:59] [TRAIN] e41/100 s20/80 loss=0.1352 avg=0.1624 1192.4sample/s eta=00:00 mem=0.01GB/0.04GB
[20:01:59] [TRAIN] e41/100 s40/80 loss=0.1604 avg=0.1632 1319.1sample/s eta=00:00 mem=0.01GB/0.04GB
[20:01:59] [TRAIN] e41/100 s60/80 loss=0.1752 avg=0.1649 1301.5sample/s eta=00:00 mem=0.01GB/0.04GB
[20:01:59] [TRAIN] e41/100 s80/80 loss=0.1429 avg=0.1672 1357.8sample/s eta=- mem=0.01GB/0.04GB
[20:02:00] [VAL] e41/100 s20/20 loss=0.1873 avg=0.1792 1803.0sample/s eta=- mem=0.03GB/0.06GB
[20:02:00] [EPOCH] 41/100 train_loss=0.1672 train_fmax=- val_loss=0.1792 val_fmax=- lr=0.006399 val_fmax=SKIPPED best_val_fmax=0.5514
[20:02:00] [TRAIN] e42/100 s20/80 loss=0.1423 avg=0.1710 1227.2sample/s eta=00:00 mem=0.01GB/0.04GB
[20:02:00] [TRAIN] e42/100 s40/80 loss=0.1782 avg=0.1667 1302.5sample/s eta=00:00 mem=0.01GB/0.04GB
[20:02:00] [TRAIN] e42/100 s60/80 loss=0.1427 avg=0.1665 1331.5sample/s eta=00:00 mem=0.01GB/0.04GB
[20:02:00] [TRAIN] e42/100 s80/80 loss=0.1789 avg=0.1669 1359.8sample/s eta=- mem=0.01GB/0.04GB
[20:02:00] [VAL] e42/100 s20/20 loss=0.1877 avg=0.1809 1903.4sample/s eta=- mem=0.03GB/0.06GB
[20:02:00] [EPOCH] 42/100 train_loss=0.1669 train_fmax=- val_loss=0.1809 val_fmax=- lr=0.006247 val_fmax=SKIPPED best_val_fmax=0.5514
[20:02:00] [TRAIN] e43/100 s20/80 loss=0.1823 avg=0.1625 1144.0sample/s eta=00:00 mem=0.01GB/0.04GB
[20:02:01] [TRAIN] e43/100 s40/80 loss=0.1824 avg=0.1700 1246.5sample/s eta=00:00 mem=0.01GB/0.04GB
[20:02:01] [TRAIN] e43/100 s60/80 loss=0.1584 avg=0.1679 1210.3sample/s eta=00:00 mem=0.01GB/0.04GB
[20:02:01] [TRAIN] e43/100 s80/80 loss=0.1509 avg=0.1667 1258.8sample/s eta=- mem=0.01GB/0.04GB
[20:02:01] [VAL] e43/100 s20/20 loss=0.1910 avg=0.1797 1900.7sample/s eta=- mem=0.03GB/0.06GB
[20:02:01] [EPOCH] 43/100 train_loss=0.1667 train_fmax=- val_loss=0.1797 val_fmax=- lr=0.006095 val_fmax=SKIPPED best_val_fmax=0.5514
[20:02:01] [TRAIN] e44/100 s20/80 loss=0.1581 avg=0.1613 1127.2sample/s eta=00:00 mem=0.01GB/0.04GB
[20:02:01] [TRAIN] e44/100 s40/80 loss=0.1566 avg=0.1614 1237.2sample/s eta=00:00 mem=0.01GB/0.04GB
[20:02:01] [TRAIN] e44/100 s60/80 loss=0.1955 avg=0.1662 1291.2sample/s eta=00:00 mem=0.01GB/0.04GB
[20:02:02] [TRAIN] e44/100 s80/80 loss=0.1620 avg=0.1663 1323.9sample/s eta=- mem=0.01GB/0.04GB
[20:02:02] [VAL] e44/100 s20/20 loss=0.1910 avg=0.1789 1930.1sample/s eta=- mem=0.03GB/0.06GB
[20:02:02] [EPOCH] 44/100 train_loss=0.1663 train_fmax=- val_loss=0.1789 val_fmax=- lr=0.005941 val_fmax=SKIPPED best_val_fmax=0.5514
[20:02:02] [TRAIN] e45/100 s20/80 loss=0.1649 avg=0.1609 1138.6sample/s eta=00:00 mem=0.01GB/0.04GB
[20:02:02] [TRAIN] e45/100 s40/80 loss=0.1580 avg=0.1620 1276.1sample/s eta=00:00 mem=0.01GB/0.04GB
[20:02:02] [TRAIN] e45/100 s60/80 loss=0.1980 avg=0.1659 1326.1sample/s eta=00:00 mem=0.01GB/0.04GB
[20:02:02] [TRAIN] e45/100 s80/80 loss=0.1925 avg=0.1659 1361.2sample/s eta=- mem=0.01GB/0.04GB
[20:02:02] [VAL] e45/100 s20/20 loss=0.1911 avg=0.1798 1610.0sample/s eta=- mem=0.03GB/0.06GB
[20:02:04] [EPOCH] 45/100 train_loss=0.1659 train_fmax=- val_loss=0.1798 val_fmax=0.5439 lr=0.005786 best_val_fmax=0.5514
[20:02:04] [TRAIN] e46/100 s20/80 loss=0.1472 avg=0.1548 1098.8sample/s eta=00:00 mem=0.01GB/0.04GB
[20:02:04] [TRAIN] e46/100 s40/80 loss=0.1716 avg=0.1670 1206.0sample/s eta=00:00 mem=0.01GB/0.04GB
[20:02:04] [TRAIN] e46/100 s60/80 loss=0.1545 avg=0.1668 1262.3sample/s eta=00:00 mem=0.01GB/0.04GB
[20:02:04] [TRAIN] e46/100 s80/80 loss=0.2130 avg=0.1656 1316.0sample/s eta=- mem=0.01GB/0.04GB
[20:02:04] [VAL] e46/100 s20/20 loss=0.1875 avg=0.1803 1911.3sample/s eta=- mem=0.03GB/0.06GB
[20:02:04] [EPOCH] 46/100 train_loss=0.1656 train_fmax=- val_loss=0.1803 val_fmax=- lr=0.005631 val_fmax=SKIPPED best_val_fmax=0.5514
[20:02:05] [TRAIN] e47/100 s20/80 loss=0.1583 avg=0.1594 933.9sample/s eta=00:00 mem=0.01GB/0.04GB
[20:02:05] [TRAIN] e47/100 s40/80 loss=0.1832 avg=0.1645 1074.2sample/s eta=00:00 mem=0.01GB/0.04GB
[20:02:05] [TRAIN] e47/100 s60/80 loss=0.1632 avg=0.1666 1171.5sample/s eta=00:00 mem=0.01GB/0.04GB
[20:02:05] [TRAIN] e47/100 s80/80 loss=0.1873 avg=0.1655 1233.3sample/s eta=- mem=0.01GB/0.04GB
[20:02:05] [VAL] e47/100 s20/20 loss=0.1871 avg=0.1787 1890.7sample/s eta=- mem=0.03GB/0.06GB
[20:02:05] [EPOCH] 47/100 train_loss=0.1655 train_fmax=- val_loss=0.1787 val_fmax=- lr=0.005475 val_fmax=SKIPPED best_val_fmax=0.5514
[20:02:05] [TRAIN] e48/100 s20/80 loss=0.1544 avg=0.1606 1183.8sample/s eta=00:00 mem=0.01GB/0.04GB
[20:02:05] [TRAIN] e48/100 s40/80 loss=0.1890 avg=0.1681 1227.4sample/s eta=00:00 mem=0.01GB/0.04GB
[20:02:06] [TRAIN] e48/100 s60/80 loss=0.1523 avg=0.1677 1268.4sample/s eta=00:00 mem=0.01GB/0.04GB
[20:02:06] [TRAIN] e48/100 s80/80 loss=0.1689 avg=0.1653 1296.3sample/s eta=- mem=0.01GB/0.04GB
[20:02:06] [VAL] e48/100 s20/20 loss=0.1875 avg=0.1798 1445.4sample/s eta=- mem=0.03GB/0.06GB
[20:02:06] [EPOCH] 48/100 train_loss=0.1653 train_fmax=- val_loss=0.1798 val_fmax=- lr=0.005319 val_fmax=SKIPPED best_val_fmax=0.5514
[20:02:06] [TRAIN] e49/100 s20/80 loss=0.1368 avg=0.1604 1132.6sample/s eta=00:00 mem=0.01GB/0.04GB
[20:02:06] [TRAIN] e49/100 s40/80 loss=0.1768 avg=0.1657 1213.3sample/s eta=00:00 mem=0.01GB/0.04GB
[20:02:06] [TRAIN] e49/100 s60/80 loss=0.1904 avg=0.1648 1240.8sample/s eta=00:00 mem=0.01GB/0.04GB
[20:02:06] [TRAIN] e49/100 s80/80 loss=0.1870 avg=0.1649 1281.8sample/s eta=- mem=0.01GB/0.04GB
[20:02:07] [VAL] e49/100 s20/20 loss=0.1854 avg=0.1795 1899.6sample/s eta=- mem=0.03GB/0.06GB
[20:02:07] [EPOCH] 49/100 train_loss=0.1649 train_fmax=- val_loss=0.1795 val_fmax=- lr=0.005162 val_fmax=SKIPPED best_val_fmax=0.5514
[20:02:07] [TRAIN] e50/100 s20/80 loss=0.1795 avg=0.1645 1134.3sample/s eta=00:00 mem=0.01GB/0.04GB
[20:02:07] [TRAIN] e50/100 s40/80 loss=0.1676 avg=0.1658 1224.1sample/s eta=00:00 mem=0.01GB/0.04GB
[20:02:07] [TRAIN] e50/100 s60/80 loss=0.1568 avg=0.1638 1258.2sample/s eta=00:00 mem=0.01GB/0.04GB
[20:02:07] [TRAIN] e50/100 s80/80 loss=0.1745 avg=0.1646 1294.5sample/s eta=- mem=0.01GB/0.04GB
[20:02:07] [VAL] e50/100 s20/20 loss=0.1850 avg=0.1810 1799.3sample/s eta=- mem=0.03GB/0.06GB
[20:02:09] [EPOCH] 50/100 train_loss=0.1646 train_fmax=- val_loss=0.1810 val_fmax=0.5404 lr=0.005005 best_val_fmax=0.5514
[20:02:09] [TRAIN] e51/100 s20/80 loss=0.1664 avg=0.1606 1083.8sample/s eta=00:00 mem=0.01GB/0.04GB
[20:02:09] [TRAIN] e51/100 s40/80 loss=0.1463 avg=0.1603 1259.6sample/s eta=00:00 mem=0.01GB/0.04GB
[20:02:09] [TRAIN] e51/100 s60/80 loss=0.1647 avg=0.1613 1329.4sample/s eta=00:00 mem=0.01GB/0.04GB
[20:02:09] [TRAIN] e51/100 s80/80 loss=0.1895 avg=0.1646 1382.3sample/s eta=- mem=0.01GB/0.04GB
[20:02:09] [VAL] e51/100 s20/20 loss=0.1878 avg=0.1808 1835.1sample/s eta=- mem=0.03GB/0.06GB
[20:02:09] [EPOCH] 51/100 train_loss=0.1646 train_fmax=- val_loss=0.1808 val_fmax=- lr=0.004848 val_fmax=SKIPPED best_val_fmax=0.5514
[20:02:09] [TRAIN] e52/100 s20/80 loss=0.1622 avg=0.1631 1195.1sample/s eta=00:00 mem=0.01GB/0.04GB
[20:02:09] [TRAIN] e52/100 s40/80 loss=0.1203 avg=0.1640 1329.4sample/s eta=00:00 mem=0.01GB/0.04GB
[20:02:10] [TRAIN] e52/100 s60/80 loss=0.1947 avg=0.1655 1379.7sample/s eta=00:00 mem=0.01GB/0.04GB
[20:02:10] [TRAIN] e52/100 s80/80 loss=0.1574 avg=0.1644 1417.3sample/s eta=- mem=0.01GB/0.04GB
[20:02:10] [VAL] e52/100 s20/20 loss=0.1907 avg=0.1799 1901.6sample/s eta=- mem=0.03GB/0.06GB
[20:02:10] [EPOCH] 52/100 train_loss=0.1644 train_fmax=- val_loss=0.1799 val_fmax=- lr=0.004691 val_fmax=SKIPPED best_val_fmax=0.5514
[20:02:10] [TRAIN] e53/100 s20/80 loss=0.1567 avg=0.1642 1229.5sample/s eta=00:00 mem=0.01GB/0.04GB
[20:02:10] [TRAIN] e53/100 s40/80 loss=0.1579 avg=0.1630 1319.8sample/s eta=00:00 mem=0.01GB/0.04GB
[20:02:10] [TRAIN] e53/100 s60/80 loss=0.1423 avg=0.1617 1378.0sample/s eta=00:00 mem=0.01GB/0.04GB
[20:02:10] [TRAIN] e53/100 s80/80 loss=0.1755 avg=0.1637 1414.8sample/s eta=- mem=0.01GB/0.04GB
[20:02:11] [VAL] e53/100 s20/20 loss=0.1909 avg=0.1812 1849.2sample/s eta=- mem=0.03GB/0.06GB
[20:02:11] [EPOCH] 53/100 train_loss=0.1637 train_fmax=- val_loss=0.1812 val_fmax=- lr=0.004535 val_fmax=SKIPPED best_val_fmax=0.5514
[20:02:11] [TRAIN] e54/100 s20/80 loss=0.1901 avg=0.1658 1201.8sample/s eta=00:00 mem=0.01GB/0.04GB
[20:02:11] [TRAIN] e54/100 s40/80 loss=0.1890 avg=0.1654 1339.6sample/s eta=00:00 mem=0.01GB/0.04GB
[20:02:11] [TRAIN] e54/100 s60/80 loss=0.1446 avg=0.1632 1304.4sample/s eta=00:00 mem=0.01GB/0.04GB
[20:02:11] [TRAIN] e54/100 s80/80 loss=0.1648 avg=0.1634 1352.5sample/s eta=- mem=0.01GB/0.04GB
[20:02:11] [VAL] e54/100 s20/20 loss=0.1868 avg=0.1795 1929.9sample/s eta=- mem=0.03GB/0.06GB
[20:02:11] [EPOCH] 54/100 train_loss=0.1634 train_fmax=- val_loss=0.1795 val_fmax=- lr=0.004379 val_fmax=SKIPPED best_val_fmax=0.5514
[20:02:11] [TRAIN] e55/100 s20/80 loss=0.1579 avg=0.1650 1169.7sample/s eta=00:00 mem=0.01GB/0.04GB
[20:02:12] [TRAIN] e55/100 s40/80 loss=0.1601 avg=0.1633 1303.8sample/s eta=00:00 mem=0.01GB/0.04GB
[20:02:12] [TRAIN] e55/100 s60/80 loss=0.1886 avg=0.1639 1345.5sample/s eta=00:00 mem=0.01GB/0.04GB
[20:02:12] [TRAIN] e55/100 s80/80 loss=0.1817 avg=0.1634 1391.7sample/s eta=- mem=0.01GB/0.04GB
[20:02:12] [VAL] e55/100 s20/20 loss=0.1895 avg=0.1808 1768.5sample/s eta=- mem=0.03GB/0.06GB
[20:02:13] [EPOCH] 55/100 train_loss=0.1634 train_fmax=- val_loss=0.1808 val_fmax=0.5448 lr=0.004224 best_val_fmax=0.5514
[20:02:13] [TRAIN] e56/100 s20/80 loss=0.2067 avg=0.1649 1234.9sample/s eta=00:00 mem=0.01GB/0.04GB
[20:02:13] [TRAIN] e56/100 s40/80 loss=0.1421 avg=0.1652 1340.8sample/s eta=00:00 mem=0.01GB/0.04GB
[20:02:14] [TRAIN] e56/100 s60/80 loss=0.1650 avg=0.1630 1373.4sample/s eta=00:00 mem=0.01GB/0.04GB
[20:02:14] [TRAIN] e56/100 s80/80 loss=0.1707 avg=0.1631 1417.5sample/s eta=- mem=0.01GB/0.04GB
[20:02:14] [VAL] e56/100 s20/20 loss=0.1921 avg=0.1810 1844.4sample/s eta=- mem=0.03GB/0.06GB
[20:02:14] [EPOCH] 56/100 train_loss=0.1631 train_fmax=- val_loss=0.1810 val_fmax=- lr=0.004069 val_fmax=SKIPPED best_val_fmax=0.5514
[20:02:14] [TRAIN] e57/100 s20/80 loss=0.1772 avg=0.1557 1238.5sample/s eta=00:00 mem=0.01GB/0.04GB
[20:02:14] [TRAIN] e57/100 s40/80 loss=0.1416 avg=0.1587 1343.1sample/s eta=00:00 mem=0.01GB/0.04GB
[20:02:14] [TRAIN] e57/100 s60/80 loss=0.1881 avg=0.1616 1395.7sample/s eta=00:00 mem=0.01GB/0.04GB
[20:02:14] [TRAIN] e57/100 s80/80 loss=0.1657 avg=0.1630 1376.1sample/s eta=- mem=0.01GB/0.04GB
[20:02:15] [VAL] e57/100 s20/20 loss=0.1914 avg=0.1818 1309.2sample/s eta=- mem=0.03GB/0.06GB
[20:02:15] [EPOCH] 57/100 train_loss=0.1630 train_fmax=- val_loss=0.1818 val_fmax=- lr=0.003915 val_fmax=SKIPPED best_val_fmax=0.5514
[20:02:15] [TRAIN] e58/100 s20/80 loss=0.1475 avg=0.1608 1134.7sample/s eta=00:00 mem=0.01GB/0.04GB
[20:02:15] [TRAIN] e58/100 s40/80 loss=0.1563 avg=0.1635 1270.3sample/s eta=00:00 mem=0.01GB/0.04GB
[20:02:15] [TRAIN] e58/100 s60/80 loss=0.1266 avg=0.1627 1323.4sample/s eta=00:00 mem=0.01GB/0.04GB
[20:02:15] [TRAIN] e58/100 s80/80 loss=0.1487 avg=0.1627 1366.1sample/s eta=- mem=0.01GB/0.04GB
[20:02:15] [VAL] e58/100 s20/20 loss=0.1892 avg=0.1805 1883.2sample/s eta=- mem=0.03GB/0.06GB
[20:02:15] [EPOCH] 58/100 train_loss=0.1627 train_fmax=- val_loss=0.1805 val_fmax=- lr=0.003763 val_fmax=SKIPPED best_val_fmax=0.5514
[20:02:15] [TRAIN] e59/100 s20/80 loss=0.1455 avg=0.1629 1128.7sample/s eta=00:00 mem=0.01GB/0.04GB
[20:02:16] [TRAIN] e59/100 s40/80 loss=0.1780 avg=0.1612 1251.0sample/s eta=00:00 mem=0.01GB/0.04GB
[20:02:16] [TRAIN] e59/100 s60/80 loss=0.1606 avg=0.1616 1312.8sample/s eta=00:00 mem=0.01GB/0.04GB
[20:02:16] [TRAIN] e59/100 s80/80 loss=0.1327 avg=0.1624 1362.7sample/s eta=- mem=0.01GB/0.04GB
[20:02:16] [VAL] e59/100 s20/20 loss=0.1897 avg=0.1806 1773.0sample/s eta=- mem=0.03GB/0.06GB
[20:02:16] [EPOCH] 59/100 train_loss=0.1624 train_fmax=- val_loss=0.1806 val_fmax=- lr=0.003611 val_fmax=SKIPPED best_val_fmax=0.5514
[20:02:16] [TRAIN] e60/100 s20/80 loss=0.1719 avg=0.1584 1203.6sample/s eta=00:00 mem=0.01GB/0.04GB
[20:02:16] [TRAIN] e60/100 s40/80 loss=0.2344 avg=0.1583 1307.8sample/s eta=00:00 mem=0.01GB/0.04GB
[20:02:16] [TRAIN] e60/100 s60/80 loss=0.1571 avg=0.1605 1341.3sample/s eta=00:00 mem=0.01GB/0.04GB
[20:02:17] [TRAIN] e60/100 s80/80 loss=0.1383 avg=0.1619 1377.4sample/s eta=- mem=0.01GB/0.04GB
[20:02:17] [VAL] e60/100 s20/20 loss=0.1913 avg=0.1812 1784.9sample/s eta=- mem=0.03GB/0.06GB
[20:02:18] [EPOCH] 60/100 train_loss=0.1619 train_fmax=- val_loss=0.1812 val_fmax=0.5430 lr=0.003461 best_val_fmax=0.5514
[20:02:18] [TRAIN] e61/100 s20/80 loss=0.1325 avg=0.1632 1074.6sample/s eta=00:00 mem=0.01GB/0.04GB
[20:02:18] [TRAIN] e61/100 s40/80 loss=0.1415 avg=0.1613 1196.4sample/s eta=00:00 mem=0.01GB/0.04GB
[20:02:18] [TRAIN] e61/100 s60/80 loss=0.1309 avg=0.1610 1242.2sample/s eta=00:00 mem=0.01GB/0.04GB
[20:02:18] [TRAIN] e61/100 s80/80 loss=0.1415 avg=0.1620 1270.0sample/s eta=- mem=0.01GB/0.04GB
[20:02:19] [VAL] e61/100 s20/20 loss=0.1895 avg=0.1802 1831.7sample/s eta=- mem=0.03GB/0.06GB
[20:02:19] [EPOCH] 61/100 train_loss=0.1620 train_fmax=- val_loss=0.1802 val_fmax=- lr=0.003313 val_fmax=SKIPPED best_val_fmax=0.5514
[20:02:19] [TRAIN] e62/100 s20/80 loss=0.1479 avg=0.1621 1069.2sample/s eta=00:00 mem=0.01GB/0.04GB
[20:02:19] [TRAIN] e62/100 s40/80 loss=0.1658 avg=0.1626 1191.6sample/s eta=00:00 mem=0.01GB/0.04GB
[20:02:19] [TRAIN] e62/100 s60/80 loss=0.1905 avg=0.1632 1243.8sample/s eta=00:00 mem=0.01GB/0.04GB
[20:02:19] [TRAIN] e62/100 s80/80 loss=0.1690 avg=0.1614 1297.5sample/s eta=- mem=0.01GB/0.04GB
[20:02:19] [VAL] e62/100 s20/20 loss=0.1909 avg=0.1790 1896.8sample/s eta=- mem=0.03GB/0.06GB
[20:02:19] [EPOCH] 62/100 train_loss=0.1614 train_fmax=- val_loss=0.1790 val_fmax=- lr=0.003166 val_fmax=SKIPPED best_val_fmax=0.5514
[20:02:19] [TRAIN] e63/100 s20/80 loss=0.1622 avg=0.1525 1140.4sample/s eta=00:00 mem=0.01GB/0.04GB
[20:02:20] [TRAIN] e63/100 s40/80 loss=0.1743 avg=0.1570 1272.7sample/s eta=00:00 mem=0.01GB/0.04GB
[20:02:20] [TRAIN] e63/100 s60/80 loss=0.1659 avg=0.1572 1328.3sample/s eta=00:00 mem=0.01GB/0.04GB
[20:02:20] [TRAIN] e63/100 s80/80 loss=0.2051 avg=0.1612 1375.2sample/s eta=- mem=0.01GB/0.04GB
[20:02:20] [VAL] e63/100 s20/20 loss=0.1913 avg=0.1801 1918.4sample/s eta=- mem=0.03GB/0.06GB
[20:02:20] [EPOCH] 63/100 train_loss=0.1612 train_fmax=- val_loss=0.1801 val_fmax=- lr=0.003021 val_fmax=SKIPPED best_val_fmax=0.5514
[20:02:20] [TRAIN] e64/100 s20/80 loss=0.1635 avg=0.1564 1171.4sample/s eta=00:00 mem=0.01GB/0.04GB
[20:02:20] [TRAIN] e64/100 s40/80 loss=0.1737 avg=0.1584 1292.7sample/s eta=00:00 mem=0.01GB/0.04GB
[20:02:20] [TRAIN] e64/100 s60/80 loss=0.1154 avg=0.1577 1326.9sample/s eta=00:00 mem=0.01GB/0.04GB
[20:02:21] [TRAIN] e64/100 s80/80 loss=0.1595 avg=0.1610 1365.7sample/s eta=- mem=0.01GB/0.04GB
[20:02:21] [VAL] e64/100 s20/20 loss=0.1891 avg=0.1800 1781.2sample/s eta=- mem=0.03GB/0.06GB
[20:02:21] [EPOCH] 64/100 train_loss=0.1610 train_fmax=- val_loss=0.1800 val_fmax=- lr=0.002878 val_fmax=SKIPPED best_val_fmax=0.5514
[20:02:21] [TRAIN] e65/100 s20/80 loss=0.1458 avg=0.1552 1187.4sample/s eta=00:00 mem=0.01GB/0.04GB
[20:02:21] [TRAIN] e65/100 s40/80 loss=0.1695 avg=0.1590 1294.6sample/s eta=00:00 mem=0.01GB/0.04GB
[20:02:21] [TRAIN] e65/100 s60/80 loss=0.1576 avg=0.1596 1345.0sample/s eta=00:00 mem=0.01GB/0.04GB
[20:02:21] [TRAIN] e65/100 s80/80 loss=0.1587 avg=0.1609 1378.4sample/s eta=- mem=0.01GB/0.04GB
[20:02:21] [VAL] e65/100 s20/20 loss=0.1886 avg=0.1799 1787.3sample/s eta=- mem=0.03GB/0.06GB
[20:02:23] [EPOCH] 65/100 train_loss=0.1609 train_fmax=- val_loss=0.1799 val_fmax=0.5475 lr=0.002737 best_val_fmax=0.5514
[20:02:23] [TRAIN] e66/100 s20/80 loss=0.1484 avg=0.1577 1156.2sample/s eta=00:00 mem=0.01GB/0.04GB
[20:02:23] [TRAIN] e66/100 s40/80 loss=0.1501 avg=0.1578 1274.8sample/s eta=00:00 mem=0.01GB/0.04GB
[20:02:23] [TRAIN] e66/100 s60/80 loss=0.1772 avg=0.1607 1329.9sample/s eta=00:00 mem=0.01GB/0.04GB
[20:02:23] [TRAIN] e66/100 s80/80 loss=0.1702 avg=0.1608 1379.4sample/s eta=- mem=0.01GB/0.04GB
[20:02:23] [VAL] e66/100 s20/20 loss=0.1898 avg=0.1796 1810.6sample/s eta=- mem=0.03GB/0.06GB
[20:02:23] [EPOCH] 66/100 train_loss=0.1608 train_fmax=- val_loss=0.1796 val_fmax=- lr=0.002599 val_fmax=SKIPPED best_val_fmax=0.5514
[20:02:23] [TRAIN] e67/100 s20/80 loss=0.1893 avg=0.1616 1193.6sample/s eta=00:00 mem=0.01GB/0.04GB
[20:02:24] [TRAIN] e67/100 s40/80 loss=0.1452 avg=0.1573 1290.3sample/s eta=00:00 mem=0.01GB/0.04GB
[20:02:24] [TRAIN] e67/100 s60/80 loss=0.1911 avg=0.1607 1324.7sample/s eta=00:00 mem=0.01GB/0.04GB
[20:02:24] [TRAIN] e67/100 s80/80 loss=0.1308 avg=0.1606 1371.5sample/s eta=- mem=0.01GB/0.04GB
[20:02:24] [VAL] e67/100 s20/20 loss=0.1901 avg=0.1806 1862.5sample/s eta=- mem=0.03GB/0.06GB
[20:02:24] [EPOCH] 67/100 train_loss=0.1606 train_fmax=- val_loss=0.1806 val_fmax=- lr=0.002462 val_fmax=SKIPPED best_val_fmax=0.5514
[20:02:24] [TRAIN] e68/100 s20/80 loss=0.1519 avg=0.1611 1198.2sample/s eta=00:00 mem=0.01GB/0.04GB
[20:02:24] [TRAIN] e68/100 s40/80 loss=0.1719 avg=0.1607 1297.9sample/s eta=00:00 mem=0.01GB/0.04GB
[20:02:24] [TRAIN] e68/100 s60/80 loss=0.1538 avg=0.1614 1337.6sample/s eta=00:00 mem=0.01GB/0.04GB
[20:02:25] [TRAIN] e68/100 s80/80 loss=0.1489 avg=0.1601 1376.5sample/s eta=- mem=0.01GB/0.04GB
[20:02:25] [VAL] e68/100 s20/20 loss=0.1883 avg=0.1790 1791.5sample/s eta=- mem=0.03GB/0.06GB
[20:02:25] [EPOCH] 68/100 train_loss=0.1601 train_fmax=- val_loss=0.1790 val_fmax=- lr=0.002329 val_fmax=SKIPPED best_val_fmax=0.5514
[20:02:25] [TRAIN] e69/100 s20/80 loss=0.1585 avg=0.1577 1226.2sample/s eta=00:00 mem=0.01GB/0.04GB
[20:02:25] [TRAIN] e69/100 s40/80 loss=0.1283 avg=0.1599 1303.9sample/s eta=00:00 mem=0.01GB/0.04GB
[20:02:25] [TRAIN] e69/100 s60/80 loss=0.1652 avg=0.1592 1356.7sample/s eta=00:00 mem=0.01GB/0.04GB
[20:02:25] [TRAIN] e69/100 s80/80 loss=0.1675 avg=0.1598 1387.0sample/s eta=- mem=0.01GB/0.04GB
[20:02:25] [VAL] e69/100 s20/20 loss=0.1913 avg=0.1796 1881.3sample/s eta=- mem=0.03GB/0.06GB
[20:02:25] [EPOCH] 69/100 train_loss=0.1598 train_fmax=- val_loss=0.1796 val_fmax=- lr=0.002197 val_fmax=SKIPPED best_val_fmax=0.5514
[20:02:25] [TRAIN] e70/100 s20/80 loss=0.1708 avg=0.1617 1197.4sample/s eta=00:00 mem=0.01GB/0.04GB
[20:02:26] [TRAIN] e70/100 s40/80 loss=0.1538 avg=0.1613 1306.5sample/s eta=00:00 mem=0.01GB/0.04GB
[20:02:26] [TRAIN] e70/100 s60/80 loss=0.1932 avg=0.1608 1361.2sample/s eta=00:00 mem=0.01GB/0.04GB
[20:02:26] [TRAIN] e70/100 s80/80 loss=0.1630 avg=0.1597 1395.0sample/s eta=- mem=0.01GB/0.04GB
[20:02:26] [VAL] e70/100 s20/20 loss=0.1896 avg=0.1795 1723.6sample/s eta=- mem=0.03GB/0.06GB
[20:02:27] [EPOCH] 70/100 train_loss=0.1597 train_fmax=- val_loss=0.1795 val_fmax=0.5499 lr=0.002069 best_val_fmax=0.5514
[20:02:27] [TRAIN] e71/100 s20/80 loss=0.1312 avg=0.1617 1202.0sample/s eta=00:00 mem=0.01GB/0.04GB
[20:02:28] [TRAIN] e71/100 s40/80 loss=0.1566 avg=0.1585 1299.0sample/s eta=00:00 mem=0.01GB/0.04GB
[20:02:28] [TRAIN] e71/100 s60/80 loss=0.1631 avg=0.1593 1347.2sample/s eta=00:00 mem=0.01GB/0.04GB
[20:02:28] [TRAIN] e71/100 s80/80 loss=0.2112 avg=0.1596 1393.0sample/s eta=- mem=0.01GB/0.04GB
[20:02:28] [VAL] e71/100 s20/20 loss=0.1910 avg=0.1799 1908.3sample/s eta=- mem=0.03GB/0.06GB
[20:02:28] [EPOCH] 71/100 train_loss=0.1596 train_fmax=- val_loss=0.1799 val_fmax=- lr=0.001944 val_fmax=SKIPPED best_val_fmax=0.5514
[20:02:28] [TRAIN] e72/100 s20/80 loss=0.1842 avg=0.1585 1229.3sample/s eta=00:00 mem=0.01GB/0.04GB
[20:02:28] [TRAIN] e72/100 s40/80 loss=0.1419 avg=0.1603 1184.8sample/s eta=00:00 mem=0.01GB/0.04GB
[20:02:28] [TRAIN] e72/100 s60/80 loss=0.1438 avg=0.1594 1242.5sample/s eta=00:00 mem=0.01GB/0.04GB
[20:02:29] [TRAIN] e72/100 s80/80 loss=0.1512 avg=0.1595 1288.1sample/s eta=- mem=0.01GB/0.04GB
[20:02:29] [VAL] e72/100 s20/20 loss=0.1923 avg=0.1803 1885.4sample/s eta=- mem=0.03GB/0.06GB
[20:02:29] [EPOCH] 72/100 train_loss=0.1595 train_fmax=- val_loss=0.1803 val_fmax=- lr=0.001821 val_fmax=SKIPPED best_val_fmax=0.5514
[20:02:29] [TRAIN] e73/100 s20/80 loss=0.1602 avg=0.1579 1163.2sample/s eta=00:00 mem=0.01GB/0.04GB
[20:02:29] [TRAIN] e73/100 s40/80 loss=0.1595 avg=0.1600 1271.9sample/s eta=00:00 mem=0.01GB/0.04GB
[20:02:29] [TRAIN] e73/100 s60/80 loss=0.1453 avg=0.1608 1316.0sample/s eta=00:00 mem=0.01GB/0.04GB
[20:02:29] [TRAIN] e73/100 s80/80 loss=0.1782 avg=0.1591 1362.9sample/s eta=- mem=0.01GB/0.04GB
[20:02:29] [VAL] e73/100 s20/20 loss=0.1891 avg=0.1796 1896.4sample/s eta=- mem=0.03GB/0.06GB
[20:02:29] [EPOCH] 73/100 train_loss=0.1591 train_fmax=- val_loss=0.1796 val_fmax=- lr=0.001702 val_fmax=SKIPPED best_val_fmax=0.5514
[20:02:29] [TRAIN] e74/100 s20/80 loss=0.1629 avg=0.1593 1182.8sample/s eta=00:00 mem=0.01GB/0.04GB
[20:02:30] [TRAIN] e74/100 s40/80 loss=0.1841 avg=0.1600 1303.0sample/s eta=00:00 mem=0.01GB/0.04GB
[20:02:30] [TRAIN] e74/100 s60/80 loss=0.1719 avg=0.1574 1347.3sample/s eta=00:00 mem=0.01GB/0.04GB
[20:02:30] [TRAIN] e74/100 s80/80 loss=0.1554 avg=0.1589 1387.2sample/s eta=- mem=0.01GB/0.04GB
[20:02:30] [VAL] e74/100 s20/20 loss=0.1893 avg=0.1802 1884.4sample/s eta=- mem=0.03GB/0.06GB
[20:02:30] [EPOCH] 74/100 train_loss=0.1589 train_fmax=- val_loss=0.1802 val_fmax=- lr=0.001586 val_fmax=SKIPPED best_val_fmax=0.5514
[20:02:30] [TRAIN] e75/100 s20/80 loss=0.1828 avg=0.1599 1157.2sample/s eta=00:00 mem=0.01GB/0.04GB
[20:02:30] [TRAIN] e75/100 s40/80 loss=0.1310 avg=0.1566 1293.7sample/s eta=00:00 mem=0.01GB/0.04GB
[20:02:30] [TRAIN] e75/100 s60/80 loss=0.1462 avg=0.1585 1348.3sample/s eta=00:00 mem=0.01GB/0.04GB
[20:02:31] [TRAIN] e75/100 s80/80 loss=0.1861 avg=0.1586 1388.8sample/s eta=- mem=0.01GB/0.04GB
[20:02:31] [VAL] e75/100 s20/20 loss=0.1900 avg=0.1799 1872.8sample/s eta=- mem=0.03GB/0.06GB
[20:02:32] [EPOCH] 75/100 train_loss=0.1586 train_fmax=- val_loss=0.1799 val_fmax=0.5489 lr=0.001473 best_val_fmax=0.5514
[20:02:32] [TRAIN] e76/100 s20/80 loss=0.1903 avg=0.1580 1030.0sample/s eta=00:00 mem=0.01GB/0.04GB
[20:02:32] [TRAIN] e76/100 s40/80 loss=0.1532 avg=0.1610 1176.6sample/s eta=00:00 mem=0.01GB/0.04GB
[20:02:32] [TRAIN] e76/100 s60/80 loss=0.1080 avg=0.1604 1237.1sample/s eta=00:00 mem=0.01GB/0.04GB
[20:02:33] [TRAIN] e76/100 s80/80 loss=0.1961 avg=0.1584 1288.4sample/s eta=- mem=0.01GB/0.04GB
[20:02:33] [VAL] e76/100 s20/20 loss=0.1890 avg=0.1794 1493.3sample/s eta=- mem=0.03GB/0.06GB
[20:02:33] [EPOCH] 76/100 train_loss=0.1584 train_fmax=- val_loss=0.1794 val_fmax=- lr=0.001364 val_fmax=SKIPPED best_val_fmax=0.5514
[20:02:33] [TRAIN] e77/100 s20/80 loss=0.1655 avg=0.1540 1149.9sample/s eta=00:00 mem=0.01GB/0.04GB
[20:02:33] [TRAIN] e77/100 s40/80 loss=0.1718 avg=0.1581 1250.1sample/s eta=00:00 mem=0.01GB/0.04GB
[20:02:33] [TRAIN] e77/100 s60/80 loss=0.1479 avg=0.1585 1293.1sample/s eta=00:00 mem=0.01GB/0.04GB
[20:02:33] [TRAIN] e77/100 s80/80 loss=0.1544 avg=0.1582 1325.0sample/s eta=- mem=0.01GB/0.04GB
[20:02:33] [VAL] e77/100 s20/20 loss=0.1884 avg=0.1798 1924.1sample/s eta=- mem=0.03GB/0.06GB
[20:02:33] [EPOCH] 77/100 train_loss=0.1582 train_fmax=- val_loss=0.1798 val_fmax=- lr=0.001258 val_fmax=SKIPPED best_val_fmax=0.5514
[20:02:34] [TRAIN] e78/100 s20/80 loss=0.1856 avg=0.1546 1160.4sample/s eta=00:00 mem=0.01GB/0.04GB
[20:02:34] [TRAIN] e78/100 s40/80 loss=0.1706 avg=0.1601 1252.9sample/s eta=00:00 mem=0.01GB/0.04GB
[20:02:34] [TRAIN] e78/100 s60/80 loss=0.1336 avg=0.1583 1281.4sample/s eta=00:00 mem=0.01GB/0.04GB
[20:02:34] [TRAIN] e78/100 s80/80 loss=0.1422 avg=0.1580 1322.0sample/s eta=- mem=0.01GB/0.04GB
[20:02:34] [VAL] e78/100 s20/20 loss=0.1897 avg=0.1797 1906.8sample/s eta=- mem=0.03GB/0.06GB
[20:02:34] [EPOCH] 78/100 train_loss=0.1580 train_fmax=- val_loss=0.1797 val_fmax=- lr=0.001156 val_fmax=SKIPPED best_val_fmax=0.5514
[20:02:34] [TRAIN] e79/100 s20/80 loss=0.1856 avg=0.1610 1141.1sample/s eta=00:00 mem=0.01GB/0.04GB
[20:02:34] [TRAIN] e79/100 s40/80 loss=0.1773 avg=0.1585 1238.2sample/s eta=00:00 mem=0.01GB/0.04GB
[20:02:35] [TRAIN] e79/100 s60/80 loss=0.1528 avg=0.1589 1199.7sample/s eta=00:00 mem=0.01GB/0.04GB
[20:02:35] [TRAIN] e79/100 s80/80 loss=0.1488 avg=0.1579 1184.2sample/s eta=- mem=0.01GB/0.04GB
[20:02:35] [VAL] e79/100 s20/20 loss=0.1883 avg=0.1796 1764.1sample/s eta=- mem=0.03GB/0.06GB
[20:02:35] [EPOCH] 79/100 train_loss=0.1579 train_fmax=- val_loss=0.1796 val_fmax=- lr=0.001058 val_fmax=SKIPPED best_val_fmax=0.5514
[20:02:35] [TRAIN] e80/100 s20/80 loss=0.1546 avg=0.1573 1122.8sample/s eta=00:00 mem=0.01GB/0.04GB
[20:02:35] [TRAIN] e80/100 s40/80 loss=0.1396 avg=0.1566 1251.1sample/s eta=00:00 mem=0.01GB/0.04GB
[20:02:35] [TRAIN] e80/100 s60/80 loss=0.1471 avg=0.1568 1314.0sample/s eta=00:00 mem=0.01GB/0.04GB
[20:02:35] [TRAIN] e80/100 s80/80 loss=0.1507 avg=0.1577 1360.0sample/s eta=- mem=0.01GB/0.04GB
[20:02:36] [VAL] e80/100 s20/20 loss=0.1898 avg=0.1799 1790.3sample/s eta=- mem=0.03GB/0.06GB
[20:02:37] [EPOCH] 80/100 train_loss=0.1577 train_fmax=- val_loss=0.1799 val_fmax=0.5494 lr=0.000964 best_val_fmax=0.5514
[20:02:37] [TRAIN] e81/100 s20/80 loss=0.1210 avg=0.1523 1180.0sample/s eta=00:00 mem=0.01GB/0.04GB
[20:02:37] [TRAIN] e81/100 s40/80 loss=0.1352 avg=0.1569 1225.2sample/s eta=00:00 mem=0.01GB/0.04GB
[20:02:37] [TRAIN] e81/100 s60/80 loss=0.1771 avg=0.1576 1250.6sample/s eta=00:00 mem=0.01GB/0.04GB
[20:02:37] [TRAIN] e81/100 s80/80 loss=0.1567 avg=0.1576 1274.8sample/s eta=- mem=0.01GB/0.04GB
[20:02:38] [VAL] e81/100 s20/20 loss=0.1896 avg=0.1800 1902.9sample/s eta=- mem=0.03GB/0.06GB
[20:02:38] [EPOCH] 81/100 train_loss=0.1576 train_fmax=- val_loss=0.1800 val_fmax=- lr=0.000874 val_fmax=SKIPPED best_val_fmax=0.5514
[20:02:38] [TRAIN] e82/100 s20/80 loss=0.1507 avg=0.1585 1018.6sample/s eta=00:00 mem=0.01GB/0.04GB
[20:02:38] [TRAIN] e82/100 s40/80 loss=0.1632 avg=0.1574 1138.2sample/s eta=00:00 mem=0.01GB/0.04GB
[20:02:38] [TRAIN] e82/100 s60/80 loss=0.1513 avg=0.1567 1191.9sample/s eta=00:00 mem=0.01GB/0.04GB
[20:02:38] [TRAIN] e82/100 s80/80 loss=0.1611 avg=0.1574 1244.0sample/s eta=- mem=0.01GB/0.04GB
[20:02:38] [VAL] e82/100 s20/20 loss=0.1888 avg=0.1799 1935.8sample/s eta=- mem=0.03GB/0.06GB
[20:02:38] [EPOCH] 82/100 train_loss=0.1574 train_fmax=- val_loss=0.1799 val_fmax=- lr=0.000788 val_fmax=SKIPPED best_val_fmax=0.5514
[20:02:38] [TRAIN] e83/100 s20/80 loss=0.1386 avg=0.1639 1165.6sample/s eta=00:00 mem=0.01GB/0.04GB
[20:02:39] [TRAIN] e83/100 s40/80 loss=0.1472 avg=0.1587 1269.0sample/s eta=00:00 mem=0.01GB/0.04GB
[20:02:39] [TRAIN] e83/100 s60/80 loss=0.1747 avg=0.1584 1265.5sample/s eta=00:00 mem=0.01GB/0.04GB
[20:02:39] [TRAIN] e83/100 s80/80 loss=0.1532 avg=0.1572 1282.6sample/s eta=- mem=0.01GB/0.04GB
[20:02:39] [VAL] e83/100 s20/20 loss=0.1889 avg=0.1798 1787.8sample/s eta=- mem=0.03GB/0.06GB
[20:02:39] [EPOCH] 83/100 train_loss=0.1572 train_fmax=- val_loss=0.1798 val_fmax=- lr=0.000706 val_fmax=SKIPPED best_val_fmax=0.5514
[20:02:39] [TRAIN] e84/100 s20/80 loss=0.1524 avg=0.1510 1192.3sample/s eta=00:00 mem=0.01GB/0.04GB
[20:02:39] [TRAIN] e84/100 s40/80 loss=0.1554 avg=0.1561 1269.2sample/s eta=00:00 mem=0.01GB/0.04GB
[20:02:39] [TRAIN] e84/100 s60/80 loss=0.1572 avg=0.1550 1306.5sample/s eta=00:00 mem=0.01GB/0.04GB
[20:02:40] [TRAIN] e84/100 s80/80 loss=0.1598 avg=0.1572 1338.3sample/s eta=- mem=0.01GB/0.04GB
[20:02:40] [VAL] e84/100 s20/20 loss=0.1888 avg=0.1799 1782.1sample/s eta=- mem=0.03GB/0.06GB
[20:02:40] [EPOCH] 84/100 train_loss=0.1572 train_fmax=- val_loss=0.1799 val_fmax=- lr=0.000628 val_fmax=SKIPPED best_val_fmax=0.5514
[20:02:40] [TRAIN] e85/100 s20/80 loss=0.1756 avg=0.1620 1162.3sample/s eta=00:00 mem=0.01GB/0.04GB
[20:02:40] [TRAIN] e85/100 s40/80 loss=0.1361 avg=0.1581 1261.6sample/s eta=00:00 mem=0.01GB/0.04GB
[20:02:40] [TRAIN] e85/100 s60/80 loss=0.1693 avg=0.1564 1304.7sample/s eta=00:00 mem=0.01GB/0.04GB
[20:02:40] [TRAIN] e85/100 s80/80 loss=0.1784 avg=0.1570 1359.2sample/s eta=- mem=0.01GB/0.04GB
[20:02:40] [VAL] e85/100 s20/20 loss=0.1886 avg=0.1799 1655.7sample/s eta=- mem=0.03GB/0.06GB
[20:02:42] [EPOCH] 85/100 train_loss=0.1570 train_fmax=- val_loss=0.1799 val_fmax=0.5495 lr=0.000554 best_val_fmax=0.5514
[20:02:42] [TRAIN] e86/100 s20/80 loss=0.1622 avg=0.1578 1165.0sample/s eta=00:00 mem=0.01GB/0.04GB
[20:02:42] [TRAIN] e86/100 s40/80 loss=0.1540 avg=0.1587 1286.7sample/s eta=00:00 mem=0.01GB/0.04GB
[20:02:42] [TRAIN] e86/100 s60/80 loss=0.1729 avg=0.1567 1250.5sample/s eta=00:00 mem=0.01GB/0.04GB
[20:02:42] [TRAIN] e86/100 s80/80 loss=0.1454 avg=0.1569 1277.3sample/s eta=- mem=0.01GB/0.04GB
[20:02:42] [VAL] e86/100 s20/20 loss=0.1888 avg=0.1796 1869.1sample/s eta=- mem=0.03GB/0.06GB
[20:02:42] [EPOCH] 86/100 train_loss=0.1569 train_fmax=- val_loss=0.1796 val_fmax=- lr=0.000485 val_fmax=SKIPPED best_val_fmax=0.5514
[20:02:43] [TRAIN] e87/100 s20/80 loss=0.1706 avg=0.1624 1228.1sample/s eta=00:00 mem=0.01GB/0.04GB
[20:02:43] [TRAIN] e87/100 s40/80 loss=0.1690 avg=0.1577 1346.7sample/s eta=00:00 mem=0.01GB/0.04GB
[20:02:43] [TRAIN] e87/100 s60/80 loss=0.1201 avg=0.1565 1389.3sample/s eta=00:00 mem=0.01GB/0.04GB
[20:02:43] [TRAIN] e87/100 s80/80 loss=0.1716 avg=0.1567 1418.7sample/s eta=- mem=0.01GB/0.04GB
[20:02:43] [VAL] e87/100 s20/20 loss=0.1890 avg=0.1797 1865.4sample/s eta=- mem=0.03GB/0.06GB
[20:02:43] [EPOCH] 87/100 train_loss=0.1567 train_fmax=- val_loss=0.1797 val_fmax=- lr=0.000421 val_fmax=SKIPPED best_val_fmax=0.5514
[20:02:43] [TRAIN] e88/100 s20/80 loss=0.1535 avg=0.1604 1217.9sample/s eta=00:00 mem=0.01GB/0.04GB
[20:02:43] [TRAIN] e88/100 s40/80 loss=0.1640 avg=0.1589 1330.6sample/s eta=00:00 mem=0.01GB/0.04GB
[20:02:43] [TRAIN] e88/100 s60/80 loss=0.1912 avg=0.1591 1372.7sample/s eta=00:00 mem=0.01GB/0.04GB
[20:02:44] [TRAIN] e88/100 s80/80 loss=0.1539 avg=0.1566 1397.4sample/s eta=- mem=0.01GB/0.04GB
[20:02:44] [VAL] e88/100 s20/20 loss=0.1892 avg=0.1796 1923.7sample/s eta=- mem=0.03GB/0.06GB
[20:02:44] [EPOCH] 88/100 train_loss=0.1566 train_fmax=- val_loss=0.1796 val_fmax=- lr=0.000361 val_fmax=SKIPPED best_val_fmax=0.5514
[20:02:44] [TRAIN] e89/100 s20/80 loss=0.1338 avg=0.1510 1209.7sample/s eta=00:00 mem=0.01GB/0.04GB
[20:02:44] [TRAIN] e89/100 s40/80 loss=0.1677 avg=0.1560 1326.8sample/s eta=00:00 mem=0.01GB/0.04GB
[20:02:44] [TRAIN] e89/100 s60/80 loss=0.1604 avg=0.1571 1378.0sample/s eta=00:00 mem=0.01GB/0.04GB
[20:02:44] [TRAIN] e89/100 s80/80 loss=0.1664 avg=0.1565 1415.9sample/s eta=- mem=0.01GB/0.04GB
[20:02:44] [VAL] e89/100 s20/20 loss=0.1889 avg=0.1796 1935.7sample/s eta=- mem=0.03GB/0.06GB
[20:02:44] [EPOCH] 89/100 train_loss=0.1565 train_fmax=- val_loss=0.1796 val_fmax=- lr=0.000305 val_fmax=SKIPPED best_val_fmax=0.5514
[20:02:45] [TRAIN] e90/100 s20/80 loss=0.1994 avg=0.1625 1180.4sample/s eta=00:00 mem=0.01GB/0.04GB
[20:02:45] [TRAIN] e90/100 s40/80 loss=0.1555 avg=0.1571 1303.3sample/s eta=00:00 mem=0.01GB/0.04GB
[20:02:45] [TRAIN] e90/100 s60/80 loss=0.1618 avg=0.1573 1345.9sample/s eta=00:00 mem=0.01GB/0.04GB
[20:02:45] [TRAIN] e90/100 s80/80 loss=0.1372 avg=0.1564 1386.5sample/s eta=- mem=0.01GB/0.04GB
[20:02:45] [VAL] e90/100 s20/20 loss=0.1890 avg=0.1797 1866.0sample/s eta=- mem=0.03GB/0.06GB
[20:02:46] [EPOCH] 90/100 train_loss=0.1564 train_fmax=- val_loss=0.1797 val_fmax=0.5501 lr=0.000254 best_val_fmax=0.5514
[20:02:46] [TRAIN] e91/100 s20/80 loss=0.1336 avg=0.1502 1229.2sample/s eta=00:00 mem=0.01GB/0.04GB
[20:02:47] [TRAIN] e91/100 s40/80 loss=0.1362 avg=0.1553 1346.6sample/s eta=00:00 mem=0.01GB/0.04GB
[20:02:47] [TRAIN] e91/100 s60/80 loss=0.1468 avg=0.1565 1375.6sample/s eta=00:00 mem=0.01GB/0.04GB
[20:02:47] [TRAIN] e91/100 s80/80 loss=0.1319 avg=0.1563 1410.5sample/s eta=- mem=0.01GB/0.04GB
[20:02:47] [VAL] e91/100 s20/20 loss=0.1891 avg=0.1797 1797.2sample/s eta=- mem=0.03GB/0.06GB
[20:02:47] [EPOCH] 91/100 train_loss=0.1563 train_fmax=- val_loss=0.1797 val_fmax=- lr=0.000208 val_fmax=SKIPPED best_val_fmax=0.5514
[20:02:47] [TRAIN] e92/100 s20/80 loss=0.1427 avg=0.1575 1232.3sample/s eta=00:00 mem=0.01GB/0.04GB
[20:02:47] [TRAIN] e92/100 s40/80 loss=0.1544 avg=0.1579 1347.0sample/s eta=00:00 mem=0.01GB/0.04GB
[20:02:47] [TRAIN] e92/100 s60/80 loss=0.1650 avg=0.1568 1370.4sample/s eta=00:00 mem=0.01GB/0.04GB
[20:02:48] [TRAIN] e92/100 s80/80 loss=0.1945 avg=0.1562 1362.8sample/s eta=- mem=0.01GB/0.04GB
[20:02:48] [VAL] e92/100 s20/20 loss=0.1891 avg=0.1797 1772.6sample/s eta=- mem=0.03GB/0.06GB
[20:02:48] [EPOCH] 92/100 train_loss=0.1562 train_fmax=- val_loss=0.1797 val_fmax=- lr=0.000167 val_fmax=SKIPPED best_val_fmax=0.5514
[20:02:48] [TRAIN] e93/100 s20/80 loss=0.1613 avg=0.1523 1262.0sample/s eta=00:00 mem=0.01GB/0.04GB
[20:02:48] [TRAIN] e93/100 s40/80 loss=0.1427 avg=0.1541 1369.7sample/s eta=00:00 mem=0.01GB/0.04GB
[20:02:48] [TRAIN] e93/100 s60/80 loss=0.1731 avg=0.1555 1408.6sample/s eta=00:00 mem=0.01GB/0.04GB
[20:02:48] [TRAIN] e93/100 s80/80 loss=0.1590 avg=0.1561 1446.1sample/s eta=- mem=0.01GB/0.04GB
[20:02:48] [VAL] e93/100 s20/20 loss=0.1891 avg=0.1797 1900.0sample/s eta=- mem=0.03GB/0.06GB
[20:02:48] [EPOCH] 93/100 train_loss=0.1561 train_fmax=- val_loss=0.1797 val_fmax=- lr=0.000130 val_fmax=SKIPPED best_val_fmax=0.5514
[20:02:49] [TRAIN] e94/100 s20/80 loss=0.1421 avg=0.1597 1230.9sample/s eta=00:00 mem=0.01GB/0.04GB
[20:02:49] [TRAIN] e94/100 s40/80 loss=0.1610 avg=0.1598 1348.3sample/s eta=00:00 mem=0.01GB/0.04GB
[20:02:49] [TRAIN] e94/100 s60/80 loss=0.1568 avg=0.1573 1321.0sample/s eta=00:00 mem=0.01GB/0.04GB
[20:02:49] [TRAIN] e94/100 s80/80 loss=0.1491 avg=0.1560 1370.8sample/s eta=- mem=0.01GB/0.04GB
[20:02:49] [VAL] e94/100 s20/20 loss=0.1890 avg=0.1797 1889.9sample/s eta=- mem=0.03GB/0.06GB
[20:02:49] [EPOCH] 94/100 train_loss=0.1560 train_fmax=- val_loss=0.1797 val_fmax=- lr=0.000098 val_fmax=SKIPPED best_val_fmax=0.5514
[20:02:49] [TRAIN] e95/100 s20/80 loss=0.1571 avg=0.1534 1236.1sample/s eta=00:00 mem=0.01GB/0.04GB
[20:02:49] [TRAIN] e95/100 s40/80 loss=0.1251 avg=0.1542 1355.7sample/s eta=00:00 mem=0.01GB/0.04GB
[20:02:49] [TRAIN] e95/100 s60/80 loss=0.1523 avg=0.1547 1386.2sample/s eta=00:00 mem=0.01GB/0.04GB
[20:02:50] [TRAIN] e95/100 s80/80 loss=0.1599 avg=0.1560 1358.0sample/s eta=- mem=0.01GB/0.04GB
[20:02:50] [VAL] e95/100 s20/20 loss=0.1890 avg=0.1797 1696.5sample/s eta=- mem=0.03GB/0.06GB
[20:02:51] [EPOCH] 95/100 train_loss=0.1560 train_fmax=- val_loss=0.1797 val_fmax=0.5501 lr=0.000071 best_val_fmax=0.5514
[20:02:51] [TRAIN] e96/100 s20/80 loss=0.1594 avg=0.1539 1171.9sample/s eta=00:00 mem=0.01GB/0.04GB
[20:02:51] [TRAIN] e96/100 s40/80 loss=0.1791 avg=0.1558 1285.5sample/s eta=00:00 mem=0.01GB/0.04GB
[20:02:51] [TRAIN] e96/100 s60/80 loss=0.1281 avg=0.1573 1331.9sample/s eta=00:00 mem=0.01GB/0.04GB
[20:02:52] [TRAIN] e96/100 s80/80 loss=0.1485 avg=0.1559 1360.3sample/s eta=- mem=0.01GB/0.04GB
[20:02:52] [VAL] e96/100 s20/20 loss=0.1890 avg=0.1797 1851.2sample/s eta=- mem=0.03GB/0.06GB
[20:02:52] [EPOCH] 96/100 train_loss=0.1559 train_fmax=- val_loss=0.1797 val_fmax=- lr=0.000049 val_fmax=SKIPPED best_val_fmax=0.5514
[20:02:52] [TRAIN] e97/100 s20/80 loss=0.1983 avg=0.1585 1157.7sample/s eta=00:00 mem=0.01GB/0.04GB
[20:02:52] [TRAIN] e97/100 s40/80 loss=0.1519 avg=0.1581 1241.6sample/s eta=00:00 mem=0.01GB/0.04GB
[20:02:52] [TRAIN] e97/100 s60/80 loss=0.1858 avg=0.1578 1293.5sample/s eta=00:00 mem=0.01GB/0.04GB
[20:02:52] [TRAIN] e97/100 s80/80 loss=0.1379 avg=0.1559 1337.8sample/s eta=- mem=0.01GB/0.04GB
[20:02:52] [VAL] e97/100 s20/20 loss=0.1890 avg=0.1797 1896.8sample/s eta=- mem=0.03GB/0.06GB
[20:02:52] [EPOCH] 97/100 train_loss=0.1559 train_fmax=- val_loss=0.1797 val_fmax=- lr=0.000032 val_fmax=SKIPPED best_val_fmax=0.5514
[20:02:53] [TRAIN] e98/100 s20/80 loss=0.1657 avg=0.1540 1049.8sample/s eta=00:00 mem=0.01GB/0.04GB
[20:02:53] [TRAIN] e98/100 s40/80 loss=0.1412 avg=0.1566 1088.3sample/s eta=00:00 mem=0.01GB/0.04GB
[20:02:53] [TRAIN] e98/100 s60/80 loss=0.1529 avg=0.1564 1109.9sample/s eta=00:00 mem=0.01GB/0.04GB
[20:02:53] [TRAIN] e98/100 s80/80 loss=0.1538 avg=0.1558 1149.8sample/s eta=- mem=0.01GB/0.04GB
[20:02:53] [VAL] e98/100 s20/20 loss=0.1890 avg=0.1797 1820.6sample/s eta=- mem=0.03GB/0.06GB
[20:02:53] [EPOCH] 98/100 train_loss=0.1558 train_fmax=- val_loss=0.1797 val_fmax=- lr=0.000020 val_fmax=SKIPPED best_val_fmax=0.5514
[20:02:53] [TRAIN] e99/100 s20/80 loss=0.1263 avg=0.1573 1006.8sample/s eta=00:00 mem=0.01GB/0.04GB
[20:02:54] [TRAIN] e99/100 s40/80 loss=0.1553 avg=0.1556 1082.0sample/s eta=00:00 mem=0.01GB/0.04GB
[20:02:54] [TRAIN] e99/100 s60/80 loss=0.1599 avg=0.1547 1109.3sample/s eta=00:00 mem=0.01GB/0.04GB
[20:02:54] [TRAIN] e99/100 s80/80 loss=0.1557 avg=0.1558 1148.2sample/s eta=- mem=0.01GB/0.04GB
[20:02:54] [VAL] e99/100 s20/20 loss=0.1890 avg=0.1797 1790.2sample/s eta=- mem=0.03GB/0.06GB
[20:02:54] [EPOCH] 99/100 train_loss=0.1558 train_fmax=- val_loss=0.1797 val_fmax=- lr=0.000012 val_fmax=SKIPPED best_val_fmax=0.5514
[20:02:54] [TRAIN] e100/100 s20/80 loss=0.1510 avg=0.1526 998.2sample/s eta=00:00 mem=0.01GB/0.04GB
[20:02:54] [TRAIN] e100/100 s40/80 loss=0.1582 avg=0.1553 1079.8sample/s eta=00:00 mem=0.01GB/0.04GB
[20:02:55] [TRAIN] e100/100 s60/80 loss=0.1972 avg=0.1569 1099.2sample/s eta=00:00 mem=0.01GB/0.04GB
[20:02:55] [TRAIN] e100/100 s80/80 loss=0.1736 avg=0.1557 1144.6sample/s eta=- mem=0.01GB/0.04GB
[20:02:55] [VAL] e100/100 s20/20 loss=0.1890 avg=0.1797 1872.3sample/s eta=- mem=0.03GB/0.06GB
[20:02:56] [EPOCH] 100/100 train_loss=0.1557 train_fmax=- val_loss=0.1797 val_fmax=0.5502 lr=0.000010 best_val_fmax=0.5514
[EVAL] computing final PR/F-max on validation set...
[20:02:59] [DONE] run_dir=runs/saliency_ecssd_f2mm/260303_200120
runs/saliency_ecssd_f2mm/260303_200120
