[03:39:44] live logging started task=saliency
[03:39:44] [[35mTRAIN[0m] exp=pilot_gt_binary_s100_e15 task=saliency device=cuda epochs=15 log_every=20steps
[03:39:46] [[32mTRAIN[0m] e1/15 s20/100 loss=0.2501 avg=0.2328 95.7sample/s eta=00:08 mem=0.01GB/0.04GB
[03:39:48] [[32mTRAIN[0m] e1/15 s40/100 loss=0.2403 avg=0.2253 117.5sample/s eta=00:05 mem=0.01GB/0.04GB
[03:39:49] [[32mTRAIN[0m] e1/15 s60/100 loss=0.2265 avg=0.2213 119.8sample/s eta=00:03 mem=0.01GB/0.04GB
[03:39:51] [[32mTRAIN[0m] e1/15 s80/100 loss=0.2080 avg=0.2174 118.1sample/s eta=00:01 mem=0.01GB/0.04GB
[03:39:52] [[32mTRAIN[0m] e1/15 s100/100 loss=0.2198 avg=0.2137 121.2sample/s eta=- mem=0.01GB/0.04GB
[03:39:54] [[36mVAL[0m] e1/15 s20/100 loss=0.2031 avg=0.2082 125.4sample/s eta=00:06 mem=0.03GB/0.06GB
[03:39:56] [[36mVAL[0m] e1/15 s40/100 loss=0.1823 avg=0.2069 122.9sample/s eta=00:04 mem=0.03GB/0.06GB
[03:39:57] [[36mVAL[0m] e1/15 s60/100 loss=0.1749 avg=0.2047 125.9sample/s eta=00:03 mem=0.03GB/0.06GB
[03:39:59] [[36mVAL[0m] e1/15 s80/100 loss=0.2035 avg=0.2028 128.2sample/s eta=00:01 mem=0.03GB/0.06GB
[03:40:00] [[36mVAL[0m] e1/15 s100/100 loss=0.1833 avg=0.2037 126.9sample/s eta=- mem=0.03GB/0.06GB
[03:40:00] [[33mEPOCH[0m] 1/15 train_loss=0.2137 train_fmax=- val_loss=0.2037 val_fmax=- lr=0.010000 val_fmax=SKIPPED best_val_fmax=-
[03:40:02] [[32mTRAIN[0m] e2/15 s20/100 loss=0.2106 avg=0.2076 127.2sample/s eta=00:06 mem=0.01GB/0.04GB
[03:40:04] [[32mTRAIN[0m] e2/15 s40/100 loss=0.2036 avg=0.2036 129.5sample/s eta=00:04 mem=0.01GB/0.04GB
[03:40:05] [[32mTRAIN[0m] e2/15 s60/100 loss=0.1829 avg=0.2030 122.9sample/s eta=00:03 mem=0.01GB/0.04GB
[03:40:07] [[32mTRAIN[0m] e2/15 s80/100 loss=0.2013 avg=0.2010 123.3sample/s eta=00:01 mem=0.01GB/0.04GB
[03:40:09] [[32mTRAIN[0m] e2/15 s100/100 loss=0.2040 avg=0.1992 122.4sample/s eta=- mem=0.01GB/0.04GB
[03:40:10] [[36mVAL[0m] e2/15 s20/100 loss=0.1989 avg=0.2083 116.4sample/s eta=00:06 mem=0.03GB/0.06GB
[03:40:12] [[36mVAL[0m] e2/15 s40/100 loss=0.1847 avg=0.2081 112.9sample/s eta=00:05 mem=0.03GB/0.06GB
[03:40:14] [[36mVAL[0m] e2/15 s60/100 loss=0.1705 avg=0.2059 115.7sample/s eta=00:03 mem=0.03GB/0.06GB
[03:40:15] [[36mVAL[0m] e2/15 s80/100 loss=0.1947 avg=0.2042 118.6sample/s eta=00:01 mem=0.03GB/0.06GB
[03:40:17] [[36mVAL[0m] e2/15 s100/100 loss=0.1880 avg=0.2053 122.8sample/s eta=- mem=0.03GB/0.06GB
[03:40:17] [[33mEPOCH[0m] 2/15 train_loss=0.1992 train_fmax=- val_loss=0.2053 val_fmax=- lr=0.010000 val_fmax=SKIPPED best_val_fmax=-
[03:40:18] [[32mTRAIN[0m] e3/15 s20/100 loss=0.1823 avg=0.1954 142.4sample/s eta=00:05 mem=0.01GB/0.04GB
[03:40:20] [[32mTRAIN[0m] e3/15 s40/100 loss=0.2147 avg=0.1959 128.2sample/s eta=00:04 mem=0.01GB/0.04GB
[03:40:22] [[32mTRAIN[0m] e3/15 s60/100 loss=0.2153 avg=0.1964 127.4sample/s eta=00:03 mem=0.01GB/0.04GB
[03:40:23] [[32mTRAIN[0m] e3/15 s80/100 loss=0.1940 avg=0.1977 124.3sample/s eta=00:01 mem=0.01GB/0.04GB
[03:40:25] [[32mTRAIN[0m] e3/15 s100/100 loss=0.1972 avg=0.1976 123.6sample/s eta=- mem=0.01GB/0.04GB
[03:40:27] [[36mVAL[0m] e3/15 s20/100 loss=0.1963 avg=0.1990 120.2sample/s eta=00:06 mem=0.03GB/0.06GB
[03:40:28] [[36mVAL[0m] e3/15 s40/100 loss=0.1810 avg=0.1976 117.5sample/s eta=00:05 mem=0.03GB/0.06GB
[03:40:30] [[36mVAL[0m] e3/15 s60/100 loss=0.1713 avg=0.1958 115.3sample/s eta=00:03 mem=0.03GB/0.06GB
[03:40:32] [[36mVAL[0m] e3/15 s80/100 loss=0.1948 avg=0.1947 120.6sample/s eta=00:01 mem=0.03GB/0.06GB
[03:40:33] [[36mVAL[0m] e3/15 s100/100 loss=0.1782 avg=0.1950 125.0sample/s eta=- mem=0.03GB/0.06GB
[03:40:33] [[33mEPOCH[0m] 3/15 train_loss=0.1976 train_fmax=- val_loss=0.1950 val_fmax=- lr=0.010000 val_fmax=SKIPPED best_val_fmax=-
[03:40:35] [[32mTRAIN[0m] e4/15 s20/100 loss=0.2059 avg=0.1987 127.2sample/s eta=00:06 mem=0.01GB/0.04GB
[03:40:36] [[32mTRAIN[0m] e4/15 s40/100 loss=0.1717 avg=0.1976 129.1sample/s eta=00:04 mem=0.01GB/0.04GB
[03:40:38] [[32mTRAIN[0m] e4/15 s60/100 loss=0.2008 avg=0.1961 123.9sample/s eta=00:03 mem=0.01GB/0.04GB
[03:40:40] [[32mTRAIN[0m] e4/15 s80/100 loss=0.1985 avg=0.1933 118.3sample/s eta=00:01 mem=0.01GB/0.04GB
[03:40:42] [[32mTRAIN[0m] e4/15 s100/100 loss=0.1786 avg=0.1937 114.3sample/s eta=- mem=0.01GB/0.04GB
[03:40:44] [[36mVAL[0m] e4/15 s20/100 loss=0.1967 avg=0.2099 107.7sample/s eta=00:07 mem=0.03GB/0.06GB
[03:40:45] [[36mVAL[0m] e4/15 s40/100 loss=0.1886 avg=0.2084 112.7sample/s eta=00:05 mem=0.03GB/0.06GB
[03:40:47] [[36mVAL[0m] e4/15 s60/100 loss=0.1744 avg=0.2065 123.3sample/s eta=00:03 mem=0.03GB/0.06GB
[03:40:48] [[36mVAL[0m] e4/15 s80/100 loss=0.1988 avg=0.2046 124.4sample/s eta=00:01 mem=0.03GB/0.06GB
[03:40:50] [[36mVAL[0m] e4/15 s100/100 loss=0.2001 avg=0.2054 119.9sample/s eta=- mem=0.03GB/0.06GB
[03:40:50] [[33mEPOCH[0m] 4/15 train_loss=0.1937 train_fmax=- val_loss=0.2054 val_fmax=- lr=0.010000 val_fmax=SKIPPED best_val_fmax=-
[03:40:52] [[32mTRAIN[0m] e5/15 s20/100 loss=0.1841 avg=0.1920 124.4sample/s eta=00:06 mem=0.01GB/0.04GB
[03:40:54] [[32mTRAIN[0m] e5/15 s40/100 loss=0.2082 avg=0.1909 113.9sample/s eta=00:05 mem=0.01GB/0.04GB
[03:40:55] [[32mTRAIN[0m] e5/15 s60/100 loss=0.1902 avg=0.1917 114.8sample/s eta=00:03 mem=0.01GB/0.04GB
[03:40:57] [[32mTRAIN[0m] e5/15 s80/100 loss=0.2038 avg=0.1932 113.4sample/s eta=00:01 mem=0.01GB/0.04GB
[03:40:59] [[32mTRAIN[0m] e5/15 s100/100 loss=0.1803 avg=0.1924 112.5sample/s eta=- mem=0.01GB/0.04GB
[03:41:02] [[36mVAL[0m] e5/15 s20/100 loss=0.1992 avg=0.1977 68.3sample/s eta=00:11 mem=0.03GB/0.06GB
[03:41:05] [[36mVAL[0m] e5/15 s40/100 loss=0.1799 avg=0.1971 65.1sample/s eta=00:09 mem=0.03GB/0.06GB
[03:41:09] [[36mVAL[0m] e5/15 s60/100 loss=0.1687 avg=0.1948 63.2sample/s eta=00:06 mem=0.03GB/0.06GB
[03:41:12] [[36mVAL[0m] e5/15 s80/100 loss=0.1917 avg=0.1935 61.3sample/s eta=00:03 mem=0.03GB/0.06GB
[03:41:16] [[36mVAL[0m] e5/15 s100/100 loss=0.1805 avg=0.1938 61.1sample/s eta=- mem=0.03GB/0.06GB
[03:41:28] [[33mEPOCH[0m] 5/15 train_loss=0.1924 train_fmax=- val_loss=0.1938 val_fmax=0.4424 lr=0.010000 best_val_fmax=0.4424 *
[03:41:30] [[32mTRAIN[0m] e6/15 s20/100 loss=0.1913 avg=0.1922 138.5sample/s eta=00:05 mem=0.01GB/0.04GB
[03:41:31] [[32mTRAIN[0m] e6/15 s40/100 loss=0.1947 avg=0.1911 129.5sample/s eta=00:04 mem=0.01GB/0.04GB
[03:41:33] [[32mTRAIN[0m] e6/15 s60/100 loss=0.1721 avg=0.1910 132.0sample/s eta=00:03 mem=0.01GB/0.04GB
[03:41:34] [[32mTRAIN[0m] e6/15 s80/100 loss=0.2111 avg=0.1904 132.8sample/s eta=00:01 mem=0.01GB/0.04GB
[03:41:36] [[32mTRAIN[0m] e6/15 s100/100 loss=0.2027 avg=0.1910 129.7sample/s eta=- mem=0.01GB/0.04GB
[03:41:38] [[36mVAL[0m] e6/15 s20/100 loss=0.1945 avg=0.2002 123.9sample/s eta=00:06 mem=0.03GB/0.06GB
[03:41:39] [[36mVAL[0m] e6/15 s40/100 loss=0.1818 avg=0.1995 122.9sample/s eta=00:04 mem=0.03GB/0.06GB
[03:41:41] [[36mVAL[0m] e6/15 s60/100 loss=0.1720 avg=0.1978 120.2sample/s eta=00:03 mem=0.03GB/0.06GB
[03:41:43] [[36mVAL[0m] e6/15 s80/100 loss=0.1927 avg=0.1959 119.6sample/s eta=00:01 mem=0.03GB/0.06GB
[03:41:44] [[36mVAL[0m] e6/15 s100/100 loss=0.1856 avg=0.1964 123.4sample/s eta=- mem=0.03GB/0.06GB
[03:41:44] [[33mEPOCH[0m] 6/15 train_loss=0.1910 train_fmax=- val_loss=0.1964 val_fmax=- lr=0.010000 val_fmax=SKIPPED best_val_fmax=0.4424
[03:41:46] [[32mTRAIN[0m] e7/15 s20/100 loss=0.1776 avg=0.1987 132.0sample/s eta=00:06 mem=0.01GB/0.04GB
[03:41:47] [[32mTRAIN[0m] e7/15 s40/100 loss=0.1718 avg=0.1941 123.4sample/s eta=00:04 mem=0.01GB/0.04GB
[03:41:49] [[32mTRAIN[0m] e7/15 s60/100 loss=0.1972 avg=0.1926 120.7sample/s eta=00:03 mem=0.01GB/0.04GB
[03:41:51] [[32mTRAIN[0m] e7/15 s80/100 loss=0.1969 avg=0.1915 119.9sample/s eta=00:01 mem=0.01GB/0.04GB
[03:41:53] [[32mTRAIN[0m] e7/15 s100/100 loss=0.1854 avg=0.1917 117.5sample/s eta=- mem=0.01GB/0.04GB
[03:41:54] [[36mVAL[0m] e7/15 s20/100 loss=0.1975 avg=0.2023 121.2sample/s eta=00:06 mem=0.03GB/0.06GB
[03:41:56] [[36mVAL[0m] e7/15 s40/100 loss=0.1855 avg=0.2024 127.2sample/s eta=00:04 mem=0.03GB/0.06GB
[03:41:58] [[36mVAL[0m] e7/15 s60/100 loss=0.1698 avg=0.2002 127.4sample/s eta=00:03 mem=0.03GB/0.06GB
[03:41:59] [[36mVAL[0m] e7/15 s80/100 loss=0.1929 avg=0.1984 133.4sample/s eta=00:01 mem=0.03GB/0.06GB
[03:42:00] [[36mVAL[0m] e7/15 s100/100 loss=0.1893 avg=0.1993 133.2sample/s eta=- mem=0.03GB/0.06GB
[03:42:00] [[33mEPOCH[0m] 7/15 train_loss=0.1917 train_fmax=- val_loss=0.1993 val_fmax=- lr=0.010000 val_fmax=SKIPPED best_val_fmax=0.4424
[03:42:02] [[32mTRAIN[0m] e8/15 s20/100 loss=0.1947 avg=0.1952 131.6sample/s eta=00:06 mem=0.01GB/0.04GB
[03:42:04] [[32mTRAIN[0m] e8/15 s40/100 loss=0.1957 avg=0.1950 121.7sample/s eta=00:04 mem=0.01GB/0.04GB
[03:42:06] [[32mTRAIN[0m] e8/15 s60/100 loss=0.1707 avg=0.1923 114.5sample/s eta=00:03 mem=0.01GB/0.04GB
[03:42:07] [[32mTRAIN[0m] e8/15 s80/100 loss=0.1774 avg=0.1916 115.7sample/s eta=00:01 mem=0.01GB/0.04GB
[03:42:09] [[32mTRAIN[0m] e8/15 s100/100 loss=0.1847 avg=0.1913 117.4sample/s eta=- mem=0.01GB/0.04GB
[03:42:11] [[36mVAL[0m] e8/15 s20/100 loss=0.1951 avg=0.1966 122.9sample/s eta=00:06 mem=0.03GB/0.06GB
[03:42:12] [[36mVAL[0m] e8/15 s40/100 loss=0.1767 avg=0.1963 119.1sample/s eta=00:05 mem=0.03GB/0.06GB
[03:42:14] [[36mVAL[0m] e8/15 s60/100 loss=0.1717 avg=0.1941 130.1sample/s eta=00:03 mem=0.03GB/0.06GB
[03:42:15] [[36mVAL[0m] e8/15 s80/100 loss=0.1922 avg=0.1928 128.4sample/s eta=00:01 mem=0.03GB/0.06GB
[03:42:17] [[36mVAL[0m] e8/15 s100/100 loss=0.1780 avg=0.1933 130.1sample/s eta=- mem=0.03GB/0.06GB
[03:42:17] [[33mEPOCH[0m] 8/15 train_loss=0.1913 train_fmax=- val_loss=0.1933 val_fmax=- lr=0.010000 val_fmax=SKIPPED best_val_fmax=0.4424
[03:42:18] [[32mTRAIN[0m] e9/15 s20/100 loss=0.1757 avg=0.1943 124.7sample/s eta=00:06 mem=0.01GB/0.04GB
[03:42:20] [[32mTRAIN[0m] e9/15 s40/100 loss=0.1857 avg=0.1920 118.3sample/s eta=00:05 mem=0.01GB/0.04GB
[03:42:22] [[32mTRAIN[0m] e9/15 s60/100 loss=0.1839 avg=0.1897 121.1sample/s eta=00:03 mem=0.01GB/0.04GB
[03:42:23] [[32mTRAIN[0m] e9/15 s80/100 loss=0.1973 avg=0.1905 121.2sample/s eta=00:01 mem=0.01GB/0.04GB
[03:42:25] [[32mTRAIN[0m] e9/15 s100/100 loss=0.1839 avg=0.1906 120.5sample/s eta=- mem=0.01GB/0.04GB
[03:42:26] [[36mVAL[0m] e9/15 s20/100 loss=0.1967 avg=0.1964 137.9sample/s eta=00:05 mem=0.03GB/0.06GB
[03:42:28] [[36mVAL[0m] e9/15 s40/100 loss=0.1784 avg=0.1954 142.1sample/s eta=00:04 mem=0.03GB/0.06GB
[03:42:29] [[36mVAL[0m] e9/15 s60/100 loss=0.1748 avg=0.1933 145.2sample/s eta=00:02 mem=0.03GB/0.06GB
[03:42:31] [[36mVAL[0m] e9/15 s80/100 loss=0.1881 avg=0.1922 137.4sample/s eta=00:01 mem=0.03GB/0.06GB
[03:42:32] [[36mVAL[0m] e9/15 s100/100 loss=0.1799 avg=0.1925 137.4sample/s eta=- mem=0.03GB/0.06GB
[03:42:32] [[33mEPOCH[0m] 9/15 train_loss=0.1906 train_fmax=- val_loss=0.1925 val_fmax=- lr=0.010000 val_fmax=SKIPPED best_val_fmax=0.4424
[03:42:34] [[32mTRAIN[0m] e10/15 s20/100 loss=0.1883 avg=0.1885 127.7sample/s eta=00:06 mem=0.01GB/0.04GB
[03:42:36] [[32mTRAIN[0m] e10/15 s40/100 loss=0.1774 avg=0.1904 120.7sample/s eta=00:04 mem=0.01GB/0.04GB
[03:42:37] [[32mTRAIN[0m] e10/15 s60/100 loss=0.1802 avg=0.1908 122.1sample/s eta=00:03 mem=0.01GB/0.04GB
[03:42:39] [[32mTRAIN[0m] e10/15 s80/100 loss=0.1865 avg=0.1911 123.6sample/s eta=00:01 mem=0.01GB/0.04GB
[03:42:40] [[32mTRAIN[0m] e10/15 s100/100 loss=0.2132 avg=0.1914 126.1sample/s eta=- mem=0.01GB/0.04GB
[03:42:44] [[36mVAL[0m] e10/15 s20/100 loss=0.2001 avg=0.1959 60.0sample/s eta=00:13 mem=0.03GB/0.06GB
[03:42:47] [[36mVAL[0m] e10/15 s40/100 loss=0.1813 avg=0.1943 60.4sample/s eta=00:09 mem=0.03GB/0.06GB
[03:42:51] [[36mVAL[0m] e10/15 s60/100 loss=0.1753 avg=0.1928 58.0sample/s eta=00:06 mem=0.03GB/0.06GB
[03:42:55] [[36mVAL[0m] e10/15 s80/100 loss=0.1894 avg=0.1915 56.2sample/s eta=00:03 mem=0.03GB/0.06GB
[03:42:58] [[36mVAL[0m] e10/15 s100/100 loss=0.1770 avg=0.1917 55.3sample/s eta=- mem=0.03GB/0.06GB
[03:43:10] [[33mEPOCH[0m] 10/15 train_loss=0.1914 train_fmax=- val_loss=0.1917 val_fmax=0.4438 lr=0.010000 best_val_fmax=0.4438 *
[03:43:12] [[32mTRAIN[0m] e11/15 s20/100 loss=0.1947 avg=0.1902 128.0sample/s eta=00:06 mem=0.01GB/0.04GB
[03:43:13] [[32mTRAIN[0m] e11/15 s40/100 loss=0.1901 avg=0.1913 133.4sample/s eta=00:04 mem=0.01GB/0.04GB
[03:43:15] [[32mTRAIN[0m] e11/15 s60/100 loss=0.2171 avg=0.1920 129.0sample/s eta=00:03 mem=0.01GB/0.04GB
[03:43:17] [[32mTRAIN[0m] e11/15 s80/100 loss=0.1820 avg=0.1894 126.0sample/s eta=00:01 mem=0.01GB/0.04GB
[03:43:18] [[32mTRAIN[0m] e11/15 s100/100 loss=0.1888 avg=0.1901 125.6sample/s eta=- mem=0.01GB/0.04GB
[03:43:20] [[36mVAL[0m] e11/15 s20/100 loss=0.1955 avg=0.2013 129.5sample/s eta=00:06 mem=0.03GB/0.06GB
[03:43:22] [[36mVAL[0m] e11/15 s40/100 loss=0.1787 avg=0.1997 129.8sample/s eta=00:04 mem=0.03GB/0.06GB
[03:43:23] [[36mVAL[0m] e11/15 s60/100 loss=0.1738 avg=0.1978 123.8sample/s eta=00:03 mem=0.03GB/0.06GB
[03:43:25] [[36mVAL[0m] e11/15 s80/100 loss=0.1929 avg=0.1960 119.9sample/s eta=00:01 mem=0.03GB/0.06GB
[03:43:27] [[36mVAL[0m] e11/15 s100/100 loss=0.1881 avg=0.1967 121.6sample/s eta=- mem=0.03GB/0.06GB
[03:43:27] [[33mEPOCH[0m] 11/15 train_loss=0.1901 train_fmax=- val_loss=0.1967 val_fmax=- lr=0.010000 val_fmax=SKIPPED best_val_fmax=0.4438
[03:43:28] [[32mTRAIN[0m] e12/15 s20/100 loss=0.1766 avg=0.1854 128.1sample/s eta=00:06 mem=0.01GB/0.04GB
[03:43:30] [[32mTRAIN[0m] e12/15 s40/100 loss=0.1734 avg=0.1858 123.5sample/s eta=00:04 mem=0.01GB/0.04GB
[03:43:32] [[32mTRAIN[0m] e12/15 s60/100 loss=0.1866 avg=0.1876 123.1sample/s eta=00:03 mem=0.01GB/0.04GB
[03:43:33] [[32mTRAIN[0m] e12/15 s80/100 loss=0.2124 avg=0.1888 122.7sample/s eta=00:01 mem=0.01GB/0.04GB
[03:43:35] [[32mTRAIN[0m] e12/15 s100/100 loss=0.1892 avg=0.1882 119.4sample/s eta=- mem=0.01GB/0.04GB
[03:43:37] [[36mVAL[0m] e12/15 s20/100 loss=0.1984 avg=0.1995 134.6sample/s eta=00:05 mem=0.03GB/0.06GB
[03:43:38] [[36mVAL[0m] e12/15 s40/100 loss=0.1840 avg=0.1994 128.8sample/s eta=00:04 mem=0.03GB/0.06GB
[03:43:40] [[36mVAL[0m] e12/15 s60/100 loss=0.1709 avg=0.1979 126.4sample/s eta=00:03 mem=0.03GB/0.06GB
[03:43:41] [[36mVAL[0m] e12/15 s80/100 loss=0.1914 avg=0.1961 128.2sample/s eta=00:01 mem=0.03GB/0.06GB
[03:43:43] [[36mVAL[0m] e12/15 s100/100 loss=0.1849 avg=0.1965 133.9sample/s eta=- mem=0.03GB/0.06GB
[03:43:43] [[33mEPOCH[0m] 12/15 train_loss=0.1882 train_fmax=- val_loss=0.1965 val_fmax=- lr=0.010000 val_fmax=SKIPPED best_val_fmax=0.4438
[03:43:44] [[32mTRAIN[0m] e13/15 s20/100 loss=0.1870 avg=0.1931 119.4sample/s eta=00:06 mem=0.01GB/0.04GB
[03:43:46] [[32mTRAIN[0m] e13/15 s40/100 loss=0.1988 avg=0.1898 124.1sample/s eta=00:04 mem=0.01GB/0.04GB
[03:43:47] [[32mTRAIN[0m] e13/15 s60/100 loss=0.1822 avg=0.1897 128.4sample/s eta=00:03 mem=0.01GB/0.04GB
[03:43:49] [[32mTRAIN[0m] e13/15 s80/100 loss=0.1988 avg=0.1900 128.2sample/s eta=00:01 mem=0.01GB/0.04GB
[03:43:50] [[32mTRAIN[0m] e13/15 s100/100 loss=0.1899 avg=0.1904 127.9sample/s eta=- mem=0.01GB/0.04GB
[03:43:52] [[36mVAL[0m] e13/15 s20/100 loss=0.1963 avg=0.1996 127.4sample/s eta=00:06 mem=0.03GB/0.06GB
[03:43:54] [[36mVAL[0m] e13/15 s40/100 loss=0.1801 avg=0.1981 123.8sample/s eta=00:04 mem=0.03GB/0.06GB
[03:43:55] [[36mVAL[0m] e13/15 s60/100 loss=0.1781 avg=0.1963 121.4sample/s eta=00:03 mem=0.03GB/0.06GB
[03:43:57] [[36mVAL[0m] e13/15 s80/100 loss=0.1911 avg=0.1950 125.0sample/s eta=00:01 mem=0.03GB/0.06GB
[03:43:58] [[36mVAL[0m] e13/15 s100/100 loss=0.1845 avg=0.1955 128.3sample/s eta=- mem=0.03GB/0.06GB
[03:43:58] [[33mEPOCH[0m] 13/15 train_loss=0.1904 train_fmax=- val_loss=0.1955 val_fmax=- lr=0.010000 val_fmax=SKIPPED best_val_fmax=0.4438
[03:44:00] [[32mTRAIN[0m] e14/15 s20/100 loss=0.1847 avg=0.1905 125.4sample/s eta=00:06 mem=0.01GB/0.04GB
[03:44:02] [[32mTRAIN[0m] e14/15 s40/100 loss=0.1885 avg=0.1924 122.9sample/s eta=00:04 mem=0.01GB/0.04GB
[03:44:03] [[32mTRAIN[0m] e14/15 s60/100 loss=0.1972 avg=0.1931 119.4sample/s eta=00:03 mem=0.01GB/0.04GB
[03:44:05] [[32mTRAIN[0m] e14/15 s80/100 loss=0.2047 avg=0.1925 119.6sample/s eta=00:01 mem=0.01GB/0.04GB
[03:44:07] [[32mTRAIN[0m] e14/15 s100/100 loss=0.1962 avg=0.1920 116.5sample/s eta=- mem=0.01GB/0.04GB
[03:44:09] [[36mVAL[0m] e14/15 s20/100 loss=0.1939 avg=0.1966 114.8sample/s eta=00:06 mem=0.03GB/0.06GB
[03:44:10] [[36mVAL[0m] e14/15 s40/100 loss=0.1779 avg=0.1961 120.2sample/s eta=00:04 mem=0.03GB/0.06GB
[03:44:12] [[36mVAL[0m] e14/15 s60/100 loss=0.1739 avg=0.1939 118.6sample/s eta=00:03 mem=0.03GB/0.06GB
[03:44:13] [[36mVAL[0m] e14/15 s80/100 loss=0.1951 avg=0.1923 123.3sample/s eta=00:01 mem=0.03GB/0.06GB
[03:44:15] [[36mVAL[0m] e14/15 s100/100 loss=0.1844 avg=0.1928 124.1sample/s eta=- mem=0.03GB/0.06GB
[03:44:15] [[33mEPOCH[0m] 14/15 train_loss=0.1920 train_fmax=- val_loss=0.1928 val_fmax=- lr=0.010000 val_fmax=SKIPPED best_val_fmax=0.4438
[03:44:17] [[32mTRAIN[0m] e15/15 s20/100 loss=0.1856 avg=0.1885 109.4sample/s eta=00:07 mem=0.01GB/0.04GB
[03:44:18] [[32mTRAIN[0m] e15/15 s40/100 loss=0.1703 avg=0.1860 113.7sample/s eta=00:05 mem=0.01GB/0.04GB
[03:44:20] [[32mTRAIN[0m] e15/15 s60/100 loss=0.2230 avg=0.1869 117.8sample/s eta=00:03 mem=0.01GB/0.04GB
[03:44:22] [[32mTRAIN[0m] e15/15 s80/100 loss=0.1703 avg=0.1878 122.1sample/s eta=00:01 mem=0.01GB/0.04GB
[03:44:23] [[32mTRAIN[0m] e15/15 s100/100 loss=0.2008 avg=0.1903 123.8sample/s eta=- mem=0.01GB/0.04GB
[03:44:26] [[36mVAL[0m] e15/15 s20/100 loss=0.1939 avg=0.2004 60.5sample/s eta=00:13 mem=0.03GB/0.06GB
[03:44:30] [[36mVAL[0m] e15/15 s40/100 loss=0.1787 avg=0.1993 61.1sample/s eta=00:09 mem=0.03GB/0.06GB
[03:44:33] [[36mVAL[0m] e15/15 s60/100 loss=0.1711 avg=0.1972 59.5sample/s eta=00:06 mem=0.03GB/0.06GB
[03:44:37] [[36mVAL[0m] e15/15 s80/100 loss=0.1910 avg=0.1952 58.7sample/s eta=00:03 mem=0.03GB/0.06GB
[03:44:40] [[36mVAL[0m] e15/15 s100/100 loss=0.1844 avg=0.1959 58.0sample/s eta=- mem=0.03GB/0.06GB
[03:44:53] [[33mEPOCH[0m] 15/15 train_loss=0.1903 train_fmax=- val_loss=0.1959 val_fmax=0.4434 lr=0.010000 best_val_fmax=0.4438
[03:45:30] [[34mDONE[0m] run_dir=reports/tuning_runs/pilot_gt_binary_s100_e15/260309_033944
