[03:33:36] live logging started task=saliency
[03:33:36] [[35mTRAIN[0m] exp=pilot_gt_raw_s100_e15 task=saliency device=cuda epochs=15 log_every=20steps
[03:33:38] [[32mTRAIN[0m] e1/15 s20/100 loss=0.0882 avg=0.0836 109.4sample/s eta=00:07 mem=0.01GB/0.04GB
[03:33:39] [[32mTRAIN[0m] e1/15 s40/100 loss=0.0868 avg=0.0791 122.4sample/s eta=00:04 mem=0.01GB/0.04GB
[03:33:41] [[32mTRAIN[0m] e1/15 s60/100 loss=0.0674 avg=0.0762 116.8sample/s eta=00:03 mem=0.01GB/0.04GB
[03:33:43] [[32mTRAIN[0m] e1/15 s80/100 loss=0.0708 avg=0.0737 116.6sample/s eta=00:01 mem=0.01GB/0.04GB
[03:33:44] [[32mTRAIN[0m] e1/15 s100/100 loss=0.0762 avg=0.0712 119.6sample/s eta=- mem=0.01GB/0.04GB
[03:33:46] [[36mVAL[0m] e1/15 s20/100 loss=0.0461 avg=0.0664 128.0sample/s eta=00:06 mem=0.03GB/0.06GB
[03:33:47] [[36mVAL[0m] e1/15 s40/100 loss=0.0559 avg=0.0638 123.5sample/s eta=00:04 mem=0.03GB/0.06GB
[03:33:49] [[36mVAL[0m] e1/15 s60/100 loss=0.0499 avg=0.0634 129.6sample/s eta=00:03 mem=0.03GB/0.06GB
[03:33:50] [[36mVAL[0m] e1/15 s80/100 loss=0.0670 avg=0.0631 131.5sample/s eta=00:01 mem=0.03GB/0.06GB
[03:33:52] [[36mVAL[0m] e1/15 s100/100 loss=0.0478 avg=0.0638 129.8sample/s eta=- mem=0.03GB/0.06GB
[03:33:52] [[33mEPOCH[0m] 1/15 train_loss=0.0712 train_fmax=- val_loss=0.0638 val_fmax=- lr=0.010000 val_fmax=SKIPPED best_val_fmax=-
[03:33:54] [[32mTRAIN[0m] e2/15 s20/100 loss=0.0642 avg=0.0628 122.0sample/s eta=00:06 mem=0.01GB/0.04GB
[03:33:56] [[32mTRAIN[0m] e2/15 s40/100 loss=0.0632 avg=0.0615 111.9sample/s eta=00:05 mem=0.01GB/0.04GB
[03:33:57] [[32mTRAIN[0m] e2/15 s60/100 loss=0.0581 avg=0.0597 109.3sample/s eta=00:03 mem=0.01GB/0.04GB
[03:33:59] [[32mTRAIN[0m] e2/15 s80/100 loss=0.0577 avg=0.0588 106.6sample/s eta=00:01 mem=0.01GB/0.04GB
[03:34:01] [[32mTRAIN[0m] e2/15 s100/100 loss=0.0604 avg=0.0582 108.2sample/s eta=- mem=0.01GB/0.04GB
[03:34:03] [[36mVAL[0m] e2/15 s20/100 loss=0.0439 avg=0.0577 135.7sample/s eta=00:05 mem=0.03GB/0.06GB
[03:34:04] [[36mVAL[0m] e2/15 s40/100 loss=0.0527 avg=0.0559 141.1sample/s eta=00:04 mem=0.03GB/0.06GB
[03:34:06] [[36mVAL[0m] e2/15 s60/100 loss=0.0455 avg=0.0558 140.1sample/s eta=00:02 mem=0.03GB/0.06GB
[03:34:07] [[36mVAL[0m] e2/15 s80/100 loss=0.0565 avg=0.0557 136.8sample/s eta=00:01 mem=0.03GB/0.06GB
[03:34:09] [[36mVAL[0m] e2/15 s100/100 loss=0.0388 avg=0.0562 136.6sample/s eta=- mem=0.03GB/0.06GB
[03:34:09] [[33mEPOCH[0m] 2/15 train_loss=0.0582 train_fmax=- val_loss=0.0562 val_fmax=- lr=0.010000 val_fmax=SKIPPED best_val_fmax=-
[03:34:10] [[32mTRAIN[0m] e3/15 s20/100 loss=0.0479 avg=0.0536 112.6sample/s eta=00:07 mem=0.01GB/0.04GB
[03:34:12] [[32mTRAIN[0m] e3/15 s40/100 loss=0.0528 avg=0.0552 113.9sample/s eta=00:05 mem=0.01GB/0.04GB
[03:34:14] [[32mTRAIN[0m] e3/15 s60/100 loss=0.0546 avg=0.0546 115.2sample/s eta=00:03 mem=0.01GB/0.04GB
[03:34:16] [[32mTRAIN[0m] e3/15 s80/100 loss=0.0449 avg=0.0558 115.6sample/s eta=00:01 mem=0.01GB/0.04GB
[03:34:17] [[32mTRAIN[0m] e3/15 s100/100 loss=0.0619 avg=0.0563 114.7sample/s eta=- mem=0.01GB/0.04GB
[03:34:19] [[36mVAL[0m] e3/15 s20/100 loss=0.0456 avg=0.0551 142.2sample/s eta=00:05 mem=0.03GB/0.06GB
[03:34:20] [[36mVAL[0m] e3/15 s40/100 loss=0.0531 avg=0.0532 133.5sample/s eta=00:04 mem=0.03GB/0.06GB
[03:34:22] [[36mVAL[0m] e3/15 s60/100 loss=0.0467 avg=0.0529 127.8sample/s eta=00:03 mem=0.03GB/0.06GB
[03:34:24] [[36mVAL[0m] e3/15 s80/100 loss=0.0562 avg=0.0530 127.8sample/s eta=00:01 mem=0.03GB/0.06GB
[03:34:26] [[36mVAL[0m] e3/15 s100/100 loss=0.0396 avg=0.0533 122.9sample/s eta=- mem=0.03GB/0.06GB
[03:34:26] [[33mEPOCH[0m] 3/15 train_loss=0.0563 train_fmax=- val_loss=0.0533 val_fmax=- lr=0.010000 val_fmax=SKIPPED best_val_fmax=-
[03:34:27] [[32mTRAIN[0m] e4/15 s20/100 loss=0.0680 avg=0.0573 107.9sample/s eta=00:07 mem=0.01GB/0.04GB
[03:34:29] [[32mTRAIN[0m] e4/15 s40/100 loss=0.0534 avg=0.0568 102.5sample/s eta=00:05 mem=0.01GB/0.04GB
[03:34:31] [[32mTRAIN[0m] e4/15 s60/100 loss=0.0594 avg=0.0564 101.3sample/s eta=00:03 mem=0.01GB/0.04GB
[03:34:33] [[32mTRAIN[0m] e4/15 s80/100 loss=0.0554 avg=0.0554 105.6sample/s eta=00:01 mem=0.01GB/0.04GB
[03:34:35] [[32mTRAIN[0m] e4/15 s100/100 loss=0.0435 avg=0.0553 108.1sample/s eta=- mem=0.01GB/0.04GB
[03:34:37] [[36mVAL[0m] e4/15 s20/100 loss=0.0444 avg=0.0547 112.7sample/s eta=00:07 mem=0.03GB/0.06GB
[03:34:38] [[36mVAL[0m] e4/15 s40/100 loss=0.0522 avg=0.0534 128.8sample/s eta=00:04 mem=0.03GB/0.06GB
[03:34:40] [[36mVAL[0m] e4/15 s60/100 loss=0.0430 avg=0.0531 125.8sample/s eta=00:03 mem=0.03GB/0.06GB
[03:34:41] [[36mVAL[0m] e4/15 s80/100 loss=0.0532 avg=0.0530 124.0sample/s eta=00:01 mem=0.03GB/0.06GB
[03:34:43] [[36mVAL[0m] e4/15 s100/100 loss=0.0413 avg=0.0533 124.7sample/s eta=- mem=0.03GB/0.06GB
[03:34:43] [[33mEPOCH[0m] 4/15 train_loss=0.0553 train_fmax=- val_loss=0.0533 val_fmax=- lr=0.010000 val_fmax=SKIPPED best_val_fmax=-
[03:34:45] [[32mTRAIN[0m] e5/15 s20/100 loss=0.0446 avg=0.0515 112.5sample/s eta=00:07 mem=0.01GB/0.04GB
[03:34:46] [[32mTRAIN[0m] e5/15 s40/100 loss=0.0503 avg=0.0521 117.5sample/s eta=00:05 mem=0.01GB/0.04GB
[03:34:48] [[32mTRAIN[0m] e5/15 s60/100 loss=0.0549 avg=0.0532 120.3sample/s eta=00:03 mem=0.01GB/0.04GB
[03:34:50] [[32mTRAIN[0m] e5/15 s80/100 loss=0.0480 avg=0.0535 116.0sample/s eta=00:01 mem=0.01GB/0.04GB
[03:34:51] [[32mTRAIN[0m] e5/15 s100/100 loss=0.0569 avg=0.0536 117.6sample/s eta=- mem=0.01GB/0.04GB
[03:34:55] [[36mVAL[0m] e5/15 s20/100 loss=0.0445 avg=0.0556 53.6sample/s eta=00:14 mem=0.03GB/0.06GB
[03:34:59] [[36mVAL[0m] e5/15 s40/100 loss=0.0529 avg=0.0540 51.3sample/s eta=00:11 mem=0.03GB/0.06GB
[03:35:03] [[36mVAL[0m] e5/15 s60/100 loss=0.0430 avg=0.0536 52.3sample/s eta=00:07 mem=0.03GB/0.06GB
[03:35:06] [[36mVAL[0m] e5/15 s80/100 loss=0.0512 avg=0.0534 53.3sample/s eta=00:03 mem=0.03GB/0.06GB
[03:35:10] [[36mVAL[0m] e5/15 s100/100 loss=0.0414 avg=0.0538 52.7sample/s eta=- mem=0.03GB/0.06GB
[03:35:24] [[33mEPOCH[0m] 5/15 train_loss=0.0536 train_fmax=- val_loss=0.0538 val_fmax=0.2431 lr=0.010000 best_val_fmax=0.2431 *
[03:35:26] [[32mTRAIN[0m] e6/15 s20/100 loss=0.0555 avg=0.0524 105.8sample/s eta=00:07 mem=0.01GB/0.04GB
[03:35:28] [[32mTRAIN[0m] e6/15 s40/100 loss=0.0537 avg=0.0518 104.0sample/s eta=00:05 mem=0.01GB/0.04GB
[03:35:30] [[32mTRAIN[0m] e6/15 s60/100 loss=0.0504 avg=0.0525 109.3sample/s eta=00:03 mem=0.01GB/0.04GB
[03:35:31] [[32mTRAIN[0m] e6/15 s80/100 loss=0.0585 avg=0.0528 108.5sample/s eta=00:01 mem=0.01GB/0.04GB
[03:35:33] [[32mTRAIN[0m] e6/15 s100/100 loss=0.0661 avg=0.0527 108.1sample/s eta=- mem=0.01GB/0.04GB
[03:35:35] [[36mVAL[0m] e6/15 s20/100 loss=0.0430 avg=0.0542 113.5sample/s eta=00:07 mem=0.03GB/0.06GB
[03:35:37] [[36mVAL[0m] e6/15 s40/100 loss=0.0518 avg=0.0524 115.3sample/s eta=00:05 mem=0.03GB/0.06GB
[03:35:38] [[36mVAL[0m] e6/15 s60/100 loss=0.0424 avg=0.0520 119.1sample/s eta=00:03 mem=0.03GB/0.06GB
[03:35:40] [[36mVAL[0m] e6/15 s80/100 loss=0.0523 avg=0.0518 121.2sample/s eta=00:01 mem=0.03GB/0.06GB
[03:35:42] [[36mVAL[0m] e6/15 s100/100 loss=0.0400 avg=0.0521 122.8sample/s eta=- mem=0.03GB/0.06GB
[03:35:42] [[33mEPOCH[0m] 6/15 train_loss=0.0527 train_fmax=- val_loss=0.0521 val_fmax=- lr=0.010000 val_fmax=SKIPPED best_val_fmax=0.2431
[03:35:43] [[32mTRAIN[0m] e7/15 s20/100 loss=0.0443 avg=0.0552 123.6sample/s eta=00:06 mem=0.01GB/0.04GB
[03:35:45] [[32mTRAIN[0m] e7/15 s40/100 loss=0.0490 avg=0.0534 134.9sample/s eta=00:04 mem=0.01GB/0.04GB
[03:35:46] [[32mTRAIN[0m] e7/15 s60/100 loss=0.0606 avg=0.0524 127.9sample/s eta=00:03 mem=0.01GB/0.04GB
[03:35:48] [[32mTRAIN[0m] e7/15 s80/100 loss=0.0524 avg=0.0520 130.6sample/s eta=00:01 mem=0.01GB/0.04GB
[03:35:49] [[32mTRAIN[0m] e7/15 s100/100 loss=0.0479 avg=0.0518 132.7sample/s eta=- mem=0.01GB/0.04GB
[03:35:51] [[36mVAL[0m] e7/15 s20/100 loss=0.0426 avg=0.0526 114.3sample/s eta=00:07 mem=0.03GB/0.06GB
[03:35:53] [[36mVAL[0m] e7/15 s40/100 loss=0.0507 avg=0.0510 113.0sample/s eta=00:05 mem=0.03GB/0.06GB
[03:35:54] [[36mVAL[0m] e7/15 s60/100 loss=0.0442 avg=0.0509 114.5sample/s eta=00:03 mem=0.03GB/0.06GB
[03:35:56] [[36mVAL[0m] e7/15 s80/100 loss=0.0509 avg=0.0508 116.1sample/s eta=00:01 mem=0.03GB/0.06GB
[03:35:58] [[36mVAL[0m] e7/15 s100/100 loss=0.0420 avg=0.0512 116.0sample/s eta=- mem=0.03GB/0.06GB
[03:35:58] [[33mEPOCH[0m] 7/15 train_loss=0.0518 train_fmax=- val_loss=0.0512 val_fmax=- lr=0.010000 val_fmax=SKIPPED best_val_fmax=0.2431
[03:35:59] [[32mTRAIN[0m] e8/15 s20/100 loss=0.0512 avg=0.0507 131.5sample/s eta=00:06 mem=0.01GB/0.04GB
[03:36:01] [[32mTRAIN[0m] e8/15 s40/100 loss=0.0528 avg=0.0515 125.3sample/s eta=00:04 mem=0.01GB/0.04GB
[03:36:03] [[32mTRAIN[0m] e8/15 s60/100 loss=0.0528 avg=0.0516 120.3sample/s eta=00:03 mem=0.01GB/0.04GB
[03:36:04] [[32mTRAIN[0m] e8/15 s80/100 loss=0.0482 avg=0.0511 123.1sample/s eta=00:01 mem=0.01GB/0.04GB
[03:36:06] [[32mTRAIN[0m] e8/15 s100/100 loss=0.0558 avg=0.0512 123.9sample/s eta=- mem=0.01GB/0.04GB
[03:36:07] [[36mVAL[0m] e8/15 s20/100 loss=0.0411 avg=0.0542 130.7sample/s eta=00:06 mem=0.03GB/0.06GB
[03:36:09] [[36mVAL[0m] e8/15 s40/100 loss=0.0517 avg=0.0526 131.9sample/s eta=00:04 mem=0.03GB/0.06GB
[03:36:11] [[36mVAL[0m] e8/15 s60/100 loss=0.0423 avg=0.0523 129.9sample/s eta=00:03 mem=0.03GB/0.06GB
[03:36:12] [[36mVAL[0m] e8/15 s80/100 loss=0.0530 avg=0.0522 130.0sample/s eta=00:01 mem=0.03GB/0.06GB
[03:36:14] [[36mVAL[0m] e8/15 s100/100 loss=0.0397 avg=0.0524 129.6sample/s eta=- mem=0.03GB/0.06GB
[03:36:14] [[33mEPOCH[0m] 8/15 train_loss=0.0512 train_fmax=- val_loss=0.0524 val_fmax=- lr=0.010000 val_fmax=SKIPPED best_val_fmax=0.2431
[03:36:15] [[32mTRAIN[0m] e9/15 s20/100 loss=0.0463 avg=0.0525 125.6sample/s eta=00:06 mem=0.01GB/0.04GB
[03:36:17] [[32mTRAIN[0m] e9/15 s40/100 loss=0.0546 avg=0.0530 120.5sample/s eta=00:04 mem=0.01GB/0.04GB
[03:36:18] [[32mTRAIN[0m] e9/15 s60/100 loss=0.0477 avg=0.0515 126.4sample/s eta=00:03 mem=0.01GB/0.04GB
[03:36:20] [[32mTRAIN[0m] e9/15 s80/100 loss=0.0558 avg=0.0507 126.6sample/s eta=00:01 mem=0.01GB/0.04GB
[03:36:22] [[32mTRAIN[0m] e9/15 s100/100 loss=0.0507 avg=0.0509 124.6sample/s eta=- mem=0.01GB/0.04GB
[03:36:23] [[36mVAL[0m] e9/15 s20/100 loss=0.0412 avg=0.0555 135.3sample/s eta=00:05 mem=0.03GB/0.06GB
[03:36:25] [[36mVAL[0m] e9/15 s40/100 loss=0.0524 avg=0.0535 129.9sample/s eta=00:04 mem=0.03GB/0.06GB
[03:36:26] [[36mVAL[0m] e9/15 s60/100 loss=0.0415 avg=0.0532 129.2sample/s eta=00:03 mem=0.03GB/0.06GB
[03:36:28] [[36mVAL[0m] e9/15 s80/100 loss=0.0523 avg=0.0528 129.3sample/s eta=00:01 mem=0.03GB/0.06GB
[03:36:29] [[36mVAL[0m] e9/15 s100/100 loss=0.0412 avg=0.0532 131.3sample/s eta=- mem=0.03GB/0.06GB
[03:36:29] [[33mEPOCH[0m] 9/15 train_loss=0.0509 train_fmax=- val_loss=0.0532 val_fmax=- lr=0.010000 val_fmax=SKIPPED best_val_fmax=0.2431
[03:36:31] [[32mTRAIN[0m] e10/15 s20/100 loss=0.0464 avg=0.0511 118.7sample/s eta=00:06 mem=0.01GB/0.04GB
[03:36:33] [[32mTRAIN[0m] e10/15 s40/100 loss=0.0442 avg=0.0505 114.4sample/s eta=00:05 mem=0.01GB/0.04GB
[03:36:35] [[32mTRAIN[0m] e10/15 s60/100 loss=0.0463 avg=0.0511 114.1sample/s eta=00:03 mem=0.01GB/0.04GB
[03:36:36] [[32mTRAIN[0m] e10/15 s80/100 loss=0.0480 avg=0.0509 115.2sample/s eta=00:01 mem=0.01GB/0.04GB
[03:36:38] [[32mTRAIN[0m] e10/15 s100/100 loss=0.0546 avg=0.0509 113.0sample/s eta=- mem=0.01GB/0.04GB
[03:36:42] [[36mVAL[0m] e10/15 s20/100 loss=0.0408 avg=0.0552 56.6sample/s eta=00:14 mem=0.03GB/0.06GB
[03:36:45] [[36mVAL[0m] e10/15 s40/100 loss=0.0481 avg=0.0537 58.2sample/s eta=00:10 mem=0.03GB/0.06GB
[03:36:49] [[36mVAL[0m] e10/15 s60/100 loss=0.0417 avg=0.0533 58.1sample/s eta=00:06 mem=0.03GB/0.06GB
[03:36:53] [[36mVAL[0m] e10/15 s80/100 loss=0.0530 avg=0.0530 56.1sample/s eta=00:03 mem=0.03GB/0.06GB
[03:36:56] [[36mVAL[0m] e10/15 s100/100 loss=0.0418 avg=0.0534 55.0sample/s eta=- mem=0.03GB/0.06GB
[03:37:09] [[33mEPOCH[0m] 10/15 train_loss=0.0509 train_fmax=- val_loss=0.0534 val_fmax=0.2434 lr=0.010000 best_val_fmax=0.2434 *
[03:37:10] [[32mTRAIN[0m] e11/15 s20/100 loss=0.0505 avg=0.0533 118.2sample/s eta=00:06 mem=0.01GB/0.04GB
[03:37:12] [[32mTRAIN[0m] e11/15 s40/100 loss=0.0396 avg=0.0522 128.8sample/s eta=00:04 mem=0.01GB/0.04GB
[03:37:13] [[32mTRAIN[0m] e11/15 s60/100 loss=0.0626 avg=0.0519 132.2sample/s eta=00:03 mem=0.01GB/0.04GB
[03:37:15] [[32mTRAIN[0m] e11/15 s80/100 loss=0.0499 avg=0.0513 135.3sample/s eta=00:01 mem=0.01GB/0.04GB
[03:37:16] [[32mTRAIN[0m] e11/15 s100/100 loss=0.0506 avg=0.0515 135.5sample/s eta=- mem=0.01GB/0.04GB
[03:37:18] [[36mVAL[0m] e11/15 s20/100 loss=0.0452 avg=0.0534 126.4sample/s eta=00:06 mem=0.03GB/0.06GB
[03:37:19] [[36mVAL[0m] e11/15 s40/100 loss=0.0497 avg=0.0514 127.8sample/s eta=00:04 mem=0.03GB/0.06GB
[03:37:21] [[36mVAL[0m] e11/15 s60/100 loss=0.0484 avg=0.0511 127.8sample/s eta=00:03 mem=0.03GB/0.06GB
[03:37:23] [[36mVAL[0m] e11/15 s80/100 loss=0.0561 avg=0.0510 126.5sample/s eta=00:01 mem=0.03GB/0.06GB
[03:37:24] [[36mVAL[0m] e11/15 s100/100 loss=0.0418 avg=0.0515 124.0sample/s eta=- mem=0.03GB/0.06GB
[03:37:24] [[33mEPOCH[0m] 11/15 train_loss=0.0515 train_fmax=- val_loss=0.0515 val_fmax=- lr=0.010000 val_fmax=SKIPPED best_val_fmax=0.2434
[03:37:26] [[32mTRAIN[0m] e12/15 s20/100 loss=0.0444 avg=0.0485 133.6sample/s eta=00:05 mem=0.01GB/0.04GB
[03:37:27] [[32mTRAIN[0m] e12/15 s40/100 loss=0.0507 avg=0.0489 128.7sample/s eta=00:04 mem=0.01GB/0.04GB
[03:37:29] [[32mTRAIN[0m] e12/15 s60/100 loss=0.0518 avg=0.0494 124.8sample/s eta=00:03 mem=0.01GB/0.04GB
[03:37:31] [[32mTRAIN[0m] e12/15 s80/100 loss=0.0479 avg=0.0496 125.1sample/s eta=00:01 mem=0.01GB/0.04GB
[03:37:32] [[32mTRAIN[0m] e12/15 s100/100 loss=0.0551 avg=0.0496 122.4sample/s eta=- mem=0.01GB/0.04GB
[03:37:34] [[36mVAL[0m] e12/15 s20/100 loss=0.0471 avg=0.0521 115.4sample/s eta=00:06 mem=0.03GB/0.06GB
[03:37:36] [[36mVAL[0m] e12/15 s40/100 loss=0.0516 avg=0.0504 114.6sample/s eta=00:05 mem=0.03GB/0.06GB
[03:37:38] [[36mVAL[0m] e12/15 s60/100 loss=0.0461 avg=0.0505 115.3sample/s eta=00:03 mem=0.03GB/0.06GB
[03:37:39] [[36mVAL[0m] e12/15 s80/100 loss=0.0496 avg=0.0502 115.8sample/s eta=00:01 mem=0.03GB/0.06GB
[03:37:41] [[36mVAL[0m] e12/15 s100/100 loss=0.0392 avg=0.0504 121.3sample/s eta=- mem=0.03GB/0.06GB
[03:37:41] [[33mEPOCH[0m] 12/15 train_loss=0.0496 train_fmax=- val_loss=0.0504 val_fmax=- lr=0.010000 val_fmax=SKIPPED best_val_fmax=0.2434
[03:37:43] [[32mTRAIN[0m] e13/15 s20/100 loss=0.0486 avg=0.0485 103.0sample/s eta=00:07 mem=0.01GB/0.04GB
[03:37:44] [[32mTRAIN[0m] e13/15 s40/100 loss=0.0516 avg=0.0503 116.7sample/s eta=00:05 mem=0.01GB/0.04GB
[03:37:46] [[32mTRAIN[0m] e13/15 s60/100 loss=0.0452 avg=0.0502 118.8sample/s eta=00:03 mem=0.01GB/0.04GB
[03:37:47] [[32mTRAIN[0m] e13/15 s80/100 loss=0.0513 avg=0.0500 120.9sample/s eta=00:01 mem=0.01GB/0.04GB
[03:37:49] [[32mTRAIN[0m] e13/15 s100/100 loss=0.0504 avg=0.0497 122.5sample/s eta=- mem=0.01GB/0.04GB
[03:37:51] [[36mVAL[0m] e13/15 s20/100 loss=0.0394 avg=0.0537 127.3sample/s eta=00:06 mem=0.03GB/0.06GB
[03:37:52] [[36mVAL[0m] e13/15 s40/100 loss=0.0511 avg=0.0520 128.4sample/s eta=00:04 mem=0.03GB/0.06GB
[03:37:54] [[36mVAL[0m] e13/15 s60/100 loss=0.0424 avg=0.0518 129.9sample/s eta=00:03 mem=0.03GB/0.06GB
[03:37:55] [[36mVAL[0m] e13/15 s80/100 loss=0.0522 avg=0.0514 133.5sample/s eta=00:01 mem=0.03GB/0.06GB
[03:37:57] [[36mVAL[0m] e13/15 s100/100 loss=0.0410 avg=0.0518 130.3sample/s eta=- mem=0.03GB/0.06GB
[03:37:57] [[33mEPOCH[0m] 13/15 train_loss=0.0497 train_fmax=- val_loss=0.0518 val_fmax=- lr=0.010000 val_fmax=SKIPPED best_val_fmax=0.2434
[03:37:59] [[32mTRAIN[0m] e14/15 s20/100 loss=0.0458 avg=0.0471 110.8sample/s eta=00:07 mem=0.01GB/0.04GB
[03:38:00] [[32mTRAIN[0m] e14/15 s40/100 loss=0.0472 avg=0.0488 110.6sample/s eta=00:05 mem=0.01GB/0.04GB
[03:38:02] [[32mTRAIN[0m] e14/15 s60/100 loss=0.0513 avg=0.0496 107.4sample/s eta=00:03 mem=0.01GB/0.04GB
[03:38:04] [[32mTRAIN[0m] e14/15 s80/100 loss=0.0486 avg=0.0492 106.5sample/s eta=00:01 mem=0.01GB/0.04GB
[03:38:06] [[32mTRAIN[0m] e14/15 s100/100 loss=0.0596 avg=0.0502 107.7sample/s eta=- mem=0.01GB/0.04GB
[03:38:08] [[36mVAL[0m] e14/15 s20/100 loss=0.0417 avg=0.0605 115.8sample/s eta=00:06 mem=0.03GB/0.06GB
[03:38:09] [[36mVAL[0m] e14/15 s40/100 loss=0.0574 avg=0.0586 120.1sample/s eta=00:04 mem=0.03GB/0.06GB
[03:38:11] [[36mVAL[0m] e14/15 s60/100 loss=0.0440 avg=0.0584 117.5sample/s eta=00:03 mem=0.03GB/0.06GB
[03:38:13] [[36mVAL[0m] e14/15 s80/100 loss=0.0575 avg=0.0578 117.3sample/s eta=00:01 mem=0.03GB/0.06GB
[03:38:14] [[36mVAL[0m] e14/15 s100/100 loss=0.0436 avg=0.0581 118.9sample/s eta=- mem=0.03GB/0.06GB
[03:38:14] [[33mEPOCH[0m] 14/15 train_loss=0.0502 train_fmax=- val_loss=0.0581 val_fmax=- lr=0.010000 val_fmax=SKIPPED best_val_fmax=0.2434
[03:38:16] [[32mTRAIN[0m] e15/15 s20/100 loss=0.0500 avg=0.0495 146.2sample/s eta=00:05 mem=0.01GB/0.04GB
[03:38:17] [[32mTRAIN[0m] e15/15 s40/100 loss=0.0529 avg=0.0490 140.1sample/s eta=00:04 mem=0.01GB/0.04GB
[03:38:19] [[32mTRAIN[0m] e15/15 s60/100 loss=0.0502 avg=0.0484 141.2sample/s eta=00:02 mem=0.01GB/0.04GB
[03:38:21] [[32mTRAIN[0m] e15/15 s80/100 loss=0.0422 avg=0.0495 132.2sample/s eta=00:01 mem=0.01GB/0.04GB
[03:38:22] [[32mTRAIN[0m] e15/15 s100/100 loss=0.0479 avg=0.0500 132.3sample/s eta=- mem=0.01GB/0.04GB
[03:38:25] [[36mVAL[0m] e15/15 s20/100 loss=0.0407 avg=0.0520 74.6sample/s eta=00:10 mem=0.03GB/0.06GB
[03:38:28] [[36mVAL[0m] e15/15 s40/100 loss=0.0489 avg=0.0500 67.9sample/s eta=00:08 mem=0.03GB/0.06GB
[03:38:31] [[36mVAL[0m] e15/15 s60/100 loss=0.0424 avg=0.0498 66.0sample/s eta=00:06 mem=0.03GB/0.06GB
[03:38:35] [[36mVAL[0m] e15/15 s80/100 loss=0.0507 avg=0.0496 62.5sample/s eta=00:03 mem=0.03GB/0.06GB
[03:38:38] [[36mVAL[0m] e15/15 s100/100 loss=0.0393 avg=0.0499 61.0sample/s eta=- mem=0.03GB/0.06GB
[03:38:51] [[33mEPOCH[0m] 15/15 train_loss=0.0500 train_fmax=- val_loss=0.0499 val_fmax=0.2400 lr=0.010000 best_val_fmax=0.2434
[03:39:29] [[34mDONE[0m] run_dir=reports/tuning_runs/pilot_gt_raw_s100_e15/260309_033335
