\BOOKMARK [1][-]{section.1}{\376\377\301\034\270\140}{}% 1
\BOOKMARK [2][-]{subsection.1.1}{\376\377\326\214\310\010\000\040\302\354\316\065\000\040\302\340\254\275\271\335\307\130\000\040\264\361\307\245}{section.1}% 2
\BOOKMARK [2][-]{subsection.1.2}{\376\377\267\234\263\144\000\040\265\024\324\350\310\000\000\040\310\021\255\374\274\225\000:\000\040\000L\000u\000o\000\040\000e\000t\000\040\000a\000l\000.\000\040\0002\0000\0002\0002}{section.1}% 3
\BOOKMARK [2][-]{subsection.1.3}{\376\377\307\254\326\004\000\040\325\004\270\134\310\035\322\270\307\130\000\040\272\251\310\001\254\374\000\040\274\224\307\004}{section.1}% 4
\BOOKMARK [1][-]{section.2}{\376\377\267\234\263\144\000\040\307\004\300\301\000\040\265\024\324\350\310\000\307\130\000\040\273\074\271\254\325\131}{}% 5
\BOOKMARK [2][-]{subsection.2.1}{\376\377\300\335\301\061\000\040\306\320\271\254\306\100\000\040\300\301\255\000\256\070\307\164}{section.2}% 6
\BOOKMARK [3][-]{subsubsection.2.1.1}{\376\377\317\124\327\210\267\360\322\270\000\040\302\244\316\174\267\174\000\040\272\250\263\170\307\130\000\040\325\104\306\224\315\251\275\204\301\061}{subsection.2.1}% 7
\BOOKMARK [3][-]{subsubsection.2.1.2}{\376\377\265\024\324\350\310\000\000\040\261\222\307\164\271\365\000\040\300\335\301\061\000:\000\040\0003\262\350\254\304\000\040\323\014\307\164\325\004\267\174\307\170}{subsection.2.1}% 8
\BOOKMARK [3][-]{subsubsection.2.1.3}{\376\377\325\165\302\354\000\040\255\000\254\304\000:\000\040\300\301\255\000\256\070\307\164\306\100\000\040\323\311\326\134\326\124\000\040\324\134\311\000\323\270\314\050}{subsection.2.1}% 9
\BOOKMARK [3][-]{subsubsection.2.1.4}{\376\377\323\050\265\051\000\040\323\051\321\060\000\040\000=\000\040\0002\307\130\000\040\273\074\271\254\310\001\000\040\307\130\273\370}{subsection.2.1}% 10
\BOOKMARK [3][-]{subsubsection.2.1.5}{\376\377\301\214\272\170\323\014\000\040\314\050\262\350}{subsection.2.1}% 11
\BOOKMARK [3][-]{subsubsection.2.1.6}{\376\377\000u\000n\000i\000q\000u\000e\000n\000e\000s\000s\000\137\000d\000e\000l\000t\000a\000\137\000p\000h\000i\307\130\000\040\307\130\273\370}{subsection.2.1}% 12
\BOOKMARK [2][-]{subsection.2.2}{\376\377\265\024\324\350\310\000\000\040\262\344\305\221\301\061\307\164\000\040\255\021\325\131\307\245\305\320\000\040\273\370\316\130\262\224\000\040\306\001\325\245}{section.2}% 13
\BOOKMARK [3][-]{subsubsection.2.2.1}{\376\377\300\301\255\000\256\070\307\164\306\100\000\040\300\260\267\200\254\001}{subsection.2.2}% 14
\BOOKMARK [3][-]{subsubsection.2.2.2}{\376\377\307\170\302\244\321\064\302\244\000\040\262\344\305\221\301\061\000\040\000v\000s\000\040\321\265\254\304\310\001\000\040\262\344\305\221\301\061}{subsection.2.2}% 15
\BOOKMARK [1][-]{section.3}{\376\377\000D\0002\000N\000N\000\040\302\334\302\244\321\134\000\040\301\044\254\304\307\130\000\040\325\164\275\200}{}% 16
\BOOKMARK [2][-]{subsection.3.1}{\376\377\000B\000L\000-\000A\000S\000M\000\040\310\004\323\014\306\100\000\040\301\044\254\304\000\040\310\034\305\175}{section.3}% 17
\BOOKMARK [3][-]{subsubsection.3.1.1}{\376\377\000N\000y\000q\000u\000i\000s\000t\000\040\310\034\305\175\254\374\000\040\325\074\316\130\000\040\301\040\320\335}{subsection.3.1}% 18
\BOOKMARK [2][-]{subsection.3.2}{\376\377\256\060\325\130\325\131\310\001\000\040\274\060\316\130\307\130\000\040\273\074\271\254\310\001\000\040\307\130\273\370}{section.3}% 19
\BOOKMARK [3][-]{subsubsection.3.2.1}{\376\377\323\014\267\174\273\370\321\060\000\040\300\301\326\070\307\130\310\164\301\061}{subsection.3.2}% 20
\BOOKMARK [1][-]{section.4}{\376\377\325\131\302\265\000\040\262\344\307\164\260\230\273\371\302\244}{}% 21
\BOOKMARK [2][-]{subsection.4.1}{\376\377\000L\000o\000s\000s\000\040\325\150\302\030\000\040\301\044\254\304\307\130\000\040\314\240\325\131}{section.4}% 22
\BOOKMARK [3][-]{subsubsection.4.1.1}{\376\377\306\134\000\040\000M\000S\000E\254\000\000\040\305\104\262\314\000\040\000P\000C\000C\307\170\254\000}{subsection.4.1}% 23
\BOOKMARK [3][-]{subsubsection.4.1.2}{\376\377\000E\000n\000e\000r\000g\000y\000\040\000P\000e\000n\000a\000l\000t\000y\307\130\000\040\276\104\263\000\316\155\000\040\301\044\254\304}{subsection.4.1}% 24
\BOOKMARK [2][-]{subsection.4.2}{\376\377\265\024\324\350\310\000\000\040\302\030\000\040\000n\305\320\000\040\265\060\271\170\000\040\307\174\274\030\326\124\000\040\254\341\301\040\254\374\000\040\323\354\326\124\310\020}{section.4}% 25
\BOOKMARK [3][-]{subsubsection.4.2.1}{\376\377\000B\000\040\000x\000\040\000n\000\040\310\004\267\265}{subsection.4.2}% 26
\BOOKMARK [3][-]{subsubsection.4.2.2}{\376\377\000L\000R\000\040\000S\000c\000h\000e\000d\000u\000l\000e\000:\000\040\000E\000x\000p\000o\000n\000e\000n\000t\000i\000a\000l\000L\000R\000\050\000g\000a\000m\000m\000a\000=\0000\000.\0009\0009\000\051}{subsection.4.2}% 27
\BOOKMARK [1][-]{section.5}{\376\377\307\254\326\004\000\040\254\260\254\374\306\100\000\040\306\320\261\174\273\070\000\040\276\104\255\120}{}% 28
\BOOKMARK [2][-]{subsection.5.1}{\376\377\000F\000i\000g\000.\000\040\0002\000\040\307\254\326\004\000:\000\040\000K\000n\000o\000w\000n\000\040\000v\000s\000\040\000N\000e\000w\000\040\000D\000i\000f\000f\000u\000s\000e\000r}{section.5}% 29
\BOOKMARK [2][-]{subsection.5.2}{\376\377\000F\000i\000g\000.\000\040\0003\000\040\307\254\326\004\000:\000\040\000G\000r\000a\000t\000i\000n\000g\000\040\000P\000e\000r\000i\000o\000d\000\040\000S\000w\000e\000e\000p}{section.5}% 30
\BOOKMARK [2][-]{subsection.5.3}{\376\377\307\254\326\004\000\040\254\200\311\235\000\040\310\205\325\151}{section.5}% 31
\BOOKMARK [1][-]{section.6}{\376\377\305\124\273\065\311\300\000\040\315\035\310\025\271\254\000:\000\040\261\174\273\070\307\164\000\040\271\320\325\130\311\300\000\040\305\112\307\100\000\040\254\203\264\344}{}% 32
\BOOKMARK [2][-]{subsection.6.1}{\376\377\273\074\271\254\000\040\272\250\263\170\271\301\307\130\000\040\302\050\254\250\311\304\000\040\254\000\310\025\264\344\000\040\000\050\000T\000K\000-\0001\000\176\000T\000K\000-\0004\000\051}{section.6}% 33
\BOOKMARK [2][-]{subsection.6.2}{\376\377\302\030\316\130\000\040\255\154\326\004\307\130\000\040\276\104\307\220\272\205\325\134\000\040\301\040\320\335\264\344\000\040\000\050\000T\000K\000-\0005\000\176\000T\000K\000-\0009\000\051}{section.6}% 34
\BOOKMARK [2][-]{subsection.6.3}{\376\377\325\131\302\265\000\040\323\014\307\164\325\004\267\174\307\170\307\130\000\040\305\124\273\065\310\001\000\040\301\044\254\304\000\040\254\260\310\025\000\040\000\050\000T\000K\000-\0001\0000\000\176\000T\000K\000-\0001\0005\000\051}{section.6}% 35
\BOOKMARK [2][-]{subsection.6.4}{\376\377\265\024\324\350\310\000\000\040\300\335\301\061\307\130\000\040\302\050\254\250\311\304\000\040\273\074\271\254\325\131\000\040\000\050\000T\000K\000-\0001\0006\000\176\000T\000K\000-\0001\0008\000\051}{section.6}% 36
\BOOKMARK [2][-]{subsection.6.5}{\376\377\307\254\326\004\000\040\254\374\310\025\305\320\301\034\000\040\274\034\254\254\325\134\000\040\273\374\254\020\263\304\000\040\275\204\301\035\000\040\000\050\000T\000K\000-\0001\0009\000\176\000T\000K\000-\0002\0003\000\051}{section.6}% 37
\BOOKMARK [2][-]{subsection.6.6}{\376\377\261\174\273\070\307\130\000\040\272\250\326\070\325\134\000\040\301\034\302\040\254\374\000\040\302\344\310\034\000\040\255\154\326\004\000\040\000\050\000T\000K\000-\0002\0004\000\176\000T\000K\000-\0003\0000\000\051}{section.6}% 38
\BOOKMARK [2][-]{subsection.6.7}{\376\377\305\124\273\065\311\300\000\040\307\130\310\164\263\304\000\040\271\344\325\121}{section.6}% 39
\BOOKMARK [1][-]{section.7}{\376\377\307\121\306\251\000\040\310\004\267\265\000\040\274\017\000\040\326\125\307\245\000\040\274\051\325\245}{}% 40
\BOOKMARK [2][-]{subsection.7.1}{\376\377\307\254\270\314\000\040\302\344\326\004\000\040\254\000\262\245\301\061}{section.7}% 41
\BOOKMARK [2][-]{subsection.7.2}{\376\377\307\004\300\301\323\020\000\040\310\034\307\221\000\040\310\025\274\000\263\304}{section.7}% 42
\BOOKMARK [2][-]{subsection.7.3}{\376\377\255\154\314\264\310\001\000\040\307\121\306\251\000\040\302\334\260\230\271\254\306\044}{section.7}% 43
\BOOKMARK [2][-]{subsection.7.4}{\376\377\323\014\307\245\263\000\000\040\326\125\307\245}{section.7}% 44
\BOOKMARK [2][-]{subsection.7.5}{\376\377\300\260\305\305\326\124\000\040\270\134\264\334\271\365}{section.7}% 45
\BOOKMARK [2][-]{subsection.7.6}{\376\377\310\034\325\134\300\254\325\155\254\374\000\040\255\371\274\365\000\040\274\051\305\110}{section.7}% 46
\BOOKMARK [1][-]{section.8}{\376\377\254\260\270\140}{}% 47
\BOOKMARK [2][-]{subsection.8.1}{\376\377\307\254\326\004\000\040\325\004\270\134\310\035\322\270\307\130\000\040\310\374\306\224\000\040\301\061\254\374}{section.8}% 48
\BOOKMARK [2][-]{subsection.8.2}{\376\377\305\124\273\065\311\300\307\130\000\040\307\130\307\130}{section.8}% 49
\BOOKMARK [2][-]{subsection.8.3}{\376\377\325\245\326\304\000\040\305\360\255\154\000\040\274\051\325\245}{section.8}% 50
